[0.034s] Invoking command in '/home/ihitexe/mrm_ros_union_dir/ros_ws3/build/disp_pkg': AMENT_PREFIX_PATH=/home/ihitexe/mrm_ros_union_dir/ros_ws3/install/tutorial_interfaces:${AMENT_PREFIX_PATH} CMAKE_PREFIX_PATH=/home/ihitexe/mrm_ros_union_dir/ros_ws3/install/tutorial_interfaces:/opt/ros/humble LD_LIBRARY_PATH=/home/ihitexe/mrm_ros_union_dir/ros_ws3/install/tutorial_interfaces/lib:${LD_LIBRARY_PATH} PYTHONPATH=/home/ihitexe/mrm_ros_union_dir/ros_ws3/install/tutorial_interfaces/local/lib/python3.10/dist-packages:${PYTHONPATH} /usr/bin/cmake --build /home/ihitexe/mrm_ros_union_dir/ros_ws3/build/disp_pkg -- -j12 -l12
[0.088s] [35m[1mConsolidate compiler generated dependencies of target disp_node[0m
[0.104s] [ 50%] [32mBuilding CXX object CMakeFiles/disp_node.dir/src/disp_node.cpp.o[0m
[2.569s] [100%] [32m[1mLinking CXX executable disp_node[0m
[2.685s] [100%] Built target disp_node
[2.696s] Invoked command in '/home/ihitexe/mrm_ros_union_dir/ros_ws3/build/disp_pkg' returned '0': AMENT_PREFIX_PATH=/home/ihitexe/mrm_ros_union_dir/ros_ws3/install/tutorial_interfaces:${AMENT_PREFIX_PATH} CMAKE_PREFIX_PATH=/home/ihitexe/mrm_ros_union_dir/ros_ws3/install/tutorial_interfaces:/opt/ros/humble LD_LIBRARY_PATH=/home/ihitexe/mrm_ros_union_dir/ros_ws3/install/tutorial_interfaces/lib:${LD_LIBRARY_PATH} PYTHONPATH=/home/ihitexe/mrm_ros_union_dir/ros_ws3/install/tutorial_interfaces/local/lib/python3.10/dist-packages:${PYTHONPATH} /usr/bin/cmake --build /home/ihitexe/mrm_ros_union_dir/ros_ws3/build/disp_pkg -- -j12 -l12
[2.708s] Invoking command in '/home/ihitexe/mrm_ros_union_dir/ros_ws3/build/disp_pkg': AMENT_PREFIX_PATH=/home/ihitexe/mrm_ros_union_dir/ros_ws3/install/tutorial_interfaces:${AMENT_PREFIX_PATH} CMAKE_PREFIX_PATH=/home/ihitexe/mrm_ros_union_dir/ros_ws3/install/tutorial_interfaces:/opt/ros/humble LD_LIBRARY_PATH=/home/ihitexe/mrm_ros_union_dir/ros_ws3/install/tutorial_interfaces/lib:${LD_LIBRARY_PATH} PYTHONPATH=/home/ihitexe/mrm_ros_union_dir/ros_ws3/install/tutorial_interfaces/local/lib/python3.10/dist-packages:${PYTHONPATH} /usr/bin/cmake --install /home/ihitexe/mrm_ros_union_dir/ros_ws3/build/disp_pkg
[2.718s] -- Install configuration: ""
[2.718s] -- Installing: /home/ihitexe/mrm_ros_union_dir/ros_ws3/install/disp_pkg/lib/disp_pkg/disp_node
[2.719s] -- Set runtime path of "/home/ihitexe/mrm_ros_union_dir/ros_ws3/install/disp_pkg/lib/disp_pkg/disp_node" to ""
[2.719s] -- Up-to-date: /home/ihitexe/mrm_ros_union_dir/ros_ws3/install/disp_pkg/share/ament_index/resource_index/package_run_dependencies/disp_pkg
[2.719s] -- Up-to-date: /home/ihitexe/mrm_ros_union_dir/ros_ws3/install/disp_pkg/share/ament_index/resource_index/parent_prefix_path/disp_pkg
[2.719s] -- Up-to-date: /home/ihitexe/mrm_ros_union_dir/ros_ws3/install/disp_pkg/share/disp_pkg/environment/ament_prefix_path.sh
[2.719s] -- Installing: /home/ihitexe/mrm_ros_union_dir/ros_ws3/install/disp_pkg/share/disp_pkg/environment/ament_prefix_path.dsv
[2.719s] -- Up-to-date: /home/ihitexe/mrm_ros_union_dir/ros_ws3/install/disp_pkg/share/disp_pkg/environment/path.sh
[2.719s] -- Installing: /home/ihitexe/mrm_ros_union_dir/ros_ws3/install/disp_pkg/share/disp_pkg/environment/path.dsv
[2.720s] -- Up-to-date: /home/ihitexe/mrm_ros_union_dir/ros_ws3/install/disp_pkg/share/disp_pkg/local_setup.bash
[2.720s] -- Up-to-date: /home/ihitexe/mrm_ros_union_dir/ros_ws3/install/disp_pkg/share/disp_pkg/local_setup.sh
[2.720s] -- Up-to-date: /home/ihitexe/mrm_ros_union_dir/ros_ws3/install/disp_pkg/share/disp_pkg/local_setup.zsh
[2.720s] -- Installing: /home/ihitexe/mrm_ros_union_dir/ros_ws3/install/disp_pkg/share/disp_pkg/local_setup.dsv
[2.720s] -- Installing: /home/ihitexe/mrm_ros_union_dir/ros_ws3/install/disp_pkg/share/disp_pkg/package.dsv
[2.720s] -- Up-to-date: /home/ihitexe/mrm_ros_union_dir/ros_ws3/install/disp_pkg/share/ament_index/resource_index/packages/disp_pkg
[2.720s] -- Up-to-date: /home/ihitexe/mrm_ros_union_dir/ros_ws3/install/disp_pkg/share/disp_pkg/cmake/disp_pkgConfig.cmake
[2.720s] -- Up-to-date: /home/ihitexe/mrm_ros_union_dir/ros_ws3/install/disp_pkg/share/disp_pkg/cmake/disp_pkgConfig-version.cmake
[2.720s] -- Up-to-date: /home/ihitexe/mrm_ros_union_dir/ros_ws3/install/disp_pkg/share/disp_pkg/package.xml
[2.722s] Invoked command in '/home/ihitexe/mrm_ros_union_dir/ros_ws3/build/disp_pkg' returned '0': AMENT_PREFIX_PATH=/home/ihitexe/mrm_ros_union_dir/ros_ws3/install/tutorial_interfaces:${AMENT_PREFIX_PATH} CMAKE_PREFIX_PATH=/home/ihitexe/mrm_ros_union_dir/ros_ws3/install/tutorial_interfaces:/opt/ros/humble LD_LIBRARY_PATH=/home/ihitexe/mrm_ros_union_dir/ros_ws3/install/tutorial_interfaces/lib:${LD_LIBRARY_PATH} PYTHONPATH=/home/ihitexe/mrm_ros_union_dir/ros_ws3/install/tutorial_interfaces/local/lib/python3.10/dist-packages:${PYTHONPATH} /usr/bin/cmake --install /home/ihitexe/mrm_ros_union_dir/ros_ws3/build/disp_pkg
