-- Found ament_cmake: 1.3.10 (/opt/ros/humble/share/ament_cmake/cmake)
-- Found rclcpp: 16.0.10 (/opt/ros/humble/share/rclcpp/cmake)
-- Found rosidl_generator_c: 3.1.5 (/opt/ros/humble/share/rosidl_generator_c/cmake)
-- Found rosidl_adapter: 3.1.5 (/opt/ros/humble/share/rosidl_adapter/cmake)
-- Found rosidl_generator_cpp: 3.1.5 (/opt/ros/humble/share/rosidl_generator_cpp/cmake)
-- Using all available rosidl_typesupport_c: rosidl_typesupport_fastrtps_c;rosidl_typesupport_introspection_c
-- Using all available rosidl_typesupport_cpp: rosidl_typesupport_fastrtps_cpp;rosidl_typesupport_introspection_cpp
-- Found rmw_implementation_cmake: 6.1.2 (/opt/ros/humble/share/rmw_implementation_cmake/cmake)
-- Found rmw_fastrtps_cpp: 6.2.7 (/opt/ros/humble/share/rmw_fastrtps_cpp/cmake)
-- Using RMW implementation 'rmw_fastrtps_cpp' as default
-- Found tutorial_interfaces: 0.0.0 (/home/ihitexe/mrm_ros_union_dir/ros_ws3/install/tutorial_interfaces/share/tutorial_interfaces/cmake)
-- Found ament_lint_auto: 0.12.11 (/opt/ros/humble/share/ament_lint_auto/cmake)
-- Added test 'cppcheck' to perform static code analysis on C / C++ code
-- Configured cppcheck include dirs: $<BUILD_INTERFACE:/home/ihitexe/mrm_ros_union_dir/ros_ws3/src/disp_pkg/include>
-- Configured cppcheck exclude dirs and/or files: 
-- Added test 'lint_cmake' to check CMake code style
-- Added test 'uncrustify' to check C / C++ code style
-- Configured uncrustify additional arguments: 
-- Added test 'xmllint' to check XML markup files
-- Configuring done
-- Generating done
-- Build files have been written to: /home/ihitexe/mrm_ros_union_dir/ros_ws3/build/disp_pkg
[ 50%] [32mBuilding CXX object CMakeFiles/disp_node.dir/src/disp_node.cpp.o[0m
[100%] [32m[1mLinking CXX executable disp_node[0m
[100%] Built target disp_node
-- Install configuration: ""
-- Installing: /home/ihitexe/mrm_ros_union_dir/ros_ws3/install/disp_pkg/lib/disp_pkg/disp_node
-- Set runtime path of "/home/ihitexe/mrm_ros_union_dir/ros_ws3/install/disp_pkg/lib/disp_pkg/disp_node" to ""
-- Installing: /home/ihitexe/mrm_ros_union_dir/ros_ws3/install/disp_pkg/share/ament_index/resource_index/package_run_dependencies/disp_pkg
-- Installing: /home/ihitexe/mrm_ros_union_dir/ros_ws3/install/disp_pkg/share/ament_index/resource_index/parent_prefix_path/disp_pkg
-- Installing: /home/ihitexe/mrm_ros_union_dir/ros_ws3/install/disp_pkg/share/disp_pkg/environment/ament_prefix_path.sh
-- Installing: /home/ihitexe/mrm_ros_union_dir/ros_ws3/install/disp_pkg/share/disp_pkg/environment/ament_prefix_path.dsv
-- Installing: /home/ihitexe/mrm_ros_union_dir/ros_ws3/install/disp_pkg/share/disp_pkg/environment/path.sh
-- Installing: /home/ihitexe/mrm_ros_union_dir/ros_ws3/install/disp_pkg/share/disp_pkg/environment/path.dsv
-- Installing: /home/ihitexe/mrm_ros_union_dir/ros_ws3/install/disp_pkg/share/disp_pkg/local_setup.bash
-- Installing: /home/ihitexe/mrm_ros_union_dir/ros_ws3/install/disp_pkg/share/disp_pkg/local_setup.sh
-- Installing: /home/ihitexe/mrm_ros_union_dir/ros_ws3/install/disp_pkg/share/disp_pkg/local_setup.zsh
-- Installing: /home/ihitexe/mrm_ros_union_dir/ros_ws3/install/disp_pkg/share/disp_pkg/local_setup.dsv
-- Installing: /home/ihitexe/mrm_ros_union_dir/ros_ws3/install/disp_pkg/share/disp_pkg/package.dsv
-- Installing: /home/ihitexe/mrm_ros_union_dir/ros_ws3/install/disp_pkg/share/ament_index/resource_index/packages/disp_pkg
-- Installing: /home/ihitexe/mrm_ros_union_dir/ros_ws3/install/disp_pkg/share/disp_pkg/cmake/disp_pkgConfig.cmake
-- Installing: /home/ihitexe/mrm_ros_union_dir/ros_ws3/install/disp_pkg/share/disp_pkg/cmake/disp_pkgConfig-version.cmake
-- Installing: /home/ihitexe/mrm_ros_union_dir/ros_ws3/install/disp_pkg/share/disp_pkg/package.xml
