[0.103s] DEBUG:colcon:Command line arguments: ['/usr/bin/colcon', 'build', '--packages-select', 'pub_pkg', 'sub_pkg']
[0.103s] DEBUG:colcon:Parsed command line arguments: Namespace(log_base=None, log_level=None, verb_name='build', build_base='build', install_base='install', merge_install=False, symlink_install=False, test_result_base=None, continue_on_error=False, executor='parallel', parallel_workers=12, event_handlers=None, ignore_user_meta=False, metas=['./colcon.meta'], base_paths=['.'], packages_ignore=None, packages_ignore_regex=None, paths=None, packages_up_to=None, packages_up_to_regex=None, packages_above=None, packages_above_and_dependencies=None, packages_above_depth=None, packages_select_by_dep=None, packages_skip_by_dep=None, packages_skip_up_to=None, packages_select_build_failed=False, packages_skip_build_finished=False, packages_select_test_failures=False, packages_skip_test_passed=False, packages_select=['pub_pkg', 'sub_pkg'], packages_skip=None, packages_select_regex=None, packages_skip_regex=None, packages_start=None, packages_end=None, allow_overriding=[], cmake_args=None, cmake_target=None, cmake_target_skip_unavailable=False, cmake_clean_cache=False, cmake_clean_first=False, cmake_force_configure=False, ament_cmake_args=None, catkin_cmake_args=None, catkin_skip_building_tests=False, verb_parser=<colcon_defaults.argument_parser.defaults.DefaultArgumentsDecorator object at 0x78921bc54310>, verb_extension=<colcon_core.verb.build.BuildVerb object at 0x78921bc1bd60>, main=<bound method BuildVerb.main of <colcon_core.verb.build.BuildVerb object at 0x78921bc1bd60>>)
[0.269s] Level 1:colcon.colcon_core.package_discovery:discover_packages(colcon_meta) check parameters
[0.270s] Level 1:colcon.colcon_core.package_discovery:discover_packages(recursive) check parameters
[0.270s] Level 1:colcon.colcon_core.package_discovery:discover_packages(ignore) check parameters
[0.270s] Level 1:colcon.colcon_core.package_discovery:discover_packages(path) check parameters
[0.270s] Level 1:colcon.colcon_core.package_discovery:discover_packages(colcon_meta) discover
[0.270s] Level 1:colcon.colcon_core.package_discovery:discover_packages(recursive) discover
[0.270s] INFO:colcon.colcon_core.package_discovery:Crawling recursively for packages in '/home/ihitexe/mrm_ros_union_dir/ros_ws3'
[0.270s] Level 1:colcon.colcon_core.package_identification:_identify(.) by extensions ['ignore', 'ignore_ament_install']
[0.270s] Level 1:colcon.colcon_core.package_identification:_identify(.) by extension 'ignore'
[0.270s] Level 1:colcon.colcon_core.package_identification:_identify(.) by extension 'ignore_ament_install'
[0.270s] Level 1:colcon.colcon_core.package_identification:_identify(.) by extensions ['colcon_pkg']
[0.270s] Level 1:colcon.colcon_core.package_identification:_identify(.) by extension 'colcon_pkg'
[0.270s] Level 1:colcon.colcon_core.package_identification:_identify(.) by extensions ['colcon_meta']
[0.270s] Level 1:colcon.colcon_core.package_identification:_identify(.) by extension 'colcon_meta'
[0.270s] Level 1:colcon.colcon_core.package_identification:_identify(.) by extensions ['ros']
[0.270s] Level 1:colcon.colcon_core.package_identification:_identify(.) by extension 'ros'
[0.278s] Level 1:colcon.colcon_core.package_identification:_identify(.) by extensions ['cmake', 'python']
[0.278s] Level 1:colcon.colcon_core.package_identification:_identify(.) by extension 'cmake'
[0.278s] Level 1:colcon.colcon_core.package_identification:_identify(.) by extension 'python'
[0.278s] Level 1:colcon.colcon_core.package_identification:_identify(.) by extensions ['python_setup_py']
[0.278s] Level 1:colcon.colcon_core.package_identification:_identify(.) by extension 'python_setup_py'
[0.278s] Level 1:colcon.colcon_core.package_identification:_identify(build) by extensions ['ignore', 'ignore_ament_install']
[0.279s] Level 1:colcon.colcon_core.package_identification:_identify(build) by extension 'ignore'
[0.279s] Level 1:colcon.colcon_core.package_identification:_identify(build) ignored
[0.279s] Level 1:colcon.colcon_core.package_identification:_identify(install) by extensions ['ignore', 'ignore_ament_install']
[0.279s] Level 1:colcon.colcon_core.package_identification:_identify(install) by extension 'ignore'
[0.279s] Level 1:colcon.colcon_core.package_identification:_identify(install) ignored
[0.279s] Level 1:colcon.colcon_core.package_identification:_identify(log) by extensions ['ignore', 'ignore_ament_install']
[0.279s] Level 1:colcon.colcon_core.package_identification:_identify(log) by extension 'ignore'
[0.279s] Level 1:colcon.colcon_core.package_identification:_identify(log) ignored
[0.279s] Level 1:colcon.colcon_core.package_identification:_identify(src) by extensions ['ignore', 'ignore_ament_install']
[0.279s] Level 1:colcon.colcon_core.package_identification:_identify(src) by extension 'ignore'
[0.279s] Level 1:colcon.colcon_core.package_identification:_identify(src) by extension 'ignore_ament_install'
[0.279s] Level 1:colcon.colcon_core.package_identification:_identify(src) by extensions ['colcon_pkg']
[0.279s] Level 1:colcon.colcon_core.package_identification:_identify(src) by extension 'colcon_pkg'
[0.279s] Level 1:colcon.colcon_core.package_identification:_identify(src) by extensions ['colcon_meta']
[0.279s] Level 1:colcon.colcon_core.package_identification:_identify(src) by extension 'colcon_meta'
[0.279s] Level 1:colcon.colcon_core.package_identification:_identify(src) by extensions ['ros']
[0.279s] Level 1:colcon.colcon_core.package_identification:_identify(src) by extension 'ros'
[0.279s] Level 1:colcon.colcon_core.package_identification:_identify(src) by extensions ['cmake', 'python']
[0.279s] Level 1:colcon.colcon_core.package_identification:_identify(src) by extension 'cmake'
[0.279s] Level 1:colcon.colcon_core.package_identification:_identify(src) by extension 'python'
[0.279s] Level 1:colcon.colcon_core.package_identification:_identify(src) by extensions ['python_setup_py']
[0.279s] Level 1:colcon.colcon_core.package_identification:_identify(src) by extension 'python_setup_py'
[0.279s] Level 1:colcon.colcon_core.package_identification:_identify(src/pub_pkg) by extensions ['ignore', 'ignore_ament_install']
[0.279s] Level 1:colcon.colcon_core.package_identification:_identify(src/pub_pkg) by extension 'ignore'
[0.279s] Level 1:colcon.colcon_core.package_identification:_identify(src/pub_pkg) by extension 'ignore_ament_install'
[0.279s] Level 1:colcon.colcon_core.package_identification:_identify(src/pub_pkg) by extensions ['colcon_pkg']
[0.279s] Level 1:colcon.colcon_core.package_identification:_identify(src/pub_pkg) by extension 'colcon_pkg'
[0.279s] Level 1:colcon.colcon_core.package_identification:_identify(src/pub_pkg) by extensions ['colcon_meta']
[0.279s] Level 1:colcon.colcon_core.package_identification:_identify(src/pub_pkg) by extension 'colcon_meta'
[0.279s] Level 1:colcon.colcon_core.package_identification:_identify(src/pub_pkg) by extensions ['ros']
[0.279s] Level 1:colcon.colcon_core.package_identification:_identify(src/pub_pkg) by extension 'ros'
[0.282s] DEBUG:colcon.colcon_core.package_identification:Package 'src/pub_pkg' with type 'ros.ament_cmake' and name 'pub_pkg'
[0.282s] Level 1:colcon.colcon_core.package_identification:_identify(src/sub_pkg) by extensions ['ignore', 'ignore_ament_install']
[0.282s] Level 1:colcon.colcon_core.package_identification:_identify(src/sub_pkg) by extension 'ignore'
[0.282s] Level 1:colcon.colcon_core.package_identification:_identify(src/sub_pkg) by extension 'ignore_ament_install'
[0.282s] Level 1:colcon.colcon_core.package_identification:_identify(src/sub_pkg) by extensions ['colcon_pkg']
[0.282s] Level 1:colcon.colcon_core.package_identification:_identify(src/sub_pkg) by extension 'colcon_pkg'
[0.282s] Level 1:colcon.colcon_core.package_identification:_identify(src/sub_pkg) by extensions ['colcon_meta']
[0.282s] Level 1:colcon.colcon_core.package_identification:_identify(src/sub_pkg) by extension 'colcon_meta'
[0.283s] Level 1:colcon.colcon_core.package_identification:_identify(src/sub_pkg) by extensions ['ros']
[0.283s] Level 1:colcon.colcon_core.package_identification:_identify(src/sub_pkg) by extension 'ros'
[0.283s] DEBUG:colcon.colcon_core.package_identification:Package 'src/sub_pkg' with type 'ros.ament_cmake' and name 'sub_pkg'
[0.283s] Level 1:colcon.colcon_core.package_discovery:discover_packages(recursive) using defaults
[0.283s] Level 1:colcon.colcon_core.package_discovery:discover_packages(ignore) discover
[0.283s] Level 1:colcon.colcon_core.package_discovery:discover_packages(ignore) using defaults
[0.283s] Level 1:colcon.colcon_core.package_discovery:discover_packages(path) discover
[0.283s] Level 1:colcon.colcon_core.package_discovery:discover_packages(path) using defaults
[0.305s] Level 1:colcon.colcon_core.package_discovery:discover_packages(prefix_path) check parameters
[0.305s] Level 1:colcon.colcon_core.package_discovery:discover_packages(prefix_path) discover
[0.306s] DEBUG:colcon.colcon_installed_package_information.package_discovery:Found 294 installed packages in /opt/ros/humble
[0.318s] Level 1:colcon.colcon_core.package_discovery:discover_packages(prefix_path) using defaults
[0.343s] Level 5:colcon.colcon_core.verb:set package 'pub_pkg' build argument 'cmake_args' from command line to 'None'
[0.343s] Level 5:colcon.colcon_core.verb:set package 'pub_pkg' build argument 'cmake_target' from command line to 'None'
[0.343s] Level 5:colcon.colcon_core.verb:set package 'pub_pkg' build argument 'cmake_target_skip_unavailable' from command line to 'False'
[0.343s] Level 5:colcon.colcon_core.verb:set package 'pub_pkg' build argument 'cmake_clean_cache' from command line to 'False'
[0.343s] Level 5:colcon.colcon_core.verb:set package 'pub_pkg' build argument 'cmake_clean_first' from command line to 'False'
[0.343s] Level 5:colcon.colcon_core.verb:set package 'pub_pkg' build argument 'cmake_force_configure' from command line to 'False'
[0.343s] Level 5:colcon.colcon_core.verb:set package 'pub_pkg' build argument 'ament_cmake_args' from command line to 'None'
[0.343s] Level 5:colcon.colcon_core.verb:set package 'pub_pkg' build argument 'catkin_cmake_args' from command line to 'None'
[0.343s] Level 5:colcon.colcon_core.verb:set package 'pub_pkg' build argument 'catkin_skip_building_tests' from command line to 'False'
[0.343s] DEBUG:colcon.colcon_core.verb:Building package 'pub_pkg' with the following arguments: {'ament_cmake_args': None, 'build_base': '/home/ihitexe/mrm_ros_union_dir/ros_ws3/build/pub_pkg', 'catkin_cmake_args': None, 'catkin_skip_building_tests': False, 'cmake_args': None, 'cmake_clean_cache': False, 'cmake_clean_first': False, 'cmake_force_configure': False, 'cmake_target': None, 'cmake_target_skip_unavailable': False, 'install_base': '/home/ihitexe/mrm_ros_union_dir/ros_ws3/install/pub_pkg', 'merge_install': False, 'path': '/home/ihitexe/mrm_ros_union_dir/ros_ws3/src/pub_pkg', 'symlink_install': False, 'test_result_base': None}
[0.344s] Level 5:colcon.colcon_core.verb:set package 'sub_pkg' build argument 'cmake_args' from command line to 'None'
[0.344s] Level 5:colcon.colcon_core.verb:set package 'sub_pkg' build argument 'cmake_target' from command line to 'None'
[0.344s] Level 5:colcon.colcon_core.verb:set package 'sub_pkg' build argument 'cmake_target_skip_unavailable' from command line to 'False'
[0.344s] Level 5:colcon.colcon_core.verb:set package 'sub_pkg' build argument 'cmake_clean_cache' from command line to 'False'
[0.344s] Level 5:colcon.colcon_core.verb:set package 'sub_pkg' build argument 'cmake_clean_first' from command line to 'False'
[0.344s] Level 5:colcon.colcon_core.verb:set package 'sub_pkg' build argument 'cmake_force_configure' from command line to 'False'
[0.344s] Level 5:colcon.colcon_core.verb:set package 'sub_pkg' build argument 'ament_cmake_args' from command line to 'None'
[0.344s] Level 5:colcon.colcon_core.verb:set package 'sub_pkg' build argument 'catkin_cmake_args' from command line to 'None'
[0.344s] Level 5:colcon.colcon_core.verb:set package 'sub_pkg' build argument 'catkin_skip_building_tests' from command line to 'False'
[0.344s] DEBUG:colcon.colcon_core.verb:Building package 'sub_pkg' with the following arguments: {'ament_cmake_args': None, 'build_base': '/home/ihitexe/mrm_ros_union_dir/ros_ws3/build/sub_pkg', 'catkin_cmake_args': None, 'catkin_skip_building_tests': False, 'cmake_args': None, 'cmake_clean_cache': False, 'cmake_clean_first': False, 'cmake_force_configure': False, 'cmake_target': None, 'cmake_target_skip_unavailable': False, 'install_base': '/home/ihitexe/mrm_ros_union_dir/ros_ws3/install/sub_pkg', 'merge_install': False, 'path': '/home/ihitexe/mrm_ros_union_dir/ros_ws3/src/sub_pkg', 'symlink_install': False, 'test_result_base': None}
[0.344s] INFO:colcon.colcon_core.executor:Executing jobs using 'parallel' executor
[0.345s] DEBUG:colcon.colcon_parallel_executor.executor.parallel:run_until_complete
[0.345s] INFO:colcon.colcon_ros.task.ament_cmake.build:Building ROS package in '/home/ihitexe/mrm_ros_union_dir/ros_ws3/src/pub_pkg' with build type 'ament_cmake'
[0.345s] INFO:colcon.colcon_cmake.task.cmake.build:Building CMake package in '/home/ihitexe/mrm_ros_union_dir/ros_ws3/src/pub_pkg'
[0.348s] INFO:colcon.colcon_core.plugin_system:Skipping extension 'colcon_core.shell.bat': Not used on non-Windows systems
[0.348s] INFO:colcon.colcon_core.shell:Skip shell extension 'powershell' for command environment: Not usable outside of PowerShell
[0.348s] DEBUG:colcon.colcon_core.shell:Skip shell extension 'dsv' for command environment
[0.350s] INFO:colcon.colcon_ros.task.ament_cmake.build:Building ROS package in '/home/ihitexe/mrm_ros_union_dir/ros_ws3/src/sub_pkg' with build type 'ament_cmake'
[0.351s] INFO:colcon.colcon_cmake.task.cmake.build:Building CMake package in '/home/ihitexe/mrm_ros_union_dir/ros_ws3/src/sub_pkg'
[0.351s] INFO:colcon.colcon_core.shell:Skip shell extension 'powershell' for command environment: Not usable outside of PowerShell
[0.351s] DEBUG:colcon.colcon_core.shell:Skip shell extension 'dsv' for command environment
[0.356s] DEBUG:colcon.colcon_core.event_handler.log_command:Invoking command in '/home/ihitexe/mrm_ros_union_dir/ros_ws3/build/pub_pkg': CMAKE_PREFIX_PATH=/opt/ros/humble /usr/bin/cmake /home/ihitexe/mrm_ros_union_dir/ros_ws3/src/pub_pkg -DCMAKE_INSTALL_PREFIX=/home/ihitexe/mrm_ros_union_dir/ros_ws3/install/pub_pkg
[0.362s] DEBUG:colcon.colcon_core.event_handler.log_command:Invoking command in '/home/ihitexe/mrm_ros_union_dir/ros_ws3/build/sub_pkg': CMAKE_PREFIX_PATH=/opt/ros/humble /usr/bin/cmake /home/ihitexe/mrm_ros_union_dir/ros_ws3/src/sub_pkg -DCMAKE_INSTALL_PREFIX=/home/ihitexe/mrm_ros_union_dir/ros_ws3/install/sub_pkg
[1.483s] DEBUG:colcon.colcon_core.event_handler.log_command:Invoked command in '/home/ihitexe/mrm_ros_union_dir/ros_ws3/build/sub_pkg' returned '0': CMAKE_PREFIX_PATH=/opt/ros/humble /usr/bin/cmake /home/ihitexe/mrm_ros_union_dir/ros_ws3/src/sub_pkg -DCMAKE_INSTALL_PREFIX=/home/ihitexe/mrm_ros_union_dir/ros_ws3/install/sub_pkg
[1.485s] DEBUG:colcon.colcon_core.event_handler.log_command:Invoking command in '/home/ihitexe/mrm_ros_union_dir/ros_ws3/build/sub_pkg': CMAKE_PREFIX_PATH=/opt/ros/humble /usr/bin/cmake --build /home/ihitexe/mrm_ros_union_dir/ros_ws3/build/sub_pkg -- -j12 -l12
[1.497s] DEBUG:colcon.colcon_core.event_handler.log_command:Invoked command in '/home/ihitexe/mrm_ros_union_dir/ros_ws3/build/pub_pkg' returned '0': CMAKE_PREFIX_PATH=/opt/ros/humble /usr/bin/cmake /home/ihitexe/mrm_ros_union_dir/ros_ws3/src/pub_pkg -DCMAKE_INSTALL_PREFIX=/home/ihitexe/mrm_ros_union_dir/ros_ws3/install/pub_pkg
[1.500s] DEBUG:colcon.colcon_core.event_handler.log_command:Invoking command in '/home/ihitexe/mrm_ros_union_dir/ros_ws3/build/pub_pkg': CMAKE_PREFIX_PATH=/opt/ros/humble /usr/bin/cmake --build /home/ihitexe/mrm_ros_union_dir/ros_ws3/build/pub_pkg -- -j12 -l12
[1.650s] DEBUG:colcon.colcon_core.event_handler.log_command:Invoked command in '/home/ihitexe/mrm_ros_union_dir/ros_ws3/build/sub_pkg' returned '0': CMAKE_PREFIX_PATH=/opt/ros/humble /usr/bin/cmake --build /home/ihitexe/mrm_ros_union_dir/ros_ws3/build/sub_pkg -- -j12 -l12
[1.662s] DEBUG:colcon.colcon_core.event_handler.log_command:Invoking command in '/home/ihitexe/mrm_ros_union_dir/ros_ws3/build/sub_pkg': CMAKE_PREFIX_PATH=/opt/ros/humble /usr/bin/cmake --install /home/ihitexe/mrm_ros_union_dir/ros_ws3/build/sub_pkg
[1.663s] DEBUG:colcon.colcon_core.event_handler.log_command:Invoked command in '/home/ihitexe/mrm_ros_union_dir/ros_ws3/build/pub_pkg' returned '0': CMAKE_PREFIX_PATH=/opt/ros/humble /usr/bin/cmake --build /home/ihitexe/mrm_ros_union_dir/ros_ws3/build/pub_pkg -- -j12 -l12
[1.665s] DEBUG:colcon.colcon_core.event_handler.log_command:Invoking command in '/home/ihitexe/mrm_ros_union_dir/ros_ws3/build/pub_pkg': CMAKE_PREFIX_PATH=/opt/ros/humble /usr/bin/cmake --install /home/ihitexe/mrm_ros_union_dir/ros_ws3/build/pub_pkg
[1.670s] Level 1:colcon.colcon_core.environment:create_environment_scripts_only(sub_pkg)
[1.670s] DEBUG:colcon.colcon_core.event_handler.log_command:Invoked command in '/home/ihitexe/mrm_ros_union_dir/ros_ws3/build/sub_pkg' returned '0': CMAKE_PREFIX_PATH=/opt/ros/humble /usr/bin/cmake --install /home/ihitexe/mrm_ros_union_dir/ros_ws3/build/sub_pkg
[1.673s] Level 1:colcon.colcon_core.environment:checking '/home/ihitexe/mrm_ros_union_dir/ros_ws3/install/sub_pkg' for CMake module files
[1.673s] Level 1:colcon.colcon_core.environment:checking '/home/ihitexe/mrm_ros_union_dir/ros_ws3/install/sub_pkg' for CMake config files
[1.674s] Level 1:colcon.colcon_core.shell:create_environment_hook('sub_pkg', 'cmake_prefix_path')
[1.674s] INFO:colcon.colcon_core.shell:Creating environment hook '/home/ihitexe/mrm_ros_union_dir/ros_ws3/install/sub_pkg/share/sub_pkg/hook/cmake_prefix_path.ps1'
[1.676s] INFO:colcon.colcon_core.shell:Creating environment descriptor '/home/ihitexe/mrm_ros_union_dir/ros_ws3/install/sub_pkg/share/sub_pkg/hook/cmake_prefix_path.dsv'
[1.677s] INFO:colcon.colcon_core.shell:Creating environment hook '/home/ihitexe/mrm_ros_union_dir/ros_ws3/install/sub_pkg/share/sub_pkg/hook/cmake_prefix_path.sh'
[1.679s] Level 1:colcon.colcon_core.environment:checking '/home/ihitexe/mrm_ros_union_dir/ros_ws3/install/sub_pkg/lib'
[1.679s] Level 1:colcon.colcon_core.environment:checking '/home/ihitexe/mrm_ros_union_dir/ros_ws3/install/sub_pkg/bin'
[1.679s] Level 1:colcon.colcon_core.environment:checking '/home/ihitexe/mrm_ros_union_dir/ros_ws3/install/sub_pkg/lib/pkgconfig/sub_pkg.pc'
[1.679s] Level 1:colcon.colcon_core.environment:checking '/home/ihitexe/mrm_ros_union_dir/ros_ws3/install/sub_pkg/lib/python3.10/site-packages'
[1.680s] Level 1:colcon.colcon_core.environment:checking '/home/ihitexe/mrm_ros_union_dir/ros_ws3/install/sub_pkg/bin'
[1.680s] INFO:colcon.colcon_core.shell:Creating package script '/home/ihitexe/mrm_ros_union_dir/ros_ws3/install/sub_pkg/share/sub_pkg/package.ps1'
[1.681s] INFO:colcon.colcon_core.shell:Creating package descriptor '/home/ihitexe/mrm_ros_union_dir/ros_ws3/install/sub_pkg/share/sub_pkg/package.dsv'
[1.682s] INFO:colcon.colcon_core.shell:Creating package script '/home/ihitexe/mrm_ros_union_dir/ros_ws3/install/sub_pkg/share/sub_pkg/package.sh'
[1.684s] INFO:colcon.colcon_core.shell:Creating package script '/home/ihitexe/mrm_ros_union_dir/ros_ws3/install/sub_pkg/share/sub_pkg/package.bash'
[1.685s] INFO:colcon.colcon_core.shell:Creating package script '/home/ihitexe/mrm_ros_union_dir/ros_ws3/install/sub_pkg/share/sub_pkg/package.zsh'
[1.686s] Level 1:colcon.colcon_core.environment:create_file_with_runtime_dependencies(/home/ihitexe/mrm_ros_union_dir/ros_ws3/install/sub_pkg/share/colcon-core/packages/sub_pkg)
[1.687s] Level 1:colcon.colcon_core.environment:create_environment_scripts_only(sub_pkg)
[1.687s] Level 1:colcon.colcon_core.environment:checking '/home/ihitexe/mrm_ros_union_dir/ros_ws3/install/sub_pkg' for CMake module files
[1.688s] Level 1:colcon.colcon_core.environment:checking '/home/ihitexe/mrm_ros_union_dir/ros_ws3/install/sub_pkg' for CMake config files
[1.688s] Level 1:colcon.colcon_core.shell:create_environment_hook('sub_pkg', 'cmake_prefix_path')
[1.689s] INFO:colcon.colcon_core.shell:Creating environment hook '/home/ihitexe/mrm_ros_union_dir/ros_ws3/install/sub_pkg/share/sub_pkg/hook/cmake_prefix_path.ps1'
[1.689s] INFO:colcon.colcon_core.shell:Creating environment descriptor '/home/ihitexe/mrm_ros_union_dir/ros_ws3/install/sub_pkg/share/sub_pkg/hook/cmake_prefix_path.dsv'
[1.689s] INFO:colcon.colcon_core.shell:Creating environment hook '/home/ihitexe/mrm_ros_union_dir/ros_ws3/install/sub_pkg/share/sub_pkg/hook/cmake_prefix_path.sh'
[1.690s] Level 1:colcon.colcon_core.environment:checking '/home/ihitexe/mrm_ros_union_dir/ros_ws3/install/sub_pkg/lib'
[1.690s] Level 1:colcon.colcon_core.environment:checking '/home/ihitexe/mrm_ros_union_dir/ros_ws3/install/sub_pkg/bin'
[1.690s] Level 1:colcon.colcon_core.environment:checking '/home/ihitexe/mrm_ros_union_dir/ros_ws3/install/sub_pkg/lib/pkgconfig/sub_pkg.pc'
[1.691s] Level 1:colcon.colcon_core.environment:checking '/home/ihitexe/mrm_ros_union_dir/ros_ws3/install/sub_pkg/lib/python3.10/site-packages'
[1.691s] Level 1:colcon.colcon_core.environment:checking '/home/ihitexe/mrm_ros_union_dir/ros_ws3/install/sub_pkg/bin'
[1.691s] INFO:colcon.colcon_core.shell:Creating package script '/home/ihitexe/mrm_ros_union_dir/ros_ws3/install/sub_pkg/share/sub_pkg/package.ps1'
[1.692s] INFO:colcon.colcon_core.shell:Creating package descriptor '/home/ihitexe/mrm_ros_union_dir/ros_ws3/install/sub_pkg/share/sub_pkg/package.dsv'
[1.693s] INFO:colcon.colcon_core.shell:Creating package script '/home/ihitexe/mrm_ros_union_dir/ros_ws3/install/sub_pkg/share/sub_pkg/package.sh'
[1.693s] INFO:colcon.colcon_core.shell:Creating package script '/home/ihitexe/mrm_ros_union_dir/ros_ws3/install/sub_pkg/share/sub_pkg/package.bash'
[1.694s] INFO:colcon.colcon_core.shell:Creating package script '/home/ihitexe/mrm_ros_union_dir/ros_ws3/install/sub_pkg/share/sub_pkg/package.zsh'
[1.694s] Level 1:colcon.colcon_core.environment:create_file_with_runtime_dependencies(/home/ihitexe/mrm_ros_union_dir/ros_ws3/install/sub_pkg/share/colcon-core/packages/sub_pkg)
[1.696s] Level 1:colcon.colcon_core.environment:create_environment_scripts_only(pub_pkg)
[1.696s] Level 1:colcon.colcon_core.environment:checking '/home/ihitexe/mrm_ros_union_dir/ros_ws3/install/pub_pkg' for CMake module files
[1.697s] DEBUG:colcon.colcon_core.event_handler.log_command:Invoked command in '/home/ihitexe/mrm_ros_union_dir/ros_ws3/build/pub_pkg' returned '0': CMAKE_PREFIX_PATH=/opt/ros/humble /usr/bin/cmake --install /home/ihitexe/mrm_ros_union_dir/ros_ws3/build/pub_pkg
[1.697s] Level 1:colcon.colcon_core.environment:checking '/home/ihitexe/mrm_ros_union_dir/ros_ws3/install/pub_pkg' for CMake config files
[1.698s] Level 1:colcon.colcon_core.shell:create_environment_hook('pub_pkg', 'cmake_prefix_path')
[1.698s] INFO:colcon.colcon_core.shell:Creating environment hook '/home/ihitexe/mrm_ros_union_dir/ros_ws3/install/pub_pkg/share/pub_pkg/hook/cmake_prefix_path.ps1'
[1.699s] INFO:colcon.colcon_core.shell:Creating environment descriptor '/home/ihitexe/mrm_ros_union_dir/ros_ws3/install/pub_pkg/share/pub_pkg/hook/cmake_prefix_path.dsv'
[1.699s] INFO:colcon.colcon_core.shell:Creating environment hook '/home/ihitexe/mrm_ros_union_dir/ros_ws3/install/pub_pkg/share/pub_pkg/hook/cmake_prefix_path.sh'
[1.700s] Level 1:colcon.colcon_core.environment:checking '/home/ihitexe/mrm_ros_union_dir/ros_ws3/install/pub_pkg/lib'
[1.700s] Level 1:colcon.colcon_core.environment:checking '/home/ihitexe/mrm_ros_union_dir/ros_ws3/install/pub_pkg/bin'
[1.700s] Level 1:colcon.colcon_core.environment:checking '/home/ihitexe/mrm_ros_union_dir/ros_ws3/install/pub_pkg/lib/pkgconfig/pub_pkg.pc'
[1.701s] Level 1:colcon.colcon_core.environment:checking '/home/ihitexe/mrm_ros_union_dir/ros_ws3/install/pub_pkg/lib/python3.10/site-packages'
[1.701s] Level 1:colcon.colcon_core.environment:checking '/home/ihitexe/mrm_ros_union_dir/ros_ws3/install/pub_pkg/bin'
[1.701s] INFO:colcon.colcon_core.shell:Creating package script '/home/ihitexe/mrm_ros_union_dir/ros_ws3/install/pub_pkg/share/pub_pkg/package.ps1'
[1.702s] INFO:colcon.colcon_core.shell:Creating package descriptor '/home/ihitexe/mrm_ros_union_dir/ros_ws3/install/pub_pkg/share/pub_pkg/package.dsv'
[1.702s] INFO:colcon.colcon_core.shell:Creating package script '/home/ihitexe/mrm_ros_union_dir/ros_ws3/install/pub_pkg/share/pub_pkg/package.sh'
[1.703s] INFO:colcon.colcon_core.shell:Creating package script '/home/ihitexe/mrm_ros_union_dir/ros_ws3/install/pub_pkg/share/pub_pkg/package.bash'
[1.703s] INFO:colcon.colcon_core.shell:Creating package script '/home/ihitexe/mrm_ros_union_dir/ros_ws3/install/pub_pkg/share/pub_pkg/package.zsh'
[1.704s] Level 1:colcon.colcon_core.environment:create_file_with_runtime_dependencies(/home/ihitexe/mrm_ros_union_dir/ros_ws3/install/pub_pkg/share/colcon-core/packages/pub_pkg)
[1.704s] Level 1:colcon.colcon_core.environment:create_environment_scripts_only(pub_pkg)
[1.705s] Level 1:colcon.colcon_core.environment:checking '/home/ihitexe/mrm_ros_union_dir/ros_ws3/install/pub_pkg' for CMake module files
[1.705s] Level 1:colcon.colcon_core.environment:checking '/home/ihitexe/mrm_ros_union_dir/ros_ws3/install/pub_pkg' for CMake config files
[1.706s] Level 1:colcon.colcon_core.shell:create_environment_hook('pub_pkg', 'cmake_prefix_path')
[1.706s] INFO:colcon.colcon_core.shell:Creating environment hook '/home/ihitexe/mrm_ros_union_dir/ros_ws3/install/pub_pkg/share/pub_pkg/hook/cmake_prefix_path.ps1'
[1.706s] INFO:colcon.colcon_core.shell:Creating environment descriptor '/home/ihitexe/mrm_ros_union_dir/ros_ws3/install/pub_pkg/share/pub_pkg/hook/cmake_prefix_path.dsv'
[1.707s] INFO:colcon.colcon_core.shell:Creating environment hook '/home/ihitexe/mrm_ros_union_dir/ros_ws3/install/pub_pkg/share/pub_pkg/hook/cmake_prefix_path.sh'
[1.708s] Level 1:colcon.colcon_core.environment:checking '/home/ihitexe/mrm_ros_union_dir/ros_ws3/install/pub_pkg/lib'
[1.708s] Level 1:colcon.colcon_core.environment:checking '/home/ihitexe/mrm_ros_union_dir/ros_ws3/install/pub_pkg/bin'
[1.708s] Level 1:colcon.colcon_core.environment:checking '/home/ihitexe/mrm_ros_union_dir/ros_ws3/install/pub_pkg/lib/pkgconfig/pub_pkg.pc'
[1.708s] Level 1:colcon.colcon_core.environment:checking '/home/ihitexe/mrm_ros_union_dir/ros_ws3/install/pub_pkg/lib/python3.10/site-packages'
[1.708s] Level 1:colcon.colcon_core.environment:checking '/home/ihitexe/mrm_ros_union_dir/ros_ws3/install/pub_pkg/bin'
[1.708s] INFO:colcon.colcon_core.shell:Creating package script '/home/ihitexe/mrm_ros_union_dir/ros_ws3/install/pub_pkg/share/pub_pkg/package.ps1'
[1.709s] INFO:colcon.colcon_core.shell:Creating package descriptor '/home/ihitexe/mrm_ros_union_dir/ros_ws3/install/pub_pkg/share/pub_pkg/package.dsv'
[1.709s] INFO:colcon.colcon_core.shell:Creating package script '/home/ihitexe/mrm_ros_union_dir/ros_ws3/install/pub_pkg/share/pub_pkg/package.sh'
[1.709s] INFO:colcon.colcon_core.shell:Creating package script '/home/ihitexe/mrm_ros_union_dir/ros_ws3/install/pub_pkg/share/pub_pkg/package.bash'
[1.710s] INFO:colcon.colcon_core.shell:Creating package script '/home/ihitexe/mrm_ros_union_dir/ros_ws3/install/pub_pkg/share/pub_pkg/package.zsh'
[1.710s] Level 1:colcon.colcon_core.environment:create_file_with_runtime_dependencies(/home/ihitexe/mrm_ros_union_dir/ros_ws3/install/pub_pkg/share/colcon-core/packages/pub_pkg)
[1.710s] DEBUG:colcon.colcon_parallel_executor.executor.parallel:closing loop
[1.710s] DEBUG:colcon.colcon_parallel_executor.executor.parallel:loop closed
[1.710s] DEBUG:colcon.colcon_parallel_executor.executor.parallel:run_until_complete finished with '0'
[1.710s] DEBUG:colcon.colcon_core.event_reactor:joining thread
[1.719s] INFO:colcon.colcon_core.plugin_system:Skipping extension 'colcon_notification.desktop_notification.terminal_notifier': Not used on non-Darwin systems
[1.719s] INFO:colcon.colcon_core.plugin_system:Skipping extension 'colcon_notification.desktop_notification.win32': Not used on non-Windows systems
[1.719s] INFO:colcon.colcon_notification.desktop_notification:Sending desktop notification using 'notify2'
[1.749s] DEBUG:colcon.colcon_core.event_reactor:joined thread
[1.749s] INFO:colcon.colcon_core.shell:Creating prefix script '/home/ihitexe/mrm_ros_union_dir/ros_ws3/install/local_setup.ps1'
[1.751s] INFO:colcon.colcon_core.shell:Creating prefix util module '/home/ihitexe/mrm_ros_union_dir/ros_ws3/install/_local_setup_util_ps1.py'
[1.753s] INFO:colcon.colcon_core.shell:Creating prefix chain script '/home/ihitexe/mrm_ros_union_dir/ros_ws3/install/setup.ps1'
[1.754s] INFO:colcon.colcon_core.shell:Creating prefix script '/home/ihitexe/mrm_ros_union_dir/ros_ws3/install/local_setup.sh'
[1.756s] INFO:colcon.colcon_core.shell:Creating prefix util module '/home/ihitexe/mrm_ros_union_dir/ros_ws3/install/_local_setup_util_sh.py'
[1.756s] INFO:colcon.colcon_core.shell:Creating prefix chain script '/home/ihitexe/mrm_ros_union_dir/ros_ws3/install/setup.sh'
[1.758s] INFO:colcon.colcon_core.shell:Creating prefix script '/home/ihitexe/mrm_ros_union_dir/ros_ws3/install/local_setup.bash'
[1.758s] INFO:colcon.colcon_core.shell:Creating prefix chain script '/home/ihitexe/mrm_ros_union_dir/ros_ws3/install/setup.bash'
[1.759s] INFO:colcon.colcon_core.shell:Creating prefix script '/home/ihitexe/mrm_ros_union_dir/ros_ws3/install/local_setup.zsh'
[1.759s] INFO:colcon.colcon_core.shell:Creating prefix chain script '/home/ihitexe/mrm_ros_union_dir/ros_ws3/install/setup.zsh'
