[35m[1mConsolidate compiler generated dependencies of target sensor[0m
[ 50%] [32mBuilding CXX object CMakeFiles/sensor.dir/src/sensors.cpp.o[0m
[100%] [32m[1mLinking CXX executable sensor[0m
[100%] Built target sensor
-- Install configuration: ""
-- Installing: /home/ihitexe/rover_ws/install/gazebo/lib/gazebo/sensor
-- Set runtime path of "/home/ihitexe/rover_ws/install/gazebo/lib/gazebo/sensor" to ""
-- Up-to-date: /home/ihitexe/rover_ws/install/gazebo/share/gazebo/launch
-- Up-to-date: /home/ihitexe/rover_ws/install/gazebo/share/gazebo/launch/.vscode
-- Up-to-date: /home/ihitexe/rover_ws/install/gazebo/share/gazebo/launch/.vscode/settings.json
-- Up-to-date: /home/ihitexe/rover_ws/install/gazebo/share/gazebo/launch/.vscode/c_cpp_properties.json
-- Up-to-date: /home/ihitexe/rover_ws/install/gazebo/share/gazebo/launch/rviz_launch.py
-- Installing: /home/ihitexe/rover_ws/install/gazebo/share/gazebo/launch/gazebo_launch.py
-- Up-to-date: /home/ihitexe/rover_ws/install/gazebo/share/gazebo/model
-- Installing: /home/ihitexe/rover_ws/install/gazebo/share/gazebo/model/rover.gazebo
-- Up-to-date: /home/ihitexe/rover_ws/install/gazebo/share/gazebo/model/world.world
-- Up-to-date: /home/ihitexe/rover_ws/install/gazebo/share/gazebo/model/rover.xacro
-- Up-to-date: /home/ihitexe/rover_ws/install/gazebo/share/ament_index/resource_index/package_run_dependencies/gazebo
-- Up-to-date: /home/ihitexe/rover_ws/install/gazebo/share/ament_index/resource_index/parent_prefix_path/gazebo
-- Up-to-date: /home/ihitexe/rover_ws/install/gazebo/share/gazebo/environment/ament_prefix_path.sh
-- Up-to-date: /home/ihitexe/rover_ws/install/gazebo/share/gazebo/environment/ament_prefix_path.dsv
-- Up-to-date: /home/ihitexe/rover_ws/install/gazebo/share/gazebo/environment/path.sh
-- Up-to-date: /home/ihitexe/rover_ws/install/gazebo/share/gazebo/environment/path.dsv
-- Up-to-date: /home/ihitexe/rover_ws/install/gazebo/share/gazebo/local_setup.bash
-- Up-to-date: /home/ihitexe/rover_ws/install/gazebo/share/gazebo/local_setup.sh
-- Up-to-date: /home/ihitexe/rover_ws/install/gazebo/share/gazebo/local_setup.zsh
-- Up-to-date: /home/ihitexe/rover_ws/install/gazebo/share/gazebo/local_setup.dsv
-- Installing: /home/ihitexe/rover_ws/install/gazebo/share/gazebo/package.dsv
-- Up-to-date: /home/ihitexe/rover_ws/install/gazebo/share/ament_index/resource_index/packages/gazebo
-- Up-to-date: /home/ihitexe/rover_ws/install/gazebo/share/gazebo/cmake/gazeboConfig.cmake
-- Up-to-date: /home/ihitexe/rover_ws/install/gazebo/share/gazebo/cmake/gazeboConfig-version.cmake
-- Up-to-date: /home/ihitexe/rover_ws/install/gazebo/share/gazebo/package.xml
