[0.014s] Invoking command in '/home/ihitexe/mrm_ros_union_dir/ros_ws3/build/pub_pkg': AMENT_PREFIX_PATH=/home/ihitexe/mrm_ros_union_dir/ros_ws3/install/tutorial_interfaces:${AMENT_PREFIX_PATH} CMAKE_PREFIX_PATH=/home/ihitexe/mrm_ros_union_dir/ros_ws3/install/tutorial_interfaces:/opt/ros/humble LD_LIBRARY_PATH=/home/ihitexe/mrm_ros_union_dir/ros_ws3/install/tutorial_interfaces/lib:${LD_LIBRARY_PATH} PYTHONPATH=/home/ihitexe/mrm_ros_union_dir/ros_ws3/install/tutorial_interfaces/local/lib/python3.10/dist-packages:${PYTHONPATH} /usr/bin/cmake --build /home/ihitexe/mrm_ros_union_dir/ros_ws3/build/pub_pkg -- -j12 -l12
[0.064s] -- Found ament_cmake: 1.3.10 (/opt/ros/humble/share/ament_cmake/cmake)
[0.184s] -- Found rclcpp: 16.0.10 (/opt/ros/humble/share/rclcpp/cmake)
[0.209s] -- Found rosidl_generator_c: 3.1.5 (/opt/ros/humble/share/rosidl_generator_c/cmake)
[0.211s] -- Found rosidl_adapter: 3.1.5 (/opt/ros/humble/share/rosidl_adapter/cmake)
[0.216s] -- Found rosidl_generator_cpp: 3.1.5 (/opt/ros/humble/share/rosidl_generator_cpp/cmake)
[0.225s] -- Using all available rosidl_typesupport_c: rosidl_typesupport_fastrtps_c;rosidl_typesupport_introspection_c
[0.235s] -- Using all available rosidl_typesupport_cpp: rosidl_typesupport_fastrtps_cpp;rosidl_typesupport_introspection_cpp
[0.267s] -- Found rmw_implementation_cmake: 6.1.2 (/opt/ros/humble/share/rmw_implementation_cmake/cmake)
[0.269s] -- Found rmw_fastrtps_cpp: 6.2.7 (/opt/ros/humble/share/rmw_fastrtps_cpp/cmake)
[0.376s] -- Using RMW implementation 'rmw_fastrtps_cpp' as default
[0.428s] -- Found tutorial_interfaces: 0.0.0 (/home/ihitexe/mrm_ros_union_dir/ros_ws3/install/tutorial_interfaces/share/tutorial_interfaces/cmake)
[0.449s] -- Found ament_lint_auto: 0.12.11 (/opt/ros/humble/share/ament_lint_auto/cmake)
[0.508s] -- Added test 'cppcheck' to perform static code analysis on C / C++ code
[0.508s] -- Configured cppcheck include dirs: $<BUILD_INTERFACE:/home/ihitexe/mrm_ros_union_dir/ros_ws3/src/pub_pkg/include>
[0.508s] -- Configured cppcheck exclude dirs and/or files: 
[0.509s] -- Added test 'lint_cmake' to check CMake code style
[0.510s] -- Added test 'uncrustify' to check C / C++ code style
[0.510s] -- Configured uncrustify additional arguments: 
[0.510s] -- Added test 'xmllint' to check XML markup files
[0.511s] -- Configuring done
[0.520s] -- Generating done
[0.523s] -- Build files have been written to: /home/ihitexe/mrm_ros_union_dir/ros_ws3/build/pub_pkg
[0.554s] [35m[1mConsolidate compiler generated dependencies of target pub_node[0m
[0.573s] [ 50%] [32mBuilding CXX object CMakeFiles/pub_node.dir/src/pub_node.cpp.o[0m
[3.708s] [100%] [32m[1mLinking CXX executable pub_node[0m
[3.902s] [100%] Built target pub_node
[3.918s] Invoked command in '/home/ihitexe/mrm_ros_union_dir/ros_ws3/build/pub_pkg' returned '0': AMENT_PREFIX_PATH=/home/ihitexe/mrm_ros_union_dir/ros_ws3/install/tutorial_interfaces:${AMENT_PREFIX_PATH} CMAKE_PREFIX_PATH=/home/ihitexe/mrm_ros_union_dir/ros_ws3/install/tutorial_interfaces:/opt/ros/humble LD_LIBRARY_PATH=/home/ihitexe/mrm_ros_union_dir/ros_ws3/install/tutorial_interfaces/lib:${LD_LIBRARY_PATH} PYTHONPATH=/home/ihitexe/mrm_ros_union_dir/ros_ws3/install/tutorial_interfaces/local/lib/python3.10/dist-packages:${PYTHONPATH} /usr/bin/cmake --build /home/ihitexe/mrm_ros_union_dir/ros_ws3/build/pub_pkg -- -j12 -l12
[3.927s] Invoking command in '/home/ihitexe/mrm_ros_union_dir/ros_ws3/build/pub_pkg': AMENT_PREFIX_PATH=/home/ihitexe/mrm_ros_union_dir/ros_ws3/install/tutorial_interfaces:${AMENT_PREFIX_PATH} CMAKE_PREFIX_PATH=/home/ihitexe/mrm_ros_union_dir/ros_ws3/install/tutorial_interfaces:/opt/ros/humble LD_LIBRARY_PATH=/home/ihitexe/mrm_ros_union_dir/ros_ws3/install/tutorial_interfaces/lib:${LD_LIBRARY_PATH} PYTHONPATH=/home/ihitexe/mrm_ros_union_dir/ros_ws3/install/tutorial_interfaces/local/lib/python3.10/dist-packages:${PYTHONPATH} /usr/bin/cmake --install /home/ihitexe/mrm_ros_union_dir/ros_ws3/build/pub_pkg
[3.935s] -- Install configuration: ""
[3.936s] -- Installing: /home/ihitexe/mrm_ros_union_dir/ros_ws3/install/pub_pkg/lib/pub_pkg/pub_node
[3.937s] -- Set runtime path of "/home/ihitexe/mrm_ros_union_dir/ros_ws3/install/pub_pkg/lib/pub_pkg/pub_node" to ""
[3.937s] -- Up-to-date: /home/ihitexe/mrm_ros_union_dir/ros_ws3/install/pub_pkg/share/ament_index/resource_index/package_run_dependencies/pub_pkg
[3.937s] -- Installing: /home/ihitexe/mrm_ros_union_dir/ros_ws3/install/pub_pkg/share/ament_index/resource_index/parent_prefix_path/pub_pkg
[3.937s] -- Up-to-date: /home/ihitexe/mrm_ros_union_dir/ros_ws3/install/pub_pkg/share/pub_pkg/environment/ament_prefix_path.sh
[3.937s] -- Installing: /home/ihitexe/mrm_ros_union_dir/ros_ws3/install/pub_pkg/share/pub_pkg/environment/ament_prefix_path.dsv
[3.937s] -- Up-to-date: /home/ihitexe/mrm_ros_union_dir/ros_ws3/install/pub_pkg/share/pub_pkg/environment/path.sh
[3.937s] -- Installing: /home/ihitexe/mrm_ros_union_dir/ros_ws3/install/pub_pkg/share/pub_pkg/environment/path.dsv
[3.938s] -- Up-to-date: /home/ihitexe/mrm_ros_union_dir/ros_ws3/install/pub_pkg/share/pub_pkg/local_setup.bash
[3.938s] -- Up-to-date: /home/ihitexe/mrm_ros_union_dir/ros_ws3/install/pub_pkg/share/pub_pkg/local_setup.sh
[3.938s] -- Up-to-date: /home/ihitexe/mrm_ros_union_dir/ros_ws3/install/pub_pkg/share/pub_pkg/local_setup.zsh
[3.938s] -- Installing: /home/ihitexe/mrm_ros_union_dir/ros_ws3/install/pub_pkg/share/pub_pkg/local_setup.dsv
[3.938s] -- Installing: /home/ihitexe/mrm_ros_union_dir/ros_ws3/install/pub_pkg/share/pub_pkg/package.dsv
[3.938s] -- Up-to-date: /home/ihitexe/mrm_ros_union_dir/ros_ws3/install/pub_pkg/share/ament_index/resource_index/packages/pub_pkg
[3.939s] -- Up-to-date: /home/ihitexe/mrm_ros_union_dir/ros_ws3/install/pub_pkg/share/pub_pkg/cmake/pub_pkgConfig.cmake
[3.940s] -- Up-to-date: /home/ihitexe/mrm_ros_union_dir/ros_ws3/install/pub_pkg/share/pub_pkg/cmake/pub_pkgConfig-version.cmake
[3.940s] -- Up-to-date: /home/ihitexe/mrm_ros_union_dir/ros_ws3/install/pub_pkg/share/pub_pkg/package.xml
[3.941s] Invoked command in '/home/ihitexe/mrm_ros_union_dir/ros_ws3/build/pub_pkg' returned '0': AMENT_PREFIX_PATH=/home/ihitexe/mrm_ros_union_dir/ros_ws3/install/tutorial_interfaces:${AMENT_PREFIX_PATH} CMAKE_PREFIX_PATH=/home/ihitexe/mrm_ros_union_dir/ros_ws3/install/tutorial_interfaces:/opt/ros/humble LD_LIBRARY_PATH=/home/ihitexe/mrm_ros_union_dir/ros_ws3/install/tutorial_interfaces/lib:${LD_LIBRARY_PATH} PYTHONPATH=/home/ihitexe/mrm_ros_union_dir/ros_ws3/install/tutorial_interfaces/local/lib/python3.10/dist-packages:${PYTHONPATH} /usr/bin/cmake --install /home/ihitexe/mrm_ros_union_dir/ros_ws3/build/pub_pkg
