[0.010s] Invoking command in '/home/ihitexe/mrm_ros_union_dir/ros_ws3/build/pub_pkg': CMAKE_PREFIX_PATH=/opt/ros/humble /usr/bin/cmake /home/ihitexe/mrm_ros_union_dir/ros_ws3/src/pub_pkg -DCMAKE_INSTALL_PREFIX=/home/ihitexe/mrm_ros_union_dir/ros_ws3/install/pub_pkg
[0.120s] -- The C compiler identification is GNU 11.4.0
[0.196s] -- The CXX compiler identification is GNU 11.4.0
[0.204s] -- Detecting C compiler ABI info
[0.281s] -- Detecting C compiler ABI info - done
[0.290s] -- Check for working C compiler: /usr/bin/cc - skipped
[0.290s] -- Detecting C compile features
[0.291s] -- Detecting C compile features - done
[0.293s] -- Detecting CXX compiler ABI info
[0.373s] -- Detecting CXX compiler ABI info - done
[0.379s] -- Check for working CXX compiler: /usr/bin/c++ - skipped
[0.379s] -- Detecting CXX compile features
[0.379s] -- Detecting CXX compile features - done
[0.381s] -- Found ament_cmake: 1.3.10 (/opt/ros/humble/share/ament_cmake/cmake)
[0.542s] -- Found Python3: /usr/bin/python3 (found version "3.10.12") found components: Interpreter 
[0.612s] -- Found rclcpp: 16.0.10 (/opt/ros/humble/share/rclcpp/cmake)
[0.651s] -- Found rosidl_generator_c: 3.1.5 (/opt/ros/humble/share/rosidl_generator_c/cmake)
[0.654s] -- Found rosidl_adapter: 3.1.5 (/opt/ros/humble/share/rosidl_adapter/cmake)
[0.659s] -- Found rosidl_generator_cpp: 3.1.5 (/opt/ros/humble/share/rosidl_generator_cpp/cmake)
[0.667s] -- Using all available rosidl_typesupport_c: rosidl_typesupport_fastrtps_c;rosidl_typesupport_introspection_c
[0.677s] -- Using all available rosidl_typesupport_cpp: rosidl_typesupport_fastrtps_cpp;rosidl_typesupport_introspection_cpp
[0.712s] -- Found rmw_implementation_cmake: 6.1.2 (/opt/ros/humble/share/rmw_implementation_cmake/cmake)
[0.714s] -- Found rmw_fastrtps_cpp: 6.2.7 (/opt/ros/humble/share/rmw_fastrtps_cpp/cmake)
[0.797s] -- Found OpenSSL: /usr/lib/x86_64-linux-gnu/libcrypto.so (found version "3.0.2")  
[0.817s] -- Found FastRTPS: /opt/ros/humble/include  
[0.856s] -- Using RMW implementation 'rmw_fastrtps_cpp' as default
[0.866s] -- Looking for pthread.h
[0.937s] -- Looking for pthread.h - found
[0.937s] -- Performing Test CMAKE_HAVE_LIBC_PTHREAD
[1.010s] -- Performing Test CMAKE_HAVE_LIBC_PTHREAD - Success
[1.011s] -- Found Threads: TRUE  
[1.059s] -- Found ament_lint_auto: 0.12.11 (/opt/ros/humble/share/ament_lint_auto/cmake)
[1.125s] -- Added test 'cppcheck' to perform static code analysis on C / C++ code
[1.125s] -- Configured cppcheck include dirs: $<BUILD_INTERFACE:/home/ihitexe/mrm_ros_union_dir/ros_ws3/src/pub_pkg/include>
[1.126s] -- Configured cppcheck exclude dirs and/or files: 
[1.126s] -- Added test 'lint_cmake' to check CMake code style
[1.127s] -- Added test 'uncrustify' to check C / C++ code style
[1.128s] -- Configured uncrustify additional arguments: 
[1.128s] -- Added test 'xmllint' to check XML markup files
[1.129s] -- Configuring done
[1.140s] -- Generating done
[1.144s] -- Build files have been written to: /home/ihitexe/mrm_ros_union_dir/ros_ws3/build/pub_pkg
[1.151s] Invoked command in '/home/ihitexe/mrm_ros_union_dir/ros_ws3/build/pub_pkg' returned '0': CMAKE_PREFIX_PATH=/opt/ros/humble /usr/bin/cmake /home/ihitexe/mrm_ros_union_dir/ros_ws3/src/pub_pkg -DCMAKE_INSTALL_PREFIX=/home/ihitexe/mrm_ros_union_dir/ros_ws3/install/pub_pkg
[1.154s] Invoking command in '/home/ihitexe/mrm_ros_union_dir/ros_ws3/build/pub_pkg': CMAKE_PREFIX_PATH=/opt/ros/humble /usr/bin/cmake --build /home/ihitexe/mrm_ros_union_dir/ros_ws3/build/pub_pkg -- -j12 -l12
[1.198s] [ 50%] [32mBuilding CXX object CMakeFiles/pub_node.dir/src/pub_node.cpp.o[0m
[1.228s] [100%] [32m[1mLinking CXX executable pub_node[0m
[1.301s] [100%] Built target pub_node
[1.317s] Invoked command in '/home/ihitexe/mrm_ros_union_dir/ros_ws3/build/pub_pkg' returned '0': CMAKE_PREFIX_PATH=/opt/ros/humble /usr/bin/cmake --build /home/ihitexe/mrm_ros_union_dir/ros_ws3/build/pub_pkg -- -j12 -l12
[1.319s] Invoking command in '/home/ihitexe/mrm_ros_union_dir/ros_ws3/build/pub_pkg': CMAKE_PREFIX_PATH=/opt/ros/humble /usr/bin/cmake --install /home/ihitexe/mrm_ros_union_dir/ros_ws3/build/pub_pkg
[1.327s] -- Install configuration: ""
[1.328s] -- Installing: /home/ihitexe/mrm_ros_union_dir/ros_ws3/install/pub_pkg/lib/pub_pkg/pub_node
[1.328s] -- Set runtime path of "/home/ihitexe/mrm_ros_union_dir/ros_ws3/install/pub_pkg/lib/pub_pkg/pub_node" to ""
[1.328s] -- Installing: /home/ihitexe/mrm_ros_union_dir/ros_ws3/install/pub_pkg/share/ament_index/resource_index/package_run_dependencies/pub_pkg
[1.328s] -- Installing: /home/ihitexe/mrm_ros_union_dir/ros_ws3/install/pub_pkg/share/ament_index/resource_index/parent_prefix_path/pub_pkg
[1.328s] -- Installing: /home/ihitexe/mrm_ros_union_dir/ros_ws3/install/pub_pkg/share/pub_pkg/environment/ament_prefix_path.sh
[1.329s] -- Installing: /home/ihitexe/mrm_ros_union_dir/ros_ws3/install/pub_pkg/share/pub_pkg/environment/ament_prefix_path.dsv
[1.329s] -- Installing: /home/ihitexe/mrm_ros_union_dir/ros_ws3/install/pub_pkg/share/pub_pkg/environment/path.sh
[1.329s] -- Installing: /home/ihitexe/mrm_ros_union_dir/ros_ws3/install/pub_pkg/share/pub_pkg/environment/path.dsv
[1.330s] -- Installing: /home/ihitexe/mrm_ros_union_dir/ros_ws3/install/pub_pkg/share/pub_pkg/local_setup.bash
[1.330s] -- Installing: /home/ihitexe/mrm_ros_union_dir/ros_ws3/install/pub_pkg/share/pub_pkg/local_setup.sh
[1.330s] -- Installing: /home/ihitexe/mrm_ros_union_dir/ros_ws3/install/pub_pkg/share/pub_pkg/local_setup.zsh
[1.330s] -- Installing: /home/ihitexe/mrm_ros_union_dir/ros_ws3/install/pub_pkg/share/pub_pkg/local_setup.dsv
[1.330s] -- Installing: /home/ihitexe/mrm_ros_union_dir/ros_ws3/install/pub_pkg/share/pub_pkg/package.dsv
[1.330s] -- Installing: /home/ihitexe/mrm_ros_union_dir/ros_ws3/install/pub_pkg/share/ament_index/resource_index/packages/pub_pkg
[1.330s] -- Installing: /home/ihitexe/mrm_ros_union_dir/ros_ws3/install/pub_pkg/share/pub_pkg/cmake/pub_pkgConfig.cmake
[1.330s] -- Installing: /home/ihitexe/mrm_ros_union_dir/ros_ws3/install/pub_pkg/share/pub_pkg/cmake/pub_pkgConfig-version.cmake
[1.331s] -- Installing: /home/ihitexe/mrm_ros_union_dir/ros_ws3/install/pub_pkg/share/pub_pkg/package.xml
[1.351s] Invoked command in '/home/ihitexe/mrm_ros_union_dir/ros_ws3/build/pub_pkg' returned '0': CMAKE_PREFIX_PATH=/opt/ros/humble /usr/bin/cmake --install /home/ihitexe/mrm_ros_union_dir/ros_ws3/build/pub_pkg
