[0.009s] Invoking command in '/home/ihitexe/rover_ws/build/gazebo': CMAKE_PREFIX_PATH=${CMAKE_PREFIX_PATH}:/opt/ros/humble /usr/bin/cmake --build /home/ihitexe/rover_ws/build/gazebo -- -j12 -l12
[0.053s] -- Found ament_cmake: 1.3.11 (/opt/ros/humble/share/ament_cmake/cmake)
[0.188s] -- Found rclcpp: 16.0.11 (/opt/ros/humble/share/rclcpp/cmake)
[0.252s] -- Found rosidl_generator_c: 3.1.6 (/opt/ros/humble/share/rosidl_generator_c/cmake)
[0.257s] -- Found rosidl_adapter: 3.1.6 (/opt/ros/humble/share/rosidl_adapter/cmake)
[0.268s] -- Found rosidl_generator_cpp: 3.1.6 (/opt/ros/humble/share/rosidl_generator_cpp/cmake)
[0.284s] -- Using all available rosidl_typesupport_c: rosidl_typesupport_fastrtps_c;rosidl_typesupport_introspection_c
[0.304s] -- Using all available rosidl_typesupport_cpp: rosidl_typesupport_fastrtps_cpp;rosidl_typesupport_introspection_cpp
[0.358s] -- Found rmw_implementation_cmake: 6.1.2 (/opt/ros/humble/share/rmw_implementation_cmake/cmake)
[0.361s] -- Found rmw_fastrtps_cpp: 6.2.7 (/opt/ros/humble/share/rmw_fastrtps_cpp/cmake)
[0.482s] -- Using RMW implementation 'rmw_fastrtps_cpp' as default
[0.528s] -- Found sensor_msgs: 4.2.4 (/opt/ros/humble/share/sensor_msgs/cmake)
[0.560s] -- Found ament_lint_auto: 0.12.11 (/opt/ros/humble/share/ament_lint_auto/cmake)
[0.623s] -- Added test 'cppcheck' to perform static code analysis on C / C++ code
[0.623s] -- Configured cppcheck include dirs: 
[0.624s] -- Configured cppcheck exclude dirs and/or files: 
[0.624s] -- Added test 'flake8' to check Python code syntax and style conventions
[0.625s] -- Added test 'lint_cmake' to check CMake code style
[0.625s] -- Added test 'pep257' to check Python code against some of the docstring style conventions in PEP 257
[0.627s] -- Added test 'uncrustify' to check C / C++ code style
[0.627s] -- Configured uncrustify additional arguments: 
[0.627s] -- Added test 'xmllint' to check XML markup files
[0.629s] -- Configuring done
[0.649s] -- Generating done
[0.655s] -- Build files have been written to: /home/ihitexe/rover_ws/build/gazebo
[0.702s] [ 50%] [32mBuilding CXX object CMakeFiles/sensor.dir/src/sensors.cpp.o[0m
[5.845s] [100%] [32m[1mLinking CXX executable sensor[0m
[6.161s] [100%] Built target sensor
[6.183s] Invoked command in '/home/ihitexe/rover_ws/build/gazebo' returned '0': CMAKE_PREFIX_PATH=${CMAKE_PREFIX_PATH}:/opt/ros/humble /usr/bin/cmake --build /home/ihitexe/rover_ws/build/gazebo -- -j12 -l12
[6.195s] Invoking command in '/home/ihitexe/rover_ws/build/gazebo': CMAKE_PREFIX_PATH=${CMAKE_PREFIX_PATH}:/opt/ros/humble /usr/bin/cmake --install /home/ihitexe/rover_ws/build/gazebo
[6.206s] -- Install configuration: ""
[6.206s] -- Installing: /home/ihitexe/rover_ws/install/gazebo/lib/gazebo/sensor
[6.208s] -- Set runtime path of "/home/ihitexe/rover_ws/install/gazebo/lib/gazebo/sensor" to ""
[6.209s] -- Up-to-date: /home/ihitexe/rover_ws/install/gazebo/share/gazebo/launch
[6.209s] -- Up-to-date: /home/ihitexe/rover_ws/install/gazebo/share/gazebo/launch/.vscode
[6.209s] -- Up-to-date: /home/ihitexe/rover_ws/install/gazebo/share/gazebo/launch/.vscode/settings.json
[6.209s] -- Up-to-date: /home/ihitexe/rover_ws/install/gazebo/share/gazebo/launch/.vscode/c_cpp_properties.json
[6.209s] -- Up-to-date: /home/ihitexe/rover_ws/install/gazebo/share/gazebo/launch/rviz_launch.py
[6.209s] -- Up-to-date: /home/ihitexe/rover_ws/install/gazebo/share/gazebo/launch/gazebo_launch.py
[6.209s] -- Up-to-date: /home/ihitexe/rover_ws/install/gazebo/share/gazebo/model
[6.209s] -- Up-to-date: /home/ihitexe/rover_ws/install/gazebo/share/gazebo/model/rover.gazebo
[6.209s] -- Up-to-date: /home/ihitexe/rover_ws/install/gazebo/share/gazebo/model/world.world
[6.210s] -- Installing: /home/ihitexe/rover_ws/install/gazebo/share/gazebo/model/rover.xacro
[6.210s] -- Installing: /home/ihitexe/rover_ws/install/gazebo/share/ament_index/resource_index/package_run_dependencies/gazebo
[6.210s] -- Up-to-date: /home/ihitexe/rover_ws/install/gazebo/share/ament_index/resource_index/parent_prefix_path/gazebo
[6.210s] -- Up-to-date: /home/ihitexe/rover_ws/install/gazebo/share/gazebo/environment/ament_prefix_path.sh
[6.210s] -- Installing: /home/ihitexe/rover_ws/install/gazebo/share/gazebo/environment/ament_prefix_path.dsv
[6.211s] -- Up-to-date: /home/ihitexe/rover_ws/install/gazebo/share/gazebo/environment/path.sh
[6.211s] -- Installing: /home/ihitexe/rover_ws/install/gazebo/share/gazebo/environment/path.dsv
[6.211s] -- Up-to-date: /home/ihitexe/rover_ws/install/gazebo/share/gazebo/local_setup.bash
[6.211s] -- Up-to-date: /home/ihitexe/rover_ws/install/gazebo/share/gazebo/local_setup.sh
[6.211s] -- Up-to-date: /home/ihitexe/rover_ws/install/gazebo/share/gazebo/local_setup.zsh
[6.211s] -- Installing: /home/ihitexe/rover_ws/install/gazebo/share/gazebo/local_setup.dsv
[6.211s] -- Installing: /home/ihitexe/rover_ws/install/gazebo/share/gazebo/package.dsv
[6.211s] -- Up-to-date: /home/ihitexe/rover_ws/install/gazebo/share/ament_index/resource_index/packages/gazebo
[6.212s] -- Up-to-date: /home/ihitexe/rover_ws/install/gazebo/share/gazebo/cmake/gazeboConfig.cmake
[6.212s] -- Up-to-date: /home/ihitexe/rover_ws/install/gazebo/share/gazebo/cmake/gazeboConfig-version.cmake
[6.212s] -- Installing: /home/ihitexe/rover_ws/install/gazebo/share/gazebo/package.xml
[6.214s] Invoked command in '/home/ihitexe/rover_ws/build/gazebo' returned '0': CMAKE_PREFIX_PATH=${CMAKE_PREFIX_PATH}:/opt/ros/humble /usr/bin/cmake --install /home/ihitexe/rover_ws/build/gazebo
