[0.071s] DEBUG:colcon:Command line arguments: ['/usr/bin/colcon', 'build', '--packages-select', 'pub_pkg']
[0.071s] DEBUG:colcon:Parsed command line arguments: Namespace(log_base=None, log_level=None, verb_name='build', build_base='build', install_base='install', merge_install=False, symlink_install=False, test_result_base=None, continue_on_error=False, executor='parallel', parallel_workers=12, event_handlers=None, ignore_user_meta=False, metas=['./colcon.meta'], base_paths=['.'], packages_ignore=None, packages_ignore_regex=None, paths=None, packages_up_to=None, packages_up_to_regex=None, packages_above=None, packages_above_and_dependencies=None, packages_above_depth=None, packages_select_by_dep=None, packages_skip_by_dep=None, packages_skip_up_to=None, packages_select_build_failed=False, packages_skip_build_finished=False, packages_select_test_failures=False, packages_skip_test_passed=False, packages_select=['pub_pkg'], packages_skip=None, packages_select_regex=None, packages_skip_regex=None, packages_start=None, packages_end=None, allow_overriding=[], cmake_args=None, cmake_target=None, cmake_target_skip_unavailable=False, cmake_clean_cache=False, cmake_clean_first=False, cmake_force_configure=False, ament_cmake_args=None, catkin_cmake_args=None, catkin_skip_building_tests=False, verb_parser=<colcon_defaults.argument_parser.defaults.DefaultArgumentsDecorator object at 0x7032ca508520>, verb_extension=<colcon_core.verb.build.BuildVerb object at 0x7032ca4cff70>, main=<bound method BuildVerb.main of <colcon_core.verb.build.BuildVerb object at 0x7032ca4cff70>>)
[0.176s] Level 1:colcon.colcon_core.package_discovery:discover_packages(colcon_meta) check parameters
[0.177s] Level 1:colcon.colcon_core.package_discovery:discover_packages(recursive) check parameters
[0.177s] Level 1:colcon.colcon_core.package_discovery:discover_packages(ignore) check parameters
[0.177s] Level 1:colcon.colcon_core.package_discovery:discover_packages(path) check parameters
[0.177s] Level 1:colcon.colcon_core.package_discovery:discover_packages(colcon_meta) discover
[0.177s] Level 1:colcon.colcon_core.package_discovery:discover_packages(recursive) discover
[0.177s] INFO:colcon.colcon_core.package_discovery:Crawling recursively for packages in '/home/ihitexe/mrm_ros_union_dir/ros_ws3'
[0.177s] Level 1:colcon.colcon_core.package_identification:_identify(.) by extensions ['ignore', 'ignore_ament_install']
[0.177s] Level 1:colcon.colcon_core.package_identification:_identify(.) by extension 'ignore'
[0.177s] Level 1:colcon.colcon_core.package_identification:_identify(.) by extension 'ignore_ament_install'
[0.177s] Level 1:colcon.colcon_core.package_identification:_identify(.) by extensions ['colcon_pkg']
[0.177s] Level 1:colcon.colcon_core.package_identification:_identify(.) by extension 'colcon_pkg'
[0.177s] Level 1:colcon.colcon_core.package_identification:_identify(.) by extensions ['colcon_meta']
[0.177s] Level 1:colcon.colcon_core.package_identification:_identify(.) by extension 'colcon_meta'
[0.177s] Level 1:colcon.colcon_core.package_identification:_identify(.) by extensions ['ros']
[0.177s] Level 1:colcon.colcon_core.package_identification:_identify(.) by extension 'ros'
[0.185s] Level 1:colcon.colcon_core.package_identification:_identify(.) by extensions ['cmake', 'python']
[0.185s] Level 1:colcon.colcon_core.package_identification:_identify(.) by extension 'cmake'
[0.185s] Level 1:colcon.colcon_core.package_identification:_identify(.) by extension 'python'
[0.185s] Level 1:colcon.colcon_core.package_identification:_identify(.) by extensions ['python_setup_py']
[0.185s] Level 1:colcon.colcon_core.package_identification:_identify(.) by extension 'python_setup_py'
[0.186s] Level 1:colcon.colcon_core.package_identification:_identify(build) by extensions ['ignore', 'ignore_ament_install']
[0.186s] Level 1:colcon.colcon_core.package_identification:_identify(build) by extension 'ignore'
[0.186s] Level 1:colcon.colcon_core.package_identification:_identify(build) ignored
[0.186s] Level 1:colcon.colcon_core.package_identification:_identify(install) by extensions ['ignore', 'ignore_ament_install']
[0.186s] Level 1:colcon.colcon_core.package_identification:_identify(install) by extension 'ignore'
[0.186s] Level 1:colcon.colcon_core.package_identification:_identify(install) ignored
[0.186s] Level 1:colcon.colcon_core.package_identification:_identify(log) by extensions ['ignore', 'ignore_ament_install']
[0.186s] Level 1:colcon.colcon_core.package_identification:_identify(log) by extension 'ignore'
[0.186s] Level 1:colcon.colcon_core.package_identification:_identify(log) ignored
[0.186s] Level 1:colcon.colcon_core.package_identification:_identify(src) by extensions ['ignore', 'ignore_ament_install']
[0.186s] Level 1:colcon.colcon_core.package_identification:_identify(src) by extension 'ignore'
[0.186s] Level 1:colcon.colcon_core.package_identification:_identify(src) by extension 'ignore_ament_install'
[0.186s] Level 1:colcon.colcon_core.package_identification:_identify(src) by extensions ['colcon_pkg']
[0.186s] Level 1:colcon.colcon_core.package_identification:_identify(src) by extension 'colcon_pkg'
[0.186s] Level 1:colcon.colcon_core.package_identification:_identify(src) by extensions ['colcon_meta']
[0.186s] Level 1:colcon.colcon_core.package_identification:_identify(src) by extension 'colcon_meta'
[0.186s] Level 1:colcon.colcon_core.package_identification:_identify(src) by extensions ['ros']
[0.186s] Level 1:colcon.colcon_core.package_identification:_identify(src) by extension 'ros'
[0.186s] Level 1:colcon.colcon_core.package_identification:_identify(src) by extensions ['cmake', 'python']
[0.186s] Level 1:colcon.colcon_core.package_identification:_identify(src) by extension 'cmake'
[0.186s] Level 1:colcon.colcon_core.package_identification:_identify(src) by extension 'python'
[0.186s] Level 1:colcon.colcon_core.package_identification:_identify(src) by extensions ['python_setup_py']
[0.186s] Level 1:colcon.colcon_core.package_identification:_identify(src) by extension 'python_setup_py'
[0.186s] Level 1:colcon.colcon_core.package_identification:_identify(src/pub_pkg) by extensions ['ignore', 'ignore_ament_install']
[0.186s] Level 1:colcon.colcon_core.package_identification:_identify(src/pub_pkg) by extension 'ignore'
[0.186s] Level 1:colcon.colcon_core.package_identification:_identify(src/pub_pkg) by extension 'ignore_ament_install'
[0.186s] Level 1:colcon.colcon_core.package_identification:_identify(src/pub_pkg) by extensions ['colcon_pkg']
[0.186s] Level 1:colcon.colcon_core.package_identification:_identify(src/pub_pkg) by extension 'colcon_pkg'
[0.187s] Level 1:colcon.colcon_core.package_identification:_identify(src/pub_pkg) by extensions ['colcon_meta']
[0.187s] Level 1:colcon.colcon_core.package_identification:_identify(src/pub_pkg) by extension 'colcon_meta'
[0.187s] Level 1:colcon.colcon_core.package_identification:_identify(src/pub_pkg) by extensions ['ros']
[0.187s] Level 1:colcon.colcon_core.package_identification:_identify(src/pub_pkg) by extension 'ros'
[0.189s] DEBUG:colcon.colcon_core.package_identification:Package 'src/pub_pkg' with type 'ros.ament_cmake' and name 'pub_pkg'
[0.189s] Level 1:colcon.colcon_core.package_identification:_identify(src/sub_pkg) by extensions ['ignore', 'ignore_ament_install']
[0.189s] Level 1:colcon.colcon_core.package_identification:_identify(src/sub_pkg) by extension 'ignore'
[0.189s] Level 1:colcon.colcon_core.package_identification:_identify(src/sub_pkg) by extension 'ignore_ament_install'
[0.189s] Level 1:colcon.colcon_core.package_identification:_identify(src/sub_pkg) by extensions ['colcon_pkg']
[0.189s] Level 1:colcon.colcon_core.package_identification:_identify(src/sub_pkg) by extension 'colcon_pkg'
[0.189s] Level 1:colcon.colcon_core.package_identification:_identify(src/sub_pkg) by extensions ['colcon_meta']
[0.189s] Level 1:colcon.colcon_core.package_identification:_identify(src/sub_pkg) by extension 'colcon_meta'
[0.189s] Level 1:colcon.colcon_core.package_identification:_identify(src/sub_pkg) by extensions ['ros']
[0.189s] Level 1:colcon.colcon_core.package_identification:_identify(src/sub_pkg) by extension 'ros'
[0.189s] DEBUG:colcon.colcon_core.package_identification:Package 'src/sub_pkg' with type 'ros.ament_cmake' and name 'sub_pkg'
[0.189s] Level 1:colcon.colcon_core.package_identification:_identify(src/tutorial_interfaces) by extensions ['ignore', 'ignore_ament_install']
[0.190s] Level 1:colcon.colcon_core.package_identification:_identify(src/tutorial_interfaces) by extension 'ignore'
[0.190s] Level 1:colcon.colcon_core.package_identification:_identify(src/tutorial_interfaces) by extension 'ignore_ament_install'
[0.190s] Level 1:colcon.colcon_core.package_identification:_identify(src/tutorial_interfaces) by extensions ['colcon_pkg']
[0.190s] Level 1:colcon.colcon_core.package_identification:_identify(src/tutorial_interfaces) by extension 'colcon_pkg'
[0.190s] Level 1:colcon.colcon_core.package_identification:_identify(src/tutorial_interfaces) by extensions ['colcon_meta']
[0.190s] Level 1:colcon.colcon_core.package_identification:_identify(src/tutorial_interfaces) by extension 'colcon_meta'
[0.190s] Level 1:colcon.colcon_core.package_identification:_identify(src/tutorial_interfaces) by extensions ['ros']
[0.190s] Level 1:colcon.colcon_core.package_identification:_identify(src/tutorial_interfaces) by extension 'ros'
[0.190s] DEBUG:colcon.colcon_core.package_identification:Package 'src/tutorial_interfaces' with type 'ros.ament_cmake' and name 'tutorial_interfaces'
[0.190s] Level 1:colcon.colcon_core.package_discovery:discover_packages(recursive) using defaults
[0.190s] Level 1:colcon.colcon_core.package_discovery:discover_packages(ignore) discover
[0.190s] Level 1:colcon.colcon_core.package_discovery:discover_packages(ignore) using defaults
[0.190s] Level 1:colcon.colcon_core.package_discovery:discover_packages(path) discover
[0.190s] Level 1:colcon.colcon_core.package_discovery:discover_packages(path) using defaults
[0.205s] INFO:colcon.colcon_core.package_selection:Skipping not selected package 'tutorial_interfaces' in 'src/tutorial_interfaces'
[0.205s] INFO:colcon.colcon_core.package_selection:Skipping not selected package 'sub_pkg' in 'src/sub_pkg'
[0.206s] Level 1:colcon.colcon_core.package_discovery:discover_packages(prefix_path) check parameters
[0.206s] Level 1:colcon.colcon_core.package_discovery:discover_packages(prefix_path) discover
[0.207s] DEBUG:colcon.colcon_installed_package_information.package_discovery:Found 4 installed packages in /home/ihitexe/mrm_ros_union_dir/ros_ws3/install
[0.208s] DEBUG:colcon.colcon_installed_package_information.package_discovery:Found 294 installed packages in /opt/ros/humble
[0.218s] Level 1:colcon.colcon_core.package_discovery:discover_packages(prefix_path) using defaults
[0.244s] Level 5:colcon.colcon_core.verb:set package 'pub_pkg' build argument 'cmake_args' from command line to 'None'
[0.244s] Level 5:colcon.colcon_core.verb:set package 'pub_pkg' build argument 'cmake_target' from command line to 'None'
[0.244s] Level 5:colcon.colcon_core.verb:set package 'pub_pkg' build argument 'cmake_target_skip_unavailable' from command line to 'False'
[0.244s] Level 5:colcon.colcon_core.verb:set package 'pub_pkg' build argument 'cmake_clean_cache' from command line to 'False'
[0.244s] Level 5:colcon.colcon_core.verb:set package 'pub_pkg' build argument 'cmake_clean_first' from command line to 'False'
[0.244s] Level 5:colcon.colcon_core.verb:set package 'pub_pkg' build argument 'cmake_force_configure' from command line to 'False'
[0.244s] Level 5:colcon.colcon_core.verb:set package 'pub_pkg' build argument 'ament_cmake_args' from command line to 'None'
[0.244s] Level 5:colcon.colcon_core.verb:set package 'pub_pkg' build argument 'catkin_cmake_args' from command line to 'None'
[0.244s] Level 5:colcon.colcon_core.verb:set package 'pub_pkg' build argument 'catkin_skip_building_tests' from command line to 'False'
[0.244s] DEBUG:colcon.colcon_core.verb:Building package 'pub_pkg' with the following arguments: {'ament_cmake_args': None, 'build_base': '/home/ihitexe/mrm_ros_union_dir/ros_ws3/build/pub_pkg', 'catkin_cmake_args': None, 'catkin_skip_building_tests': False, 'cmake_args': None, 'cmake_clean_cache': False, 'cmake_clean_first': False, 'cmake_force_configure': False, 'cmake_target': None, 'cmake_target_skip_unavailable': False, 'install_base': '/home/ihitexe/mrm_ros_union_dir/ros_ws3/install/pub_pkg', 'merge_install': False, 'path': '/home/ihitexe/mrm_ros_union_dir/ros_ws3/src/pub_pkg', 'symlink_install': False, 'test_result_base': None}
[0.244s] INFO:colcon.colcon_core.executor:Executing jobs using 'parallel' executor
[0.246s] DEBUG:colcon.colcon_parallel_executor.executor.parallel:run_until_complete
[0.246s] INFO:colcon.colcon_ros.task.ament_cmake.build:Building ROS package in '/home/ihitexe/mrm_ros_union_dir/ros_ws3/src/pub_pkg' with build type 'ament_cmake'
[0.246s] INFO:colcon.colcon_cmake.task.cmake.build:Building CMake package in '/home/ihitexe/mrm_ros_union_dir/ros_ws3/src/pub_pkg'
[0.247s] INFO:colcon.colcon_core.plugin_system:Skipping extension 'colcon_core.shell.bat': Not used on non-Windows systems
[0.247s] INFO:colcon.colcon_core.shell:Skip shell extension 'powershell' for command environment: Not usable outside of PowerShell
[0.247s] DEBUG:colcon.colcon_core.shell:Skip shell extension 'dsv' for command environment
[0.260s] DEBUG:colcon.colcon_core.event_handler.log_command:Invoking command in '/home/ihitexe/mrm_ros_union_dir/ros_ws3/build/pub_pkg': CMAKE_PREFIX_PATH=/home/ihitexe/mrm_ros_union_dir/ros_ws3/install/tutorial_interfaces:/home/ihitexe/mrm_ros_union_dir/ros_ws3/install/sub_pkg:/home/ihitexe/mrm_ros_union_dir/ros_ws3/install/pub_pkg:/opt/ros/humble /usr/bin/cmake --build /home/ihitexe/mrm_ros_union_dir/ros_ws3/build/pub_pkg -- -j12 -l12
[3.510s] DEBUG:colcon.colcon_core.event_handler.log_command:Invoked command in '/home/ihitexe/mrm_ros_union_dir/ros_ws3/build/pub_pkg' returned '0': CMAKE_PREFIX_PATH=/home/ihitexe/mrm_ros_union_dir/ros_ws3/install/tutorial_interfaces:/home/ihitexe/mrm_ros_union_dir/ros_ws3/install/sub_pkg:/home/ihitexe/mrm_ros_union_dir/ros_ws3/install/pub_pkg:/opt/ros/humble /usr/bin/cmake --build /home/ihitexe/mrm_ros_union_dir/ros_ws3/build/pub_pkg -- -j12 -l12
[3.520s] DEBUG:colcon.colcon_core.event_handler.log_command:Invoking command in '/home/ihitexe/mrm_ros_union_dir/ros_ws3/build/pub_pkg': CMAKE_PREFIX_PATH=/home/ihitexe/mrm_ros_union_dir/ros_ws3/install/tutorial_interfaces:/home/ihitexe/mrm_ros_union_dir/ros_ws3/install/sub_pkg:/home/ihitexe/mrm_ros_union_dir/ros_ws3/install/pub_pkg:/opt/ros/humble /usr/bin/cmake --install /home/ihitexe/mrm_ros_union_dir/ros_ws3/build/pub_pkg
[3.532s] Level 1:colcon.colcon_core.environment:create_environment_scripts_only(pub_pkg)
[3.533s] DEBUG:colcon.colcon_core.event_handler.log_command:Invoked command in '/home/ihitexe/mrm_ros_union_dir/ros_ws3/build/pub_pkg' returned '0': CMAKE_PREFIX_PATH=/home/ihitexe/mrm_ros_union_dir/ros_ws3/install/tutorial_interfaces:/home/ihitexe/mrm_ros_union_dir/ros_ws3/install/sub_pkg:/home/ihitexe/mrm_ros_union_dir/ros_ws3/install/pub_pkg:/opt/ros/humble /usr/bin/cmake --install /home/ihitexe/mrm_ros_union_dir/ros_ws3/build/pub_pkg
[3.534s] Level 1:colcon.colcon_core.environment:checking '/home/ihitexe/mrm_ros_union_dir/ros_ws3/install/pub_pkg' for CMake module files
[3.534s] Level 1:colcon.colcon_core.environment:checking '/home/ihitexe/mrm_ros_union_dir/ros_ws3/install/pub_pkg' for CMake config files
[3.534s] Level 1:colcon.colcon_core.shell:create_environment_hook('pub_pkg', 'cmake_prefix_path')
[3.535s] INFO:colcon.colcon_core.shell:Creating environment hook '/home/ihitexe/mrm_ros_union_dir/ros_ws3/install/pub_pkg/share/pub_pkg/hook/cmake_prefix_path.ps1'
[3.535s] INFO:colcon.colcon_core.shell:Creating environment descriptor '/home/ihitexe/mrm_ros_union_dir/ros_ws3/install/pub_pkg/share/pub_pkg/hook/cmake_prefix_path.dsv'
[3.535s] INFO:colcon.colcon_core.shell:Creating environment hook '/home/ihitexe/mrm_ros_union_dir/ros_ws3/install/pub_pkg/share/pub_pkg/hook/cmake_prefix_path.sh'
[3.536s] Level 1:colcon.colcon_core.environment:checking '/home/ihitexe/mrm_ros_union_dir/ros_ws3/install/pub_pkg/lib'
[3.536s] Level 1:colcon.colcon_core.environment:checking '/home/ihitexe/mrm_ros_union_dir/ros_ws3/install/pub_pkg/bin'
[3.536s] Level 1:colcon.colcon_core.environment:checking '/home/ihitexe/mrm_ros_union_dir/ros_ws3/install/pub_pkg/lib/pkgconfig/pub_pkg.pc'
[3.536s] Level 1:colcon.colcon_core.environment:checking '/home/ihitexe/mrm_ros_union_dir/ros_ws3/install/pub_pkg/lib/python3.10/site-packages'
[3.536s] Level 1:colcon.colcon_core.environment:checking '/home/ihitexe/mrm_ros_union_dir/ros_ws3/install/pub_pkg/bin'
[3.537s] INFO:colcon.colcon_core.shell:Creating package script '/home/ihitexe/mrm_ros_union_dir/ros_ws3/install/pub_pkg/share/pub_pkg/package.ps1'
[3.537s] INFO:colcon.colcon_core.shell:Creating package descriptor '/home/ihitexe/mrm_ros_union_dir/ros_ws3/install/pub_pkg/share/pub_pkg/package.dsv'
[3.537s] INFO:colcon.colcon_core.shell:Creating package script '/home/ihitexe/mrm_ros_union_dir/ros_ws3/install/pub_pkg/share/pub_pkg/package.sh'
[3.538s] INFO:colcon.colcon_core.shell:Creating package script '/home/ihitexe/mrm_ros_union_dir/ros_ws3/install/pub_pkg/share/pub_pkg/package.bash'
[3.538s] INFO:colcon.colcon_core.shell:Creating package script '/home/ihitexe/mrm_ros_union_dir/ros_ws3/install/pub_pkg/share/pub_pkg/package.zsh'
[3.539s] Level 1:colcon.colcon_core.environment:create_file_with_runtime_dependencies(/home/ihitexe/mrm_ros_union_dir/ros_ws3/install/pub_pkg/share/colcon-core/packages/pub_pkg)
[3.539s] Level 1:colcon.colcon_core.environment:create_environment_scripts_only(pub_pkg)
[3.539s] Level 1:colcon.colcon_core.environment:checking '/home/ihitexe/mrm_ros_union_dir/ros_ws3/install/pub_pkg' for CMake module files
[3.540s] Level 1:colcon.colcon_core.environment:checking '/home/ihitexe/mrm_ros_union_dir/ros_ws3/install/pub_pkg' for CMake config files
[3.540s] Level 1:colcon.colcon_core.shell:create_environment_hook('pub_pkg', 'cmake_prefix_path')
[3.540s] INFO:colcon.colcon_core.shell:Creating environment hook '/home/ihitexe/mrm_ros_union_dir/ros_ws3/install/pub_pkg/share/pub_pkg/hook/cmake_prefix_path.ps1'
[3.540s] INFO:colcon.colcon_core.shell:Creating environment descriptor '/home/ihitexe/mrm_ros_union_dir/ros_ws3/install/pub_pkg/share/pub_pkg/hook/cmake_prefix_path.dsv'
[3.540s] INFO:colcon.colcon_core.shell:Creating environment hook '/home/ihitexe/mrm_ros_union_dir/ros_ws3/install/pub_pkg/share/pub_pkg/hook/cmake_prefix_path.sh'
[3.541s] Level 1:colcon.colcon_core.environment:checking '/home/ihitexe/mrm_ros_union_dir/ros_ws3/install/pub_pkg/lib'
[3.541s] Level 1:colcon.colcon_core.environment:checking '/home/ihitexe/mrm_ros_union_dir/ros_ws3/install/pub_pkg/bin'
[3.541s] Level 1:colcon.colcon_core.environment:checking '/home/ihitexe/mrm_ros_union_dir/ros_ws3/install/pub_pkg/lib/pkgconfig/pub_pkg.pc'
[3.541s] Level 1:colcon.colcon_core.environment:checking '/home/ihitexe/mrm_ros_union_dir/ros_ws3/install/pub_pkg/lib/python3.10/site-packages'
[3.541s] Level 1:colcon.colcon_core.environment:checking '/home/ihitexe/mrm_ros_union_dir/ros_ws3/install/pub_pkg/bin'
[3.541s] INFO:colcon.colcon_core.shell:Creating package script '/home/ihitexe/mrm_ros_union_dir/ros_ws3/install/pub_pkg/share/pub_pkg/package.ps1'
[3.542s] INFO:colcon.colcon_core.shell:Creating package descriptor '/home/ihitexe/mrm_ros_union_dir/ros_ws3/install/pub_pkg/share/pub_pkg/package.dsv'
[3.542s] INFO:colcon.colcon_core.shell:Creating package script '/home/ihitexe/mrm_ros_union_dir/ros_ws3/install/pub_pkg/share/pub_pkg/package.sh'
[3.542s] INFO:colcon.colcon_core.shell:Creating package script '/home/ihitexe/mrm_ros_union_dir/ros_ws3/install/pub_pkg/share/pub_pkg/package.bash'
[3.542s] INFO:colcon.colcon_core.shell:Creating package script '/home/ihitexe/mrm_ros_union_dir/ros_ws3/install/pub_pkg/share/pub_pkg/package.zsh'
[3.543s] Level 1:colcon.colcon_core.environment:create_file_with_runtime_dependencies(/home/ihitexe/mrm_ros_union_dir/ros_ws3/install/pub_pkg/share/colcon-core/packages/pub_pkg)
[3.543s] DEBUG:colcon.colcon_parallel_executor.executor.parallel:closing loop
[3.543s] DEBUG:colcon.colcon_parallel_executor.executor.parallel:loop closed
[3.543s] DEBUG:colcon.colcon_parallel_executor.executor.parallel:run_until_complete finished with '0'
[3.543s] DEBUG:colcon.colcon_core.event_reactor:joining thread
[3.548s] INFO:colcon.colcon_core.plugin_system:Skipping extension 'colcon_notification.desktop_notification.terminal_notifier': Not used on non-Darwin systems
[3.548s] INFO:colcon.colcon_core.plugin_system:Skipping extension 'colcon_notification.desktop_notification.win32': Not used on non-Windows systems
[3.548s] INFO:colcon.colcon_notification.desktop_notification:Sending desktop notification using 'notify2'
[3.561s] DEBUG:colcon.colcon_core.event_reactor:joined thread
[3.561s] INFO:colcon.colcon_core.shell:Creating prefix script '/home/ihitexe/mrm_ros_union_dir/ros_ws3/install/local_setup.ps1'
[3.562s] INFO:colcon.colcon_core.shell:Creating prefix util module '/home/ihitexe/mrm_ros_union_dir/ros_ws3/install/_local_setup_util_ps1.py'
[3.563s] INFO:colcon.colcon_core.shell:Creating prefix chain script '/home/ihitexe/mrm_ros_union_dir/ros_ws3/install/setup.ps1'
[3.564s] INFO:colcon.colcon_core.shell:Creating prefix script '/home/ihitexe/mrm_ros_union_dir/ros_ws3/install/local_setup.sh'
[3.564s] INFO:colcon.colcon_core.shell:Creating prefix util module '/home/ihitexe/mrm_ros_union_dir/ros_ws3/install/_local_setup_util_sh.py'
[3.564s] INFO:colcon.colcon_core.shell:Creating prefix chain script '/home/ihitexe/mrm_ros_union_dir/ros_ws3/install/setup.sh'
[3.565s] INFO:colcon.colcon_core.shell:Creating prefix script '/home/ihitexe/mrm_ros_union_dir/ros_ws3/install/local_setup.bash'
[3.565s] INFO:colcon.colcon_core.shell:Creating prefix chain script '/home/ihitexe/mrm_ros_union_dir/ros_ws3/install/setup.bash'
[3.566s] INFO:colcon.colcon_core.shell:Creating prefix script '/home/ihitexe/mrm_ros_union_dir/ros_ws3/install/local_setup.zsh'
[3.566s] INFO:colcon.colcon_core.shell:Creating prefix chain script '/home/ihitexe/mrm_ros_union_dir/ros_ws3/install/setup.zsh'
