[0.009s] Invoking command in '/home/ihitexe/rover_ws/build/gazebo': CMAKE_PREFIX_PATH=${CMAKE_PREFIX_PATH}:/opt/ros/humble /usr/bin/cmake --build /home/ihitexe/rover_ws/build/gazebo -- -j12 -l12
[0.061s] Invoked command in '/home/ihitexe/rover_ws/build/gazebo' returned '0': CMAKE_PREFIX_PATH=${CMAKE_PREFIX_PATH}:/opt/ros/humble /usr/bin/cmake --build /home/ihitexe/rover_ws/build/gazebo -- -j12 -l12
[0.073s] Invoking command in '/home/ihitexe/rover_ws/build/gazebo': CMAKE_PREFIX_PATH=${CMAKE_PREFIX_PATH}:/opt/ros/humble /usr/bin/cmake --install /home/ihitexe/rover_ws/build/gazebo
[0.083s] -- Install configuration: ""
[0.083s] -- Up-to-date: /home/ihitexe/rover_ws/install/gazebo/share/gazebo/launch
[0.084s] -- Up-to-date: /home/ihitexe/rover_ws/install/gazebo/share/gazebo/launch/.vscode
[0.084s] -- Up-to-date: /home/ihitexe/rover_ws/install/gazebo/share/gazebo/launch/.vscode/settings.json
[0.084s] -- Up-to-date: /home/ihitexe/rover_ws/install/gazebo/share/gazebo/launch/.vscode/c_cpp_properties.json
[0.084s] -- Up-to-date: /home/ihitexe/rover_ws/install/gazebo/share/gazebo/launch/rviz_launch.py
[0.084s] -- Installing: /home/ihitexe/rover_ws/install/gazebo/share/gazebo/launch/gazebo_launch.py
[0.084s] -- Up-to-date: /home/ihitexe/rover_ws/install/gazebo/share/gazebo/model
[0.084s] -- Up-to-date: /home/ihitexe/rover_ws/install/gazebo/share/gazebo/model/rover.gazebo
[0.085s] -- Up-to-date: /home/ihitexe/rover_ws/install/gazebo/share/gazebo/model/build
[0.085s] -- Up-to-date: /home/ihitexe/rover_ws/install/gazebo/share/gazebo/model/build/COLCON_IGNORE
[0.085s] -- Up-to-date: /home/ihitexe/rover_ws/install/gazebo/share/gazebo/model/build/.built_by
[0.085s] -- Up-to-date: /home/ihitexe/rover_ws/install/gazebo/share/gazebo/model/world.world
[0.085s] -- Up-to-date: /home/ihitexe/rover_ws/install/gazebo/share/gazebo/model/log
[0.085s] -- Up-to-date: /home/ihitexe/rover_ws/install/gazebo/share/gazebo/model/log/COLCON_IGNORE
[0.085s] -- Up-to-date: /home/ihitexe/rover_ws/install/gazebo/share/gazebo/model/log/latest
[0.085s] -- Up-to-date: /home/ihitexe/rover_ws/install/gazebo/share/gazebo/model/log/build_2025-01-11_22-14-59
[0.085s] -- Up-to-date: /home/ihitexe/rover_ws/install/gazebo/share/gazebo/model/log/build_2025-01-11_22-14-59/events.log
[0.086s] -- Up-to-date: /home/ihitexe/rover_ws/install/gazebo/share/gazebo/model/log/build_2025-01-11_22-14-59/logger_all.log
[0.086s] -- Up-to-date: /home/ihitexe/rover_ws/install/gazebo/share/gazebo/model/log/latest_build
[0.086s] -- Up-to-date: /home/ihitexe/rover_ws/install/gazebo/share/gazebo/model/rover.xacro
[0.086s] -- Up-to-date: /home/ihitexe/rover_ws/install/gazebo/share/gazebo/model/install
[0.086s] -- Up-to-date: /home/ihitexe/rover_ws/install/gazebo/share/gazebo/model/install/COLCON_IGNORE
[0.086s] -- Up-to-date: /home/ihitexe/rover_ws/install/gazebo/share/gazebo/model/install/setup.ps1
[0.086s] -- Up-to-date: /home/ihitexe/rover_ws/install/gazebo/share/gazebo/model/install/setup.zsh
[0.086s] -- Up-to-date: /home/ihitexe/rover_ws/install/gazebo/share/gazebo/model/install/_local_setup_util_ps1.py
[0.086s] -- Up-to-date: /home/ihitexe/rover_ws/install/gazebo/share/gazebo/model/install/setup.sh
[0.086s] -- Up-to-date: /home/ihitexe/rover_ws/install/gazebo/share/gazebo/model/install/setup.bash
[0.086s] -- Up-to-date: /home/ihitexe/rover_ws/install/gazebo/share/gazebo/model/install/_local_setup_util_sh.py
[0.086s] -- Up-to-date: /home/ihitexe/rover_ws/install/gazebo/share/gazebo/model/install/local_setup.sh
[0.087s] -- Up-to-date: /home/ihitexe/rover_ws/install/gazebo/share/gazebo/model/install/local_setup.zsh
[0.087s] -- Up-to-date: /home/ihitexe/rover_ws/install/gazebo/share/gazebo/model/install/.colcon_install_layout
[0.087s] -- Up-to-date: /home/ihitexe/rover_ws/install/gazebo/share/gazebo/model/install/local_setup.bash
[0.087s] -- Up-to-date: /home/ihitexe/rover_ws/install/gazebo/share/gazebo/model/install/local_setup.ps1
[0.087s] -- Up-to-date: /home/ihitexe/rover_ws/install/gazebo/share/ament_index/resource_index/package_run_dependencies/gazebo
[0.087s] -- Up-to-date: /home/ihitexe/rover_ws/install/gazebo/share/ament_index/resource_index/parent_prefix_path/gazebo
[0.087s] -- Up-to-date: /home/ihitexe/rover_ws/install/gazebo/share/gazebo/environment/ament_prefix_path.sh
[0.087s] -- Up-to-date: /home/ihitexe/rover_ws/install/gazebo/share/gazebo/environment/ament_prefix_path.dsv
[0.087s] -- Up-to-date: /home/ihitexe/rover_ws/install/gazebo/share/gazebo/environment/path.sh
[0.087s] -- Up-to-date: /home/ihitexe/rover_ws/install/gazebo/share/gazebo/environment/path.dsv
[0.087s] -- Up-to-date: /home/ihitexe/rover_ws/install/gazebo/share/gazebo/local_setup.bash
[0.088s] -- Up-to-date: /home/ihitexe/rover_ws/install/gazebo/share/gazebo/local_setup.sh
[0.088s] -- Up-to-date: /home/ihitexe/rover_ws/install/gazebo/share/gazebo/local_setup.zsh
[0.088s] -- Up-to-date: /home/ihitexe/rover_ws/install/gazebo/share/gazebo/local_setup.dsv
[0.088s] -- Installing: /home/ihitexe/rover_ws/install/gazebo/share/gazebo/package.dsv
[0.088s] -- Up-to-date: /home/ihitexe/rover_ws/install/gazebo/share/ament_index/resource_index/packages/gazebo
[0.088s] -- Up-to-date: /home/ihitexe/rover_ws/install/gazebo/share/gazebo/cmake/gazeboConfig.cmake
[0.088s] -- Up-to-date: /home/ihitexe/rover_ws/install/gazebo/share/gazebo/cmake/gazeboConfig-version.cmake
[0.088s] -- Up-to-date: /home/ihitexe/rover_ws/install/gazebo/share/gazebo/package.xml
[0.089s] Invoked command in '/home/ihitexe/rover_ws/build/gazebo' returned '0': CMAKE_PREFIX_PATH=${CMAKE_PREFIX_PATH}:/opt/ros/humble /usr/bin/cmake --install /home/ihitexe/rover_ws/build/gazebo
