[0.013s] Invoking command in '/home/ihitexe/mrm_ros_union_dir/ros_ws3/build/pub_pkg': CMAKE_PREFIX_PATH=/home/ihitexe/mrm_ros_union_dir/ros_ws3/install/tutorial_interfaces:/home/ihitexe/mrm_ros_union_dir/ros_ws3/install/sub_pkg:/home/ihitexe/mrm_ros_union_dir/ros_ws3/install/pub_pkg:/opt/ros/humble /usr/bin/cmake --build /home/ihitexe/mrm_ros_union_dir/ros_ws3/build/pub_pkg -- -j12 -l12
[0.077s] [ 50%] [32mBuilding CXX object CMakeFiles/pub_node.dir/src/pub_node.cpp.o[0m
[1.811s] In file included from [01m[K/opt/ros/humble/include/rclcpp/rclcpp/logging.hpp:24[m[K,
[1.811s]                  from [01m[K/opt/ros/humble/include/rclcpp/rclcpp/client.hpp:40[m[K,
[1.811s]                  from [01m[K/opt/ros/humble/include/rclcpp/rclcpp/callback_group.hpp:24[m[K,
[1.811s]                  from [01m[K/opt/ros/humble/include/rclcpp/rclcpp/any_executable.hpp:20[m[K,
[1.811s]                  from [01m[K/opt/ros/humble/include/rclcpp/rclcpp/memory_strategy.hpp:25[m[K,
[1.811s]                  from [01m[K/opt/ros/humble/include/rclcpp/rclcpp/memory_strategies.hpp:18[m[K,
[1.812s]                  from [01m[K/opt/ros/humble/include/rclcpp/rclcpp/executor_options.hpp:20[m[K,
[1.812s]                  from [01m[K/opt/ros/humble/include/rclcpp/rclcpp/executor.hpp:37[m[K,
[1.812s]                  from [01m[K/opt/ros/humble/include/rclcpp/rclcpp/executors/multi_threaded_executor.hpp:25[m[K,
[1.812s]                  from [01m[K/opt/ros/humble/include/rclcpp/rclcpp/executors.hpp:21[m[K,
[1.812s]                  from [01m[K/opt/ros/humble/include/rclcpp/rclcpp/rclcpp.hpp:155[m[K,
[1.812s]                  from [01m[K/home/ihitexe/mrm_ros_union_dir/ros_ws3/src/pub_pkg/src/pub_node.cpp:2[m[K:
[1.812s] [01m[K/home/ihitexe/mrm_ros_union_dir/ros_ws3/src/pub_pkg/src/pub_node.cpp:[m[K In member function ‘[01m[Kvoid Publisher::publish_bill()[m[K’:
[1.812s] [01m[K/home/ihitexe/mrm_ros_union_dir/ros_ws3/src/pub_pkg/src/pub_node.cpp:34:41:[m[K [01;35m[Kwarning: [m[Kformat ‘[01m[K%d[m[K’ expects argument of type ‘[01m[Kint[m[K’, but argument 5 has type ‘[01m[Ktutorial_interfaces::msg::Num_<std::allocator<void> >::_bill_no_type[m[K’ {aka ‘[01m[Klong int[m[K’} [[01;35m[K]8;;https://gcc.gnu.org/onlinedocs/gcc/Warning-Options.html#index-Wformat=-Wformat=]8;;[m[K]
[1.812s]    34 |         RCLCPP_INFO(this->get_logger(), [01;35m[K"Your bill is number is : %d\nTime of bill : %s\nYou have purchased %d units of Item %c , each unit costing %f\nYour total amount is : %f"[m[K,[32m[Kbill_msg.bill_no[m[K, bill_msg.time.c_str(), bill_msg.unit_no,bill_msg.unit_type,bill_msg.unit_price, bill_msg.total);
[1.812s]       |                                         [01;35m[K^~~~~~~~~~~~~~~~~~~~~~~~~~~~~~~~~~~~~~~~~~~~~~~~~~~~~~~~~~~~~~~~~~~~~~~~~~~~~~~~~~~~~~~~~~~~~~~~~~~~~~~~~~~~~~~~~~~~~~~~~~~~~~~~~~~~~~~~~~[m[K [32m[K~~~~~~~~~~~~~~~~[m[K
[1.812s]       |                                                                                                                                                                                             [32m[K|[m[K
[1.812s]       |                                                                                                                                                                                             [32m[Ktutorial_interfaces::msg::Num_<std::allocator<void> >::_bill_no_type {aka long int}[m[K
[1.813s] [01m[K/home/ihitexe/mrm_ros_union_dir/ros_ws3/src/pub_pkg/src/pub_node.cpp:34:26:[m[K [01;36m[Knote: [m[Kformat string is defined here
[1.813s]    34 |         RCLCPP_INFO(this[01;36m[K->[m[Kget_logger(), "Your bill is number is : %d\nTime of bill : %s\nYou have purchased %d units of Item %c , each unit costing %f\nYour total amount is : %f",bill_msg.bill_no, bill_msg.time.c_str(), bill_msg.unit_no,bill_msg.unit_type,bill_msg.unit_price, bill_msg.total);
[1.813s]       |                         [01;36m[K~^[m[K
[1.813s]       |                          [01;36m[K|[m[K
[1.813s]       |                          [01;36m[Kint[m[K
[1.813s]       |                         [32m[K-ld[m[K
[1.813s] In file included from [01m[K/opt/ros/humble/include/rclcpp/rclcpp/logging.hpp:24[m[K,
[1.813s]                  from [01m[K/opt/ros/humble/include/rclcpp/rclcpp/client.hpp:40[m[K,
[1.813s]                  from [01m[K/opt/ros/humble/include/rclcpp/rclcpp/callback_group.hpp:24[m[K,
[1.813s]                  from [01m[K/opt/ros/humble/include/rclcpp/rclcpp/any_executable.hpp:20[m[K,
[1.813s]                  from [01m[K/opt/ros/humble/include/rclcpp/rclcpp/memory_strategy.hpp:25[m[K,
[1.814s]                  from [01m[K/opt/ros/humble/include/rclcpp/rclcpp/memory_strategies.hpp:18[m[K,
[1.814s]                  from [01m[K/opt/ros/humble/include/rclcpp/rclcpp/executor_options.hpp:20[m[K,
[1.814s]                  from [01m[K/opt/ros/humble/include/rclcpp/rclcpp/executor.hpp:37[m[K,
[1.814s]                  from [01m[K/opt/ros/humble/include/rclcpp/rclcpp/executors/multi_threaded_executor.hpp:25[m[K,
[1.814s]                  from [01m[K/opt/ros/humble/include/rclcpp/rclcpp/executors.hpp:21[m[K,
[1.814s]                  from [01m[K/opt/ros/humble/include/rclcpp/rclcpp/rclcpp.hpp:155[m[K,
[1.814s]                  from [01m[K/home/ihitexe/mrm_ros_union_dir/ros_ws3/src/pub_pkg/src/pub_node.cpp:2[m[K:
[1.814s] [01m[K/home/ihitexe/mrm_ros_union_dir/ros_ws3/src/pub_pkg/src/pub_node.cpp:34:41:[m[K [01;35m[Kwarning: [m[Kformat ‘[01m[K%d[m[K’ expects argument of type ‘[01m[Kint[m[K’, but argument 7 has type ‘[01m[Ktutorial_interfaces::msg::Num_<std::allocator<void> >::_unit_no_type[m[K’ {aka ‘[01m[Klong int[m[K’} [[01;35m[K]8;;https://gcc.gnu.org/onlinedocs/gcc/Warning-Options.html#index-Wformat=-Wformat=]8;;[m[K]
[1.814s]    34 |         RCLCPP_INFO(this->get_logger(), [01;35m[K"Your bill is number is : %d\nTime of bill : %s\nYou have purchased %d units of Item %c , each unit costing %f\nYour total amount is : %f"[m[K,bill_msg.bill_no, bill_msg.time.c_str(), [32m[Kbill_msg.unit_no[m[K,bill_msg.unit_type,bill_msg.unit_price, bill_msg.total);
[1.814s]       |                                         [01;35m[K^~~~~~~~~~~~~~~~~~~~~~~~~~~~~~~~~~~~~~~~~~~~~~~~~~~~~~~~~~~~~~~~~~~~~~~~~~~~~~~~~~~~~~~~~~~~~~~~~~~~~~~~~~~~~~~~~~~~~~~~~~~~~~~~~~~~~~~~~~[m[K                                          [32m[K~~~~~~~~~~~~~~~~[m[K
[1.814s]       |                                                                                                                                                                                                                                      [32m[K|[m[K
[1.815s]       |                                                                                                                                                                                                                                      [32m[Ktutorial_interfaces::msg::Num_<std::allocator<void> >::_unit_no_type {aka long int}[m[K
[1.815s] [01m[K/home/ihitexe/mrm_ros_union_dir/ros_ws3/src/pub_pkg/src/pub_node.cpp:34:68:[m[K [01;36m[Knote: [m[Kformat string is defined here
[1.815s]    34 |  RCLCPP_INFO(this->get_logger(), "Your bill is number is : [01;36m[K%d[m[K\nTime of bill : %s\nYou have purchased %d units of Item %c , each unit costing %f\nYour total amount is : %f",bill_msg.bill_no, bill_msg.time.c_str(), bill_msg.unit_no,bill_msg.unit_type,bill_msg.unit_price, bill_msg.total);
[1.815s]       |                                                            [01;36m[K~^[m[K
[1.815s]       |                                                             [01;36m[K|[m[K
[1.815s]       |                                                             [01;36m[Kint[m[K
[1.815s]       |                                                            [32m[K%ld[m[K
[3.239s] [100%] [32m[1mLinking CXX executable pub_node[0m
[3.474s] [100%] Built target pub_node
[3.489s] Invoked command in '/home/ihitexe/mrm_ros_union_dir/ros_ws3/build/pub_pkg' returned '0': CMAKE_PREFIX_PATH=/home/ihitexe/mrm_ros_union_dir/ros_ws3/install/tutorial_interfaces:/home/ihitexe/mrm_ros_union_dir/ros_ws3/install/sub_pkg:/home/ihitexe/mrm_ros_union_dir/ros_ws3/install/pub_pkg:/opt/ros/humble /usr/bin/cmake --build /home/ihitexe/mrm_ros_union_dir/ros_ws3/build/pub_pkg -- -j12 -l12
[3.502s] Invoking command in '/home/ihitexe/mrm_ros_union_dir/ros_ws3/build/pub_pkg': CMAKE_PREFIX_PATH=/home/ihitexe/mrm_ros_union_dir/ros_ws3/install/tutorial_interfaces:/home/ihitexe/mrm_ros_union_dir/ros_ws3/install/sub_pkg:/home/ihitexe/mrm_ros_union_dir/ros_ws3/install/pub_pkg:/opt/ros/humble /usr/bin/cmake --install /home/ihitexe/mrm_ros_union_dir/ros_ws3/build/pub_pkg
[3.511s] -- Install configuration: ""
[3.511s] -- Installing: /home/ihitexe/mrm_ros_union_dir/ros_ws3/install/pub_pkg/lib/pub_pkg/pub_node
[3.513s] -- Set runtime path of "/home/ihitexe/mrm_ros_union_dir/ros_ws3/install/pub_pkg/lib/pub_pkg/pub_node" to ""
[3.513s] -- Up-to-date: /home/ihitexe/mrm_ros_union_dir/ros_ws3/install/pub_pkg/share/ament_index/resource_index/package_run_dependencies/pub_pkg
[3.513s] -- Up-to-date: /home/ihitexe/mrm_ros_union_dir/ros_ws3/install/pub_pkg/share/ament_index/resource_index/parent_prefix_path/pub_pkg
[3.513s] -- Up-to-date: /home/ihitexe/mrm_ros_union_dir/ros_ws3/install/pub_pkg/share/pub_pkg/environment/ament_prefix_path.sh
[3.513s] -- Up-to-date: /home/ihitexe/mrm_ros_union_dir/ros_ws3/install/pub_pkg/share/pub_pkg/environment/ament_prefix_path.dsv
[3.513s] -- Up-to-date: /home/ihitexe/mrm_ros_union_dir/ros_ws3/install/pub_pkg/share/pub_pkg/environment/path.sh
[3.513s] -- Up-to-date: /home/ihitexe/mrm_ros_union_dir/ros_ws3/install/pub_pkg/share/pub_pkg/environment/path.dsv
[3.513s] -- Up-to-date: /home/ihitexe/mrm_ros_union_dir/ros_ws3/install/pub_pkg/share/pub_pkg/local_setup.bash
[3.513s] -- Up-to-date: /home/ihitexe/mrm_ros_union_dir/ros_ws3/install/pub_pkg/share/pub_pkg/local_setup.sh
[3.513s] -- Up-to-date: /home/ihitexe/mrm_ros_union_dir/ros_ws3/install/pub_pkg/share/pub_pkg/local_setup.zsh
[3.514s] -- Up-to-date: /home/ihitexe/mrm_ros_union_dir/ros_ws3/install/pub_pkg/share/pub_pkg/local_setup.dsv
[3.514s] -- Installing: /home/ihitexe/mrm_ros_union_dir/ros_ws3/install/pub_pkg/share/pub_pkg/package.dsv
[3.514s] -- Up-to-date: /home/ihitexe/mrm_ros_union_dir/ros_ws3/install/pub_pkg/share/ament_index/resource_index/packages/pub_pkg
[3.514s] -- Up-to-date: /home/ihitexe/mrm_ros_union_dir/ros_ws3/install/pub_pkg/share/pub_pkg/cmake/pub_pkgConfig.cmake
[3.514s] -- Up-to-date: /home/ihitexe/mrm_ros_union_dir/ros_ws3/install/pub_pkg/share/pub_pkg/cmake/pub_pkgConfig-version.cmake
[3.514s] -- Up-to-date: /home/ihitexe/mrm_ros_union_dir/ros_ws3/install/pub_pkg/share/pub_pkg/package.xml
[3.516s] Invoked command in '/home/ihitexe/mrm_ros_union_dir/ros_ws3/build/pub_pkg' returned '0': CMAKE_PREFIX_PATH=/home/ihitexe/mrm_ros_union_dir/ros_ws3/install/tutorial_interfaces:/home/ihitexe/mrm_ros_union_dir/ros_ws3/install/sub_pkg:/home/ihitexe/mrm_ros_union_dir/ros_ws3/install/pub_pkg:/opt/ros/humble /usr/bin/cmake --install /home/ihitexe/mrm_ros_union_dir/ros_ws3/build/pub_pkg
