[0.029s] Invoking command in '/home/ihitexe/mrm_ros_union_dir/ros_ws3/build/tutorial_interfaces': CMAKE_PREFIX_PATH=/opt/ros/humble /usr/bin/cmake --build /home/ihitexe/mrm_ros_union_dir/ros_ws3/build/tutorial_interfaces -- -j12 -l12
[0.060s] -- Found ament_cmake: 1.3.10 (/opt/ros/humble/share/ament_cmake/cmake)
[0.185s] -- Found geometry_msgs: 4.2.4 (/opt/ros/humble/share/geometry_msgs/cmake)
[0.213s] -- Found rosidl_generator_c: 3.1.5 (/opt/ros/humble/share/rosidl_generator_c/cmake)
[0.215s] -- Found rosidl_adapter: 3.1.5 (/opt/ros/humble/share/rosidl_adapter/cmake)
[0.222s] -- Found rosidl_generator_cpp: 3.1.5 (/opt/ros/humble/share/rosidl_generator_cpp/cmake)
[0.229s] -- Using all available rosidl_typesupport_c: rosidl_typesupport_fastrtps_c;rosidl_typesupport_introspection_c
[0.238s] -- Using all available rosidl_typesupport_cpp: rosidl_typesupport_fastrtps_cpp;rosidl_typesupport_introspection_cpp
[0.264s] -- Found rosidl_default_generators: 1.2.0 (/opt/ros/humble/share/rosidl_default_generators/cmake)
[0.532s] -- Found ament_cmake_ros: 0.10.0 (/opt/ros/humble/share/ament_cmake_ros/cmake)
[0.934s] -- Using all available rosidl_typesupport_c: rosidl_typesupport_fastrtps_c;rosidl_typesupport_introspection_c
[1.073s] -- Using all available rosidl_typesupport_cpp: rosidl_typesupport_fastrtps_cpp;rosidl_typesupport_introspection_cpp
[1.096s] -- Found python_cmake_module: 0.10.0 (/opt/ros/humble/share/python_cmake_module/cmake)
[1.121s] -- Using PYTHON_EXECUTABLE: /usr/bin/python3
[1.121s] -- Using PYTHON_INCLUDE_DIRS: /usr/include/python3.10
[1.121s] -- Using PYTHON_LIBRARIES: /usr/lib/x86_64-linux-gnu/libpython3.10.so
[1.144s] -- Found ament_lint_auto: 0.12.11 (/opt/ros/humble/share/ament_lint_auto/cmake)
[1.152s] -- Added test 'lint_cmake' to check CMake code style
[1.153s] -- Added test 'xmllint' to check XML markup files
[1.154s] -- Configuring done
[1.191s] -- Generating done
[1.201s] -- Build files have been written to: /home/ihitexe/mrm_ros_union_dir/ros_ws3/build/tutorial_interfaces
[1.226s] [  2%] [34m[1mGenerating C code for ROS interfaces[0m
[1.244s] [  5%] [34m[1mGenerating C++ code for ROS interfaces[0m
[1.257s] [  5%] Built target ament_cmake_python_copy_tutorial_interfaces
[1.464s] [  5%] Built target tutorial_interfaces__cpp
[1.466s] running egg_info
[1.467s] writing tutorial_interfaces.egg-info/PKG-INFO
[1.467s] writing dependency_links to tutorial_interfaces.egg-info/dependency_links.txt
[1.468s] writing top-level names to tutorial_interfaces.egg-info/top_level.txt
[1.474s] reading manifest file 'tutorial_interfaces.egg-info/SOURCES.txt'
[1.475s] writing manifest file 'tutorial_interfaces.egg-info/SOURCES.txt'
[1.476s] [  7%] [34m[1mGenerating C++ introspection for ROS interfaces[0m
[1.481s] [ 10%] [34m[1mGenerating C++ type support dispatch for ROS interfaces[0m
[1.483s] [ 12%] [34m[1mGenerating C++ type support for eProsima Fast-RTPS[0m
[1.522s] [ 12%] Built target ament_cmake_python_build_tutorial_interfaces_egg
[1.600s] [35m[1mConsolidate compiler generated dependencies of target tutorial_interfaces__rosidl_generator_c[0m
[1.615s] [ 17%] [32mBuilding C object CMakeFiles/tutorial_interfaces__rosidl_generator_c.dir/rosidl_generator_c/tutorial_interfaces/msg/detail/num__functions.c.o[0m
[1.615s] [ 17%] [32mBuilding C object CMakeFiles/tutorial_interfaces__rosidl_generator_c.dir/rosidl_generator_c/tutorial_interfaces/srv/detail/display__functions.c.o[0m
[1.693s] [ 20%] [32m[1mLinking C shared library libtutorial_interfaces__rosidl_generator_c.so[0m
[1.709s] [35m[1mConsolidate compiler generated dependencies of target tutorial_interfaces__rosidl_typesupport_fastrtps_cpp[0m
[1.715s] [35m[1mConsolidate compiler generated dependencies of target tutorial_interfaces__rosidl_typesupport_cpp[0m
[1.722s] [ 23%] [32mBuilding CXX object CMakeFiles/tutorial_interfaces__rosidl_typesupport_fastrtps_cpp.dir/rosidl_typesupport_fastrtps_cpp/tutorial_interfaces/srv/detail/dds_fastrtps/display__type_support.cpp.o[0m
[1.722s] [ 25%] [32mBuilding CXX object CMakeFiles/tutorial_interfaces__rosidl_typesupport_fastrtps_cpp.dir/rosidl_typesupport_fastrtps_cpp/tutorial_interfaces/msg/detail/dds_fastrtps/num__type_support.cpp.o[0m
[1.730s] [ 30%] [32mBuilding CXX object CMakeFiles/tutorial_interfaces__rosidl_typesupport_cpp.dir/rosidl_typesupport_cpp/tutorial_interfaces/srv/display__type_support.cpp.o[0m
[1.730s] [ 30%] [32mBuilding CXX object CMakeFiles/tutorial_interfaces__rosidl_typesupport_cpp.dir/rosidl_typesupport_cpp/tutorial_interfaces/msg/num__type_support.cpp.o[0m
[1.735s] [ 30%] Built target tutorial_interfaces__rosidl_generator_c
[1.744s] [ 33%] [34m[1mGenerating C type support dispatch for ROS interfaces[0m
[1.747s] [ 38%] [34m[1mGenerating C type support for eProsima Fast-RTPS[0m
[1.748s] [ 38%] [34m[1mGenerating C introspection for ROS interfaces[0m
[1.783s] [35m[1mConsolidate compiler generated dependencies of target tutorial_interfaces__rosidl_typesupport_introspection_cpp[0m
[1.797s] [ 41%] [32mBuilding CXX object CMakeFiles/tutorial_interfaces__rosidl_typesupport_introspection_cpp.dir/rosidl_typesupport_introspection_cpp/tutorial_interfaces/msg/detail/num__type_support.cpp.o[0m
[1.799s] [ 43%] [32mBuilding CXX object CMakeFiles/tutorial_interfaces__rosidl_typesupport_introspection_cpp.dir/rosidl_typesupport_introspection_cpp/tutorial_interfaces/srv/detail/display__type_support.cpp.o[0m
[2.109s] [35m[1mConsolidate compiler generated dependencies of target tutorial_interfaces__rosidl_typesupport_c[0m
[2.110s] [ 46%] [32m[1mLinking CXX shared library libtutorial_interfaces__rosidl_typesupport_cpp.so[0m
[2.120s] [ 48%] [32mBuilding CXX object CMakeFiles/tutorial_interfaces__rosidl_typesupport_c.dir/rosidl_typesupport_c/tutorial_interfaces/srv/display__type_support.cpp.o[0m
[2.123s] [ 51%] [32mBuilding CXX object CMakeFiles/tutorial_interfaces__rosidl_typesupport_c.dir/rosidl_typesupport_c/tutorial_interfaces/msg/num__type_support.cpp.o[0m
[2.147s] [ 53%] [32m[1mLinking CXX shared library libtutorial_interfaces__rosidl_typesupport_introspection_cpp.so[0m
[2.153s] [35m[1mConsolidate compiler generated dependencies of target tutorial_interfaces__rosidl_typesupport_introspection_c[0m
[2.153s] [ 53%] Built target tutorial_interfaces__rosidl_typesupport_cpp
[2.163s] [ 56%] [32mBuilding C object CMakeFiles/tutorial_interfaces__rosidl_typesupport_introspection_c.dir/rosidl_typesupport_introspection_c/tutorial_interfaces/srv/detail/display__type_support.c.o[0m
[2.163s] [ 58%] [32m[1mLinking CXX shared library libtutorial_interfaces__rosidl_typesupport_c.so[0m
[2.164s] [ 61%] [32mBuilding C object CMakeFiles/tutorial_interfaces__rosidl_typesupport_introspection_c.dir/rosidl_typesupport_introspection_c/tutorial_interfaces/msg/detail/num__type_support.c.o[0m
[2.176s] [35m[1mConsolidate compiler generated dependencies of target tutorial_interfaces__rosidl_typesupport_fastrtps_c[0m
[2.188s] [ 64%] [32mBuilding CXX object CMakeFiles/tutorial_interfaces__rosidl_typesupport_fastrtps_c.dir/rosidl_typesupport_fastrtps_c/tutorial_interfaces/srv/detail/display__type_support_c.cpp.o[0m
[2.192s] [ 66%] [32mBuilding CXX object CMakeFiles/tutorial_interfaces__rosidl_typesupport_fastrtps_c.dir/rosidl_typesupport_fastrtps_c/tutorial_interfaces/msg/detail/num__type_support_c.cpp.o[0m
[2.210s] [ 69%] [32m[1mLinking C shared library libtutorial_interfaces__rosidl_typesupport_introspection_c.so[0m
[2.219s] [ 69%] Built target tutorial_interfaces__rosidl_typesupport_c
[2.227s] [ 69%] Built target tutorial_interfaces__rosidl_typesupport_introspection_cpp
[2.248s] [ 69%] Built target tutorial_interfaces__rosidl_typesupport_introspection_c
[2.301s] [ 71%] [32m[1mLinking CXX shared library libtutorial_interfaces__rosidl_typesupport_fastrtps_cpp.so[0m
[2.404s] [ 71%] Built target tutorial_interfaces__rosidl_typesupport_fastrtps_cpp
[2.475s] [ 74%] [32m[1mLinking CXX shared library libtutorial_interfaces__rosidl_typesupport_fastrtps_c.so[0m
[2.545s] [ 74%] Built target tutorial_interfaces__rosidl_typesupport_fastrtps_c
[2.572s] [ 74%] Built target tutorial_interfaces
[2.601s] [ 76%] [34m[1mGenerating Python code for ROS interfaces[0m
[2.908s] [ 76%] Built target tutorial_interfaces__py
[2.920s] [35m[1mConsolidate compiler generated dependencies of target tutorial_interfaces__rosidl_generator_py[0m
[2.936s] [ 82%] [32mBuilding C object CMakeFiles/tutorial_interfaces__rosidl_generator_py.dir/rosidl_generator_py/tutorial_interfaces/srv/_display_s.c.o[0m
[2.936s] [ 82%] [32mBuilding C object CMakeFiles/tutorial_interfaces__rosidl_generator_py.dir/rosidl_generator_py/tutorial_interfaces/msg/_num_s.c.o[0m
[3.056s] [ 84%] [32m[1mLinking C shared library rosidl_generator_py/tutorial_interfaces/libtutorial_interfaces__rosidl_generator_py.so[0m
[3.105s] [ 84%] Built target tutorial_interfaces__rosidl_generator_py
[3.116s] [35m[1mConsolidate compiler generated dependencies of target tutorial_interfaces__rosidl_typesupport_fastrtps_c__pyext[0m
[3.116s] [35m[1mConsolidate compiler generated dependencies of target tutorial_interfaces__rosidl_typesupport_c__pyext[0m
[3.119s] [35m[1mConsolidate compiler generated dependencies of target tutorial_interfaces__rosidl_typesupport_introspection_c__pyext[0m
[3.131s] [ 89%] [32mBuilding C object CMakeFiles/tutorial_interfaces__rosidl_typesupport_c__pyext.dir/rosidl_generator_py/tutorial_interfaces/_tutorial_interfaces_s.ep.rosidl_typesupport_c.c.o[0m
[3.132s] [ 89%] [32mBuilding C object CMakeFiles/tutorial_interfaces__rosidl_typesupport_fastrtps_c__pyext.dir/rosidl_generator_py/tutorial_interfaces/_tutorial_interfaces_s.ep.rosidl_typesupport_fastrtps_c.c.o[0m
[3.134s] [ 92%] [32mBuilding C object CMakeFiles/tutorial_interfaces__rosidl_typesupport_introspection_c__pyext.dir/rosidl_generator_py/tutorial_interfaces/_tutorial_interfaces_s.ep.rosidl_typesupport_introspection_c.c.o[0m
[3.212s] [ 94%] [32m[1mLinking C shared library rosidl_generator_py/tutorial_interfaces/tutorial_interfaces_s__rosidl_typesupport_introspection_c.cpython-310-x86_64-linux-gnu.so[0m
[3.244s] [ 97%] [32m[1mLinking C shared library rosidl_generator_py/tutorial_interfaces/tutorial_interfaces_s__rosidl_typesupport_fastrtps_c.cpython-310-x86_64-linux-gnu.so[0m
[3.250s] [ 97%] Built target tutorial_interfaces__rosidl_typesupport_introspection_c__pyext
[3.263s] [100%] [32m[1mLinking C shared library rosidl_generator_py/tutorial_interfaces/tutorial_interfaces_s__rosidl_typesupport_c.cpython-310-x86_64-linux-gnu.so[0m
[3.282s] [100%] Built target tutorial_interfaces__rosidl_typesupport_fastrtps_c__pyext
[3.301s] [100%] Built target tutorial_interfaces__rosidl_typesupport_c__pyext
[3.316s] Invoked command in '/home/ihitexe/mrm_ros_union_dir/ros_ws3/build/tutorial_interfaces' returned '0': CMAKE_PREFIX_PATH=/opt/ros/humble /usr/bin/cmake --build /home/ihitexe/mrm_ros_union_dir/ros_ws3/build/tutorial_interfaces -- -j12 -l12
[3.332s] Invoking command in '/home/ihitexe/mrm_ros_union_dir/ros_ws3/build/tutorial_interfaces': CMAKE_PREFIX_PATH=/opt/ros/humble /usr/bin/cmake --install /home/ihitexe/mrm_ros_union_dir/ros_ws3/build/tutorial_interfaces
[3.340s] -- Install configuration: ""
[3.340s] -- Up-to-date: /home/ihitexe/mrm_ros_union_dir/ros_ws3/install/tutorial_interfaces/share/ament_index/resource_index/rosidl_interfaces/tutorial_interfaces
[3.340s] -- Up-to-date: /home/ihitexe/mrm_ros_union_dir/ros_ws3/install/tutorial_interfaces/include/tutorial_interfaces/tutorial_interfaces
[3.340s] -- Up-to-date: /home/ihitexe/mrm_ros_union_dir/ros_ws3/install/tutorial_interfaces/include/tutorial_interfaces/tutorial_interfaces/srv
[3.340s] -- Up-to-date: /home/ihitexe/mrm_ros_union_dir/ros_ws3/install/tutorial_interfaces/include/tutorial_interfaces/tutorial_interfaces/srv/detail
[3.340s] -- Installing: /home/ihitexe/mrm_ros_union_dir/ros_ws3/install/tutorial_interfaces/include/tutorial_interfaces/tutorial_interfaces/srv/detail/display__type_support.h
[3.341s] -- Installing: /home/ihitexe/mrm_ros_union_dir/ros_ws3/install/tutorial_interfaces/include/tutorial_interfaces/tutorial_interfaces/srv/detail/display__functions.h
[3.341s] -- Installing: /home/ihitexe/mrm_ros_union_dir/ros_ws3/install/tutorial_interfaces/include/tutorial_interfaces/tutorial_interfaces/srv/detail/display__functions.c
[3.341s] -- Installing: /home/ihitexe/mrm_ros_union_dir/ros_ws3/install/tutorial_interfaces/include/tutorial_interfaces/tutorial_interfaces/srv/detail/display__struct.h
[3.341s] -- Installing: /home/ihitexe/mrm_ros_union_dir/ros_ws3/install/tutorial_interfaces/include/tutorial_interfaces/tutorial_interfaces/srv/display.h
[3.341s] -- Up-to-date: /home/ihitexe/mrm_ros_union_dir/ros_ws3/install/tutorial_interfaces/include/tutorial_interfaces/tutorial_interfaces/msg
[3.342s] -- Installing: /home/ihitexe/mrm_ros_union_dir/ros_ws3/install/tutorial_interfaces/include/tutorial_interfaces/tutorial_interfaces/msg/num.h
[3.342s] -- Up-to-date: /home/ihitexe/mrm_ros_union_dir/ros_ws3/install/tutorial_interfaces/include/tutorial_interfaces/tutorial_interfaces/msg/detail
[3.342s] -- Installing: /home/ihitexe/mrm_ros_union_dir/ros_ws3/install/tutorial_interfaces/include/tutorial_interfaces/tutorial_interfaces/msg/detail/num__functions.h
[3.342s] -- Installing: /home/ihitexe/mrm_ros_union_dir/ros_ws3/install/tutorial_interfaces/include/tutorial_interfaces/tutorial_interfaces/msg/detail/num__type_support.h
[3.342s] -- Installing: /home/ihitexe/mrm_ros_union_dir/ros_ws3/install/tutorial_interfaces/include/tutorial_interfaces/tutorial_interfaces/msg/detail/num__functions.c
[3.342s] -- Installing: /home/ihitexe/mrm_ros_union_dir/ros_ws3/install/tutorial_interfaces/include/tutorial_interfaces/tutorial_interfaces/msg/detail/num__struct.h
[3.343s] -- Up-to-date: /home/ihitexe/mrm_ros_union_dir/ros_ws3/install/tutorial_interfaces/include/tutorial_interfaces/tutorial_interfaces/msg/rosidl_generator_c__visibility_control.h
[3.343s] -- Up-to-date: /home/ihitexe/mrm_ros_union_dir/ros_ws3/install/tutorial_interfaces/share/tutorial_interfaces/environment/library_path.sh
[3.343s] -- Installing: /home/ihitexe/mrm_ros_union_dir/ros_ws3/install/tutorial_interfaces/share/tutorial_interfaces/environment/library_path.dsv
[3.343s] -- Installing: /home/ihitexe/mrm_ros_union_dir/ros_ws3/install/tutorial_interfaces/lib/libtutorial_interfaces__rosidl_generator_c.so
[3.343s] -- Set runtime path of "/home/ihitexe/mrm_ros_union_dir/ros_ws3/install/tutorial_interfaces/lib/libtutorial_interfaces__rosidl_generator_c.so" to ""
[3.343s] -- Up-to-date: /home/ihitexe/mrm_ros_union_dir/ros_ws3/install/tutorial_interfaces/include/tutorial_interfaces/tutorial_interfaces
[3.344s] -- Up-to-date: /home/ihitexe/mrm_ros_union_dir/ros_ws3/install/tutorial_interfaces/include/tutorial_interfaces/tutorial_interfaces/srv
[3.344s] -- Up-to-date: /home/ihitexe/mrm_ros_union_dir/ros_ws3/install/tutorial_interfaces/include/tutorial_interfaces/tutorial_interfaces/srv/detail
[3.344s] -- Installing: /home/ihitexe/mrm_ros_union_dir/ros_ws3/install/tutorial_interfaces/include/tutorial_interfaces/tutorial_interfaces/srv/detail/display__rosidl_typesupport_fastrtps_c.h
[3.344s] -- Up-to-date: /home/ihitexe/mrm_ros_union_dir/ros_ws3/install/tutorial_interfaces/include/tutorial_interfaces/tutorial_interfaces/msg
[3.344s] -- Up-to-date: /home/ihitexe/mrm_ros_union_dir/ros_ws3/install/tutorial_interfaces/include/tutorial_interfaces/tutorial_interfaces/msg/rosidl_typesupport_fastrtps_c__visibility_control.h
[3.344s] -- Up-to-date: /home/ihitexe/mrm_ros_union_dir/ros_ws3/install/tutorial_interfaces/include/tutorial_interfaces/tutorial_interfaces/msg/detail
[3.344s] -- Installing: /home/ihitexe/mrm_ros_union_dir/ros_ws3/install/tutorial_interfaces/include/tutorial_interfaces/tutorial_interfaces/msg/detail/num__rosidl_typesupport_fastrtps_c.h
[3.345s] -- Installing: /home/ihitexe/mrm_ros_union_dir/ros_ws3/install/tutorial_interfaces/lib/libtutorial_interfaces__rosidl_typesupport_fastrtps_c.so
[3.345s] -- Set runtime path of "/home/ihitexe/mrm_ros_union_dir/ros_ws3/install/tutorial_interfaces/lib/libtutorial_interfaces__rosidl_typesupport_fastrtps_c.so" to ""
[3.345s] -- Up-to-date: /home/ihitexe/mrm_ros_union_dir/ros_ws3/install/tutorial_interfaces/include/tutorial_interfaces/tutorial_interfaces
[3.345s] -- Up-to-date: /home/ihitexe/mrm_ros_union_dir/ros_ws3/install/tutorial_interfaces/include/tutorial_interfaces/tutorial_interfaces/srv
[3.345s] -- Up-to-date: /home/ihitexe/mrm_ros_union_dir/ros_ws3/install/tutorial_interfaces/include/tutorial_interfaces/tutorial_interfaces/srv/detail
[3.345s] -- Installing: /home/ihitexe/mrm_ros_union_dir/ros_ws3/install/tutorial_interfaces/include/tutorial_interfaces/tutorial_interfaces/srv/detail/display__builder.hpp
[3.345s] -- Installing: /home/ihitexe/mrm_ros_union_dir/ros_ws3/install/tutorial_interfaces/include/tutorial_interfaces/tutorial_interfaces/srv/detail/display__traits.hpp
[3.345s] -- Installing: /home/ihitexe/mrm_ros_union_dir/ros_ws3/install/tutorial_interfaces/include/tutorial_interfaces/tutorial_interfaces/srv/detail/display__struct.hpp
[3.346s] -- Installing: /home/ihitexe/mrm_ros_union_dir/ros_ws3/install/tutorial_interfaces/include/tutorial_interfaces/tutorial_interfaces/srv/display.hpp
[3.346s] -- Up-to-date: /home/ihitexe/mrm_ros_union_dir/ros_ws3/install/tutorial_interfaces/include/tutorial_interfaces/tutorial_interfaces/msg
[3.346s] -- Installing: /home/ihitexe/mrm_ros_union_dir/ros_ws3/install/tutorial_interfaces/include/tutorial_interfaces/tutorial_interfaces/msg/num.hpp
[3.346s] -- Up-to-date: /home/ihitexe/mrm_ros_union_dir/ros_ws3/install/tutorial_interfaces/include/tutorial_interfaces/tutorial_interfaces/msg/detail
[3.346s] -- Installing: /home/ihitexe/mrm_ros_union_dir/ros_ws3/install/tutorial_interfaces/include/tutorial_interfaces/tutorial_interfaces/msg/detail/num__struct.hpp
[3.346s] -- Installing: /home/ihitexe/mrm_ros_union_dir/ros_ws3/install/tutorial_interfaces/include/tutorial_interfaces/tutorial_interfaces/msg/detail/num__traits.hpp
[3.346s] -- Installing: /home/ihitexe/mrm_ros_union_dir/ros_ws3/install/tutorial_interfaces/include/tutorial_interfaces/tutorial_interfaces/msg/detail/num__builder.hpp
[3.346s] -- Up-to-date: /home/ihitexe/mrm_ros_union_dir/ros_ws3/install/tutorial_interfaces/include/tutorial_interfaces/tutorial_interfaces
[3.346s] -- Up-to-date: /home/ihitexe/mrm_ros_union_dir/ros_ws3/install/tutorial_interfaces/include/tutorial_interfaces/tutorial_interfaces/srv
[3.346s] -- Up-to-date: /home/ihitexe/mrm_ros_union_dir/ros_ws3/install/tutorial_interfaces/include/tutorial_interfaces/tutorial_interfaces/srv/detail
[3.346s] -- Installing: /home/ihitexe/mrm_ros_union_dir/ros_ws3/install/tutorial_interfaces/include/tutorial_interfaces/tutorial_interfaces/srv/detail/display__rosidl_typesupport_fastrtps_cpp.hpp
[3.346s] -- Up-to-date: /home/ihitexe/mrm_ros_union_dir/ros_ws3/install/tutorial_interfaces/include/tutorial_interfaces/tutorial_interfaces/srv/detail/dds_fastrtps
[3.346s] -- Up-to-date: /home/ihitexe/mrm_ros_union_dir/ros_ws3/install/tutorial_interfaces/include/tutorial_interfaces/tutorial_interfaces/msg
[3.346s] -- Up-to-date: /home/ihitexe/mrm_ros_union_dir/ros_ws3/install/tutorial_interfaces/include/tutorial_interfaces/tutorial_interfaces/msg/detail
[3.346s] -- Installing: /home/ihitexe/mrm_ros_union_dir/ros_ws3/install/tutorial_interfaces/include/tutorial_interfaces/tutorial_interfaces/msg/detail/num__rosidl_typesupport_fastrtps_cpp.hpp
[3.346s] -- Up-to-date: /home/ihitexe/mrm_ros_union_dir/ros_ws3/install/tutorial_interfaces/include/tutorial_interfaces/tutorial_interfaces/msg/detail/dds_fastrtps
[3.346s] -- Up-to-date: /home/ihitexe/mrm_ros_union_dir/ros_ws3/install/tutorial_interfaces/include/tutorial_interfaces/tutorial_interfaces/msg/rosidl_typesupport_fastrtps_cpp__visibility_control.h
[3.346s] -- Installing: /home/ihitexe/mrm_ros_union_dir/ros_ws3/install/tutorial_interfaces/lib/libtutorial_interfaces__rosidl_typesupport_fastrtps_cpp.so
[3.346s] -- Set runtime path of "/home/ihitexe/mrm_ros_union_dir/ros_ws3/install/tutorial_interfaces/lib/libtutorial_interfaces__rosidl_typesupport_fastrtps_cpp.so" to ""
[3.346s] -- Up-to-date: /home/ihitexe/mrm_ros_union_dir/ros_ws3/install/tutorial_interfaces/include/tutorial_interfaces/tutorial_interfaces
[3.346s] -- Up-to-date: /home/ihitexe/mrm_ros_union_dir/ros_ws3/install/tutorial_interfaces/include/tutorial_interfaces/tutorial_interfaces/srv
[3.346s] -- Up-to-date: /home/ihitexe/mrm_ros_union_dir/ros_ws3/install/tutorial_interfaces/include/tutorial_interfaces/tutorial_interfaces/srv/detail
[3.346s] -- Installing: /home/ihitexe/mrm_ros_union_dir/ros_ws3/install/tutorial_interfaces/include/tutorial_interfaces/tutorial_interfaces/srv/detail/display__rosidl_typesupport_introspection_c.h
[3.347s] -- Installing: /home/ihitexe/mrm_ros_union_dir/ros_ws3/install/tutorial_interfaces/include/tutorial_interfaces/tutorial_interfaces/srv/detail/display__type_support.c
[3.347s] -- Up-to-date: /home/ihitexe/mrm_ros_union_dir/ros_ws3/install/tutorial_interfaces/include/tutorial_interfaces/tutorial_interfaces/msg
[3.347s] -- Up-to-date: /home/ihitexe/mrm_ros_union_dir/ros_ws3/install/tutorial_interfaces/include/tutorial_interfaces/tutorial_interfaces/msg/detail
[3.347s] -- Installing: /home/ihitexe/mrm_ros_union_dir/ros_ws3/install/tutorial_interfaces/include/tutorial_interfaces/tutorial_interfaces/msg/detail/num__rosidl_typesupport_introspection_c.h
[3.347s] -- Installing: /home/ihitexe/mrm_ros_union_dir/ros_ws3/install/tutorial_interfaces/include/tutorial_interfaces/tutorial_interfaces/msg/detail/num__type_support.c
[3.347s] -- Up-to-date: /home/ihitexe/mrm_ros_union_dir/ros_ws3/install/tutorial_interfaces/include/tutorial_interfaces/tutorial_interfaces/msg/rosidl_typesupport_introspection_c__visibility_control.h
[3.347s] -- Installing: /home/ihitexe/mrm_ros_union_dir/ros_ws3/install/tutorial_interfaces/lib/libtutorial_interfaces__rosidl_typesupport_introspection_c.so
[3.347s] -- Set runtime path of "/home/ihitexe/mrm_ros_union_dir/ros_ws3/install/tutorial_interfaces/lib/libtutorial_interfaces__rosidl_typesupport_introspection_c.so" to ""
[3.347s] -- Installing: /home/ihitexe/mrm_ros_union_dir/ros_ws3/install/tutorial_interfaces/lib/libtutorial_interfaces__rosidl_typesupport_c.so
[3.347s] -- Set runtime path of "/home/ihitexe/mrm_ros_union_dir/ros_ws3/install/tutorial_interfaces/lib/libtutorial_interfaces__rosidl_typesupport_c.so" to ""
[3.347s] -- Up-to-date: /home/ihitexe/mrm_ros_union_dir/ros_ws3/install/tutorial_interfaces/include/tutorial_interfaces/tutorial_interfaces
[3.347s] -- Up-to-date: /home/ihitexe/mrm_ros_union_dir/ros_ws3/install/tutorial_interfaces/include/tutorial_interfaces/tutorial_interfaces/srv
[3.347s] -- Up-to-date: /home/ihitexe/mrm_ros_union_dir/ros_ws3/install/tutorial_interfaces/include/tutorial_interfaces/tutorial_interfaces/srv/detail
[3.347s] -- Installing: /home/ihitexe/mrm_ros_union_dir/ros_ws3/install/tutorial_interfaces/include/tutorial_interfaces/tutorial_interfaces/srv/detail/display__rosidl_typesupport_introspection_cpp.hpp
[3.347s] -- Installing: /home/ihitexe/mrm_ros_union_dir/ros_ws3/install/tutorial_interfaces/include/tutorial_interfaces/tutorial_interfaces/srv/detail/display__type_support.cpp
[3.347s] -- Up-to-date: /home/ihitexe/mrm_ros_union_dir/ros_ws3/install/tutorial_interfaces/include/tutorial_interfaces/tutorial_interfaces/msg
[3.347s] -- Up-to-date: /home/ihitexe/mrm_ros_union_dir/ros_ws3/install/tutorial_interfaces/include/tutorial_interfaces/tutorial_interfaces/msg/detail
[3.347s] -- Installing: /home/ihitexe/mrm_ros_union_dir/ros_ws3/install/tutorial_interfaces/include/tutorial_interfaces/tutorial_interfaces/msg/detail/num__rosidl_typesupport_introspection_cpp.hpp
[3.347s] -- Installing: /home/ihitexe/mrm_ros_union_dir/ros_ws3/install/tutorial_interfaces/include/tutorial_interfaces/tutorial_interfaces/msg/detail/num__type_support.cpp
[3.347s] -- Installing: /home/ihitexe/mrm_ros_union_dir/ros_ws3/install/tutorial_interfaces/lib/libtutorial_interfaces__rosidl_typesupport_introspection_cpp.so
[3.347s] -- Set runtime path of "/home/ihitexe/mrm_ros_union_dir/ros_ws3/install/tutorial_interfaces/lib/libtutorial_interfaces__rosidl_typesupport_introspection_cpp.so" to ""
[3.347s] -- Installing: /home/ihitexe/mrm_ros_union_dir/ros_ws3/install/tutorial_interfaces/lib/libtutorial_interfaces__rosidl_typesupport_cpp.so
[3.348s] -- Set runtime path of "/home/ihitexe/mrm_ros_union_dir/ros_ws3/install/tutorial_interfaces/lib/libtutorial_interfaces__rosidl_typesupport_cpp.so" to ""
[3.348s] -- Up-to-date: /home/ihitexe/mrm_ros_union_dir/ros_ws3/install/tutorial_interfaces/share/tutorial_interfaces/environment/pythonpath.sh
[3.348s] -- Installing: /home/ihitexe/mrm_ros_union_dir/ros_ws3/install/tutorial_interfaces/share/tutorial_interfaces/environment/pythonpath.dsv
[3.348s] -- Up-to-date: /home/ihitexe/mrm_ros_union_dir/ros_ws3/install/tutorial_interfaces/local/lib/python3.10/dist-packages/tutorial_interfaces-0.0.0-py3.10.egg-info
[3.348s] -- Installing: /home/ihitexe/mrm_ros_union_dir/ros_ws3/install/tutorial_interfaces/local/lib/python3.10/dist-packages/tutorial_interfaces-0.0.0-py3.10.egg-info/SOURCES.txt
[3.348s] -- Installing: /home/ihitexe/mrm_ros_union_dir/ros_ws3/install/tutorial_interfaces/local/lib/python3.10/dist-packages/tutorial_interfaces-0.0.0-py3.10.egg-info/top_level.txt
[3.348s] -- Installing: /home/ihitexe/mrm_ros_union_dir/ros_ws3/install/tutorial_interfaces/local/lib/python3.10/dist-packages/tutorial_interfaces-0.0.0-py3.10.egg-info/PKG-INFO
[3.348s] -- Installing: /home/ihitexe/mrm_ros_union_dir/ros_ws3/install/tutorial_interfaces/local/lib/python3.10/dist-packages/tutorial_interfaces-0.0.0-py3.10.egg-info/dependency_links.txt
[3.348s] -- Up-to-date: /home/ihitexe/mrm_ros_union_dir/ros_ws3/install/tutorial_interfaces/local/lib/python3.10/dist-packages/tutorial_interfaces
[3.349s] -- Up-to-date: /home/ihitexe/mrm_ros_union_dir/ros_ws3/install/tutorial_interfaces/local/lib/python3.10/dist-packages/tutorial_interfaces/srv
[3.349s] -- Installing: /home/ihitexe/mrm_ros_union_dir/ros_ws3/install/tutorial_interfaces/local/lib/python3.10/dist-packages/tutorial_interfaces/srv/_display.py
[3.349s] -- Installing: /home/ihitexe/mrm_ros_union_dir/ros_ws3/install/tutorial_interfaces/local/lib/python3.10/dist-packages/tutorial_interfaces/srv/_display_s.c
[3.349s] -- Installing: /home/ihitexe/mrm_ros_union_dir/ros_ws3/install/tutorial_interfaces/local/lib/python3.10/dist-packages/tutorial_interfaces/srv/__init__.py
[3.349s] -- Installing: /home/ihitexe/mrm_ros_union_dir/ros_ws3/install/tutorial_interfaces/local/lib/python3.10/dist-packages/tutorial_interfaces/_tutorial_interfaces_s.ep.rosidl_typesupport_fastrtps_c.c
[3.349s] -- Up-to-date: /home/ihitexe/mrm_ros_union_dir/ros_ws3/install/tutorial_interfaces/local/lib/python3.10/dist-packages/tutorial_interfaces/msg
[3.349s] -- Installing: /home/ihitexe/mrm_ros_union_dir/ros_ws3/install/tutorial_interfaces/local/lib/python3.10/dist-packages/tutorial_interfaces/msg/_num_s.c
[3.349s] -- Installing: /home/ihitexe/mrm_ros_union_dir/ros_ws3/install/tutorial_interfaces/local/lib/python3.10/dist-packages/tutorial_interfaces/msg/_num.py
[3.350s] -- Installing: /home/ihitexe/mrm_ros_union_dir/ros_ws3/install/tutorial_interfaces/local/lib/python3.10/dist-packages/tutorial_interfaces/msg/__init__.py
[3.350s] -- Installing: /home/ihitexe/mrm_ros_union_dir/ros_ws3/install/tutorial_interfaces/local/lib/python3.10/dist-packages/tutorial_interfaces/tutorial_interfaces_s__rosidl_typesupport_introspection_c.cpython-310-x86_64-linux-gnu.so
[3.350s] -- Installing: /home/ihitexe/mrm_ros_union_dir/ros_ws3/install/tutorial_interfaces/local/lib/python3.10/dist-packages/tutorial_interfaces/tutorial_interfaces_s__rosidl_typesupport_fastrtps_c.cpython-310-x86_64-linux-gnu.so
[3.350s] -- Installing: /home/ihitexe/mrm_ros_union_dir/ros_ws3/install/tutorial_interfaces/local/lib/python3.10/dist-packages/tutorial_interfaces/tutorial_interfaces_s__rosidl_typesupport_c.cpython-310-x86_64-linux-gnu.so
[3.350s] -- Installing: /home/ihitexe/mrm_ros_union_dir/ros_ws3/install/tutorial_interfaces/local/lib/python3.10/dist-packages/tutorial_interfaces/_tutorial_interfaces_s.ep.rosidl_typesupport_c.c
[3.350s] -- Installing: /home/ihitexe/mrm_ros_union_dir/ros_ws3/install/tutorial_interfaces/local/lib/python3.10/dist-packages/tutorial_interfaces/_tutorial_interfaces_s.ep.rosidl_typesupport_introspection_c.c
[3.351s] -- Installing: /home/ihitexe/mrm_ros_union_dir/ros_ws3/install/tutorial_interfaces/local/lib/python3.10/dist-packages/tutorial_interfaces/libtutorial_interfaces__rosidl_generator_py.so
[3.351s] -- Installing: /home/ihitexe/mrm_ros_union_dir/ros_ws3/install/tutorial_interfaces/local/lib/python3.10/dist-packages/tutorial_interfaces/__init__.py
[3.378s] Listing '/home/ihitexe/mrm_ros_union_dir/ros_ws3/install/tutorial_interfaces/local/lib/python3.10/dist-packages/tutorial_interfaces'...
[3.378s] Compiling '/home/ihitexe/mrm_ros_union_dir/ros_ws3/install/tutorial_interfaces/local/lib/python3.10/dist-packages/tutorial_interfaces/__init__.py'...
[3.378s] Listing '/home/ihitexe/mrm_ros_union_dir/ros_ws3/install/tutorial_interfaces/local/lib/python3.10/dist-packages/tutorial_interfaces/msg'...
[3.378s] Compiling '/home/ihitexe/mrm_ros_union_dir/ros_ws3/install/tutorial_interfaces/local/lib/python3.10/dist-packages/tutorial_interfaces/msg/__init__.py'...
[3.378s] Compiling '/home/ihitexe/mrm_ros_union_dir/ros_ws3/install/tutorial_interfaces/local/lib/python3.10/dist-packages/tutorial_interfaces/msg/_num.py'...
[3.378s] Listing '/home/ihitexe/mrm_ros_union_dir/ros_ws3/install/tutorial_interfaces/local/lib/python3.10/dist-packages/tutorial_interfaces/srv'...
[3.378s] Compiling '/home/ihitexe/mrm_ros_union_dir/ros_ws3/install/tutorial_interfaces/local/lib/python3.10/dist-packages/tutorial_interfaces/srv/__init__.py'...
[3.378s] Compiling '/home/ihitexe/mrm_ros_union_dir/ros_ws3/install/tutorial_interfaces/local/lib/python3.10/dist-packages/tutorial_interfaces/srv/_display.py'...
[3.382s] -- Installing: /home/ihitexe/mrm_ros_union_dir/ros_ws3/install/tutorial_interfaces/local/lib/python3.10/dist-packages/tutorial_interfaces/tutorial_interfaces_s__rosidl_typesupport_fastrtps_c.cpython-310-x86_64-linux-gnu.so
[3.383s] -- Set runtime path of "/home/ihitexe/mrm_ros_union_dir/ros_ws3/install/tutorial_interfaces/local/lib/python3.10/dist-packages/tutorial_interfaces/tutorial_interfaces_s__rosidl_typesupport_fastrtps_c.cpython-310-x86_64-linux-gnu.so" to ""
[3.383s] -- Installing: /home/ihitexe/mrm_ros_union_dir/ros_ws3/install/tutorial_interfaces/local/lib/python3.10/dist-packages/tutorial_interfaces/tutorial_interfaces_s__rosidl_typesupport_introspection_c.cpython-310-x86_64-linux-gnu.so
[3.383s] -- Set runtime path of "/home/ihitexe/mrm_ros_union_dir/ros_ws3/install/tutorial_interfaces/local/lib/python3.10/dist-packages/tutorial_interfaces/tutorial_interfaces_s__rosidl_typesupport_introspection_c.cpython-310-x86_64-linux-gnu.so" to ""
[3.383s] -- Installing: /home/ihitexe/mrm_ros_union_dir/ros_ws3/install/tutorial_interfaces/local/lib/python3.10/dist-packages/tutorial_interfaces/tutorial_interfaces_s__rosidl_typesupport_c.cpython-310-x86_64-linux-gnu.so
[3.384s] -- Set runtime path of "/home/ihitexe/mrm_ros_union_dir/ros_ws3/install/tutorial_interfaces/local/lib/python3.10/dist-packages/tutorial_interfaces/tutorial_interfaces_s__rosidl_typesupport_c.cpython-310-x86_64-linux-gnu.so" to ""
[3.384s] -- Installing: /home/ihitexe/mrm_ros_union_dir/ros_ws3/install/tutorial_interfaces/lib/libtutorial_interfaces__rosidl_generator_py.so
[3.385s] -- Set runtime path of "/home/ihitexe/mrm_ros_union_dir/ros_ws3/install/tutorial_interfaces/lib/libtutorial_interfaces__rosidl_generator_py.so" to ""
[3.385s] -- Installing: /home/ihitexe/mrm_ros_union_dir/ros_ws3/install/tutorial_interfaces/share/tutorial_interfaces/msg/Num.idl
[3.385s] -- Installing: /home/ihitexe/mrm_ros_union_dir/ros_ws3/install/tutorial_interfaces/share/tutorial_interfaces/srv/Display.idl
[3.385s] -- Installing: /home/ihitexe/mrm_ros_union_dir/ros_ws3/install/tutorial_interfaces/share/tutorial_interfaces/msg/Num.msg
[3.386s] -- Installing: /home/ihitexe/mrm_ros_union_dir/ros_ws3/install/tutorial_interfaces/share/tutorial_interfaces/srv/Display.srv
[3.386s] -- Up-to-date: /home/ihitexe/mrm_ros_union_dir/ros_ws3/install/tutorial_interfaces/share/tutorial_interfaces/srv/Display_Request.msg
[3.386s] -- Installing: /home/ihitexe/mrm_ros_union_dir/ros_ws3/install/tutorial_interfaces/share/tutorial_interfaces/srv/Display_Response.msg
[3.386s] -- Up-to-date: /home/ihitexe/mrm_ros_union_dir/ros_ws3/install/tutorial_interfaces/share/ament_index/resource_index/package_run_dependencies/tutorial_interfaces
[3.386s] -- Up-to-date: /home/ihitexe/mrm_ros_union_dir/ros_ws3/install/tutorial_interfaces/share/ament_index/resource_index/parent_prefix_path/tutorial_interfaces
[3.386s] -- Up-to-date: /home/ihitexe/mrm_ros_union_dir/ros_ws3/install/tutorial_interfaces/share/tutorial_interfaces/environment/ament_prefix_path.sh
[3.386s] -- Installing: /home/ihitexe/mrm_ros_union_dir/ros_ws3/install/tutorial_interfaces/share/tutorial_interfaces/environment/ament_prefix_path.dsv
[3.386s] -- Up-to-date: /home/ihitexe/mrm_ros_union_dir/ros_ws3/install/tutorial_interfaces/share/tutorial_interfaces/environment/path.sh
[3.387s] -- Installing: /home/ihitexe/mrm_ros_union_dir/ros_ws3/install/tutorial_interfaces/share/tutorial_interfaces/environment/path.dsv
[3.387s] -- Up-to-date: /home/ihitexe/mrm_ros_union_dir/ros_ws3/install/tutorial_interfaces/share/tutorial_interfaces/local_setup.bash
[3.387s] -- Up-to-date: /home/ihitexe/mrm_ros_union_dir/ros_ws3/install/tutorial_interfaces/share/tutorial_interfaces/local_setup.sh
[3.387s] -- Up-to-date: /home/ihitexe/mrm_ros_union_dir/ros_ws3/install/tutorial_interfaces/share/tutorial_interfaces/local_setup.zsh
[3.387s] -- Installing: /home/ihitexe/mrm_ros_union_dir/ros_ws3/install/tutorial_interfaces/share/tutorial_interfaces/local_setup.dsv
[3.387s] -- Installing: /home/ihitexe/mrm_ros_union_dir/ros_ws3/install/tutorial_interfaces/share/tutorial_interfaces/package.dsv
[3.387s] -- Up-to-date: /home/ihitexe/mrm_ros_union_dir/ros_ws3/install/tutorial_interfaces/share/ament_index/resource_index/packages/tutorial_interfaces
[3.387s] -- Up-to-date: /home/ihitexe/mrm_ros_union_dir/ros_ws3/install/tutorial_interfaces/share/tutorial_interfaces/cmake/export_tutorial_interfaces__rosidl_generator_cExport.cmake
[3.388s] -- Up-to-date: /home/ihitexe/mrm_ros_union_dir/ros_ws3/install/tutorial_interfaces/share/tutorial_interfaces/cmake/export_tutorial_interfaces__rosidl_generator_cExport-noconfig.cmake
[3.388s] -- Up-to-date: /home/ihitexe/mrm_ros_union_dir/ros_ws3/install/tutorial_interfaces/share/tutorial_interfaces/cmake/export_tutorial_interfaces__rosidl_typesupport_fastrtps_cExport.cmake
[3.388s] -- Up-to-date: /home/ihitexe/mrm_ros_union_dir/ros_ws3/install/tutorial_interfaces/share/tutorial_interfaces/cmake/export_tutorial_interfaces__rosidl_typesupport_fastrtps_cExport-noconfig.cmake
[3.388s] -- Up-to-date: /home/ihitexe/mrm_ros_union_dir/ros_ws3/install/tutorial_interfaces/share/tutorial_interfaces/cmake/export_tutorial_interfaces__rosidl_generator_cppExport.cmake
[3.388s] -- Up-to-date: /home/ihitexe/mrm_ros_union_dir/ros_ws3/install/tutorial_interfaces/share/tutorial_interfaces/cmake/export_tutorial_interfaces__rosidl_typesupport_fastrtps_cppExport.cmake
[3.388s] -- Up-to-date: /home/ihitexe/mrm_ros_union_dir/ros_ws3/install/tutorial_interfaces/share/tutorial_interfaces/cmake/export_tutorial_interfaces__rosidl_typesupport_fastrtps_cppExport-noconfig.cmake
[3.388s] -- Up-to-date: /home/ihitexe/mrm_ros_union_dir/ros_ws3/install/tutorial_interfaces/share/tutorial_interfaces/cmake/tutorial_interfaces__rosidl_typesupport_introspection_cExport.cmake
[3.388s] -- Up-to-date: /home/ihitexe/mrm_ros_union_dir/ros_ws3/install/tutorial_interfaces/share/tutorial_interfaces/cmake/tutorial_interfaces__rosidl_typesupport_introspection_cExport-noconfig.cmake
[3.388s] -- Up-to-date: /home/ihitexe/mrm_ros_union_dir/ros_ws3/install/tutorial_interfaces/share/tutorial_interfaces/cmake/tutorial_interfaces__rosidl_typesupport_cExport.cmake
[3.389s] -- Up-to-date: /home/ihitexe/mrm_ros_union_dir/ros_ws3/install/tutorial_interfaces/share/tutorial_interfaces/cmake/tutorial_interfaces__rosidl_typesupport_cExport-noconfig.cmake
[3.389s] -- Up-to-date: /home/ihitexe/mrm_ros_union_dir/ros_ws3/install/tutorial_interfaces/share/tutorial_interfaces/cmake/tutorial_interfaces__rosidl_typesupport_introspection_cppExport.cmake
[3.389s] -- Up-to-date: /home/ihitexe/mrm_ros_union_dir/ros_ws3/install/tutorial_interfaces/share/tutorial_interfaces/cmake/tutorial_interfaces__rosidl_typesupport_introspection_cppExport-noconfig.cmake
[3.389s] -- Up-to-date: /home/ihitexe/mrm_ros_union_dir/ros_ws3/install/tutorial_interfaces/share/tutorial_interfaces/cmake/tutorial_interfaces__rosidl_typesupport_cppExport.cmake
[3.389s] -- Up-to-date: /home/ihitexe/mrm_ros_union_dir/ros_ws3/install/tutorial_interfaces/share/tutorial_interfaces/cmake/tutorial_interfaces__rosidl_typesupport_cppExport-noconfig.cmake
[3.389s] -- Up-to-date: /home/ihitexe/mrm_ros_union_dir/ros_ws3/install/tutorial_interfaces/share/tutorial_interfaces/cmake/export_tutorial_interfaces__rosidl_generator_pyExport.cmake
[3.389s] -- Up-to-date: /home/ihitexe/mrm_ros_union_dir/ros_ws3/install/tutorial_interfaces/share/tutorial_interfaces/cmake/export_tutorial_interfaces__rosidl_generator_pyExport-noconfig.cmake
[3.389s] -- Up-to-date: /home/ihitexe/mrm_ros_union_dir/ros_ws3/install/tutorial_interfaces/share/tutorial_interfaces/cmake/rosidl_cmake-extras.cmake
[3.390s] -- Up-to-date: /home/ihitexe/mrm_ros_union_dir/ros_ws3/install/tutorial_interfaces/share/tutorial_interfaces/cmake/ament_cmake_export_dependencies-extras.cmake
[3.390s] -- Up-to-date: /home/ihitexe/mrm_ros_union_dir/ros_ws3/install/tutorial_interfaces/share/tutorial_interfaces/cmake/ament_cmake_export_include_directories-extras.cmake
[3.390s] -- Up-to-date: /home/ihitexe/mrm_ros_union_dir/ros_ws3/install/tutorial_interfaces/share/tutorial_interfaces/cmake/ament_cmake_export_libraries-extras.cmake
[3.390s] -- Up-to-date: /home/ihitexe/mrm_ros_union_dir/ros_ws3/install/tutorial_interfaces/share/tutorial_interfaces/cmake/ament_cmake_export_targets-extras.cmake
[3.390s] -- Up-to-date: /home/ihitexe/mrm_ros_union_dir/ros_ws3/install/tutorial_interfaces/share/tutorial_interfaces/cmake/rosidl_cmake_export_typesupport_targets-extras.cmake
[3.390s] -- Up-to-date: /home/ihitexe/mrm_ros_union_dir/ros_ws3/install/tutorial_interfaces/share/tutorial_interfaces/cmake/rosidl_cmake_export_typesupport_libraries-extras.cmake
[3.390s] -- Up-to-date: /home/ihitexe/mrm_ros_union_dir/ros_ws3/install/tutorial_interfaces/share/tutorial_interfaces/cmake/tutorial_interfacesConfig.cmake
[3.390s] -- Up-to-date: /home/ihitexe/mrm_ros_union_dir/ros_ws3/install/tutorial_interfaces/share/tutorial_interfaces/cmake/tutorial_interfacesConfig-version.cmake
[3.390s] -- Up-to-date: /home/ihitexe/mrm_ros_union_dir/ros_ws3/install/tutorial_interfaces/share/tutorial_interfaces/package.xml
[3.393s] Invoked command in '/home/ihitexe/mrm_ros_union_dir/ros_ws3/build/tutorial_interfaces' returned '0': CMAKE_PREFIX_PATH=/opt/ros/humble /usr/bin/cmake --install /home/ihitexe/mrm_ros_union_dir/ros_ws3/build/tutorial_interfaces
