[0.010s] Invoking command in '/home/ihitexe/rover_ws/build/gazebo': CMAKE_PREFIX_PATH=${CMAKE_PREFIX_PATH}:/opt/ros/humble /usr/bin/cmake --build /home/ihitexe/rover_ws/build/gazebo -- -j12 -l12
[0.046s] Invoked command in '/home/ihitexe/rover_ws/build/gazebo' returned '0': CMAKE_PREFIX_PATH=${CMAKE_PREFIX_PATH}:/opt/ros/humble /usr/bin/cmake --build /home/ihitexe/rover_ws/build/gazebo -- -j12 -l12
[0.057s] Invoking command in '/home/ihitexe/rover_ws/build/gazebo': CMAKE_PREFIX_PATH=${CMAKE_PREFIX_PATH}:/opt/ros/humble /usr/bin/cmake --install /home/ihitexe/rover_ws/build/gazebo
[0.063s] -- Install configuration: ""
[0.063s] -- Up-to-date: /home/ihitexe/rover_ws/install/gazebo/share/gazebo/launch
[0.063s] -- Up-to-date: /home/ihitexe/rover_ws/install/gazebo/share/gazebo/launch/.vscode
[0.063s] -- Up-to-date: /home/ihitexe/rover_ws/install/gazebo/share/gazebo/launch/.vscode/settings.json
[0.064s] -- Up-to-date: /home/ihitexe/rover_ws/install/gazebo/share/gazebo/launch/.vscode/c_cpp_properties.json
[0.064s] -- Up-to-date: /home/ihitexe/rover_ws/install/gazebo/share/gazebo/launch/rviz_launch.py
[0.064s] -- Up-to-date: /home/ihitexe/rover_ws/install/gazebo/share/gazebo/launch/gazebo_launch.py
[0.064s] -- Up-to-date: /home/ihitexe/rover_ws/install/gazebo/share/gazebo/model
[0.064s] -- Up-to-date: /home/ihitexe/rover_ws/install/gazebo/share/gazebo/model/rover.gazebo
[0.064s] -- Up-to-date: /home/ihitexe/rover_ws/install/gazebo/share/gazebo/model/world.world
[0.064s] -- Installing: /home/ihitexe/rover_ws/install/gazebo/share/gazebo/model/rover.xacro
[0.064s] -- Up-to-date: /home/ihitexe/rover_ws/install/gazebo/share/ament_index/resource_index/package_run_dependencies/gazebo
[0.065s] -- Up-to-date: /home/ihitexe/rover_ws/install/gazebo/share/ament_index/resource_index/parent_prefix_path/gazebo
[0.065s] -- Up-to-date: /home/ihitexe/rover_ws/install/gazebo/share/gazebo/environment/ament_prefix_path.sh
[0.065s] -- Up-to-date: /home/ihitexe/rover_ws/install/gazebo/share/gazebo/environment/ament_prefix_path.dsv
[0.065s] -- Up-to-date: /home/ihitexe/rover_ws/install/gazebo/share/gazebo/environment/path.sh
[0.065s] -- Up-to-date: /home/ihitexe/rover_ws/install/gazebo/share/gazebo/environment/path.dsv
[0.065s] -- Up-to-date: /home/ihitexe/rover_ws/install/gazebo/share/gazebo/local_setup.bash
[0.066s] -- Up-to-date: /home/ihitexe/rover_ws/install/gazebo/share/gazebo/local_setup.sh
[0.066s] -- Up-to-date: /home/ihitexe/rover_ws/install/gazebo/share/gazebo/local_setup.zsh
[0.067s] -- Up-to-date: /home/ihitexe/rover_ws/install/gazebo/share/gazebo/local_setup.dsv
[0.067s] -- Installing: /home/ihitexe/rover_ws/install/gazebo/share/gazebo/package.dsv
[0.067s] -- Up-to-date: /home/ihitexe/rover_ws/install/gazebo/share/ament_index/resource_index/packages/gazebo
[0.067s] -- Up-to-date: /home/ihitexe/rover_ws/install/gazebo/share/gazebo/cmake/gazeboConfig.cmake
[0.067s] -- Up-to-date: /home/ihitexe/rover_ws/install/gazebo/share/gazebo/cmake/gazeboConfig-version.cmake
[0.067s] -- Up-to-date: /home/ihitexe/rover_ws/install/gazebo/share/gazebo/package.xml
[0.067s] Invoked command in '/home/ihitexe/rover_ws/build/gazebo' returned '0': CMAKE_PREFIX_PATH=${CMAKE_PREFIX_PATH}:/opt/ros/humble /usr/bin/cmake --install /home/ihitexe/rover_ws/build/gazebo
