[0.012s] Invoking command in '/home/ihitexe/mrm_ros_union_dir/ros_ws3/build/disp_pkg': CMAKE_PREFIX_PATH=/home/ihitexe/mrm_ros_union_dir/ros_ws3/install/tutorial_interfaces:/home/ihitexe/mrm_ros_union_dir/ros_ws3/install/sub_pkg:/home/ihitexe/mrm_ros_union_dir/ros_ws3/install/pub_pkg:/home/ihitexe/mrm_ros_union_dir/ros_ws3/install/disp_pkg:/opt/ros/humble /usr/bin/cmake --build /home/ihitexe/mrm_ros_union_dir/ros_ws3/build/disp_pkg -- -j12 -l12
[0.078s] [ 50%] [32mBuilding CXX object CMakeFiles/disp_node.dir/src/disp_node.cpp.o[0m
[6.068s] [100%] [32m[1mLinking CXX executable disp_node[0m
[6.388s] [100%] Built target disp_node
[6.403s] Invoked command in '/home/ihitexe/mrm_ros_union_dir/ros_ws3/build/disp_pkg' returned '0': CMAKE_PREFIX_PATH=/home/ihitexe/mrm_ros_union_dir/ros_ws3/install/tutorial_interfaces:/home/ihitexe/mrm_ros_union_dir/ros_ws3/install/sub_pkg:/home/ihitexe/mrm_ros_union_dir/ros_ws3/install/pub_pkg:/home/ihitexe/mrm_ros_union_dir/ros_ws3/install/disp_pkg:/opt/ros/humble /usr/bin/cmake --build /home/ihitexe/mrm_ros_union_dir/ros_ws3/build/disp_pkg -- -j12 -l12
[6.417s] Invoking command in '/home/ihitexe/mrm_ros_union_dir/ros_ws3/build/disp_pkg': CMAKE_PREFIX_PATH=/home/ihitexe/mrm_ros_union_dir/ros_ws3/install/tutorial_interfaces:/home/ihitexe/mrm_ros_union_dir/ros_ws3/install/sub_pkg:/home/ihitexe/mrm_ros_union_dir/ros_ws3/install/pub_pkg:/home/ihitexe/mrm_ros_union_dir/ros_ws3/install/disp_pkg:/opt/ros/humble /usr/bin/cmake --install /home/ihitexe/mrm_ros_union_dir/ros_ws3/build/disp_pkg
[6.427s] -- Install configuration: ""
[6.427s] -- Installing: /home/ihitexe/mrm_ros_union_dir/ros_ws3/install/disp_pkg/lib/disp_pkg/disp_node
[6.430s] -- Set runtime path of "/home/ihitexe/mrm_ros_union_dir/ros_ws3/install/disp_pkg/lib/disp_pkg/disp_node" to ""
[6.430s] -- Up-to-date: /home/ihitexe/mrm_ros_union_dir/ros_ws3/install/disp_pkg/share/ament_index/resource_index/package_run_dependencies/disp_pkg
[6.431s] -- Up-to-date: /home/ihitexe/mrm_ros_union_dir/ros_ws3/install/disp_pkg/share/ament_index/resource_index/parent_prefix_path/disp_pkg
[6.431s] -- Up-to-date: /home/ihitexe/mrm_ros_union_dir/ros_ws3/install/disp_pkg/share/disp_pkg/environment/ament_prefix_path.sh
[6.431s] -- Up-to-date: /home/ihitexe/mrm_ros_union_dir/ros_ws3/install/disp_pkg/share/disp_pkg/environment/ament_prefix_path.dsv
[6.431s] -- Up-to-date: /home/ihitexe/mrm_ros_union_dir/ros_ws3/install/disp_pkg/share/disp_pkg/environment/path.sh
[6.431s] -- Up-to-date: /home/ihitexe/mrm_ros_union_dir/ros_ws3/install/disp_pkg/share/disp_pkg/environment/path.dsv
[6.431s] -- Up-to-date: /home/ihitexe/mrm_ros_union_dir/ros_ws3/install/disp_pkg/share/disp_pkg/local_setup.bash
[6.431s] -- Up-to-date: /home/ihitexe/mrm_ros_union_dir/ros_ws3/install/disp_pkg/share/disp_pkg/local_setup.sh
[6.431s] -- Up-to-date: /home/ihitexe/mrm_ros_union_dir/ros_ws3/install/disp_pkg/share/disp_pkg/local_setup.zsh
[6.432s] -- Up-to-date: /home/ihitexe/mrm_ros_union_dir/ros_ws3/install/disp_pkg/share/disp_pkg/local_setup.dsv
[6.432s] -- Installing: /home/ihitexe/mrm_ros_union_dir/ros_ws3/install/disp_pkg/share/disp_pkg/package.dsv
[6.432s] -- Up-to-date: /home/ihitexe/mrm_ros_union_dir/ros_ws3/install/disp_pkg/share/ament_index/resource_index/packages/disp_pkg
[6.432s] -- Up-to-date: /home/ihitexe/mrm_ros_union_dir/ros_ws3/install/disp_pkg/share/disp_pkg/cmake/disp_pkgConfig.cmake
[6.432s] -- Up-to-date: /home/ihitexe/mrm_ros_union_dir/ros_ws3/install/disp_pkg/share/disp_pkg/cmake/disp_pkgConfig-version.cmake
[6.432s] -- Up-to-date: /home/ihitexe/mrm_ros_union_dir/ros_ws3/install/disp_pkg/share/disp_pkg/package.xml
[6.433s] Invoked command in '/home/ihitexe/mrm_ros_union_dir/ros_ws3/build/disp_pkg' returned '0': CMAKE_PREFIX_PATH=/home/ihitexe/mrm_ros_union_dir/ros_ws3/install/tutorial_interfaces:/home/ihitexe/mrm_ros_union_dir/ros_ws3/install/sub_pkg:/home/ihitexe/mrm_ros_union_dir/ros_ws3/install/pub_pkg:/home/ihitexe/mrm_ros_union_dir/ros_ws3/install/disp_pkg:/opt/ros/humble /usr/bin/cmake --install /home/ihitexe/mrm_ros_union_dir/ros_ws3/build/disp_pkg
