[0.015s] Invoking command in '/home/ihitexe/mrm_ros_union_dir/ros_ws3/build/tutorial_interfaces': CMAKE_PREFIX_PATH=/opt/ros/humble /usr/bin/cmake --build /home/ihitexe/mrm_ros_union_dir/ros_ws3/build/tutorial_interfaces -- -j12 -l12
[0.035s] -- Found ament_cmake: 1.3.10 (/opt/ros/humble/share/ament_cmake/cmake)
[0.128s] -- Found geometry_msgs: 4.2.4 (/opt/ros/humble/share/geometry_msgs/cmake)
[0.145s] -- Found rosidl_generator_c: 3.1.5 (/opt/ros/humble/share/rosidl_generator_c/cmake)
[0.146s] -- Found rosidl_adapter: 3.1.5 (/opt/ros/humble/share/rosidl_adapter/cmake)
[0.150s] -- Found rosidl_generator_cpp: 3.1.5 (/opt/ros/humble/share/rosidl_generator_cpp/cmake)
[0.157s] -- Using all available rosidl_typesupport_c: rosidl_typesupport_fastrtps_c;rosidl_typesupport_introspection_c
[0.165s] -- Using all available rosidl_typesupport_cpp: rosidl_typesupport_fastrtps_cpp;rosidl_typesupport_introspection_cpp
[0.189s] -- Found rosidl_default_generators: 1.2.0 (/opt/ros/humble/share/rosidl_default_generators/cmake)
[0.426s] -- Found ament_cmake_ros: 0.10.0 (/opt/ros/humble/share/ament_cmake_ros/cmake)
[0.783s] -- Using all available rosidl_typesupport_c: rosidl_typesupport_fastrtps_c;rosidl_typesupport_introspection_c
[0.923s] -- Using all available rosidl_typesupport_cpp: rosidl_typesupport_fastrtps_cpp;rosidl_typesupport_introspection_cpp
[0.940s] -- Found python_cmake_module: 0.10.0 (/opt/ros/humble/share/python_cmake_module/cmake)
[0.968s] -- Using PYTHON_EXECUTABLE: /usr/bin/python3
[0.968s] -- Using PYTHON_INCLUDE_DIRS: /usr/include/python3.10
[0.968s] -- Using PYTHON_LIBRARIES: /usr/lib/x86_64-linux-gnu/libpython3.10.so
[0.992s] -- Found ament_lint_auto: 0.12.11 (/opt/ros/humble/share/ament_lint_auto/cmake)
[1.002s] -- Added test 'lint_cmake' to check CMake code style
[1.002s] -- Added test 'xmllint' to check XML markup files
[1.004s] -- Configuring done
[1.036s] -- Generating done
[1.045s] -- Build files have been written to: /home/ihitexe/mrm_ros_union_dir/ros_ws3/build/tutorial_interfaces
[1.074s] [  2%] [34m[1mGenerating C code for ROS interfaces[0m
[1.083s] [  5%] [34m[1mGenerating C++ code for ROS interfaces[0m
[1.101s] [  5%] Built target ament_cmake_python_copy_tutorial_interfaces
[1.297s] [  5%] Built target tutorial_interfaces__cpp
[1.305s] [  7%] [34m[1mGenerating C++ type support dispatch for ROS interfaces[0m
[1.305s] [ 10%] [34m[1mGenerating C++ type support for eProsima Fast-RTPS[0m
[1.306s] [ 12%] [34m[1mGenerating C++ introspection for ROS interfaces[0m
[1.311s] [35m[1mConsolidate compiler generated dependencies of target tutorial_interfaces__rosidl_generator_c[0m
[1.322s] [ 15%] [32mBuilding C object CMakeFiles/tutorial_interfaces__rosidl_generator_c.dir/rosidl_generator_c/tutorial_interfaces/msg/detail/num__functions.c.o[0m
[1.324s] [ 17%] [32mBuilding C object CMakeFiles/tutorial_interfaces__rosidl_generator_c.dir/rosidl_generator_c/tutorial_interfaces/srv/detail/display__functions.c.o[0m
[1.384s] [ 20%] [32m[1mLinking C shared library libtutorial_interfaces__rosidl_generator_c.so[0m
[1.434s] running egg_info
[1.435s] writing tutorial_interfaces.egg-info/PKG-INFO
[1.435s] writing dependency_links to tutorial_interfaces.egg-info/dependency_links.txt
[1.435s] writing top-level names to tutorial_interfaces.egg-info/top_level.txt
[1.435s] [ 20%] Built target tutorial_interfaces__rosidl_generator_c
[1.439s] reading manifest file 'tutorial_interfaces.egg-info/SOURCES.txt'
[1.439s] writing manifest file 'tutorial_interfaces.egg-info/SOURCES.txt'
[1.448s] [ 28%] [34m[1mGenerating C introspection for ROS interfaces[0m
[1.448s] [ 28%] [34m[1mGenerating C type support for eProsima Fast-RTPS[0m
[1.448s] [ 28%] [34m[1mGenerating C type support dispatch for ROS interfaces[0m
[1.473s] [ 28%] Built target ament_cmake_python_build_tutorial_interfaces_egg
[1.560s] [35m[1mConsolidate compiler generated dependencies of target tutorial_interfaces__rosidl_typesupport_cpp[0m
[1.564s] [35m[1mConsolidate compiler generated dependencies of target tutorial_interfaces__rosidl_typesupport_introspection_cpp[0m
[1.573s] [ 30%] [32mBuilding CXX object CMakeFiles/tutorial_interfaces__rosidl_typesupport_cpp.dir/rosidl_typesupport_cpp/tutorial_interfaces/srv/display__type_support.cpp.o[0m
[1.574s] [ 33%] [32mBuilding CXX object CMakeFiles/tutorial_interfaces__rosidl_typesupport_cpp.dir/rosidl_typesupport_cpp/tutorial_interfaces/msg/num__type_support.cpp.o[0m
[1.577s] [ 35%] [32mBuilding CXX object CMakeFiles/tutorial_interfaces__rosidl_typesupport_introspection_cpp.dir/rosidl_typesupport_introspection_cpp/tutorial_interfaces/msg/detail/num__type_support.cpp.o[0m
[1.579s] [ 38%] [32mBuilding CXX object CMakeFiles/tutorial_interfaces__rosidl_typesupport_introspection_cpp.dir/rosidl_typesupport_introspection_cpp/tutorial_interfaces/srv/detail/display__type_support.cpp.o[0m
[1.671s] [35m[1mConsolidate compiler generated dependencies of target tutorial_interfaces__rosidl_typesupport_c[0m
[1.687s] [ 43%] [32mBuilding CXX object CMakeFiles/tutorial_interfaces__rosidl_typesupport_c.dir/rosidl_typesupport_c/tutorial_interfaces/srv/display__type_support.cpp.o[0m
[1.687s] [ 43%] [32mBuilding CXX object CMakeFiles/tutorial_interfaces__rosidl_typesupport_c.dir/rosidl_typesupport_c/tutorial_interfaces/msg/num__type_support.cpp.o[0m
[1.726s] [35m[1mConsolidate compiler generated dependencies of target tutorial_interfaces__rosidl_typesupport_introspection_c[0m
[1.733s] [ 46%] [32m[1mLinking CXX shared library libtutorial_interfaces__rosidl_typesupport_c.so[0m
[1.735s] [35m[1mConsolidate compiler generated dependencies of target tutorial_interfaces__rosidl_typesupport_fastrtps_cpp[0m
[1.736s] [ 48%] [32mBuilding C object CMakeFiles/tutorial_interfaces__rosidl_typesupport_introspection_c.dir/rosidl_typesupport_introspection_c/tutorial_interfaces/msg/detail/num__type_support.c.o[0m
[1.741s] [ 51%] [32mBuilding C object CMakeFiles/tutorial_interfaces__rosidl_typesupport_introspection_c.dir/rosidl_typesupport_introspection_c/tutorial_interfaces/srv/detail/display__type_support.c.o[0m
[1.749s] [ 53%] [32mBuilding CXX object CMakeFiles/tutorial_interfaces__rosidl_typesupport_fastrtps_cpp.dir/rosidl_typesupport_fastrtps_cpp/tutorial_interfaces/msg/detail/dds_fastrtps/num__type_support.cpp.o[0m
[1.751s] [ 56%] [32mBuilding CXX object CMakeFiles/tutorial_interfaces__rosidl_typesupport_fastrtps_cpp.dir/rosidl_typesupport_fastrtps_cpp/tutorial_interfaces/srv/detail/dds_fastrtps/display__type_support.cpp.o[0m
[1.787s] [ 58%] [32m[1mLinking C shared library libtutorial_interfaces__rosidl_typesupport_introspection_c.so[0m
[1.798s] [ 58%] Built target tutorial_interfaces__rosidl_typesupport_c
[1.821s] [ 58%] Built target tutorial_interfaces__rosidl_typesupport_introspection_c
[1.864s] [35m[1mConsolidate compiler generated dependencies of target tutorial_interfaces__rosidl_typesupport_fastrtps_c[0m
[1.875s] [ 61%] [32mBuilding CXX object CMakeFiles/tutorial_interfaces__rosidl_typesupport_fastrtps_c.dir/rosidl_typesupport_fastrtps_c/tutorial_interfaces/msg/detail/num__type_support_c.cpp.o[0m
[1.878s] [ 64%] [32mBuilding CXX object CMakeFiles/tutorial_interfaces__rosidl_typesupport_fastrtps_c.dir/rosidl_typesupport_fastrtps_c/tutorial_interfaces/srv/detail/display__type_support_c.cpp.o[0m
[1.955s] [ 66%] [32m[1mLinking CXX shared library libtutorial_interfaces__rosidl_typesupport_cpp.so[0m
[2.012s] [ 66%] Built target tutorial_interfaces__rosidl_typesupport_cpp
[2.064s] [ 69%] [32m[1mLinking CXX shared library libtutorial_interfaces__rosidl_typesupport_introspection_cpp.so[0m
[2.129s] [ 71%] [32m[1mLinking CXX shared library libtutorial_interfaces__rosidl_typesupport_fastrtps_c.so[0m
[2.132s] [ 71%] Built target tutorial_interfaces__rosidl_typesupport_introspection_cpp
[2.202s] [ 71%] Built target tutorial_interfaces__rosidl_typesupport_fastrtps_c
[2.306s] [ 74%] [32m[1mLinking CXX shared library libtutorial_interfaces__rosidl_typesupport_fastrtps_cpp.so[0m
[2.377s] [ 74%] Built target tutorial_interfaces__rosidl_typesupport_fastrtps_cpp
[2.406s] [ 74%] Built target tutorial_interfaces
[2.436s] [ 76%] [34m[1mGenerating Python code for ROS interfaces[0m
[2.743s] [ 76%] Built target tutorial_interfaces__py
[2.754s] [35m[1mConsolidate compiler generated dependencies of target tutorial_interfaces__rosidl_generator_py[0m
[2.766s] [ 79%] [32mBuilding C object CMakeFiles/tutorial_interfaces__rosidl_generator_py.dir/rosidl_generator_py/tutorial_interfaces/srv/_display_s.c.o[0m
[2.769s] [ 82%] [32mBuilding C object CMakeFiles/tutorial_interfaces__rosidl_generator_py.dir/rosidl_generator_py/tutorial_interfaces/msg/_num_s.c.o[0m
[2.872s] [ 84%] [32m[1mLinking C shared library rosidl_generator_py/tutorial_interfaces/libtutorial_interfaces__rosidl_generator_py.so[0m
[2.929s] [ 84%] Built target tutorial_interfaces__rosidl_generator_py
[2.942s] [35m[1mConsolidate compiler generated dependencies of target tutorial_interfaces__rosidl_typesupport_c__pyext[0m
[2.942s] [35m[1mConsolidate compiler generated dependencies of target tutorial_interfaces__rosidl_typesupport_introspection_c__pyext[0m
[2.942s] [35m[1mConsolidate compiler generated dependencies of target tutorial_interfaces__rosidl_typesupport_fastrtps_c__pyext[0m
[2.953s] [ 87%] [32mBuilding C object CMakeFiles/tutorial_interfaces__rosidl_typesupport_fastrtps_c__pyext.dir/rosidl_generator_py/tutorial_interfaces/_tutorial_interfaces_s.ep.rosidl_typesupport_fastrtps_c.c.o[0m
[2.955s] [ 89%] [32mBuilding C object CMakeFiles/tutorial_interfaces__rosidl_typesupport_c__pyext.dir/rosidl_generator_py/tutorial_interfaces/_tutorial_interfaces_s.ep.rosidl_typesupport_c.c.o[0m
[2.956s] [ 92%] [32mBuilding C object CMakeFiles/tutorial_interfaces__rosidl_typesupport_introspection_c__pyext.dir/rosidl_generator_py/tutorial_interfaces/_tutorial_interfaces_s.ep.rosidl_typesupport_introspection_c.c.o[0m
[3.031s] [ 94%] [32m[1mLinking C shared library rosidl_generator_py/tutorial_interfaces/tutorial_interfaces_s__rosidl_typesupport_introspection_c.cpython-310-x86_64-linux-gnu.so[0m
[3.038s] [ 97%] [32m[1mLinking C shared library rosidl_generator_py/tutorial_interfaces/tutorial_interfaces_s__rosidl_typesupport_fastrtps_c.cpython-310-x86_64-linux-gnu.so[0m
[3.072s] [ 97%] Built target tutorial_interfaces__rosidl_typesupport_introspection_c__pyext
[3.080s] [100%] [32m[1mLinking C shared library rosidl_generator_py/tutorial_interfaces/tutorial_interfaces_s__rosidl_typesupport_c.cpython-310-x86_64-linux-gnu.so[0m
[3.085s] [100%] Built target tutorial_interfaces__rosidl_typesupport_fastrtps_c__pyext
[3.118s] [100%] Built target tutorial_interfaces__rosidl_typesupport_c__pyext
[3.133s] Invoked command in '/home/ihitexe/mrm_ros_union_dir/ros_ws3/build/tutorial_interfaces' returned '0': CMAKE_PREFIX_PATH=/opt/ros/humble /usr/bin/cmake --build /home/ihitexe/mrm_ros_union_dir/ros_ws3/build/tutorial_interfaces -- -j12 -l12
[3.144s] Invoking command in '/home/ihitexe/mrm_ros_union_dir/ros_ws3/build/tutorial_interfaces': CMAKE_PREFIX_PATH=/opt/ros/humble /usr/bin/cmake --install /home/ihitexe/mrm_ros_union_dir/ros_ws3/build/tutorial_interfaces
[3.156s] -- Install configuration: ""
[3.156s] -- Installing: /home/ihitexe/mrm_ros_union_dir/ros_ws3/install/tutorial_interfaces/share/ament_index/resource_index/rosidl_interfaces/tutorial_interfaces
[3.157s] -- Up-to-date: /home/ihitexe/mrm_ros_union_dir/ros_ws3/install/tutorial_interfaces/include/tutorial_interfaces/tutorial_interfaces
[3.157s] -- Installing: /home/ihitexe/mrm_ros_union_dir/ros_ws3/install/tutorial_interfaces/include/tutorial_interfaces/tutorial_interfaces/srv
[3.157s] -- Installing: /home/ihitexe/mrm_ros_union_dir/ros_ws3/install/tutorial_interfaces/include/tutorial_interfaces/tutorial_interfaces/srv/detail
[3.158s] -- Installing: /home/ihitexe/mrm_ros_union_dir/ros_ws3/install/tutorial_interfaces/include/tutorial_interfaces/tutorial_interfaces/srv/detail/display__type_support.h
[3.158s] -- Installing: /home/ihitexe/mrm_ros_union_dir/ros_ws3/install/tutorial_interfaces/include/tutorial_interfaces/tutorial_interfaces/srv/detail/display__functions.h
[3.158s] -- Installing: /home/ihitexe/mrm_ros_union_dir/ros_ws3/install/tutorial_interfaces/include/tutorial_interfaces/tutorial_interfaces/srv/detail/display__functions.c
[3.158s] -- Installing: /home/ihitexe/mrm_ros_union_dir/ros_ws3/install/tutorial_interfaces/include/tutorial_interfaces/tutorial_interfaces/srv/detail/display__struct.h
[3.158s] -- Installing: /home/ihitexe/mrm_ros_union_dir/ros_ws3/install/tutorial_interfaces/include/tutorial_interfaces/tutorial_interfaces/srv/display.h
[3.158s] -- Up-to-date: /home/ihitexe/mrm_ros_union_dir/ros_ws3/install/tutorial_interfaces/include/tutorial_interfaces/tutorial_interfaces/msg
[3.158s] -- Installing: /home/ihitexe/mrm_ros_union_dir/ros_ws3/install/tutorial_interfaces/include/tutorial_interfaces/tutorial_interfaces/msg/num.h
[3.158s] -- Up-to-date: /home/ihitexe/mrm_ros_union_dir/ros_ws3/install/tutorial_interfaces/include/tutorial_interfaces/tutorial_interfaces/msg/detail
[3.159s] -- Installing: /home/ihitexe/mrm_ros_union_dir/ros_ws3/install/tutorial_interfaces/include/tutorial_interfaces/tutorial_interfaces/msg/detail/num__functions.h
[3.159s] -- Installing: /home/ihitexe/mrm_ros_union_dir/ros_ws3/install/tutorial_interfaces/include/tutorial_interfaces/tutorial_interfaces/msg/detail/num__type_support.h
[3.159s] -- Installing: /home/ihitexe/mrm_ros_union_dir/ros_ws3/install/tutorial_interfaces/include/tutorial_interfaces/tutorial_interfaces/msg/detail/num__functions.c
[3.159s] -- Installing: /home/ihitexe/mrm_ros_union_dir/ros_ws3/install/tutorial_interfaces/include/tutorial_interfaces/tutorial_interfaces/msg/detail/num__struct.h
[3.159s] -- Up-to-date: /home/ihitexe/mrm_ros_union_dir/ros_ws3/install/tutorial_interfaces/include/tutorial_interfaces/tutorial_interfaces/msg/rosidl_generator_c__visibility_control.h
[3.159s] -- Up-to-date: /home/ihitexe/mrm_ros_union_dir/ros_ws3/install/tutorial_interfaces/share/tutorial_interfaces/environment/library_path.sh
[3.159s] -- Installing: /home/ihitexe/mrm_ros_union_dir/ros_ws3/install/tutorial_interfaces/share/tutorial_interfaces/environment/library_path.dsv
[3.159s] -- Installing: /home/ihitexe/mrm_ros_union_dir/ros_ws3/install/tutorial_interfaces/lib/libtutorial_interfaces__rosidl_generator_c.so
[3.159s] -- Set runtime path of "/home/ihitexe/mrm_ros_union_dir/ros_ws3/install/tutorial_interfaces/lib/libtutorial_interfaces__rosidl_generator_c.so" to ""
[3.160s] -- Up-to-date: /home/ihitexe/mrm_ros_union_dir/ros_ws3/install/tutorial_interfaces/include/tutorial_interfaces/tutorial_interfaces
[3.160s] -- Up-to-date: /home/ihitexe/mrm_ros_union_dir/ros_ws3/install/tutorial_interfaces/include/tutorial_interfaces/tutorial_interfaces/srv
[3.160s] -- Up-to-date: /home/ihitexe/mrm_ros_union_dir/ros_ws3/install/tutorial_interfaces/include/tutorial_interfaces/tutorial_interfaces/srv/detail
[3.160s] -- Installing: /home/ihitexe/mrm_ros_union_dir/ros_ws3/install/tutorial_interfaces/include/tutorial_interfaces/tutorial_interfaces/srv/detail/display__rosidl_typesupport_fastrtps_c.h
[3.160s] -- Up-to-date: /home/ihitexe/mrm_ros_union_dir/ros_ws3/install/tutorial_interfaces/include/tutorial_interfaces/tutorial_interfaces/msg
[3.160s] -- Up-to-date: /home/ihitexe/mrm_ros_union_dir/ros_ws3/install/tutorial_interfaces/include/tutorial_interfaces/tutorial_interfaces/msg/rosidl_typesupport_fastrtps_c__visibility_control.h
[3.160s] -- Up-to-date: /home/ihitexe/mrm_ros_union_dir/ros_ws3/install/tutorial_interfaces/include/tutorial_interfaces/tutorial_interfaces/msg/detail
[3.161s] -- Installing: /home/ihitexe/mrm_ros_union_dir/ros_ws3/install/tutorial_interfaces/include/tutorial_interfaces/tutorial_interfaces/msg/detail/num__rosidl_typesupport_fastrtps_c.h
[3.161s] -- Installing: /home/ihitexe/mrm_ros_union_dir/ros_ws3/install/tutorial_interfaces/lib/libtutorial_interfaces__rosidl_typesupport_fastrtps_c.so
[3.161s] -- Set runtime path of "/home/ihitexe/mrm_ros_union_dir/ros_ws3/install/tutorial_interfaces/lib/libtutorial_interfaces__rosidl_typesupport_fastrtps_c.so" to ""
[3.161s] -- Up-to-date: /home/ihitexe/mrm_ros_union_dir/ros_ws3/install/tutorial_interfaces/include/tutorial_interfaces/tutorial_interfaces
[3.161s] -- Up-to-date: /home/ihitexe/mrm_ros_union_dir/ros_ws3/install/tutorial_interfaces/include/tutorial_interfaces/tutorial_interfaces/srv
[3.161s] -- Up-to-date: /home/ihitexe/mrm_ros_union_dir/ros_ws3/install/tutorial_interfaces/include/tutorial_interfaces/tutorial_interfaces/srv/detail
[3.161s] -- Installing: /home/ihitexe/mrm_ros_union_dir/ros_ws3/install/tutorial_interfaces/include/tutorial_interfaces/tutorial_interfaces/srv/detail/display__builder.hpp
[3.161s] -- Installing: /home/ihitexe/mrm_ros_union_dir/ros_ws3/install/tutorial_interfaces/include/tutorial_interfaces/tutorial_interfaces/srv/detail/display__traits.hpp
[3.161s] -- Installing: /home/ihitexe/mrm_ros_union_dir/ros_ws3/install/tutorial_interfaces/include/tutorial_interfaces/tutorial_interfaces/srv/detail/display__struct.hpp
[3.162s] -- Installing: /home/ihitexe/mrm_ros_union_dir/ros_ws3/install/tutorial_interfaces/include/tutorial_interfaces/tutorial_interfaces/srv/display.hpp
[3.162s] -- Up-to-date: /home/ihitexe/mrm_ros_union_dir/ros_ws3/install/tutorial_interfaces/include/tutorial_interfaces/tutorial_interfaces/msg
[3.162s] -- Installing: /home/ihitexe/mrm_ros_union_dir/ros_ws3/install/tutorial_interfaces/include/tutorial_interfaces/tutorial_interfaces/msg/num.hpp
[3.162s] -- Up-to-date: /home/ihitexe/mrm_ros_union_dir/ros_ws3/install/tutorial_interfaces/include/tutorial_interfaces/tutorial_interfaces/msg/detail
[3.162s] -- Installing: /home/ihitexe/mrm_ros_union_dir/ros_ws3/install/tutorial_interfaces/include/tutorial_interfaces/tutorial_interfaces/msg/detail/num__struct.hpp
[3.162s] -- Installing: /home/ihitexe/mrm_ros_union_dir/ros_ws3/install/tutorial_interfaces/include/tutorial_interfaces/tutorial_interfaces/msg/detail/num__traits.hpp
[3.162s] -- Installing: /home/ihitexe/mrm_ros_union_dir/ros_ws3/install/tutorial_interfaces/include/tutorial_interfaces/tutorial_interfaces/msg/detail/num__builder.hpp
[3.162s] -- Up-to-date: /home/ihitexe/mrm_ros_union_dir/ros_ws3/install/tutorial_interfaces/include/tutorial_interfaces/tutorial_interfaces
[3.163s] -- Up-to-date: /home/ihitexe/mrm_ros_union_dir/ros_ws3/install/tutorial_interfaces/include/tutorial_interfaces/tutorial_interfaces/srv
[3.163s] -- Up-to-date: /home/ihitexe/mrm_ros_union_dir/ros_ws3/install/tutorial_interfaces/include/tutorial_interfaces/tutorial_interfaces/srv/detail
[3.163s] -- Installing: /home/ihitexe/mrm_ros_union_dir/ros_ws3/install/tutorial_interfaces/include/tutorial_interfaces/tutorial_interfaces/srv/detail/display__rosidl_typesupport_fastrtps_cpp.hpp
[3.163s] -- Installing: /home/ihitexe/mrm_ros_union_dir/ros_ws3/install/tutorial_interfaces/include/tutorial_interfaces/tutorial_interfaces/srv/detail/dds_fastrtps
[3.163s] -- Up-to-date: /home/ihitexe/mrm_ros_union_dir/ros_ws3/install/tutorial_interfaces/include/tutorial_interfaces/tutorial_interfaces/msg
[3.163s] -- Up-to-date: /home/ihitexe/mrm_ros_union_dir/ros_ws3/install/tutorial_interfaces/include/tutorial_interfaces/tutorial_interfaces/msg/detail
[3.163s] -- Installing: /home/ihitexe/mrm_ros_union_dir/ros_ws3/install/tutorial_interfaces/include/tutorial_interfaces/tutorial_interfaces/msg/detail/num__rosidl_typesupport_fastrtps_cpp.hpp
[3.163s] -- Up-to-date: /home/ihitexe/mrm_ros_union_dir/ros_ws3/install/tutorial_interfaces/include/tutorial_interfaces/tutorial_interfaces/msg/detail/dds_fastrtps
[3.164s] -- Up-to-date: /home/ihitexe/mrm_ros_union_dir/ros_ws3/install/tutorial_interfaces/include/tutorial_interfaces/tutorial_interfaces/msg/rosidl_typesupport_fastrtps_cpp__visibility_control.h
[3.164s] -- Installing: /home/ihitexe/mrm_ros_union_dir/ros_ws3/install/tutorial_interfaces/lib/libtutorial_interfaces__rosidl_typesupport_fastrtps_cpp.so
[3.164s] -- Set runtime path of "/home/ihitexe/mrm_ros_union_dir/ros_ws3/install/tutorial_interfaces/lib/libtutorial_interfaces__rosidl_typesupport_fastrtps_cpp.so" to ""
[3.164s] -- Up-to-date: /home/ihitexe/mrm_ros_union_dir/ros_ws3/install/tutorial_interfaces/include/tutorial_interfaces/tutorial_interfaces
[3.164s] -- Up-to-date: /home/ihitexe/mrm_ros_union_dir/ros_ws3/install/tutorial_interfaces/include/tutorial_interfaces/tutorial_interfaces/srv
[3.164s] -- Up-to-date: /home/ihitexe/mrm_ros_union_dir/ros_ws3/install/tutorial_interfaces/include/tutorial_interfaces/tutorial_interfaces/srv/detail
[3.164s] -- Installing: /home/ihitexe/mrm_ros_union_dir/ros_ws3/install/tutorial_interfaces/include/tutorial_interfaces/tutorial_interfaces/srv/detail/display__rosidl_typesupport_introspection_c.h
[3.164s] -- Installing: /home/ihitexe/mrm_ros_union_dir/ros_ws3/install/tutorial_interfaces/include/tutorial_interfaces/tutorial_interfaces/srv/detail/display__type_support.c
[3.164s] -- Up-to-date: /home/ihitexe/mrm_ros_union_dir/ros_ws3/install/tutorial_interfaces/include/tutorial_interfaces/tutorial_interfaces/msg
[3.164s] -- Up-to-date: /home/ihitexe/mrm_ros_union_dir/ros_ws3/install/tutorial_interfaces/include/tutorial_interfaces/tutorial_interfaces/msg/detail
[3.165s] -- Installing: /home/ihitexe/mrm_ros_union_dir/ros_ws3/install/tutorial_interfaces/include/tutorial_interfaces/tutorial_interfaces/msg/detail/num__rosidl_typesupport_introspection_c.h
[3.165s] -- Installing: /home/ihitexe/mrm_ros_union_dir/ros_ws3/install/tutorial_interfaces/include/tutorial_interfaces/tutorial_interfaces/msg/detail/num__type_support.c
[3.165s] -- Up-to-date: /home/ihitexe/mrm_ros_union_dir/ros_ws3/install/tutorial_interfaces/include/tutorial_interfaces/tutorial_interfaces/msg/rosidl_typesupport_introspection_c__visibility_control.h
[3.165s] -- Installing: /home/ihitexe/mrm_ros_union_dir/ros_ws3/install/tutorial_interfaces/lib/libtutorial_interfaces__rosidl_typesupport_introspection_c.so
[3.165s] -- Set runtime path of "/home/ihitexe/mrm_ros_union_dir/ros_ws3/install/tutorial_interfaces/lib/libtutorial_interfaces__rosidl_typesupport_introspection_c.so" to ""
[3.165s] -- Installing: /home/ihitexe/mrm_ros_union_dir/ros_ws3/install/tutorial_interfaces/lib/libtutorial_interfaces__rosidl_typesupport_c.so
[3.165s] -- Set runtime path of "/home/ihitexe/mrm_ros_union_dir/ros_ws3/install/tutorial_interfaces/lib/libtutorial_interfaces__rosidl_typesupport_c.so" to ""
[3.165s] -- Up-to-date: /home/ihitexe/mrm_ros_union_dir/ros_ws3/install/tutorial_interfaces/include/tutorial_interfaces/tutorial_interfaces
[3.165s] -- Up-to-date: /home/ihitexe/mrm_ros_union_dir/ros_ws3/install/tutorial_interfaces/include/tutorial_interfaces/tutorial_interfaces/srv
[3.165s] -- Up-to-date: /home/ihitexe/mrm_ros_union_dir/ros_ws3/install/tutorial_interfaces/include/tutorial_interfaces/tutorial_interfaces/srv/detail
[3.165s] -- Installing: /home/ihitexe/mrm_ros_union_dir/ros_ws3/install/tutorial_interfaces/include/tutorial_interfaces/tutorial_interfaces/srv/detail/display__rosidl_typesupport_introspection_cpp.hpp
[3.166s] -- Installing: /home/ihitexe/mrm_ros_union_dir/ros_ws3/install/tutorial_interfaces/include/tutorial_interfaces/tutorial_interfaces/srv/detail/display__type_support.cpp
[3.166s] -- Up-to-date: /home/ihitexe/mrm_ros_union_dir/ros_ws3/install/tutorial_interfaces/include/tutorial_interfaces/tutorial_interfaces/msg
[3.166s] -- Up-to-date: /home/ihitexe/mrm_ros_union_dir/ros_ws3/install/tutorial_interfaces/include/tutorial_interfaces/tutorial_interfaces/msg/detail
[3.166s] -- Installing: /home/ihitexe/mrm_ros_union_dir/ros_ws3/install/tutorial_interfaces/include/tutorial_interfaces/tutorial_interfaces/msg/detail/num__rosidl_typesupport_introspection_cpp.hpp
[3.166s] -- Installing: /home/ihitexe/mrm_ros_union_dir/ros_ws3/install/tutorial_interfaces/include/tutorial_interfaces/tutorial_interfaces/msg/detail/num__type_support.cpp
[3.166s] -- Installing: /home/ihitexe/mrm_ros_union_dir/ros_ws3/install/tutorial_interfaces/lib/libtutorial_interfaces__rosidl_typesupport_introspection_cpp.so
[3.166s] -- Set runtime path of "/home/ihitexe/mrm_ros_union_dir/ros_ws3/install/tutorial_interfaces/lib/libtutorial_interfaces__rosidl_typesupport_introspection_cpp.so" to ""
[3.166s] -- Installing: /home/ihitexe/mrm_ros_union_dir/ros_ws3/install/tutorial_interfaces/lib/libtutorial_interfaces__rosidl_typesupport_cpp.so
[3.166s] -- Set runtime path of "/home/ihitexe/mrm_ros_union_dir/ros_ws3/install/tutorial_interfaces/lib/libtutorial_interfaces__rosidl_typesupport_cpp.so" to ""
[3.166s] -- Up-to-date: /home/ihitexe/mrm_ros_union_dir/ros_ws3/install/tutorial_interfaces/share/tutorial_interfaces/environment/pythonpath.sh
[3.166s] -- Installing: /home/ihitexe/mrm_ros_union_dir/ros_ws3/install/tutorial_interfaces/share/tutorial_interfaces/environment/pythonpath.dsv
[3.167s] -- Up-to-date: /home/ihitexe/mrm_ros_union_dir/ros_ws3/install/tutorial_interfaces/local/lib/python3.10/dist-packages/tutorial_interfaces-0.0.0-py3.10.egg-info
[3.167s] -- Installing: /home/ihitexe/mrm_ros_union_dir/ros_ws3/install/tutorial_interfaces/local/lib/python3.10/dist-packages/tutorial_interfaces-0.0.0-py3.10.egg-info/SOURCES.txt
[3.167s] -- Installing: /home/ihitexe/mrm_ros_union_dir/ros_ws3/install/tutorial_interfaces/local/lib/python3.10/dist-packages/tutorial_interfaces-0.0.0-py3.10.egg-info/top_level.txt
[3.167s] -- Installing: /home/ihitexe/mrm_ros_union_dir/ros_ws3/install/tutorial_interfaces/local/lib/python3.10/dist-packages/tutorial_interfaces-0.0.0-py3.10.egg-info/PKG-INFO
[3.167s] -- Installing: /home/ihitexe/mrm_ros_union_dir/ros_ws3/install/tutorial_interfaces/local/lib/python3.10/dist-packages/tutorial_interfaces-0.0.0-py3.10.egg-info/dependency_links.txt
[3.167s] -- Up-to-date: /home/ihitexe/mrm_ros_union_dir/ros_ws3/install/tutorial_interfaces/local/lib/python3.10/dist-packages/tutorial_interfaces
[3.167s] -- Installing: /home/ihitexe/mrm_ros_union_dir/ros_ws3/install/tutorial_interfaces/local/lib/python3.10/dist-packages/tutorial_interfaces/srv
[3.167s] -- Installing: /home/ihitexe/mrm_ros_union_dir/ros_ws3/install/tutorial_interfaces/local/lib/python3.10/dist-packages/tutorial_interfaces/srv/_display.py
[3.167s] -- Installing: /home/ihitexe/mrm_ros_union_dir/ros_ws3/install/tutorial_interfaces/local/lib/python3.10/dist-packages/tutorial_interfaces/srv/_display_s.c
[3.167s] -- Installing: /home/ihitexe/mrm_ros_union_dir/ros_ws3/install/tutorial_interfaces/local/lib/python3.10/dist-packages/tutorial_interfaces/srv/__init__.py
[3.167s] -- Installing: /home/ihitexe/mrm_ros_union_dir/ros_ws3/install/tutorial_interfaces/local/lib/python3.10/dist-packages/tutorial_interfaces/_tutorial_interfaces_s.ep.rosidl_typesupport_fastrtps_c.c
[3.167s] -- Up-to-date: /home/ihitexe/mrm_ros_union_dir/ros_ws3/install/tutorial_interfaces/local/lib/python3.10/dist-packages/tutorial_interfaces/msg
[3.167s] -- Installing: /home/ihitexe/mrm_ros_union_dir/ros_ws3/install/tutorial_interfaces/local/lib/python3.10/dist-packages/tutorial_interfaces/msg/_num_s.c
[3.168s] -- Installing: /home/ihitexe/mrm_ros_union_dir/ros_ws3/install/tutorial_interfaces/local/lib/python3.10/dist-packages/tutorial_interfaces/msg/_num.py
[3.168s] -- Installing: /home/ihitexe/mrm_ros_union_dir/ros_ws3/install/tutorial_interfaces/local/lib/python3.10/dist-packages/tutorial_interfaces/msg/__init__.py
[3.168s] -- Installing: /home/ihitexe/mrm_ros_union_dir/ros_ws3/install/tutorial_interfaces/local/lib/python3.10/dist-packages/tutorial_interfaces/tutorial_interfaces_s__rosidl_typesupport_introspection_c.cpython-310-x86_64-linux-gnu.so
[3.168s] -- Installing: /home/ihitexe/mrm_ros_union_dir/ros_ws3/install/tutorial_interfaces/local/lib/python3.10/dist-packages/tutorial_interfaces/tutorial_interfaces_s__rosidl_typesupport_fastrtps_c.cpython-310-x86_64-linux-gnu.so
[3.168s] -- Installing: /home/ihitexe/mrm_ros_union_dir/ros_ws3/install/tutorial_interfaces/local/lib/python3.10/dist-packages/tutorial_interfaces/tutorial_interfaces_s__rosidl_typesupport_c.cpython-310-x86_64-linux-gnu.so
[3.168s] -- Installing: /home/ihitexe/mrm_ros_union_dir/ros_ws3/install/tutorial_interfaces/local/lib/python3.10/dist-packages/tutorial_interfaces/_tutorial_interfaces_s.ep.rosidl_typesupport_c.c
[3.168s] -- Installing: /home/ihitexe/mrm_ros_union_dir/ros_ws3/install/tutorial_interfaces/local/lib/python3.10/dist-packages/tutorial_interfaces/_tutorial_interfaces_s.ep.rosidl_typesupport_introspection_c.c
[3.168s] -- Installing: /home/ihitexe/mrm_ros_union_dir/ros_ws3/install/tutorial_interfaces/local/lib/python3.10/dist-packages/tutorial_interfaces/libtutorial_interfaces__rosidl_generator_py.so
[3.168s] -- Installing: /home/ihitexe/mrm_ros_union_dir/ros_ws3/install/tutorial_interfaces/local/lib/python3.10/dist-packages/tutorial_interfaces/__init__.py
[3.203s] Listing '/home/ihitexe/mrm_ros_union_dir/ros_ws3/install/tutorial_interfaces/local/lib/python3.10/dist-packages/tutorial_interfaces'...
[3.203s] Compiling '/home/ihitexe/mrm_ros_union_dir/ros_ws3/install/tutorial_interfaces/local/lib/python3.10/dist-packages/tutorial_interfaces/__init__.py'...
[3.203s] Listing '/home/ihitexe/mrm_ros_union_dir/ros_ws3/install/tutorial_interfaces/local/lib/python3.10/dist-packages/tutorial_interfaces/msg'...
[3.203s] Compiling '/home/ihitexe/mrm_ros_union_dir/ros_ws3/install/tutorial_interfaces/local/lib/python3.10/dist-packages/tutorial_interfaces/msg/__init__.py'...
[3.203s] Compiling '/home/ihitexe/mrm_ros_union_dir/ros_ws3/install/tutorial_interfaces/local/lib/python3.10/dist-packages/tutorial_interfaces/msg/_num.py'...
[3.203s] Listing '/home/ihitexe/mrm_ros_union_dir/ros_ws3/install/tutorial_interfaces/local/lib/python3.10/dist-packages/tutorial_interfaces/srv'...
[3.203s] Compiling '/home/ihitexe/mrm_ros_union_dir/ros_ws3/install/tutorial_interfaces/local/lib/python3.10/dist-packages/tutorial_interfaces/srv/__init__.py'...
[3.204s] Compiling '/home/ihitexe/mrm_ros_union_dir/ros_ws3/install/tutorial_interfaces/local/lib/python3.10/dist-packages/tutorial_interfaces/srv/_display.py'...
[3.206s] -- Installing: /home/ihitexe/mrm_ros_union_dir/ros_ws3/install/tutorial_interfaces/local/lib/python3.10/dist-packages/tutorial_interfaces/tutorial_interfaces_s__rosidl_typesupport_fastrtps_c.cpython-310-x86_64-linux-gnu.so
[3.207s] -- Set runtime path of "/home/ihitexe/mrm_ros_union_dir/ros_ws3/install/tutorial_interfaces/local/lib/python3.10/dist-packages/tutorial_interfaces/tutorial_interfaces_s__rosidl_typesupport_fastrtps_c.cpython-310-x86_64-linux-gnu.so" to ""
[3.207s] -- Installing: /home/ihitexe/mrm_ros_union_dir/ros_ws3/install/tutorial_interfaces/local/lib/python3.10/dist-packages/tutorial_interfaces/tutorial_interfaces_s__rosidl_typesupport_introspection_c.cpython-310-x86_64-linux-gnu.so
[3.207s] -- Set runtime path of "/home/ihitexe/mrm_ros_union_dir/ros_ws3/install/tutorial_interfaces/local/lib/python3.10/dist-packages/tutorial_interfaces/tutorial_interfaces_s__rosidl_typesupport_introspection_c.cpython-310-x86_64-linux-gnu.so" to ""
[3.208s] -- Installing: /home/ihitexe/mrm_ros_union_dir/ros_ws3/install/tutorial_interfaces/local/lib/python3.10/dist-packages/tutorial_interfaces/tutorial_interfaces_s__rosidl_typesupport_c.cpython-310-x86_64-linux-gnu.so
[3.208s] -- Set runtime path of "/home/ihitexe/mrm_ros_union_dir/ros_ws3/install/tutorial_interfaces/local/lib/python3.10/dist-packages/tutorial_interfaces/tutorial_interfaces_s__rosidl_typesupport_c.cpython-310-x86_64-linux-gnu.so" to ""
[3.208s] -- Installing: /home/ihitexe/mrm_ros_union_dir/ros_ws3/install/tutorial_interfaces/lib/libtutorial_interfaces__rosidl_generator_py.so
[3.209s] -- Set runtime path of "/home/ihitexe/mrm_ros_union_dir/ros_ws3/install/tutorial_interfaces/lib/libtutorial_interfaces__rosidl_generator_py.so" to ""
[3.209s] -- Up-to-date: /home/ihitexe/mrm_ros_union_dir/ros_ws3/install/tutorial_interfaces/share/tutorial_interfaces/msg/Num.idl
[3.209s] -- Installing: /home/ihitexe/mrm_ros_union_dir/ros_ws3/install/tutorial_interfaces/share/tutorial_interfaces/srv/Display.idl
[3.209s] -- Up-to-date: /home/ihitexe/mrm_ros_union_dir/ros_ws3/install/tutorial_interfaces/share/tutorial_interfaces/msg/Num.msg
[3.210s] -- Installing: /home/ihitexe/mrm_ros_union_dir/ros_ws3/install/tutorial_interfaces/share/tutorial_interfaces/srv/Display.srv
[3.210s] -- Installing: /home/ihitexe/mrm_ros_union_dir/ros_ws3/install/tutorial_interfaces/share/tutorial_interfaces/srv/Display_Request.msg
[3.210s] -- Installing: /home/ihitexe/mrm_ros_union_dir/ros_ws3/install/tutorial_interfaces/share/tutorial_interfaces/srv/Display_Response.msg
[3.210s] -- Up-to-date: /home/ihitexe/mrm_ros_union_dir/ros_ws3/install/tutorial_interfaces/share/ament_index/resource_index/package_run_dependencies/tutorial_interfaces
[3.210s] -- Installing: /home/ihitexe/mrm_ros_union_dir/ros_ws3/install/tutorial_interfaces/share/ament_index/resource_index/parent_prefix_path/tutorial_interfaces
[3.210s] -- Up-to-date: /home/ihitexe/mrm_ros_union_dir/ros_ws3/install/tutorial_interfaces/share/tutorial_interfaces/environment/ament_prefix_path.sh
[3.210s] -- Installing: /home/ihitexe/mrm_ros_union_dir/ros_ws3/install/tutorial_interfaces/share/tutorial_interfaces/environment/ament_prefix_path.dsv
[3.210s] -- Up-to-date: /home/ihitexe/mrm_ros_union_dir/ros_ws3/install/tutorial_interfaces/share/tutorial_interfaces/environment/path.sh
[3.211s] -- Installing: /home/ihitexe/mrm_ros_union_dir/ros_ws3/install/tutorial_interfaces/share/tutorial_interfaces/environment/path.dsv
[3.211s] -- Up-to-date: /home/ihitexe/mrm_ros_union_dir/ros_ws3/install/tutorial_interfaces/share/tutorial_interfaces/local_setup.bash
[3.211s] -- Up-to-date: /home/ihitexe/mrm_ros_union_dir/ros_ws3/install/tutorial_interfaces/share/tutorial_interfaces/local_setup.sh
[3.211s] -- Up-to-date: /home/ihitexe/mrm_ros_union_dir/ros_ws3/install/tutorial_interfaces/share/tutorial_interfaces/local_setup.zsh
[3.211s] -- Installing: /home/ihitexe/mrm_ros_union_dir/ros_ws3/install/tutorial_interfaces/share/tutorial_interfaces/local_setup.dsv
[3.211s] -- Installing: /home/ihitexe/mrm_ros_union_dir/ros_ws3/install/tutorial_interfaces/share/tutorial_interfaces/package.dsv
[3.211s] -- Up-to-date: /home/ihitexe/mrm_ros_union_dir/ros_ws3/install/tutorial_interfaces/share/ament_index/resource_index/packages/tutorial_interfaces
[3.211s] -- Up-to-date: /home/ihitexe/mrm_ros_union_dir/ros_ws3/install/tutorial_interfaces/share/tutorial_interfaces/cmake/export_tutorial_interfaces__rosidl_generator_cExport.cmake
[3.212s] -- Up-to-date: /home/ihitexe/mrm_ros_union_dir/ros_ws3/install/tutorial_interfaces/share/tutorial_interfaces/cmake/export_tutorial_interfaces__rosidl_generator_cExport-noconfig.cmake
[3.212s] -- Up-to-date: /home/ihitexe/mrm_ros_union_dir/ros_ws3/install/tutorial_interfaces/share/tutorial_interfaces/cmake/export_tutorial_interfaces__rosidl_typesupport_fastrtps_cExport.cmake
[3.212s] -- Up-to-date: /home/ihitexe/mrm_ros_union_dir/ros_ws3/install/tutorial_interfaces/share/tutorial_interfaces/cmake/export_tutorial_interfaces__rosidl_typesupport_fastrtps_cExport-noconfig.cmake
[3.212s] -- Up-to-date: /home/ihitexe/mrm_ros_union_dir/ros_ws3/install/tutorial_interfaces/share/tutorial_interfaces/cmake/export_tutorial_interfaces__rosidl_generator_cppExport.cmake
[3.212s] -- Up-to-date: /home/ihitexe/mrm_ros_union_dir/ros_ws3/install/tutorial_interfaces/share/tutorial_interfaces/cmake/export_tutorial_interfaces__rosidl_typesupport_fastrtps_cppExport.cmake
[3.212s] -- Up-to-date: /home/ihitexe/mrm_ros_union_dir/ros_ws3/install/tutorial_interfaces/share/tutorial_interfaces/cmake/export_tutorial_interfaces__rosidl_typesupport_fastrtps_cppExport-noconfig.cmake
[3.212s] -- Up-to-date: /home/ihitexe/mrm_ros_union_dir/ros_ws3/install/tutorial_interfaces/share/tutorial_interfaces/cmake/tutorial_interfaces__rosidl_typesupport_introspection_cExport.cmake
[3.212s] -- Up-to-date: /home/ihitexe/mrm_ros_union_dir/ros_ws3/install/tutorial_interfaces/share/tutorial_interfaces/cmake/tutorial_interfaces__rosidl_typesupport_introspection_cExport-noconfig.cmake
[3.213s] -- Up-to-date: /home/ihitexe/mrm_ros_union_dir/ros_ws3/install/tutorial_interfaces/share/tutorial_interfaces/cmake/tutorial_interfaces__rosidl_typesupport_cExport.cmake
[3.213s] -- Up-to-date: /home/ihitexe/mrm_ros_union_dir/ros_ws3/install/tutorial_interfaces/share/tutorial_interfaces/cmake/tutorial_interfaces__rosidl_typesupport_cExport-noconfig.cmake
[3.213s] -- Up-to-date: /home/ihitexe/mrm_ros_union_dir/ros_ws3/install/tutorial_interfaces/share/tutorial_interfaces/cmake/tutorial_interfaces__rosidl_typesupport_introspection_cppExport.cmake
[3.213s] -- Up-to-date: /home/ihitexe/mrm_ros_union_dir/ros_ws3/install/tutorial_interfaces/share/tutorial_interfaces/cmake/tutorial_interfaces__rosidl_typesupport_introspection_cppExport-noconfig.cmake
[3.213s] -- Up-to-date: /home/ihitexe/mrm_ros_union_dir/ros_ws3/install/tutorial_interfaces/share/tutorial_interfaces/cmake/tutorial_interfaces__rosidl_typesupport_cppExport.cmake
[3.213s] -- Up-to-date: /home/ihitexe/mrm_ros_union_dir/ros_ws3/install/tutorial_interfaces/share/tutorial_interfaces/cmake/tutorial_interfaces__rosidl_typesupport_cppExport-noconfig.cmake
[3.213s] -- Up-to-date: /home/ihitexe/mrm_ros_union_dir/ros_ws3/install/tutorial_interfaces/share/tutorial_interfaces/cmake/export_tutorial_interfaces__rosidl_generator_pyExport.cmake
[3.213s] -- Up-to-date: /home/ihitexe/mrm_ros_union_dir/ros_ws3/install/tutorial_interfaces/share/tutorial_interfaces/cmake/export_tutorial_interfaces__rosidl_generator_pyExport-noconfig.cmake
[3.214s] -- Installing: /home/ihitexe/mrm_ros_union_dir/ros_ws3/install/tutorial_interfaces/share/tutorial_interfaces/cmake/rosidl_cmake-extras.cmake
[3.214s] -- Up-to-date: /home/ihitexe/mrm_ros_union_dir/ros_ws3/install/tutorial_interfaces/share/tutorial_interfaces/cmake/ament_cmake_export_dependencies-extras.cmake
[3.214s] -- Up-to-date: /home/ihitexe/mrm_ros_union_dir/ros_ws3/install/tutorial_interfaces/share/tutorial_interfaces/cmake/ament_cmake_export_include_directories-extras.cmake
[3.214s] -- Up-to-date: /home/ihitexe/mrm_ros_union_dir/ros_ws3/install/tutorial_interfaces/share/tutorial_interfaces/cmake/ament_cmake_export_libraries-extras.cmake
[3.214s] -- Up-to-date: /home/ihitexe/mrm_ros_union_dir/ros_ws3/install/tutorial_interfaces/share/tutorial_interfaces/cmake/ament_cmake_export_targets-extras.cmake
[3.214s] -- Up-to-date: /home/ihitexe/mrm_ros_union_dir/ros_ws3/install/tutorial_interfaces/share/tutorial_interfaces/cmake/rosidl_cmake_export_typesupport_targets-extras.cmake
[3.214s] -- Up-to-date: /home/ihitexe/mrm_ros_union_dir/ros_ws3/install/tutorial_interfaces/share/tutorial_interfaces/cmake/rosidl_cmake_export_typesupport_libraries-extras.cmake
[3.214s] -- Up-to-date: /home/ihitexe/mrm_ros_union_dir/ros_ws3/install/tutorial_interfaces/share/tutorial_interfaces/cmake/tutorial_interfacesConfig.cmake
[3.214s] -- Up-to-date: /home/ihitexe/mrm_ros_union_dir/ros_ws3/install/tutorial_interfaces/share/tutorial_interfaces/cmake/tutorial_interfacesConfig-version.cmake
[3.215s] -- Installing: /home/ihitexe/mrm_ros_union_dir/ros_ws3/install/tutorial_interfaces/share/tutorial_interfaces/package.xml
[3.217s] Invoked command in '/home/ihitexe/mrm_ros_union_dir/ros_ws3/build/tutorial_interfaces' returned '0': CMAKE_PREFIX_PATH=/opt/ros/humble /usr/bin/cmake --install /home/ihitexe/mrm_ros_union_dir/ros_ws3/build/tutorial_interfaces
