In file included from [01m[K/opt/ros/humble/include/rclcpp/rclcpp/logging.hpp:24[m[K,
                 from [01m[K/opt/ros/humble/include/rclcpp/rclcpp/client.hpp:40[m[K,
                 from [01m[K/opt/ros/humble/include/rclcpp/rclcpp/callback_group.hpp:24[m[K,
                 from [01m[K/opt/ros/humble/include/rclcpp/rclcpp/any_executable.hpp:20[m[K,
                 from [01m[K/opt/ros/humble/include/rclcpp/rclcpp/memory_strategy.hpp:25[m[K,
                 from [01m[K/opt/ros/humble/include/rclcpp/rclcpp/memory_strategies.hpp:18[m[K,
                 from [01m[K/opt/ros/humble/include/rclcpp/rclcpp/executor_options.hpp:20[m[K,
                 from [01m[K/opt/ros/humble/include/rclcpp/rclcpp/executor.hpp:37[m[K,
                 from [01m[K/opt/ros/humble/include/rclcpp/rclcpp/executors/multi_threaded_executor.hpp:25[m[K,
                 from [01m[K/opt/ros/humble/include/rclcpp/rclcpp/executors.hpp:21[m[K,
                 from [01m[K/opt/ros/humble/include/rclcpp/rclcpp/rclcpp.hpp:155[m[K,
                 from [01m[K/home/ihitexe/mrm_ros_union_dir/ros_ws3/src/pub_pkg/src/pub_node.cpp:2[m[K:
[01m[K/home/ihitexe/mrm_ros_union_dir/ros_ws3/src/pub_pkg/src/pub_node.cpp:[m[K In member function ‘[01m[Kvoid Publisher::publish_bill()[m[K’:
[01m[K/home/ihitexe/mrm_ros_union_dir/ros_ws3/src/pub_pkg/src/pub_node.cpp:34:41:[m[K [01;35m[Kwarning: [m[Kformat ‘[01m[K%d[m[K’ expects argument of type ‘[01m[Kint[m[K’, but argument 5 has type ‘[01m[Ktutorial_interfaces::msg::Num_<std::allocator<void> >::_bill_no_type[m[K’ {aka ‘[01m[Klong int[m[K’} [[01;35m[K]8;;https://gcc.gnu.org/onlinedocs/gcc/Warning-Options.html#index-Wformat=-Wformat=]8;;[m[K]
   34 |         RCLCPP_INFO(this->get_logger(), [01;35m[K"Your bill is number is : %d\nTime of bill : %s\nYou have purchased %d units of Item %c , each unit costing %f\nYour total amount is : %f"[m[K,[32m[Kbill_msg.bill_no[m[K, bill_msg.time.c_str(), bill_msg.unit_no,bill_msg.unit_type,bill_msg.unit_price, bill_msg.total);
      |                                         [01;35m[K^~~~~~~~~~~~~~~~~~~~~~~~~~~~~~~~~~~~~~~~~~~~~~~~~~~~~~~~~~~~~~~~~~~~~~~~~~~~~~~~~~~~~~~~~~~~~~~~~~~~~~~~~~~~~~~~~~~~~~~~~~~~~~~~~~~~~~~~~~[m[K [32m[K~~~~~~~~~~~~~~~~[m[K
      |                                                                                                                                                                                             [32m[K|[m[K
      |                                                                                                                                                                                             [32m[Ktutorial_interfaces::msg::Num_<std::allocator<void> >::_bill_no_type {aka long int}[m[K
[01m[K/home/ihitexe/mrm_ros_union_dir/ros_ws3/src/pub_pkg/src/pub_node.cpp:34:26:[m[K [01;36m[Knote: [m[Kformat string is defined here
   34 |         RCLCPP_INFO(this[01;36m[K->[m[Kget_logger(), "Your bill is number is : %d\nTime of bill : %s\nYou have purchased %d units of Item %c , each unit costing %f\nYour total amount is : %f",bill_msg.bill_no, bill_msg.time.c_str(), bill_msg.unit_no,bill_msg.unit_type,bill_msg.unit_price, bill_msg.total);
      |                         [01;36m[K~^[m[K
      |                          [01;36m[K|[m[K
      |                          [01;36m[Kint[m[K
      |                         [32m[K-ld[m[K
In file included from [01m[K/opt/ros/humble/include/rclcpp/rclcpp/logging.hpp:24[m[K,
                 from [01m[K/opt/ros/humble/include/rclcpp/rclcpp/client.hpp:40[m[K,
                 from [01m[K/opt/ros/humble/include/rclcpp/rclcpp/callback_group.hpp:24[m[K,
                 from [01m[K/opt/ros/humble/include/rclcpp/rclcpp/any_executable.hpp:20[m[K,
                 from [01m[K/opt/ros/humble/include/rclcpp/rclcpp/memory_strategy.hpp:25[m[K,
                 from [01m[K/opt/ros/humble/include/rclcpp/rclcpp/memory_strategies.hpp:18[m[K,
                 from [01m[K/opt/ros/humble/include/rclcpp/rclcpp/executor_options.hpp:20[m[K,
                 from [01m[K/opt/ros/humble/include/rclcpp/rclcpp/executor.hpp:37[m[K,
                 from [01m[K/opt/ros/humble/include/rclcpp/rclcpp/executors/multi_threaded_executor.hpp:25[m[K,
                 from [01m[K/opt/ros/humble/include/rclcpp/rclcpp/executors.hpp:21[m[K,
                 from [01m[K/opt/ros/humble/include/rclcpp/rclcpp/rclcpp.hpp:155[m[K,
                 from [01m[K/home/ihitexe/mrm_ros_union_dir/ros_ws3/src/pub_pkg/src/pub_node.cpp:2[m[K:
[01m[K/home/ihitexe/mrm_ros_union_dir/ros_ws3/src/pub_pkg/src/pub_node.cpp:34:41:[m[K [01;35m[Kwarning: [m[Kformat ‘[01m[K%d[m[K’ expects argument of type ‘[01m[Kint[m[K’, but argument 7 has type ‘[01m[Ktutorial_interfaces::msg::Num_<std::allocator<void> >::_unit_no_type[m[K’ {aka ‘[01m[Klong int[m[K’} [[01;35m[K]8;;https://gcc.gnu.org/onlinedocs/gcc/Warning-Options.html#index-Wformat=-Wformat=]8;;[m[K]
   34 |         RCLCPP_INFO(this->get_logger(), [01;35m[K"Your bill is number is : %d\nTime of bill : %s\nYou have purchased %d units of Item %c , each unit costing %f\nYour total amount is : %f"[m[K,bill_msg.bill_no, bill_msg.time.c_str(), [32m[Kbill_msg.unit_no[m[K,bill_msg.unit_type,bill_msg.unit_price, bill_msg.total);
      |                                         [01;35m[K^~~~~~~~~~~~~~~~~~~~~~~~~~~~~~~~~~~~~~~~~~~~~~~~~~~~~~~~~~~~~~~~~~~~~~~~~~~~~~~~~~~~~~~~~~~~~~~~~~~~~~~~~~~~~~~~~~~~~~~~~~~~~~~~~~~~~~~~~~[m[K                                          [32m[K~~~~~~~~~~~~~~~~[m[K
      |                                                                                                                                                                                                                                      [32m[K|[m[K
      |                                                                                                                                                                                                                                      [32m[Ktutorial_interfaces::msg::Num_<std::allocator<void> >::_unit_no_type {aka long int}[m[K
[01m[K/home/ihitexe/mrm_ros_union_dir/ros_ws3/src/pub_pkg/src/pub_node.cpp:34:68:[m[K [01;36m[Knote: [m[Kformat string is defined here
   34 |  RCLCPP_INFO(this->get_logger(), "Your bill is number is : [01;36m[K%d[m[K\nTime of bill : %s\nYou have purchased %d units of Item %c , each unit costing %f\nYour total amount is : %f",bill_msg.bill_no, bill_msg.time.c_str(), bill_msg.unit_no,bill_msg.unit_type,bill_msg.unit_price, bill_msg.total);
      |                                                            [01;36m[K~^[m[K
      |                                                             [01;36m[K|[m[K
      |                                                             [01;36m[Kint[m[K
      |                                                            [32m[K%ld[m[K
[01m[K/home/ihitexe/mrm_ros_union_dir/ros_ws3/src/pub_pkg/src/pub_node.cpp:[m[K In function ‘[01m[Kint main(int, char**)[m[K’:
[01m[K/home/ihitexe/mrm_ros_union_dir/ros_ws3/src/pub_pkg/src/pub_node.cpp:53:7:[m[K [01;31m[Kerror: [m[K‘[01m[Kz[m[K’ was not declared in this scope
   53 | {ch = [01;31m[Kz[m[K;
      |       [01;31m[K^[m[K
gmake[2]: *** [CMakeFiles/pub_node.dir/build.make:76: CMakeFiles/pub_node.dir/src/pub_node.cpp.o] Error 1
gmake[1]: *** [CMakeFiles/Makefile2:137: CMakeFiles/pub_node.dir/all] Error 2
gmake: *** [Makefile:146: all] Error 2
