[0.072s] DEBUG:colcon:Command line arguments: ['/usr/bin/colcon', 'build']
[0.073s] DEBUG:colcon:Parsed command line arguments: Namespace(log_base=None, log_level=None, verb_name='build', build_base='build', install_base='install', merge_install=False, symlink_install=False, test_result_base=None, continue_on_error=False, executor='parallel', parallel_workers=12, event_handlers=None, ignore_user_meta=False, metas=['./colcon.meta'], base_paths=['.'], packages_ignore=None, packages_ignore_regex=None, paths=None, packages_up_to=None, packages_up_to_regex=None, packages_above=None, packages_above_and_dependencies=None, packages_above_depth=None, packages_select_by_dep=None, packages_skip_by_dep=None, packages_skip_up_to=None, packages_select_build_failed=False, packages_skip_build_finished=False, packages_select_test_failures=False, packages_skip_test_passed=False, packages_select=None, packages_skip=None, packages_select_regex=None, packages_skip_regex=None, packages_start=None, packages_end=None, allow_overriding=[], cmake_args=None, cmake_target=None, cmake_target_skip_unavailable=False, cmake_clean_cache=False, cmake_clean_first=False, cmake_force_configure=False, ament_cmake_args=None, catkin_cmake_args=None, catkin_skip_building_tests=False, verb_parser=<colcon_defaults.argument_parser.defaults.DefaultArgumentsDecorator object at 0x7c48ca1ec4f0>, verb_extension=<colcon_core.verb.build.BuildVerb object at 0x7c48ca1b3f40>, main=<bound method BuildVerb.main of <colcon_core.verb.build.BuildVerb object at 0x7c48ca1b3f40>>)
[0.181s] Level 1:colcon.colcon_core.package_discovery:discover_packages(colcon_meta) check parameters
[0.181s] Level 1:colcon.colcon_core.package_discovery:discover_packages(recursive) check parameters
[0.181s] Level 1:colcon.colcon_core.package_discovery:discover_packages(ignore) check parameters
[0.181s] Level 1:colcon.colcon_core.package_discovery:discover_packages(path) check parameters
[0.181s] Level 1:colcon.colcon_core.package_discovery:discover_packages(colcon_meta) discover
[0.181s] Level 1:colcon.colcon_core.package_discovery:discover_packages(recursive) discover
[0.181s] INFO:colcon.colcon_core.package_discovery:Crawling recursively for packages in '/home/ihitexe/mrm_ros_union_dir/ros_ws3'
[0.181s] Level 1:colcon.colcon_core.package_identification:_identify(.) by extensions ['ignore', 'ignore_ament_install']
[0.181s] Level 1:colcon.colcon_core.package_identification:_identify(.) by extension 'ignore'
[0.181s] Level 1:colcon.colcon_core.package_identification:_identify(.) by extension 'ignore_ament_install'
[0.181s] Level 1:colcon.colcon_core.package_identification:_identify(.) by extensions ['colcon_pkg']
[0.181s] Level 1:colcon.colcon_core.package_identification:_identify(.) by extension 'colcon_pkg'
[0.181s] Level 1:colcon.colcon_core.package_identification:_identify(.) by extensions ['colcon_meta']
[0.181s] Level 1:colcon.colcon_core.package_identification:_identify(.) by extension 'colcon_meta'
[0.181s] Level 1:colcon.colcon_core.package_identification:_identify(.) by extensions ['ros']
[0.181s] Level 1:colcon.colcon_core.package_identification:_identify(.) by extension 'ros'
[0.189s] Level 1:colcon.colcon_core.package_identification:_identify(.) by extensions ['cmake', 'python']
[0.190s] Level 1:colcon.colcon_core.package_identification:_identify(.) by extension 'cmake'
[0.190s] Level 1:colcon.colcon_core.package_identification:_identify(.) by extension 'python'
[0.190s] Level 1:colcon.colcon_core.package_identification:_identify(.) by extensions ['python_setup_py']
[0.190s] Level 1:colcon.colcon_core.package_identification:_identify(.) by extension 'python_setup_py'
[0.190s] Level 1:colcon.colcon_core.package_identification:_identify(build) by extensions ['ignore', 'ignore_ament_install']
[0.190s] Level 1:colcon.colcon_core.package_identification:_identify(build) by extension 'ignore'
[0.190s] Level 1:colcon.colcon_core.package_identification:_identify(build) ignored
[0.190s] Level 1:colcon.colcon_core.package_identification:_identify(install) by extensions ['ignore', 'ignore_ament_install']
[0.190s] Level 1:colcon.colcon_core.package_identification:_identify(install) by extension 'ignore'
[0.190s] Level 1:colcon.colcon_core.package_identification:_identify(install) ignored
[0.190s] Level 1:colcon.colcon_core.package_identification:_identify(log) by extensions ['ignore', 'ignore_ament_install']
[0.190s] Level 1:colcon.colcon_core.package_identification:_identify(log) by extension 'ignore'
[0.190s] Level 1:colcon.colcon_core.package_identification:_identify(log) ignored
[0.190s] Level 1:colcon.colcon_core.package_identification:_identify(src) by extensions ['ignore', 'ignore_ament_install']
[0.190s] Level 1:colcon.colcon_core.package_identification:_identify(src) by extension 'ignore'
[0.190s] Level 1:colcon.colcon_core.package_identification:_identify(src) by extension 'ignore_ament_install'
[0.190s] Level 1:colcon.colcon_core.package_identification:_identify(src) by extensions ['colcon_pkg']
[0.190s] Level 1:colcon.colcon_core.package_identification:_identify(src) by extension 'colcon_pkg'
[0.190s] Level 1:colcon.colcon_core.package_identification:_identify(src) by extensions ['colcon_meta']
[0.190s] Level 1:colcon.colcon_core.package_identification:_identify(src) by extension 'colcon_meta'
[0.190s] Level 1:colcon.colcon_core.package_identification:_identify(src) by extensions ['ros']
[0.190s] Level 1:colcon.colcon_core.package_identification:_identify(src) by extension 'ros'
[0.190s] Level 1:colcon.colcon_core.package_identification:_identify(src) by extensions ['cmake', 'python']
[0.190s] Level 1:colcon.colcon_core.package_identification:_identify(src) by extension 'cmake'
[0.191s] Level 1:colcon.colcon_core.package_identification:_identify(src) by extension 'python'
[0.191s] Level 1:colcon.colcon_core.package_identification:_identify(src) by extensions ['python_setup_py']
[0.191s] Level 1:colcon.colcon_core.package_identification:_identify(src) by extension 'python_setup_py'
[0.191s] Level 1:colcon.colcon_core.package_identification:_identify(src/disp_pkg) by extensions ['ignore', 'ignore_ament_install']
[0.191s] Level 1:colcon.colcon_core.package_identification:_identify(src/disp_pkg) by extension 'ignore'
[0.191s] Level 1:colcon.colcon_core.package_identification:_identify(src/disp_pkg) by extension 'ignore_ament_install'
[0.191s] Level 1:colcon.colcon_core.package_identification:_identify(src/disp_pkg) by extensions ['colcon_pkg']
[0.191s] Level 1:colcon.colcon_core.package_identification:_identify(src/disp_pkg) by extension 'colcon_pkg'
[0.191s] Level 1:colcon.colcon_core.package_identification:_identify(src/disp_pkg) by extensions ['colcon_meta']
[0.191s] Level 1:colcon.colcon_core.package_identification:_identify(src/disp_pkg) by extension 'colcon_meta'
[0.191s] Level 1:colcon.colcon_core.package_identification:_identify(src/disp_pkg) by extensions ['ros']
[0.191s] Level 1:colcon.colcon_core.package_identification:_identify(src/disp_pkg) by extension 'ros'
[0.193s] DEBUG:colcon.colcon_core.package_identification:Package 'src/disp_pkg' with type 'ros.ament_cmake' and name 'disp_pkg'
[0.193s] Level 1:colcon.colcon_core.package_identification:_identify(src/pub_pkg) by extensions ['ignore', 'ignore_ament_install']
[0.193s] Level 1:colcon.colcon_core.package_identification:_identify(src/pub_pkg) by extension 'ignore'
[0.193s] Level 1:colcon.colcon_core.package_identification:_identify(src/pub_pkg) by extension 'ignore_ament_install'
[0.193s] Level 1:colcon.colcon_core.package_identification:_identify(src/pub_pkg) by extensions ['colcon_pkg']
[0.193s] Level 1:colcon.colcon_core.package_identification:_identify(src/pub_pkg) by extension 'colcon_pkg'
[0.193s] Level 1:colcon.colcon_core.package_identification:_identify(src/pub_pkg) by extensions ['colcon_meta']
[0.193s] Level 1:colcon.colcon_core.package_identification:_identify(src/pub_pkg) by extension 'colcon_meta'
[0.193s] Level 1:colcon.colcon_core.package_identification:_identify(src/pub_pkg) by extensions ['ros']
[0.193s] Level 1:colcon.colcon_core.package_identification:_identify(src/pub_pkg) by extension 'ros'
[0.194s] DEBUG:colcon.colcon_core.package_identification:Package 'src/pub_pkg' with type 'ros.ament_cmake' and name 'pub_pkg'
[0.194s] Level 1:colcon.colcon_core.package_identification:_identify(src/sub_pkg) by extensions ['ignore', 'ignore_ament_install']
[0.194s] Level 1:colcon.colcon_core.package_identification:_identify(src/sub_pkg) by extension 'ignore'
[0.194s] Level 1:colcon.colcon_core.package_identification:_identify(src/sub_pkg) by extension 'ignore_ament_install'
[0.194s] Level 1:colcon.colcon_core.package_identification:_identify(src/sub_pkg) by extensions ['colcon_pkg']
[0.194s] Level 1:colcon.colcon_core.package_identification:_identify(src/sub_pkg) by extension 'colcon_pkg'
[0.194s] Level 1:colcon.colcon_core.package_identification:_identify(src/sub_pkg) by extensions ['colcon_meta']
[0.194s] Level 1:colcon.colcon_core.package_identification:_identify(src/sub_pkg) by extension 'colcon_meta'
[0.194s] Level 1:colcon.colcon_core.package_identification:_identify(src/sub_pkg) by extensions ['ros']
[0.194s] Level 1:colcon.colcon_core.package_identification:_identify(src/sub_pkg) by extension 'ros'
[0.195s] DEBUG:colcon.colcon_core.package_identification:Package 'src/sub_pkg' with type 'ros.ament_cmake' and name 'sub_pkg'
[0.195s] Level 1:colcon.colcon_core.package_identification:_identify(src/tutorial_interfaces) by extensions ['ignore', 'ignore_ament_install']
[0.195s] Level 1:colcon.colcon_core.package_identification:_identify(src/tutorial_interfaces) by extension 'ignore'
[0.195s] Level 1:colcon.colcon_core.package_identification:_identify(src/tutorial_interfaces) by extension 'ignore_ament_install'
[0.195s] Level 1:colcon.colcon_core.package_identification:_identify(src/tutorial_interfaces) by extensions ['colcon_pkg']
[0.195s] Level 1:colcon.colcon_core.package_identification:_identify(src/tutorial_interfaces) by extension 'colcon_pkg'
[0.195s] Level 1:colcon.colcon_core.package_identification:_identify(src/tutorial_interfaces) by extensions ['colcon_meta']
[0.195s] Level 1:colcon.colcon_core.package_identification:_identify(src/tutorial_interfaces) by extension 'colcon_meta'
[0.195s] Level 1:colcon.colcon_core.package_identification:_identify(src/tutorial_interfaces) by extensions ['ros']
[0.195s] Level 1:colcon.colcon_core.package_identification:_identify(src/tutorial_interfaces) by extension 'ros'
[0.195s] DEBUG:colcon.colcon_core.package_identification:Package 'src/tutorial_interfaces' with type 'ros.ament_cmake' and name 'tutorial_interfaces'
[0.195s] Level 1:colcon.colcon_core.package_discovery:discover_packages(recursive) using defaults
[0.195s] Level 1:colcon.colcon_core.package_discovery:discover_packages(ignore) discover
[0.195s] Level 1:colcon.colcon_core.package_discovery:discover_packages(ignore) using defaults
[0.195s] Level 1:colcon.colcon_core.package_discovery:discover_packages(path) discover
[0.195s] Level 1:colcon.colcon_core.package_discovery:discover_packages(path) using defaults
[0.211s] Level 1:colcon.colcon_core.package_discovery:discover_packages(prefix_path) check parameters
[0.211s] Level 1:colcon.colcon_core.package_discovery:discover_packages(prefix_path) discover
[0.212s] DEBUG:colcon.colcon_installed_package_information.package_discovery:Found 5 installed packages in /home/ihitexe/mrm_ros_union_dir/ros_ws3/install
[0.213s] DEBUG:colcon.colcon_installed_package_information.package_discovery:Found 294 installed packages in /opt/ros/humble
[0.224s] Level 1:colcon.colcon_core.package_discovery:discover_packages(prefix_path) using defaults
[0.252s] Level 5:colcon.colcon_core.verb:set package 'tutorial_interfaces' build argument 'cmake_args' from command line to 'None'
[0.252s] Level 5:colcon.colcon_core.verb:set package 'tutorial_interfaces' build argument 'cmake_target' from command line to 'None'
[0.252s] Level 5:colcon.colcon_core.verb:set package 'tutorial_interfaces' build argument 'cmake_target_skip_unavailable' from command line to 'False'
[0.252s] Level 5:colcon.colcon_core.verb:set package 'tutorial_interfaces' build argument 'cmake_clean_cache' from command line to 'False'
[0.252s] Level 5:colcon.colcon_core.verb:set package 'tutorial_interfaces' build argument 'cmake_clean_first' from command line to 'False'
[0.252s] Level 5:colcon.colcon_core.verb:set package 'tutorial_interfaces' build argument 'cmake_force_configure' from command line to 'False'
[0.252s] Level 5:colcon.colcon_core.verb:set package 'tutorial_interfaces' build argument 'ament_cmake_args' from command line to 'None'
[0.252s] Level 5:colcon.colcon_core.verb:set package 'tutorial_interfaces' build argument 'catkin_cmake_args' from command line to 'None'
[0.252s] Level 5:colcon.colcon_core.verb:set package 'tutorial_interfaces' build argument 'catkin_skip_building_tests' from command line to 'False'
[0.252s] DEBUG:colcon.colcon_core.verb:Building package 'tutorial_interfaces' with the following arguments: {'ament_cmake_args': None, 'build_base': '/home/ihitexe/mrm_ros_union_dir/ros_ws3/build/tutorial_interfaces', 'catkin_cmake_args': None, 'catkin_skip_building_tests': False, 'cmake_args': None, 'cmake_clean_cache': False, 'cmake_clean_first': False, 'cmake_force_configure': False, 'cmake_target': None, 'cmake_target_skip_unavailable': False, 'install_base': '/home/ihitexe/mrm_ros_union_dir/ros_ws3/install/tutorial_interfaces', 'merge_install': False, 'path': '/home/ihitexe/mrm_ros_union_dir/ros_ws3/src/tutorial_interfaces', 'symlink_install': False, 'test_result_base': None}
[0.252s] Level 5:colcon.colcon_core.verb:set package 'disp_pkg' build argument 'cmake_args' from command line to 'None'
[0.252s] Level 5:colcon.colcon_core.verb:set package 'disp_pkg' build argument 'cmake_target' from command line to 'None'
[0.252s] Level 5:colcon.colcon_core.verb:set package 'disp_pkg' build argument 'cmake_target_skip_unavailable' from command line to 'False'
[0.252s] Level 5:colcon.colcon_core.verb:set package 'disp_pkg' build argument 'cmake_clean_cache' from command line to 'False'
[0.253s] Level 5:colcon.colcon_core.verb:set package 'disp_pkg' build argument 'cmake_clean_first' from command line to 'False'
[0.253s] Level 5:colcon.colcon_core.verb:set package 'disp_pkg' build argument 'cmake_force_configure' from command line to 'False'
[0.253s] Level 5:colcon.colcon_core.verb:set package 'disp_pkg' build argument 'ament_cmake_args' from command line to 'None'
[0.253s] Level 5:colcon.colcon_core.verb:set package 'disp_pkg' build argument 'catkin_cmake_args' from command line to 'None'
[0.253s] Level 5:colcon.colcon_core.verb:set package 'disp_pkg' build argument 'catkin_skip_building_tests' from command line to 'False'
[0.253s] DEBUG:colcon.colcon_core.verb:Building package 'disp_pkg' with the following arguments: {'ament_cmake_args': None, 'build_base': '/home/ihitexe/mrm_ros_union_dir/ros_ws3/build/disp_pkg', 'catkin_cmake_args': None, 'catkin_skip_building_tests': False, 'cmake_args': None, 'cmake_clean_cache': False, 'cmake_clean_first': False, 'cmake_force_configure': False, 'cmake_target': None, 'cmake_target_skip_unavailable': False, 'install_base': '/home/ihitexe/mrm_ros_union_dir/ros_ws3/install/disp_pkg', 'merge_install': False, 'path': '/home/ihitexe/mrm_ros_union_dir/ros_ws3/src/disp_pkg', 'symlink_install': False, 'test_result_base': None}
[0.253s] Level 5:colcon.colcon_core.verb:set package 'pub_pkg' build argument 'cmake_args' from command line to 'None'
[0.253s] Level 5:colcon.colcon_core.verb:set package 'pub_pkg' build argument 'cmake_target' from command line to 'None'
[0.253s] Level 5:colcon.colcon_core.verb:set package 'pub_pkg' build argument 'cmake_target_skip_unavailable' from command line to 'False'
[0.253s] Level 5:colcon.colcon_core.verb:set package 'pub_pkg' build argument 'cmake_clean_cache' from command line to 'False'
[0.253s] Level 5:colcon.colcon_core.verb:set package 'pub_pkg' build argument 'cmake_clean_first' from command line to 'False'
[0.253s] Level 5:colcon.colcon_core.verb:set package 'pub_pkg' build argument 'cmake_force_configure' from command line to 'False'
[0.253s] Level 5:colcon.colcon_core.verb:set package 'pub_pkg' build argument 'ament_cmake_args' from command line to 'None'
[0.253s] Level 5:colcon.colcon_core.verb:set package 'pub_pkg' build argument 'catkin_cmake_args' from command line to 'None'
[0.253s] Level 5:colcon.colcon_core.verb:set package 'pub_pkg' build argument 'catkin_skip_building_tests' from command line to 'False'
[0.253s] DEBUG:colcon.colcon_core.verb:Building package 'pub_pkg' with the following arguments: {'ament_cmake_args': None, 'build_base': '/home/ihitexe/mrm_ros_union_dir/ros_ws3/build/pub_pkg', 'catkin_cmake_args': None, 'catkin_skip_building_tests': False, 'cmake_args': None, 'cmake_clean_cache': False, 'cmake_clean_first': False, 'cmake_force_configure': False, 'cmake_target': None, 'cmake_target_skip_unavailable': False, 'install_base': '/home/ihitexe/mrm_ros_union_dir/ros_ws3/install/pub_pkg', 'merge_install': False, 'path': '/home/ihitexe/mrm_ros_union_dir/ros_ws3/src/pub_pkg', 'symlink_install': False, 'test_result_base': None}
[0.253s] Level 5:colcon.colcon_core.verb:set package 'sub_pkg' build argument 'cmake_args' from command line to 'None'
[0.253s] Level 5:colcon.colcon_core.verb:set package 'sub_pkg' build argument 'cmake_target' from command line to 'None'
[0.253s] Level 5:colcon.colcon_core.verb:set package 'sub_pkg' build argument 'cmake_target_skip_unavailable' from command line to 'False'
[0.253s] Level 5:colcon.colcon_core.verb:set package 'sub_pkg' build argument 'cmake_clean_cache' from command line to 'False'
[0.253s] Level 5:colcon.colcon_core.verb:set package 'sub_pkg' build argument 'cmake_clean_first' from command line to 'False'
[0.253s] Level 5:colcon.colcon_core.verb:set package 'sub_pkg' build argument 'cmake_force_configure' from command line to 'False'
[0.253s] Level 5:colcon.colcon_core.verb:set package 'sub_pkg' build argument 'ament_cmake_args' from command line to 'None'
[0.253s] Level 5:colcon.colcon_core.verb:set package 'sub_pkg' build argument 'catkin_cmake_args' from command line to 'None'
[0.253s] Level 5:colcon.colcon_core.verb:set package 'sub_pkg' build argument 'catkin_skip_building_tests' from command line to 'False'
[0.253s] DEBUG:colcon.colcon_core.verb:Building package 'sub_pkg' with the following arguments: {'ament_cmake_args': None, 'build_base': '/home/ihitexe/mrm_ros_union_dir/ros_ws3/build/sub_pkg', 'catkin_cmake_args': None, 'catkin_skip_building_tests': False, 'cmake_args': None, 'cmake_clean_cache': False, 'cmake_clean_first': False, 'cmake_force_configure': False, 'cmake_target': None, 'cmake_target_skip_unavailable': False, 'install_base': '/home/ihitexe/mrm_ros_union_dir/ros_ws3/install/sub_pkg', 'merge_install': False, 'path': '/home/ihitexe/mrm_ros_union_dir/ros_ws3/src/sub_pkg', 'symlink_install': False, 'test_result_base': None}
[0.253s] INFO:colcon.colcon_core.executor:Executing jobs using 'parallel' executor
[0.254s] DEBUG:colcon.colcon_parallel_executor.executor.parallel:run_until_complete
[0.255s] INFO:colcon.colcon_ros.task.ament_cmake.build:Building ROS package in '/home/ihitexe/mrm_ros_union_dir/ros_ws3/src/tutorial_interfaces' with build type 'ament_cmake'
[0.255s] INFO:colcon.colcon_cmake.task.cmake.build:Building CMake package in '/home/ihitexe/mrm_ros_union_dir/ros_ws3/src/tutorial_interfaces'
[0.256s] INFO:colcon.colcon_core.plugin_system:Skipping extension 'colcon_core.shell.bat': Not used on non-Windows systems
[0.256s] INFO:colcon.colcon_core.shell:Skip shell extension 'powershell' for command environment: Not usable outside of PowerShell
[0.257s] DEBUG:colcon.colcon_core.shell:Skip shell extension 'dsv' for command environment
[0.265s] DEBUG:colcon.colcon_core.event_handler.log_command:Invoking command in '/home/ihitexe/mrm_ros_union_dir/ros_ws3/build/tutorial_interfaces': CMAKE_PREFIX_PATH=${CMAKE_PREFIX_PATH}:/opt/ros/humble /usr/bin/cmake --build /home/ihitexe/mrm_ros_union_dir/ros_ws3/build/tutorial_interfaces -- -j12 -l12
[0.573s] DEBUG:colcon.colcon_core.event_handler.log_command:Invoked command in '/home/ihitexe/mrm_ros_union_dir/ros_ws3/build/tutorial_interfaces' returned '0': CMAKE_PREFIX_PATH=${CMAKE_PREFIX_PATH}:/opt/ros/humble /usr/bin/cmake --build /home/ihitexe/mrm_ros_union_dir/ros_ws3/build/tutorial_interfaces -- -j12 -l12
[0.584s] DEBUG:colcon.colcon_core.event_handler.log_command:Invoking command in '/home/ihitexe/mrm_ros_union_dir/ros_ws3/build/tutorial_interfaces': CMAKE_PREFIX_PATH=${CMAKE_PREFIX_PATH}:/opt/ros/humble /usr/bin/cmake --install /home/ihitexe/mrm_ros_union_dir/ros_ws3/build/tutorial_interfaces
[0.633s] Level 1:colcon.colcon_core.environment:create_environment_scripts_only(tutorial_interfaces)
[0.634s] DEBUG:colcon.colcon_core.event_handler.log_command:Invoked command in '/home/ihitexe/mrm_ros_union_dir/ros_ws3/build/tutorial_interfaces' returned '0': CMAKE_PREFIX_PATH=${CMAKE_PREFIX_PATH}:/opt/ros/humble /usr/bin/cmake --install /home/ihitexe/mrm_ros_union_dir/ros_ws3/build/tutorial_interfaces
[0.637s] Level 1:colcon.colcon_core.environment:checking '/home/ihitexe/mrm_ros_union_dir/ros_ws3/install/tutorial_interfaces' for CMake module files
[0.638s] Level 1:colcon.colcon_core.environment:checking '/home/ihitexe/mrm_ros_union_dir/ros_ws3/install/tutorial_interfaces' for CMake config files
[0.639s] Level 1:colcon.colcon_core.shell:create_environment_hook('tutorial_interfaces', 'cmake_prefix_path')
[0.640s] INFO:colcon.colcon_core.shell:Creating environment hook '/home/ihitexe/mrm_ros_union_dir/ros_ws3/install/tutorial_interfaces/share/tutorial_interfaces/hook/cmake_prefix_path.ps1'
[0.641s] INFO:colcon.colcon_core.shell:Creating environment descriptor '/home/ihitexe/mrm_ros_union_dir/ros_ws3/install/tutorial_interfaces/share/tutorial_interfaces/hook/cmake_prefix_path.dsv'
[0.641s] INFO:colcon.colcon_core.shell:Creating environment hook '/home/ihitexe/mrm_ros_union_dir/ros_ws3/install/tutorial_interfaces/share/tutorial_interfaces/hook/cmake_prefix_path.sh'
[0.642s] Level 1:colcon.colcon_core.environment:checking '/home/ihitexe/mrm_ros_union_dir/ros_ws3/install/tutorial_interfaces/lib'
[0.642s] Level 1:colcon.colcon_core.shell:create_environment_hook('tutorial_interfaces', 'ld_library_path_lib')
[0.642s] INFO:colcon.colcon_core.shell:Creating environment hook '/home/ihitexe/mrm_ros_union_dir/ros_ws3/install/tutorial_interfaces/share/tutorial_interfaces/hook/ld_library_path_lib.ps1'
[0.642s] INFO:colcon.colcon_core.shell:Creating environment descriptor '/home/ihitexe/mrm_ros_union_dir/ros_ws3/install/tutorial_interfaces/share/tutorial_interfaces/hook/ld_library_path_lib.dsv'
[0.643s] INFO:colcon.colcon_core.shell:Creating environment hook '/home/ihitexe/mrm_ros_union_dir/ros_ws3/install/tutorial_interfaces/share/tutorial_interfaces/hook/ld_library_path_lib.sh'
[0.643s] Level 1:colcon.colcon_core.environment:checking '/home/ihitexe/mrm_ros_union_dir/ros_ws3/install/tutorial_interfaces/bin'
[0.643s] Level 1:colcon.colcon_core.environment:checking '/home/ihitexe/mrm_ros_union_dir/ros_ws3/install/tutorial_interfaces/lib/pkgconfig/tutorial_interfaces.pc'
[0.643s] Level 1:colcon.colcon_core.environment:checking '/home/ihitexe/mrm_ros_union_dir/ros_ws3/install/tutorial_interfaces/lib/python3.10/site-packages'
[0.643s] Level 1:colcon.colcon_core.environment:checking '/home/ihitexe/mrm_ros_union_dir/ros_ws3/install/tutorial_interfaces/bin'
[0.643s] INFO:colcon.colcon_core.shell:Creating package script '/home/ihitexe/mrm_ros_union_dir/ros_ws3/install/tutorial_interfaces/share/tutorial_interfaces/package.ps1'
[0.644s] INFO:colcon.colcon_core.shell:Creating package descriptor '/home/ihitexe/mrm_ros_union_dir/ros_ws3/install/tutorial_interfaces/share/tutorial_interfaces/package.dsv'
[0.644s] INFO:colcon.colcon_core.shell:Creating package script '/home/ihitexe/mrm_ros_union_dir/ros_ws3/install/tutorial_interfaces/share/tutorial_interfaces/package.sh'
[0.645s] INFO:colcon.colcon_core.shell:Creating package script '/home/ihitexe/mrm_ros_union_dir/ros_ws3/install/tutorial_interfaces/share/tutorial_interfaces/package.bash'
[0.645s] INFO:colcon.colcon_core.shell:Creating package script '/home/ihitexe/mrm_ros_union_dir/ros_ws3/install/tutorial_interfaces/share/tutorial_interfaces/package.zsh'
[0.646s] Level 1:colcon.colcon_core.environment:create_file_with_runtime_dependencies(/home/ihitexe/mrm_ros_union_dir/ros_ws3/install/tutorial_interfaces/share/colcon-core/packages/tutorial_interfaces)
[0.646s] Level 1:colcon.colcon_core.environment:create_environment_scripts_only(tutorial_interfaces)
[0.646s] Level 1:colcon.colcon_core.environment:checking '/home/ihitexe/mrm_ros_union_dir/ros_ws3/install/tutorial_interfaces' for CMake module files
[0.646s] Level 1:colcon.colcon_core.environment:checking '/home/ihitexe/mrm_ros_union_dir/ros_ws3/install/tutorial_interfaces' for CMake config files
[0.647s] Level 1:colcon.colcon_core.shell:create_environment_hook('tutorial_interfaces', 'cmake_prefix_path')
[0.647s] INFO:colcon.colcon_core.shell:Creating environment hook '/home/ihitexe/mrm_ros_union_dir/ros_ws3/install/tutorial_interfaces/share/tutorial_interfaces/hook/cmake_prefix_path.ps1'
[0.647s] INFO:colcon.colcon_core.shell:Creating environment descriptor '/home/ihitexe/mrm_ros_union_dir/ros_ws3/install/tutorial_interfaces/share/tutorial_interfaces/hook/cmake_prefix_path.dsv'
[0.647s] INFO:colcon.colcon_core.shell:Creating environment hook '/home/ihitexe/mrm_ros_union_dir/ros_ws3/install/tutorial_interfaces/share/tutorial_interfaces/hook/cmake_prefix_path.sh'
[0.647s] Level 1:colcon.colcon_core.environment:checking '/home/ihitexe/mrm_ros_union_dir/ros_ws3/install/tutorial_interfaces/lib'
[0.647s] Level 1:colcon.colcon_core.shell:create_environment_hook('tutorial_interfaces', 'ld_library_path_lib')
[0.648s] INFO:colcon.colcon_core.shell:Creating environment hook '/home/ihitexe/mrm_ros_union_dir/ros_ws3/install/tutorial_interfaces/share/tutorial_interfaces/hook/ld_library_path_lib.ps1'
[0.648s] INFO:colcon.colcon_core.shell:Creating environment descriptor '/home/ihitexe/mrm_ros_union_dir/ros_ws3/install/tutorial_interfaces/share/tutorial_interfaces/hook/ld_library_path_lib.dsv'
[0.648s] INFO:colcon.colcon_core.shell:Creating environment hook '/home/ihitexe/mrm_ros_union_dir/ros_ws3/install/tutorial_interfaces/share/tutorial_interfaces/hook/ld_library_path_lib.sh'
[0.648s] Level 1:colcon.colcon_core.environment:checking '/home/ihitexe/mrm_ros_union_dir/ros_ws3/install/tutorial_interfaces/bin'
[0.648s] Level 1:colcon.colcon_core.environment:checking '/home/ihitexe/mrm_ros_union_dir/ros_ws3/install/tutorial_interfaces/lib/pkgconfig/tutorial_interfaces.pc'
[0.648s] Level 1:colcon.colcon_core.environment:checking '/home/ihitexe/mrm_ros_union_dir/ros_ws3/install/tutorial_interfaces/lib/python3.10/site-packages'
[0.648s] Level 1:colcon.colcon_core.environment:checking '/home/ihitexe/mrm_ros_union_dir/ros_ws3/install/tutorial_interfaces/bin'
[0.649s] INFO:colcon.colcon_core.shell:Creating package script '/home/ihitexe/mrm_ros_union_dir/ros_ws3/install/tutorial_interfaces/share/tutorial_interfaces/package.ps1'
[0.649s] INFO:colcon.colcon_core.shell:Creating package descriptor '/home/ihitexe/mrm_ros_union_dir/ros_ws3/install/tutorial_interfaces/share/tutorial_interfaces/package.dsv'
[0.649s] INFO:colcon.colcon_core.shell:Creating package script '/home/ihitexe/mrm_ros_union_dir/ros_ws3/install/tutorial_interfaces/share/tutorial_interfaces/package.sh'
[0.649s] INFO:colcon.colcon_core.shell:Creating package script '/home/ihitexe/mrm_ros_union_dir/ros_ws3/install/tutorial_interfaces/share/tutorial_interfaces/package.bash'
[0.650s] INFO:colcon.colcon_core.shell:Creating package script '/home/ihitexe/mrm_ros_union_dir/ros_ws3/install/tutorial_interfaces/share/tutorial_interfaces/package.zsh'
[0.650s] Level 1:colcon.colcon_core.environment:create_file_with_runtime_dependencies(/home/ihitexe/mrm_ros_union_dir/ros_ws3/install/tutorial_interfaces/share/colcon-core/packages/tutorial_interfaces)
[0.650s] INFO:colcon.colcon_ros.task.ament_cmake.build:Building ROS package in '/home/ihitexe/mrm_ros_union_dir/ros_ws3/src/disp_pkg' with build type 'ament_cmake'
[0.650s] INFO:colcon.colcon_cmake.task.cmake.build:Building CMake package in '/home/ihitexe/mrm_ros_union_dir/ros_ws3/src/disp_pkg'
[0.650s] INFO:colcon.colcon_core.shell:Skip shell extension 'powershell' for command environment: Not usable outside of PowerShell
[0.650s] DEBUG:colcon.colcon_core.shell:Skip shell extension 'dsv' for command environment
[0.655s] INFO:colcon.colcon_ros.task.ament_cmake.build:Building ROS package in '/home/ihitexe/mrm_ros_union_dir/ros_ws3/src/pub_pkg' with build type 'ament_cmake'
[0.656s] INFO:colcon.colcon_cmake.task.cmake.build:Building CMake package in '/home/ihitexe/mrm_ros_union_dir/ros_ws3/src/pub_pkg'
[0.656s] INFO:colcon.colcon_core.shell:Skip shell extension 'powershell' for command environment: Not usable outside of PowerShell
[0.656s] DEBUG:colcon.colcon_core.shell:Skip shell extension 'dsv' for command environment
[0.659s] INFO:colcon.colcon_ros.task.ament_cmake.build:Building ROS package in '/home/ihitexe/mrm_ros_union_dir/ros_ws3/src/sub_pkg' with build type 'ament_cmake'
[0.659s] INFO:colcon.colcon_cmake.task.cmake.build:Building CMake package in '/home/ihitexe/mrm_ros_union_dir/ros_ws3/src/sub_pkg'
[0.659s] INFO:colcon.colcon_core.shell:Skip shell extension 'powershell' for command environment: Not usable outside of PowerShell
[0.659s] DEBUG:colcon.colcon_core.shell:Skip shell extension 'dsv' for command environment
[0.665s] DEBUG:colcon.colcon_core.event_handler.log_command:Invoking command in '/home/ihitexe/mrm_ros_union_dir/ros_ws3/build/disp_pkg': CMAKE_PREFIX_PATH=/home/ihitexe/mrm_ros_union_dir/ros_ws3/install/tutorial_interfaces:/home/ihitexe/mrm_ros_union_dir/ros_ws3/install/sub_pkg:/home/ihitexe/mrm_ros_union_dir/ros_ws3/install/pub_pkg:/home/ihitexe/mrm_ros_union_dir/ros_ws3/install/disp_pkg:/opt/ros/humble /usr/bin/cmake --build /home/ihitexe/mrm_ros_union_dir/ros_ws3/build/disp_pkg -- -j12 -l12
[0.669s] DEBUG:colcon.colcon_core.event_handler.log_command:Invoking command in '/home/ihitexe/mrm_ros_union_dir/ros_ws3/build/pub_pkg': CMAKE_PREFIX_PATH=/home/ihitexe/mrm_ros_union_dir/ros_ws3/install/tutorial_interfaces:/home/ihitexe/mrm_ros_union_dir/ros_ws3/install/sub_pkg:/home/ihitexe/mrm_ros_union_dir/ros_ws3/install/pub_pkg:/home/ihitexe/mrm_ros_union_dir/ros_ws3/install/disp_pkg:/opt/ros/humble /usr/bin/cmake --build /home/ihitexe/mrm_ros_union_dir/ros_ws3/build/pub_pkg -- -j12 -l12
[0.676s] DEBUG:colcon.colcon_core.event_handler.log_command:Invoking command in '/home/ihitexe/mrm_ros_union_dir/ros_ws3/build/sub_pkg': CMAKE_PREFIX_PATH=/home/ihitexe/mrm_ros_union_dir/ros_ws3/install/tutorial_interfaces:/home/ihitexe/mrm_ros_union_dir/ros_ws3/install/sub_pkg:/home/ihitexe/mrm_ros_union_dir/ros_ws3/install/pub_pkg:/home/ihitexe/mrm_ros_union_dir/ros_ws3/install/disp_pkg:/opt/ros/humble /usr/bin/cmake --build /home/ihitexe/mrm_ros_union_dir/ros_ws3/build/sub_pkg -- -j12 -l12
[0.744s] DEBUG:colcon.colcon_core.event_handler.log_command:Invoked command in '/home/ihitexe/mrm_ros_union_dir/ros_ws3/build/disp_pkg' returned '0': CMAKE_PREFIX_PATH=/home/ihitexe/mrm_ros_union_dir/ros_ws3/install/tutorial_interfaces:/home/ihitexe/mrm_ros_union_dir/ros_ws3/install/sub_pkg:/home/ihitexe/mrm_ros_union_dir/ros_ws3/install/pub_pkg:/home/ihitexe/mrm_ros_union_dir/ros_ws3/install/disp_pkg:/opt/ros/humble /usr/bin/cmake --build /home/ihitexe/mrm_ros_union_dir/ros_ws3/build/disp_pkg -- -j12 -l12
[0.746s] DEBUG:colcon.colcon_core.event_handler.log_command:Invoking command in '/home/ihitexe/mrm_ros_union_dir/ros_ws3/build/disp_pkg': CMAKE_PREFIX_PATH=/home/ihitexe/mrm_ros_union_dir/ros_ws3/install/tutorial_interfaces:/home/ihitexe/mrm_ros_union_dir/ros_ws3/install/sub_pkg:/home/ihitexe/mrm_ros_union_dir/ros_ws3/install/pub_pkg:/home/ihitexe/mrm_ros_union_dir/ros_ws3/install/disp_pkg:/opt/ros/humble /usr/bin/cmake --install /home/ihitexe/mrm_ros_union_dir/ros_ws3/build/disp_pkg
[0.762s] Level 1:colcon.colcon_core.environment:create_environment_scripts_only(disp_pkg)
[0.762s] Level 1:colcon.colcon_core.environment:checking '/home/ihitexe/mrm_ros_union_dir/ros_ws3/install/disp_pkg' for CMake module files
[0.763s] DEBUG:colcon.colcon_core.event_handler.log_command:Invoked command in '/home/ihitexe/mrm_ros_union_dir/ros_ws3/build/disp_pkg' returned '0': CMAKE_PREFIX_PATH=/home/ihitexe/mrm_ros_union_dir/ros_ws3/install/tutorial_interfaces:/home/ihitexe/mrm_ros_union_dir/ros_ws3/install/sub_pkg:/home/ihitexe/mrm_ros_union_dir/ros_ws3/install/pub_pkg:/home/ihitexe/mrm_ros_union_dir/ros_ws3/install/disp_pkg:/opt/ros/humble /usr/bin/cmake --install /home/ihitexe/mrm_ros_union_dir/ros_ws3/build/disp_pkg
[0.763s] Level 1:colcon.colcon_core.environment:checking '/home/ihitexe/mrm_ros_union_dir/ros_ws3/install/disp_pkg' for CMake config files
[0.764s] Level 1:colcon.colcon_core.shell:create_environment_hook('disp_pkg', 'cmake_prefix_path')
[0.764s] INFO:colcon.colcon_core.shell:Creating environment hook '/home/ihitexe/mrm_ros_union_dir/ros_ws3/install/disp_pkg/share/disp_pkg/hook/cmake_prefix_path.ps1'
[0.765s] INFO:colcon.colcon_core.shell:Creating environment descriptor '/home/ihitexe/mrm_ros_union_dir/ros_ws3/install/disp_pkg/share/disp_pkg/hook/cmake_prefix_path.dsv'
[0.766s] INFO:colcon.colcon_core.shell:Creating environment hook '/home/ihitexe/mrm_ros_union_dir/ros_ws3/install/disp_pkg/share/disp_pkg/hook/cmake_prefix_path.sh'
[0.766s] Level 1:colcon.colcon_core.environment:checking '/home/ihitexe/mrm_ros_union_dir/ros_ws3/install/disp_pkg/lib'
[0.766s] Level 1:colcon.colcon_core.environment:checking '/home/ihitexe/mrm_ros_union_dir/ros_ws3/install/disp_pkg/bin'
[0.766s] Level 1:colcon.colcon_core.environment:checking '/home/ihitexe/mrm_ros_union_dir/ros_ws3/install/disp_pkg/lib/pkgconfig/disp_pkg.pc'
[0.767s] Level 1:colcon.colcon_core.environment:checking '/home/ihitexe/mrm_ros_union_dir/ros_ws3/install/disp_pkg/lib/python3.10/site-packages'
[0.767s] Level 1:colcon.colcon_core.environment:checking '/home/ihitexe/mrm_ros_union_dir/ros_ws3/install/disp_pkg/bin'
[0.768s] INFO:colcon.colcon_core.shell:Creating package script '/home/ihitexe/mrm_ros_union_dir/ros_ws3/install/disp_pkg/share/disp_pkg/package.ps1'
[0.768s] INFO:colcon.colcon_core.shell:Creating package descriptor '/home/ihitexe/mrm_ros_union_dir/ros_ws3/install/disp_pkg/share/disp_pkg/package.dsv'
[0.769s] INFO:colcon.colcon_core.shell:Creating package script '/home/ihitexe/mrm_ros_union_dir/ros_ws3/install/disp_pkg/share/disp_pkg/package.sh'
[0.770s] INFO:colcon.colcon_core.shell:Creating package script '/home/ihitexe/mrm_ros_union_dir/ros_ws3/install/disp_pkg/share/disp_pkg/package.bash'
[0.770s] INFO:colcon.colcon_core.shell:Creating package script '/home/ihitexe/mrm_ros_union_dir/ros_ws3/install/disp_pkg/share/disp_pkg/package.zsh'
[0.771s] Level 1:colcon.colcon_core.environment:create_file_with_runtime_dependencies(/home/ihitexe/mrm_ros_union_dir/ros_ws3/install/disp_pkg/share/colcon-core/packages/disp_pkg)
[0.772s] Level 1:colcon.colcon_core.environment:create_environment_scripts_only(disp_pkg)
[0.772s] Level 1:colcon.colcon_core.environment:checking '/home/ihitexe/mrm_ros_union_dir/ros_ws3/install/disp_pkg' for CMake module files
[0.773s] Level 1:colcon.colcon_core.environment:checking '/home/ihitexe/mrm_ros_union_dir/ros_ws3/install/disp_pkg' for CMake config files
[0.773s] Level 1:colcon.colcon_core.shell:create_environment_hook('disp_pkg', 'cmake_prefix_path')
[0.773s] INFO:colcon.colcon_core.shell:Creating environment hook '/home/ihitexe/mrm_ros_union_dir/ros_ws3/install/disp_pkg/share/disp_pkg/hook/cmake_prefix_path.ps1'
[0.774s] INFO:colcon.colcon_core.shell:Creating environment descriptor '/home/ihitexe/mrm_ros_union_dir/ros_ws3/install/disp_pkg/share/disp_pkg/hook/cmake_prefix_path.dsv'
[0.774s] INFO:colcon.colcon_core.shell:Creating environment hook '/home/ihitexe/mrm_ros_union_dir/ros_ws3/install/disp_pkg/share/disp_pkg/hook/cmake_prefix_path.sh'
[0.775s] Level 1:colcon.colcon_core.environment:checking '/home/ihitexe/mrm_ros_union_dir/ros_ws3/install/disp_pkg/lib'
[0.775s] Level 1:colcon.colcon_core.environment:checking '/home/ihitexe/mrm_ros_union_dir/ros_ws3/install/disp_pkg/bin'
[0.775s] Level 1:colcon.colcon_core.environment:checking '/home/ihitexe/mrm_ros_union_dir/ros_ws3/install/disp_pkg/lib/pkgconfig/disp_pkg.pc'
[0.776s] Level 1:colcon.colcon_core.environment:checking '/home/ihitexe/mrm_ros_union_dir/ros_ws3/install/disp_pkg/lib/python3.10/site-packages'
[0.776s] Level 1:colcon.colcon_core.environment:checking '/home/ihitexe/mrm_ros_union_dir/ros_ws3/install/disp_pkg/bin'
[0.776s] INFO:colcon.colcon_core.shell:Creating package script '/home/ihitexe/mrm_ros_union_dir/ros_ws3/install/disp_pkg/share/disp_pkg/package.ps1'
[0.777s] INFO:colcon.colcon_core.shell:Creating package descriptor '/home/ihitexe/mrm_ros_union_dir/ros_ws3/install/disp_pkg/share/disp_pkg/package.dsv'
[0.778s] INFO:colcon.colcon_core.shell:Creating package script '/home/ihitexe/mrm_ros_union_dir/ros_ws3/install/disp_pkg/share/disp_pkg/package.sh'
[0.778s] INFO:colcon.colcon_core.shell:Creating package script '/home/ihitexe/mrm_ros_union_dir/ros_ws3/install/disp_pkg/share/disp_pkg/package.bash'
[0.779s] INFO:colcon.colcon_core.shell:Creating package script '/home/ihitexe/mrm_ros_union_dir/ros_ws3/install/disp_pkg/share/disp_pkg/package.zsh'
[0.779s] Level 1:colcon.colcon_core.environment:create_file_with_runtime_dependencies(/home/ihitexe/mrm_ros_union_dir/ros_ws3/install/disp_pkg/share/colcon-core/packages/disp_pkg)
[0.781s] DEBUG:colcon.colcon_core.event_handler.log_command:Invoked command in '/home/ihitexe/mrm_ros_union_dir/ros_ws3/build/sub_pkg' returned '0': CMAKE_PREFIX_PATH=/home/ihitexe/mrm_ros_union_dir/ros_ws3/install/tutorial_interfaces:/home/ihitexe/mrm_ros_union_dir/ros_ws3/install/sub_pkg:/home/ihitexe/mrm_ros_union_dir/ros_ws3/install/pub_pkg:/home/ihitexe/mrm_ros_union_dir/ros_ws3/install/disp_pkg:/opt/ros/humble /usr/bin/cmake --build /home/ihitexe/mrm_ros_union_dir/ros_ws3/build/sub_pkg -- -j12 -l12
[0.783s] DEBUG:colcon.colcon_core.event_handler.log_command:Invoking command in '/home/ihitexe/mrm_ros_union_dir/ros_ws3/build/sub_pkg': CMAKE_PREFIX_PATH=/home/ihitexe/mrm_ros_union_dir/ros_ws3/install/tutorial_interfaces:/home/ihitexe/mrm_ros_union_dir/ros_ws3/install/sub_pkg:/home/ihitexe/mrm_ros_union_dir/ros_ws3/install/pub_pkg:/home/ihitexe/mrm_ros_union_dir/ros_ws3/install/disp_pkg:/opt/ros/humble /usr/bin/cmake --install /home/ihitexe/mrm_ros_union_dir/ros_ws3/build/sub_pkg
[0.795s] Level 1:colcon.colcon_core.environment:create_environment_scripts_only(sub_pkg)
[0.795s] Level 1:colcon.colcon_core.environment:checking '/home/ihitexe/mrm_ros_union_dir/ros_ws3/install/sub_pkg' for CMake module files
[0.796s] DEBUG:colcon.colcon_core.event_handler.log_command:Invoked command in '/home/ihitexe/mrm_ros_union_dir/ros_ws3/build/sub_pkg' returned '0': CMAKE_PREFIX_PATH=/home/ihitexe/mrm_ros_union_dir/ros_ws3/install/tutorial_interfaces:/home/ihitexe/mrm_ros_union_dir/ros_ws3/install/sub_pkg:/home/ihitexe/mrm_ros_union_dir/ros_ws3/install/pub_pkg:/home/ihitexe/mrm_ros_union_dir/ros_ws3/install/disp_pkg:/opt/ros/humble /usr/bin/cmake --install /home/ihitexe/mrm_ros_union_dir/ros_ws3/build/sub_pkg
[0.797s] Level 1:colcon.colcon_core.environment:checking '/home/ihitexe/mrm_ros_union_dir/ros_ws3/install/sub_pkg' for CMake config files
[0.797s] Level 1:colcon.colcon_core.shell:create_environment_hook('sub_pkg', 'cmake_prefix_path')
[0.797s] INFO:colcon.colcon_core.shell:Creating environment hook '/home/ihitexe/mrm_ros_union_dir/ros_ws3/install/sub_pkg/share/sub_pkg/hook/cmake_prefix_path.ps1'
[0.798s] INFO:colcon.colcon_core.shell:Creating environment descriptor '/home/ihitexe/mrm_ros_union_dir/ros_ws3/install/sub_pkg/share/sub_pkg/hook/cmake_prefix_path.dsv'
[0.798s] INFO:colcon.colcon_core.shell:Creating environment hook '/home/ihitexe/mrm_ros_union_dir/ros_ws3/install/sub_pkg/share/sub_pkg/hook/cmake_prefix_path.sh'
[0.799s] Level 1:colcon.colcon_core.environment:checking '/home/ihitexe/mrm_ros_union_dir/ros_ws3/install/sub_pkg/lib'
[0.799s] Level 1:colcon.colcon_core.environment:checking '/home/ihitexe/mrm_ros_union_dir/ros_ws3/install/sub_pkg/bin'
[0.799s] Level 1:colcon.colcon_core.environment:checking '/home/ihitexe/mrm_ros_union_dir/ros_ws3/install/sub_pkg/lib/pkgconfig/sub_pkg.pc'
[0.800s] Level 1:colcon.colcon_core.environment:checking '/home/ihitexe/mrm_ros_union_dir/ros_ws3/install/sub_pkg/lib/python3.10/site-packages'
[0.800s] Level 1:colcon.colcon_core.environment:checking '/home/ihitexe/mrm_ros_union_dir/ros_ws3/install/sub_pkg/bin'
[0.800s] INFO:colcon.colcon_core.shell:Creating package script '/home/ihitexe/mrm_ros_union_dir/ros_ws3/install/sub_pkg/share/sub_pkg/package.ps1'
[0.801s] INFO:colcon.colcon_core.shell:Creating package descriptor '/home/ihitexe/mrm_ros_union_dir/ros_ws3/install/sub_pkg/share/sub_pkg/package.dsv'
[0.802s] INFO:colcon.colcon_core.shell:Creating package script '/home/ihitexe/mrm_ros_union_dir/ros_ws3/install/sub_pkg/share/sub_pkg/package.sh'
[0.802s] INFO:colcon.colcon_core.shell:Creating package script '/home/ihitexe/mrm_ros_union_dir/ros_ws3/install/sub_pkg/share/sub_pkg/package.bash'
[0.803s] INFO:colcon.colcon_core.shell:Creating package script '/home/ihitexe/mrm_ros_union_dir/ros_ws3/install/sub_pkg/share/sub_pkg/package.zsh'
[0.803s] Level 1:colcon.colcon_core.environment:create_file_with_runtime_dependencies(/home/ihitexe/mrm_ros_union_dir/ros_ws3/install/sub_pkg/share/colcon-core/packages/sub_pkg)
[0.803s] Level 1:colcon.colcon_core.environment:create_environment_scripts_only(sub_pkg)
[0.803s] Level 1:colcon.colcon_core.environment:checking '/home/ihitexe/mrm_ros_union_dir/ros_ws3/install/sub_pkg' for CMake module files
[0.804s] Level 1:colcon.colcon_core.environment:checking '/home/ihitexe/mrm_ros_union_dir/ros_ws3/install/sub_pkg' for CMake config files
[0.804s] Level 1:colcon.colcon_core.shell:create_environment_hook('sub_pkg', 'cmake_prefix_path')
[0.804s] INFO:colcon.colcon_core.shell:Creating environment hook '/home/ihitexe/mrm_ros_union_dir/ros_ws3/install/sub_pkg/share/sub_pkg/hook/cmake_prefix_path.ps1'
[0.804s] INFO:colcon.colcon_core.shell:Creating environment descriptor '/home/ihitexe/mrm_ros_union_dir/ros_ws3/install/sub_pkg/share/sub_pkg/hook/cmake_prefix_path.dsv'
[0.804s] INFO:colcon.colcon_core.shell:Creating environment hook '/home/ihitexe/mrm_ros_union_dir/ros_ws3/install/sub_pkg/share/sub_pkg/hook/cmake_prefix_path.sh'
[0.805s] Level 1:colcon.colcon_core.environment:checking '/home/ihitexe/mrm_ros_union_dir/ros_ws3/install/sub_pkg/lib'
[0.805s] Level 1:colcon.colcon_core.environment:checking '/home/ihitexe/mrm_ros_union_dir/ros_ws3/install/sub_pkg/bin'
[0.805s] Level 1:colcon.colcon_core.environment:checking '/home/ihitexe/mrm_ros_union_dir/ros_ws3/install/sub_pkg/lib/pkgconfig/sub_pkg.pc'
[0.805s] Level 1:colcon.colcon_core.environment:checking '/home/ihitexe/mrm_ros_union_dir/ros_ws3/install/sub_pkg/lib/python3.10/site-packages'
[0.805s] Level 1:colcon.colcon_core.environment:checking '/home/ihitexe/mrm_ros_union_dir/ros_ws3/install/sub_pkg/bin'
[0.805s] INFO:colcon.colcon_core.shell:Creating package script '/home/ihitexe/mrm_ros_union_dir/ros_ws3/install/sub_pkg/share/sub_pkg/package.ps1'
[0.806s] INFO:colcon.colcon_core.shell:Creating package descriptor '/home/ihitexe/mrm_ros_union_dir/ros_ws3/install/sub_pkg/share/sub_pkg/package.dsv'
[0.806s] INFO:colcon.colcon_core.shell:Creating package script '/home/ihitexe/mrm_ros_union_dir/ros_ws3/install/sub_pkg/share/sub_pkg/package.sh'
[0.806s] INFO:colcon.colcon_core.shell:Creating package script '/home/ihitexe/mrm_ros_union_dir/ros_ws3/install/sub_pkg/share/sub_pkg/package.bash'
[0.807s] INFO:colcon.colcon_core.shell:Creating package script '/home/ihitexe/mrm_ros_union_dir/ros_ws3/install/sub_pkg/share/sub_pkg/package.zsh'
[0.807s] Level 1:colcon.colcon_core.environment:create_file_with_runtime_dependencies(/home/ihitexe/mrm_ros_union_dir/ros_ws3/install/sub_pkg/share/colcon-core/packages/sub_pkg)
[3.987s] DEBUG:colcon.colcon_core.event_handler.log_command:Invoked command in '/home/ihitexe/mrm_ros_union_dir/ros_ws3/build/pub_pkg' returned '0': CMAKE_PREFIX_PATH=/home/ihitexe/mrm_ros_union_dir/ros_ws3/install/tutorial_interfaces:/home/ihitexe/mrm_ros_union_dir/ros_ws3/install/sub_pkg:/home/ihitexe/mrm_ros_union_dir/ros_ws3/install/pub_pkg:/home/ihitexe/mrm_ros_union_dir/ros_ws3/install/disp_pkg:/opt/ros/humble /usr/bin/cmake --build /home/ihitexe/mrm_ros_union_dir/ros_ws3/build/pub_pkg -- -j12 -l12
[3.989s] DEBUG:colcon.colcon_core.event_handler.log_command:Invoking command in '/home/ihitexe/mrm_ros_union_dir/ros_ws3/build/pub_pkg': CMAKE_PREFIX_PATH=/home/ihitexe/mrm_ros_union_dir/ros_ws3/install/tutorial_interfaces:/home/ihitexe/mrm_ros_union_dir/ros_ws3/install/sub_pkg:/home/ihitexe/mrm_ros_union_dir/ros_ws3/install/pub_pkg:/home/ihitexe/mrm_ros_union_dir/ros_ws3/install/disp_pkg:/opt/ros/humble /usr/bin/cmake --install /home/ihitexe/mrm_ros_union_dir/ros_ws3/build/pub_pkg
[3.999s] Level 1:colcon.colcon_core.environment:create_environment_scripts_only(pub_pkg)
[4.000s] Level 1:colcon.colcon_core.environment:checking '/home/ihitexe/mrm_ros_union_dir/ros_ws3/install/pub_pkg' for CMake module files
[4.000s] DEBUG:colcon.colcon_core.event_handler.log_command:Invoked command in '/home/ihitexe/mrm_ros_union_dir/ros_ws3/build/pub_pkg' returned '0': CMAKE_PREFIX_PATH=/home/ihitexe/mrm_ros_union_dir/ros_ws3/install/tutorial_interfaces:/home/ihitexe/mrm_ros_union_dir/ros_ws3/install/sub_pkg:/home/ihitexe/mrm_ros_union_dir/ros_ws3/install/pub_pkg:/home/ihitexe/mrm_ros_union_dir/ros_ws3/install/disp_pkg:/opt/ros/humble /usr/bin/cmake --install /home/ihitexe/mrm_ros_union_dir/ros_ws3/build/pub_pkg
[4.001s] Level 1:colcon.colcon_core.environment:checking '/home/ihitexe/mrm_ros_union_dir/ros_ws3/install/pub_pkg' for CMake config files
[4.002s] Level 1:colcon.colcon_core.shell:create_environment_hook('pub_pkg', 'cmake_prefix_path')
[4.002s] INFO:colcon.colcon_core.shell:Creating environment hook '/home/ihitexe/mrm_ros_union_dir/ros_ws3/install/pub_pkg/share/pub_pkg/hook/cmake_prefix_path.ps1'
[4.003s] INFO:colcon.colcon_core.shell:Creating environment descriptor '/home/ihitexe/mrm_ros_union_dir/ros_ws3/install/pub_pkg/share/pub_pkg/hook/cmake_prefix_path.dsv'
[4.003s] INFO:colcon.colcon_core.shell:Creating environment hook '/home/ihitexe/mrm_ros_union_dir/ros_ws3/install/pub_pkg/share/pub_pkg/hook/cmake_prefix_path.sh'
[4.004s] Level 1:colcon.colcon_core.environment:checking '/home/ihitexe/mrm_ros_union_dir/ros_ws3/install/pub_pkg/lib'
[4.004s] Level 1:colcon.colcon_core.environment:checking '/home/ihitexe/mrm_ros_union_dir/ros_ws3/install/pub_pkg/bin'
[4.004s] Level 1:colcon.colcon_core.environment:checking '/home/ihitexe/mrm_ros_union_dir/ros_ws3/install/pub_pkg/lib/pkgconfig/pub_pkg.pc'
[4.004s] Level 1:colcon.colcon_core.environment:checking '/home/ihitexe/mrm_ros_union_dir/ros_ws3/install/pub_pkg/lib/python3.10/site-packages'
[4.004s] Level 1:colcon.colcon_core.environment:checking '/home/ihitexe/mrm_ros_union_dir/ros_ws3/install/pub_pkg/bin'
[4.004s] INFO:colcon.colcon_core.shell:Creating package script '/home/ihitexe/mrm_ros_union_dir/ros_ws3/install/pub_pkg/share/pub_pkg/package.ps1'
[4.005s] INFO:colcon.colcon_core.shell:Creating package descriptor '/home/ihitexe/mrm_ros_union_dir/ros_ws3/install/pub_pkg/share/pub_pkg/package.dsv'
[4.005s] INFO:colcon.colcon_core.shell:Creating package script '/home/ihitexe/mrm_ros_union_dir/ros_ws3/install/pub_pkg/share/pub_pkg/package.sh'
[4.005s] INFO:colcon.colcon_core.shell:Creating package script '/home/ihitexe/mrm_ros_union_dir/ros_ws3/install/pub_pkg/share/pub_pkg/package.bash'
[4.005s] INFO:colcon.colcon_core.shell:Creating package script '/home/ihitexe/mrm_ros_union_dir/ros_ws3/install/pub_pkg/share/pub_pkg/package.zsh'
[4.005s] Level 1:colcon.colcon_core.environment:create_file_with_runtime_dependencies(/home/ihitexe/mrm_ros_union_dir/ros_ws3/install/pub_pkg/share/colcon-core/packages/pub_pkg)
[4.006s] Level 1:colcon.colcon_core.environment:create_environment_scripts_only(pub_pkg)
[4.006s] Level 1:colcon.colcon_core.environment:checking '/home/ihitexe/mrm_ros_union_dir/ros_ws3/install/pub_pkg' for CMake module files
[4.006s] Level 1:colcon.colcon_core.environment:checking '/home/ihitexe/mrm_ros_union_dir/ros_ws3/install/pub_pkg' for CMake config files
[4.006s] Level 1:colcon.colcon_core.shell:create_environment_hook('pub_pkg', 'cmake_prefix_path')
[4.006s] INFO:colcon.colcon_core.shell:Creating environment hook '/home/ihitexe/mrm_ros_union_dir/ros_ws3/install/pub_pkg/share/pub_pkg/hook/cmake_prefix_path.ps1'
[4.007s] INFO:colcon.colcon_core.shell:Creating environment descriptor '/home/ihitexe/mrm_ros_union_dir/ros_ws3/install/pub_pkg/share/pub_pkg/hook/cmake_prefix_path.dsv'
[4.007s] INFO:colcon.colcon_core.shell:Creating environment hook '/home/ihitexe/mrm_ros_union_dir/ros_ws3/install/pub_pkg/share/pub_pkg/hook/cmake_prefix_path.sh'
[4.007s] Level 1:colcon.colcon_core.environment:checking '/home/ihitexe/mrm_ros_union_dir/ros_ws3/install/pub_pkg/lib'
[4.007s] Level 1:colcon.colcon_core.environment:checking '/home/ihitexe/mrm_ros_union_dir/ros_ws3/install/pub_pkg/bin'
[4.007s] Level 1:colcon.colcon_core.environment:checking '/home/ihitexe/mrm_ros_union_dir/ros_ws3/install/pub_pkg/lib/pkgconfig/pub_pkg.pc'
[4.007s] Level 1:colcon.colcon_core.environment:checking '/home/ihitexe/mrm_ros_union_dir/ros_ws3/install/pub_pkg/lib/python3.10/site-packages'
[4.008s] Level 1:colcon.colcon_core.environment:checking '/home/ihitexe/mrm_ros_union_dir/ros_ws3/install/pub_pkg/bin'
[4.008s] INFO:colcon.colcon_core.shell:Creating package script '/home/ihitexe/mrm_ros_union_dir/ros_ws3/install/pub_pkg/share/pub_pkg/package.ps1'
[4.008s] INFO:colcon.colcon_core.shell:Creating package descriptor '/home/ihitexe/mrm_ros_union_dir/ros_ws3/install/pub_pkg/share/pub_pkg/package.dsv'
[4.008s] INFO:colcon.colcon_core.shell:Creating package script '/home/ihitexe/mrm_ros_union_dir/ros_ws3/install/pub_pkg/share/pub_pkg/package.sh'
[4.009s] INFO:colcon.colcon_core.shell:Creating package script '/home/ihitexe/mrm_ros_union_dir/ros_ws3/install/pub_pkg/share/pub_pkg/package.bash'
[4.009s] INFO:colcon.colcon_core.shell:Creating package script '/home/ihitexe/mrm_ros_union_dir/ros_ws3/install/pub_pkg/share/pub_pkg/package.zsh'
[4.009s] Level 1:colcon.colcon_core.environment:create_file_with_runtime_dependencies(/home/ihitexe/mrm_ros_union_dir/ros_ws3/install/pub_pkg/share/colcon-core/packages/pub_pkg)
[4.009s] DEBUG:colcon.colcon_parallel_executor.executor.parallel:closing loop
[4.010s] DEBUG:colcon.colcon_parallel_executor.executor.parallel:loop closed
[4.010s] DEBUG:colcon.colcon_parallel_executor.executor.parallel:run_until_complete finished with '0'
[4.010s] DEBUG:colcon.colcon_core.event_reactor:joining thread
[4.017s] INFO:colcon.colcon_core.plugin_system:Skipping extension 'colcon_notification.desktop_notification.terminal_notifier': Not used on non-Darwin systems
[4.017s] INFO:colcon.colcon_core.plugin_system:Skipping extension 'colcon_notification.desktop_notification.win32': Not used on non-Windows systems
[4.017s] INFO:colcon.colcon_notification.desktop_notification:Sending desktop notification using 'notify2'
[4.032s] DEBUG:colcon.colcon_core.event_reactor:joined thread
[4.032s] INFO:colcon.colcon_core.shell:Creating prefix script '/home/ihitexe/mrm_ros_union_dir/ros_ws3/install/local_setup.ps1'
[4.033s] INFO:colcon.colcon_core.shell:Creating prefix util module '/home/ihitexe/mrm_ros_union_dir/ros_ws3/install/_local_setup_util_ps1.py'
[4.034s] INFO:colcon.colcon_core.shell:Creating prefix chain script '/home/ihitexe/mrm_ros_union_dir/ros_ws3/install/setup.ps1'
[4.034s] INFO:colcon.colcon_core.shell:Creating prefix script '/home/ihitexe/mrm_ros_union_dir/ros_ws3/install/local_setup.sh'
[4.035s] INFO:colcon.colcon_core.shell:Creating prefix util module '/home/ihitexe/mrm_ros_union_dir/ros_ws3/install/_local_setup_util_sh.py'
[4.036s] INFO:colcon.colcon_core.shell:Creating prefix chain script '/home/ihitexe/mrm_ros_union_dir/ros_ws3/install/setup.sh'
[4.038s] INFO:colcon.colcon_core.shell:Creating prefix script '/home/ihitexe/mrm_ros_union_dir/ros_ws3/install/local_setup.bash'
[4.039s] INFO:colcon.colcon_core.shell:Creating prefix chain script '/home/ihitexe/mrm_ros_union_dir/ros_ws3/install/setup.bash'
[4.040s] INFO:colcon.colcon_core.shell:Creating prefix script '/home/ihitexe/mrm_ros_union_dir/ros_ws3/install/local_setup.zsh'
[4.041s] INFO:colcon.colcon_core.shell:Creating prefix chain script '/home/ihitexe/mrm_ros_union_dir/ros_ws3/install/setup.zsh'
