[0.009s] Invoking command in '/home/ihitexe/rover_ws/build/gazebo': CMAKE_PREFIX_PATH=/opt/ros/humble /usr/bin/cmake --build /home/ihitexe/rover_ws/build/gazebo -- -j12 -l12
[0.035s] -- Found ament_cmake: 1.3.11 (/opt/ros/humble/share/ament_cmake/cmake)
[0.136s] -- Found ament_lint_auto: 0.12.11 (/opt/ros/humble/share/ament_lint_auto/cmake)
[0.186s] -- Added test 'flake8' to check Python code syntax and style conventions
[0.187s] -- Added test 'lint_cmake' to check CMake code style
[0.187s] -- Added test 'pep257' to check Python code against some of the docstring style conventions in PEP 257
[0.188s] -- Added test 'xmllint' to check XML markup files
[0.188s] -- Configuring done
[0.189s] -- Generating done
[0.191s] -- Build files have been written to: /home/ihitexe/rover_ws/build/gazebo
[0.215s] Invoked command in '/home/ihitexe/rover_ws/build/gazebo' returned '0': CMAKE_PREFIX_PATH=/opt/ros/humble /usr/bin/cmake --build /home/ihitexe/rover_ws/build/gazebo -- -j12 -l12
[0.226s] Invoking command in '/home/ihitexe/rover_ws/build/gazebo': CMAKE_PREFIX_PATH=/opt/ros/humble /usr/bin/cmake --install /home/ihitexe/rover_ws/build/gazebo
[0.234s] -- Install configuration: ""
[0.234s] -- Installing: /home/ihitexe/rover_ws/install/gazebo/share/gazebo/launch
[0.234s] -- Installing: /home/ihitexe/rover_ws/install/gazebo/share/gazebo/launch/.vscode
[0.234s] -- Installing: /home/ihitexe/rover_ws/install/gazebo/share/gazebo/launch/.vscode/settings.json
[0.234s] -- Installing: /home/ihitexe/rover_ws/install/gazebo/share/gazebo/launch/.vscode/c_cpp_properties.json
[0.234s] -- Installing: /home/ihitexe/rover_ws/install/gazebo/share/gazebo/launch/gazebo_launch.py
[0.234s] -- Installing: /home/ihitexe/rover_ws/install/gazebo/share/gazebo/model
[0.235s] -- Installing: /home/ihitexe/rover_ws/install/gazebo/share/gazebo/model/rover.gazebo
[0.235s] -- Installing: /home/ihitexe/rover_ws/install/gazebo/share/gazebo/model/world.world
[0.235s] -- Installing: /home/ihitexe/rover_ws/install/gazebo/share/gazebo/model/rover.xacro
[0.235s] -- Installing: /home/ihitexe/rover_ws/install/gazebo/share/ament_index/resource_index/package_run_dependencies/gazebo
[0.235s] -- Up-to-date: /home/ihitexe/rover_ws/install/gazebo/share/ament_index/resource_index/parent_prefix_path/gazebo
[0.235s] -- Up-to-date: /home/ihitexe/rover_ws/install/gazebo/share/gazebo/environment/ament_prefix_path.sh
[0.236s] -- Installing: /home/ihitexe/rover_ws/install/gazebo/share/gazebo/environment/ament_prefix_path.dsv
[0.236s] -- Up-to-date: /home/ihitexe/rover_ws/install/gazebo/share/gazebo/environment/path.sh
[0.236s] -- Installing: /home/ihitexe/rover_ws/install/gazebo/share/gazebo/environment/path.dsv
[0.236s] -- Up-to-date: /home/ihitexe/rover_ws/install/gazebo/share/gazebo/local_setup.bash
[0.236s] -- Up-to-date: /home/ihitexe/rover_ws/install/gazebo/share/gazebo/local_setup.sh
[0.236s] -- Up-to-date: /home/ihitexe/rover_ws/install/gazebo/share/gazebo/local_setup.zsh
[0.236s] -- Installing: /home/ihitexe/rover_ws/install/gazebo/share/gazebo/local_setup.dsv
[0.236s] -- Installing: /home/ihitexe/rover_ws/install/gazebo/share/gazebo/package.dsv
[0.236s] -- Up-to-date: /home/ihitexe/rover_ws/install/gazebo/share/ament_index/resource_index/packages/gazebo
[0.236s] -- Up-to-date: /home/ihitexe/rover_ws/install/gazebo/share/gazebo/cmake/gazeboConfig.cmake
[0.237s] -- Up-to-date: /home/ihitexe/rover_ws/install/gazebo/share/gazebo/cmake/gazeboConfig-version.cmake
[0.237s] -- Installing: /home/ihitexe/rover_ws/install/gazebo/share/gazebo/package.xml
[0.238s] Invoked command in '/home/ihitexe/rover_ws/build/gazebo' returned '0': CMAKE_PREFIX_PATH=/opt/ros/humble /usr/bin/cmake --install /home/ihitexe/rover_ws/build/gazebo
