-- Found ament_cmake: 1.3.11 (/opt/ros/humble/share/ament_cmake/cmake)
-- Found rclcpp: 16.0.11 (/opt/ros/humble/share/rclcpp/cmake)
-- Found rosidl_generator_c: 3.1.6 (/opt/ros/humble/share/rosidl_generator_c/cmake)
-- Found rosidl_adapter: 3.1.6 (/opt/ros/humble/share/rosidl_adapter/cmake)
-- Found rosidl_generator_cpp: 3.1.6 (/opt/ros/humble/share/rosidl_generator_cpp/cmake)
-- Using all available rosidl_typesupport_c: rosidl_typesupport_fastrtps_c;rosidl_typesupport_introspection_c
-- Using all available rosidl_typesupport_cpp: rosidl_typesupport_fastrtps_cpp;rosidl_typesupport_introspection_cpp
-- Found rmw_implementation_cmake: 6.1.2 (/opt/ros/humble/share/rmw_implementation_cmake/cmake)
-- Found rmw_fastrtps_cpp: 6.2.7 (/opt/ros/humble/share/rmw_fastrtps_cpp/cmake)
-- Using RMW implementation 'rmw_fastrtps_cpp' as default
-- Found sensor_msgs: 4.2.4 (/opt/ros/humble/share/sensor_msgs/cmake)
-- Found ament_lint_auto: 0.12.11 (/opt/ros/humble/share/ament_lint_auto/cmake)
-- Added test 'cppcheck' to perform static code analysis on C / C++ code
-- Configured cppcheck include dirs: 
-- Configured cppcheck exclude dirs and/or files: 
-- Added test 'flake8' to check Python code syntax and style conventions
-- Added test 'lint_cmake' to check CMake code style
-- Added test 'pep257' to check Python code against some of the docstring style conventions in PEP 257
-- Added test 'uncrustify' to check C / C++ code style
-- Configured uncrustify additional arguments: 
-- Added test 'xmllint' to check XML markup files
-- Configuring done
-- Generating done
-- Build files have been written to: /home/ihitexe/rover_ws/build/gazebo
[ 50%] [32mBuilding CXX object CMakeFiles/sensors.dir/src/sensors.cpp.o[0m
[100%] [32m[1mLinking CXX executable sensors[0m
[100%] Built target sensors
-- Install configuration: ""
-- Up-to-date: /home/ihitexe/rover_ws/install/gazebo/share/gazebo/launch
-- Up-to-date: /home/ihitexe/rover_ws/install/gazebo/share/gazebo/launch/.vscode
-- Up-to-date: /home/ihitexe/rover_ws/install/gazebo/share/gazebo/launch/.vscode/settings.json
-- Up-to-date: /home/ihitexe/rover_ws/install/gazebo/share/gazebo/launch/.vscode/c_cpp_properties.json
-- Up-to-date: /home/ihitexe/rover_ws/install/gazebo/share/gazebo/launch/rviz_launch.py
-- Up-to-date: /home/ihitexe/rover_ws/install/gazebo/share/gazebo/launch/gazebo_launch.py
-- Up-to-date: /home/ihitexe/rover_ws/install/gazebo/share/gazebo/model
-- Up-to-date: /home/ihitexe/rover_ws/install/gazebo/share/gazebo/model/rover.gazebo
-- Up-to-date: /home/ihitexe/rover_ws/install/gazebo/share/gazebo/model/world.world
-- Up-to-date: /home/ihitexe/rover_ws/install/gazebo/share/gazebo/model/rover.xacro
-- Installing: /home/ihitexe/rover_ws/install/gazebo/lib/gazebo/sensors
-- Set runtime path of "/home/ihitexe/rover_ws/install/gazebo/lib/gazebo/sensors" to ""
-- Up-to-date: /home/ihitexe/rover_ws/install/gazebo/share/ament_index/resource_index/package_run_dependencies/gazebo
-- Installing: /home/ihitexe/rover_ws/install/gazebo/share/ament_index/resource_index/parent_prefix_path/gazebo
-- Up-to-date: /home/ihitexe/rover_ws/install/gazebo/share/gazebo/environment/ament_prefix_path.sh
-- Installing: /home/ihitexe/rover_ws/install/gazebo/share/gazebo/environment/ament_prefix_path.dsv
-- Up-to-date: /home/ihitexe/rover_ws/install/gazebo/share/gazebo/environment/path.sh
-- Installing: /home/ihitexe/rover_ws/install/gazebo/share/gazebo/environment/path.dsv
-- Up-to-date: /home/ihitexe/rover_ws/install/gazebo/share/gazebo/local_setup.bash
-- Up-to-date: /home/ihitexe/rover_ws/install/gazebo/share/gazebo/local_setup.sh
-- Up-to-date: /home/ihitexe/rover_ws/install/gazebo/share/gazebo/local_setup.zsh
-- Installing: /home/ihitexe/rover_ws/install/gazebo/share/gazebo/local_setup.dsv
-- Installing: /home/ihitexe/rover_ws/install/gazebo/share/gazebo/package.dsv
-- Up-to-date: /home/ihitexe/rover_ws/install/gazebo/share/ament_index/resource_index/packages/gazebo
-- Up-to-date: /home/ihitexe/rover_ws/install/gazebo/share/gazebo/cmake/gazeboConfig.cmake
-- Up-to-date: /home/ihitexe/rover_ws/install/gazebo/share/gazebo/cmake/gazeboConfig-version.cmake
-- Up-to-date: /home/ihitexe/rover_ws/install/gazebo/share/gazebo/package.xml
