[0.077s] DEBUG:colcon:Command line arguments: ['/usr/bin/colcon', 'list', '-p', '--base-paths', '/home/ihitexe/mrm_ros_union_dir/ros_ws3']
[0.077s] DEBUG:colcon:Parsed command line arguments: Namespace(log_base=None, log_level=None, verb_name='list', build_base='build', ignore_user_meta=False, metas=['./colcon.meta'], base_paths=['/home/ihitexe/mrm_ros_union_dir/ros_ws3'], packages_ignore=None, packages_ignore_regex=None, paths=None, packages_up_to=None, packages_up_to_regex=None, packages_above=None, packages_above_and_dependencies=None, packages_above_depth=None, packages_select_by_dep=None, packages_skip_by_dep=None, packages_skip_up_to=None, packages_select_build_failed=False, packages_skip_build_finished=False, packages_select_test_failures=False, packages_skip_test_passed=False, packages_select=None, packages_skip=None, packages_select_regex=None, packages_skip_regex=None, packages_start=None, packages_end=None, allow_overriding=[], topological_order=False, names_only=False, paths_only=True, topological_graph=False, topological_graph_dot=False, topological_graph_density=False, topological_graph_legend=False, topological_graph_dot_cluster=False, topological_graph_dot_include_skipped=False, verb_parser=<colcon_defaults.argument_parser.defaults.DefaultArgumentsDecorator object at 0x78997e3554b0>, verb_extension=<colcon_package_information.verb.list.ListVerb object at 0x78997e3547f0>, main=<bound method ListVerb.main of <colcon_package_information.verb.list.ListVerb object at 0x78997e3547f0>>)
[0.252s] Level 1:colcon.colcon_core.package_discovery:discover_packages(colcon_meta) check parameters
[0.253s] Level 1:colcon.colcon_core.package_discovery:discover_packages(recursive) check parameters
[0.253s] Level 1:colcon.colcon_core.package_discovery:discover_packages(ignore) check parameters
[0.253s] Level 1:colcon.colcon_core.package_discovery:discover_packages(path) check parameters
[0.253s] Level 1:colcon.colcon_core.package_discovery:discover_packages(recursive) discover
[0.253s] INFO:colcon.colcon_core.package_discovery:Crawling recursively for packages in '/home/ihitexe/mrm_ros_union_dir/ros_ws3'
[0.253s] Level 1:colcon.colcon_core.package_identification:_identify(/home/ihitexe/mrm_ros_union_dir/ros_ws3) by extensions ['ignore', 'ignore_ament_install']
[0.253s] Level 1:colcon.colcon_core.package_identification:_identify(/home/ihitexe/mrm_ros_union_dir/ros_ws3) by extension 'ignore'
[0.253s] Level 1:colcon.colcon_core.package_identification:_identify(/home/ihitexe/mrm_ros_union_dir/ros_ws3) by extension 'ignore_ament_install'
[0.253s] Level 1:colcon.colcon_core.package_identification:_identify(/home/ihitexe/mrm_ros_union_dir/ros_ws3) by extensions ['colcon_pkg']
[0.253s] Level 1:colcon.colcon_core.package_identification:_identify(/home/ihitexe/mrm_ros_union_dir/ros_ws3) by extension 'colcon_pkg'
[0.254s] Level 1:colcon.colcon_core.package_identification:_identify(/home/ihitexe/mrm_ros_union_dir/ros_ws3) by extensions ['colcon_meta']
[0.254s] Level 1:colcon.colcon_core.package_identification:_identify(/home/ihitexe/mrm_ros_union_dir/ros_ws3) by extension 'colcon_meta'
[0.254s] Level 1:colcon.colcon_core.package_identification:_identify(/home/ihitexe/mrm_ros_union_dir/ros_ws3) by extensions ['ros']
[0.254s] Level 1:colcon.colcon_core.package_identification:_identify(/home/ihitexe/mrm_ros_union_dir/ros_ws3) by extension 'ros'
[0.271s] Level 1:colcon.colcon_core.package_identification:_identify(/home/ihitexe/mrm_ros_union_dir/ros_ws3) by extensions ['cmake', 'python']
[0.271s] Level 1:colcon.colcon_core.package_identification:_identify(/home/ihitexe/mrm_ros_union_dir/ros_ws3) by extension 'cmake'
[0.271s] Level 1:colcon.colcon_core.package_identification:_identify(/home/ihitexe/mrm_ros_union_dir/ros_ws3) by extension 'python'
[0.272s] Level 1:colcon.colcon_core.package_identification:_identify(/home/ihitexe/mrm_ros_union_dir/ros_ws3) by extensions ['python_setup_py']
[0.272s] Level 1:colcon.colcon_core.package_identification:_identify(/home/ihitexe/mrm_ros_union_dir/ros_ws3) by extension 'python_setup_py'
[0.273s] Level 1:colcon.colcon_core.package_identification:_identify(/home/ihitexe/mrm_ros_union_dir/ros_ws3/build) by extensions ['ignore', 'ignore_ament_install']
[0.273s] Level 1:colcon.colcon_core.package_identification:_identify(/home/ihitexe/mrm_ros_union_dir/ros_ws3/build) by extension 'ignore'
[0.273s] Level 1:colcon.colcon_core.package_identification:_identify(/home/ihitexe/mrm_ros_union_dir/ros_ws3/build) ignored
[0.273s] Level 1:colcon.colcon_core.package_identification:_identify(/home/ihitexe/mrm_ros_union_dir/ros_ws3/install) by extensions ['ignore', 'ignore_ament_install']
[0.273s] Level 1:colcon.colcon_core.package_identification:_identify(/home/ihitexe/mrm_ros_union_dir/ros_ws3/install) by extension 'ignore'
[0.273s] Level 1:colcon.colcon_core.package_identification:_identify(/home/ihitexe/mrm_ros_union_dir/ros_ws3/install) ignored
[0.274s] Level 1:colcon.colcon_core.package_identification:_identify(/home/ihitexe/mrm_ros_union_dir/ros_ws3/log) by extensions ['ignore', 'ignore_ament_install']
[0.274s] Level 1:colcon.colcon_core.package_identification:_identify(/home/ihitexe/mrm_ros_union_dir/ros_ws3/log) by extension 'ignore'
[0.274s] Level 1:colcon.colcon_core.package_identification:_identify(/home/ihitexe/mrm_ros_union_dir/ros_ws3/log) ignored
[0.274s] Level 1:colcon.colcon_core.package_identification:_identify(/home/ihitexe/mrm_ros_union_dir/ros_ws3/src) by extensions ['ignore', 'ignore_ament_install']
[0.274s] Level 1:colcon.colcon_core.package_identification:_identify(/home/ihitexe/mrm_ros_union_dir/ros_ws3/src) by extension 'ignore'
[0.274s] Level 1:colcon.colcon_core.package_identification:_identify(/home/ihitexe/mrm_ros_union_dir/ros_ws3/src) by extension 'ignore_ament_install'
[0.274s] Level 1:colcon.colcon_core.package_identification:_identify(/home/ihitexe/mrm_ros_union_dir/ros_ws3/src) by extensions ['colcon_pkg']
[0.274s] Level 1:colcon.colcon_core.package_identification:_identify(/home/ihitexe/mrm_ros_union_dir/ros_ws3/src) by extension 'colcon_pkg'
[0.274s] Level 1:colcon.colcon_core.package_identification:_identify(/home/ihitexe/mrm_ros_union_dir/ros_ws3/src) by extensions ['colcon_meta']
[0.274s] Level 1:colcon.colcon_core.package_identification:_identify(/home/ihitexe/mrm_ros_union_dir/ros_ws3/src) by extension 'colcon_meta'
[0.275s] Level 1:colcon.colcon_core.package_identification:_identify(/home/ihitexe/mrm_ros_union_dir/ros_ws3/src) by extensions ['ros']
[0.275s] Level 1:colcon.colcon_core.package_identification:_identify(/home/ihitexe/mrm_ros_union_dir/ros_ws3/src) by extension 'ros'
[0.275s] Level 1:colcon.colcon_core.package_identification:_identify(/home/ihitexe/mrm_ros_union_dir/ros_ws3/src) by extensions ['cmake', 'python']
[0.275s] Level 1:colcon.colcon_core.package_identification:_identify(/home/ihitexe/mrm_ros_union_dir/ros_ws3/src) by extension 'cmake'
[0.275s] Level 1:colcon.colcon_core.package_identification:_identify(/home/ihitexe/mrm_ros_union_dir/ros_ws3/src) by extension 'python'
[0.275s] Level 1:colcon.colcon_core.package_identification:_identify(/home/ihitexe/mrm_ros_union_dir/ros_ws3/src) by extensions ['python_setup_py']
[0.275s] Level 1:colcon.colcon_core.package_identification:_identify(/home/ihitexe/mrm_ros_union_dir/ros_ws3/src) by extension 'python_setup_py'
[0.275s] Level 1:colcon.colcon_core.package_identification:_identify(/home/ihitexe/mrm_ros_union_dir/ros_ws3/src/disp_pkg) by extensions ['ignore', 'ignore_ament_install']
[0.275s] Level 1:colcon.colcon_core.package_identification:_identify(/home/ihitexe/mrm_ros_union_dir/ros_ws3/src/disp_pkg) by extension 'ignore'
[0.275s] Level 1:colcon.colcon_core.package_identification:_identify(/home/ihitexe/mrm_ros_union_dir/ros_ws3/src/disp_pkg) by extension 'ignore_ament_install'
[0.275s] Level 1:colcon.colcon_core.package_identification:_identify(/home/ihitexe/mrm_ros_union_dir/ros_ws3/src/disp_pkg) by extensions ['colcon_pkg']
[0.275s] Level 1:colcon.colcon_core.package_identification:_identify(/home/ihitexe/mrm_ros_union_dir/ros_ws3/src/disp_pkg) by extension 'colcon_pkg'
[0.275s] Level 1:colcon.colcon_core.package_identification:_identify(/home/ihitexe/mrm_ros_union_dir/ros_ws3/src/disp_pkg) by extensions ['colcon_meta']
[0.275s] Level 1:colcon.colcon_core.package_identification:_identify(/home/ihitexe/mrm_ros_union_dir/ros_ws3/src/disp_pkg) by extension 'colcon_meta'
[0.275s] Level 1:colcon.colcon_core.package_identification:_identify(/home/ihitexe/mrm_ros_union_dir/ros_ws3/src/disp_pkg) by extensions ['ros']
[0.276s] Level 1:colcon.colcon_core.package_identification:_identify(/home/ihitexe/mrm_ros_union_dir/ros_ws3/src/disp_pkg) by extension 'ros'
[0.279s] DEBUG:colcon.colcon_core.package_identification:Package '/home/ihitexe/mrm_ros_union_dir/ros_ws3/src/disp_pkg' with type 'ros.ament_cmake' and name 'disp_pkg'
[0.280s] Level 1:colcon.colcon_core.package_identification:_identify(/home/ihitexe/mrm_ros_union_dir/ros_ws3/src/pub_pkg) by extensions ['ignore', 'ignore_ament_install']
[0.280s] Level 1:colcon.colcon_core.package_identification:_identify(/home/ihitexe/mrm_ros_union_dir/ros_ws3/src/pub_pkg) by extension 'ignore'
[0.280s] Level 1:colcon.colcon_core.package_identification:_identify(/home/ihitexe/mrm_ros_union_dir/ros_ws3/src/pub_pkg) by extension 'ignore_ament_install'
[0.280s] Level 1:colcon.colcon_core.package_identification:_identify(/home/ihitexe/mrm_ros_union_dir/ros_ws3/src/pub_pkg) by extensions ['colcon_pkg']
[0.280s] Level 1:colcon.colcon_core.package_identification:_identify(/home/ihitexe/mrm_ros_union_dir/ros_ws3/src/pub_pkg) by extension 'colcon_pkg'
[0.280s] Level 1:colcon.colcon_core.package_identification:_identify(/home/ihitexe/mrm_ros_union_dir/ros_ws3/src/pub_pkg) by extensions ['colcon_meta']
[0.280s] Level 1:colcon.colcon_core.package_identification:_identify(/home/ihitexe/mrm_ros_union_dir/ros_ws3/src/pub_pkg) by extension 'colcon_meta'
[0.280s] Level 1:colcon.colcon_core.package_identification:_identify(/home/ihitexe/mrm_ros_union_dir/ros_ws3/src/pub_pkg) by extensions ['ros']
[0.280s] Level 1:colcon.colcon_core.package_identification:_identify(/home/ihitexe/mrm_ros_union_dir/ros_ws3/src/pub_pkg) by extension 'ros'
[0.282s] DEBUG:colcon.colcon_core.package_identification:Package '/home/ihitexe/mrm_ros_union_dir/ros_ws3/src/pub_pkg' with type 'ros.ament_cmake' and name 'pub_pkg'
[0.282s] Level 1:colcon.colcon_core.package_identification:_identify(/home/ihitexe/mrm_ros_union_dir/ros_ws3/src/sub_pkg) by extensions ['ignore', 'ignore_ament_install']
[0.282s] Level 1:colcon.colcon_core.package_identification:_identify(/home/ihitexe/mrm_ros_union_dir/ros_ws3/src/sub_pkg) by extension 'ignore'
[0.282s] Level 1:colcon.colcon_core.package_identification:_identify(/home/ihitexe/mrm_ros_union_dir/ros_ws3/src/sub_pkg) by extension 'ignore_ament_install'
[0.282s] Level 1:colcon.colcon_core.package_identification:_identify(/home/ihitexe/mrm_ros_union_dir/ros_ws3/src/sub_pkg) by extensions ['colcon_pkg']
[0.282s] Level 1:colcon.colcon_core.package_identification:_identify(/home/ihitexe/mrm_ros_union_dir/ros_ws3/src/sub_pkg) by extension 'colcon_pkg'
[0.282s] Level 1:colcon.colcon_core.package_identification:_identify(/home/ihitexe/mrm_ros_union_dir/ros_ws3/src/sub_pkg) by extensions ['colcon_meta']
[0.282s] Level 1:colcon.colcon_core.package_identification:_identify(/home/ihitexe/mrm_ros_union_dir/ros_ws3/src/sub_pkg) by extension 'colcon_meta'
[0.282s] Level 1:colcon.colcon_core.package_identification:_identify(/home/ihitexe/mrm_ros_union_dir/ros_ws3/src/sub_pkg) by extensions ['ros']
[0.283s] Level 1:colcon.colcon_core.package_identification:_identify(/home/ihitexe/mrm_ros_union_dir/ros_ws3/src/sub_pkg) by extension 'ros'
[0.284s] DEBUG:colcon.colcon_core.package_identification:Package '/home/ihitexe/mrm_ros_union_dir/ros_ws3/src/sub_pkg' with type 'ros.ament_cmake' and name 'sub_pkg'
[0.284s] Level 1:colcon.colcon_core.package_identification:_identify(/home/ihitexe/mrm_ros_union_dir/ros_ws3/src/tutorial_interfaces) by extensions ['ignore', 'ignore_ament_install']
[0.284s] Level 1:colcon.colcon_core.package_identification:_identify(/home/ihitexe/mrm_ros_union_dir/ros_ws3/src/tutorial_interfaces) by extension 'ignore'
[0.284s] Level 1:colcon.colcon_core.package_identification:_identify(/home/ihitexe/mrm_ros_union_dir/ros_ws3/src/tutorial_interfaces) by extension 'ignore_ament_install'
[0.284s] Level 1:colcon.colcon_core.package_identification:_identify(/home/ihitexe/mrm_ros_union_dir/ros_ws3/src/tutorial_interfaces) by extensions ['colcon_pkg']
[0.284s] Level 1:colcon.colcon_core.package_identification:_identify(/home/ihitexe/mrm_ros_union_dir/ros_ws3/src/tutorial_interfaces) by extension 'colcon_pkg'
[0.284s] Level 1:colcon.colcon_core.package_identification:_identify(/home/ihitexe/mrm_ros_union_dir/ros_ws3/src/tutorial_interfaces) by extensions ['colcon_meta']
[0.284s] Level 1:colcon.colcon_core.package_identification:_identify(/home/ihitexe/mrm_ros_union_dir/ros_ws3/src/tutorial_interfaces) by extension 'colcon_meta'
[0.285s] Level 1:colcon.colcon_core.package_identification:_identify(/home/ihitexe/mrm_ros_union_dir/ros_ws3/src/tutorial_interfaces) by extensions ['ros']
[0.285s] Level 1:colcon.colcon_core.package_identification:_identify(/home/ihitexe/mrm_ros_union_dir/ros_ws3/src/tutorial_interfaces) by extension 'ros'
[0.286s] DEBUG:colcon.colcon_core.package_identification:Package '/home/ihitexe/mrm_ros_union_dir/ros_ws3/src/tutorial_interfaces' with type 'ros.ament_cmake' and name 'tutorial_interfaces'
[0.286s] Level 1:colcon.colcon_core.package_discovery:discover_packages(recursive) using defaults
