[0.016s] Invoking command in '/home/ihitexe/rover_ws/build/gazebo': CMAKE_PREFIX_PATH=/opt/ros/humble /usr/bin/cmake --build /home/ihitexe/rover_ws/build/gazebo -- -j12 -l12
[0.065s] Invoked command in '/home/ihitexe/rover_ws/build/gazebo' returned '0': CMAKE_PREFIX_PATH=/opt/ros/humble /usr/bin/cmake --build /home/ihitexe/rover_ws/build/gazebo -- -j12 -l12
[0.079s] Invoking command in '/home/ihitexe/rover_ws/build/gazebo': CMAKE_PREFIX_PATH=/opt/ros/humble /usr/bin/cmake --install /home/ihitexe/rover_ws/build/gazebo
[0.086s] -- Install configuration: ""
[0.086s] -- Up-to-date: /home/ihitexe/rover_ws/install/gazebo/share/ament_index/resource_index/package_run_dependencies/gazebo
[0.086s] -- Up-to-date: /home/ihitexe/rover_ws/install/gazebo/share/ament_index/resource_index/parent_prefix_path/gazebo
[0.086s] -- Up-to-date: /home/ihitexe/rover_ws/install/gazebo/share/gazebo/environment/ament_prefix_path.sh
[0.087s] -- Up-to-date: /home/ihitexe/rover_ws/install/gazebo/share/gazebo/environment/ament_prefix_path.dsv
[0.087s] -- Up-to-date: /home/ihitexe/rover_ws/install/gazebo/share/gazebo/environment/path.sh
[0.087s] -- Up-to-date: /home/ihitexe/rover_ws/install/gazebo/share/gazebo/environment/path.dsv
[0.087s] -- Up-to-date: /home/ihitexe/rover_ws/install/gazebo/share/gazebo/local_setup.bash
[0.087s] -- Up-to-date: /home/ihitexe/rover_ws/install/gazebo/share/gazebo/local_setup.sh
[0.087s] -- Up-to-date: /home/ihitexe/rover_ws/install/gazebo/share/gazebo/local_setup.zsh
[0.087s] -- Up-to-date: /home/ihitexe/rover_ws/install/gazebo/share/gazebo/local_setup.dsv
[0.087s] -- Up-to-date: /home/ihitexe/rover_ws/install/gazebo/share/gazebo/package.dsv
[0.087s] -- Up-to-date: /home/ihitexe/rover_ws/install/gazebo/share/ament_index/resource_index/packages/gazebo
[0.087s] -- Up-to-date: /home/ihitexe/rover_ws/install/gazebo/share/gazebo/cmake/gazeboConfig.cmake
[0.087s] -- Up-to-date: /home/ihitexe/rover_ws/install/gazebo/share/gazebo/cmake/gazeboConfig-version.cmake
[0.088s] -- Up-to-date: /home/ihitexe/rover_ws/install/gazebo/share/gazebo/package.xml
[0.089s] Invoked command in '/home/ihitexe/rover_ws/build/gazebo' returned '0': CMAKE_PREFIX_PATH=/opt/ros/humble /usr/bin/cmake --install /home/ihitexe/rover_ws/build/gazebo
