[35m[1mConsolidate compiler generated dependencies of target sensors[0m
[100%] Built target sensors
-- Install configuration: ""
-- Up-to-date: /home/ihitexe/rover_ws/install/gazebo/share/gazebo/launch
-- Up-to-date: /home/ihitexe/rover_ws/install/gazebo/share/gazebo/launch/.vscode
-- Up-to-date: /home/ihitexe/rover_ws/install/gazebo/share/gazebo/launch/.vscode/settings.json
-- Up-to-date: /home/ihitexe/rover_ws/install/gazebo/share/gazebo/launch/.vscode/c_cpp_properties.json
-- Up-to-date: /home/ihitexe/rover_ws/install/gazebo/share/gazebo/launch/rviz_launch.py
-- Up-to-date: /home/ihitexe/rover_ws/install/gazebo/share/gazebo/launch/gazebo_launch.py
-- Up-to-date: /home/ihitexe/rover_ws/install/gazebo/share/gazebo/model
-- Up-to-date: /home/ihitexe/rover_ws/install/gazebo/share/gazebo/model/rover.gazebo
-- Installing: /home/ihitexe/rover_ws/install/gazebo/share/gazebo/model/build
-- Installing: /home/ihitexe/rover_ws/install/gazebo/share/gazebo/model/build/COLCON_IGNORE
-- Installing: /home/ihitexe/rover_ws/install/gazebo/share/gazebo/model/build/.built_by
-- Up-to-date: /home/ihitexe/rover_ws/install/gazebo/share/gazebo/model/world.world
-- Installing: /home/ihitexe/rover_ws/install/gazebo/share/gazebo/model/log
-- Installing: /home/ihitexe/rover_ws/install/gazebo/share/gazebo/model/log/COLCON_IGNORE
-- Installing: /home/ihitexe/rover_ws/install/gazebo/share/gazebo/model/log/latest
-- Installing: /home/ihitexe/rover_ws/install/gazebo/share/gazebo/model/log/build_2025-01-11_22-14-59
-- Installing: /home/ihitexe/rover_ws/install/gazebo/share/gazebo/model/log/build_2025-01-11_22-14-59/events.log
-- Installing: /home/ihitexe/rover_ws/install/gazebo/share/gazebo/model/log/build_2025-01-11_22-14-59/logger_all.log
-- Installing: /home/ihitexe/rover_ws/install/gazebo/share/gazebo/model/log/latest_build
-- Up-to-date: /home/ihitexe/rover_ws/install/gazebo/share/gazebo/model/rover.xacro
-- Installing: /home/ihitexe/rover_ws/install/gazebo/share/gazebo/model/install
-- Installing: /home/ihitexe/rover_ws/install/gazebo/share/gazebo/model/install/COLCON_IGNORE
-- Installing: /home/ihitexe/rover_ws/install/gazebo/share/gazebo/model/install/setup.ps1
-- Installing: /home/ihitexe/rover_ws/install/gazebo/share/gazebo/model/install/setup.zsh
-- Installing: /home/ihitexe/rover_ws/install/gazebo/share/gazebo/model/install/_local_setup_util_ps1.py
-- Installing: /home/ihitexe/rover_ws/install/gazebo/share/gazebo/model/install/setup.sh
-- Installing: /home/ihitexe/rover_ws/install/gazebo/share/gazebo/model/install/setup.bash
-- Installing: /home/ihitexe/rover_ws/install/gazebo/share/gazebo/model/install/_local_setup_util_sh.py
-- Installing: /home/ihitexe/rover_ws/install/gazebo/share/gazebo/model/install/local_setup.sh
-- Installing: /home/ihitexe/rover_ws/install/gazebo/share/gazebo/model/install/local_setup.zsh
-- Installing: /home/ihitexe/rover_ws/install/gazebo/share/gazebo/model/install/.colcon_install_layout
-- Installing: /home/ihitexe/rover_ws/install/gazebo/share/gazebo/model/install/local_setup.bash
-- Installing: /home/ihitexe/rover_ws/install/gazebo/share/gazebo/model/install/local_setup.ps1
-- Up-to-date: /home/ihitexe/rover_ws/install/gazebo/lib/gazebo/sensors
-- Up-to-date: /home/ihitexe/rover_ws/install/gazebo/share/ament_index/resource_index/package_run_dependencies/gazebo
-- Up-to-date: /home/ihitexe/rover_ws/install/gazebo/share/ament_index/resource_index/parent_prefix_path/gazebo
-- Up-to-date: /home/ihitexe/rover_ws/install/gazebo/share/gazebo/environment/ament_prefix_path.sh
-- Up-to-date: /home/ihitexe/rover_ws/install/gazebo/share/gazebo/environment/ament_prefix_path.dsv
-- Up-to-date: /home/ihitexe/rover_ws/install/gazebo/share/gazebo/environment/path.sh
-- Up-to-date: /home/ihitexe/rover_ws/install/gazebo/share/gazebo/environment/path.dsv
-- Up-to-date: /home/ihitexe/rover_ws/install/gazebo/share/gazebo/local_setup.bash
-- Up-to-date: /home/ihitexe/rover_ws/install/gazebo/share/gazebo/local_setup.sh
-- Up-to-date: /home/ihitexe/rover_ws/install/gazebo/share/gazebo/local_setup.zsh
-- Up-to-date: /home/ihitexe/rover_ws/install/gazebo/share/gazebo/local_setup.dsv
-- Installing: /home/ihitexe/rover_ws/install/gazebo/share/gazebo/package.dsv
-- Up-to-date: /home/ihitexe/rover_ws/install/gazebo/share/ament_index/resource_index/packages/gazebo
-- Up-to-date: /home/ihitexe/rover_ws/install/gazebo/share/gazebo/cmake/gazeboConfig.cmake
-- Up-to-date: /home/ihitexe/rover_ws/install/gazebo/share/gazebo/cmake/gazeboConfig-version.cmake
-- Up-to-date: /home/ihitexe/rover_ws/install/gazebo/share/gazebo/package.xml
