[0.012s] Invoking command in '/home/ihitexe/mrm_ros_union_dir/ros_ws3/build/pub_pkg': CMAKE_PREFIX_PATH=/home/ihitexe/mrm_ros_union_dir/ros_ws3/install/tutorial_interfaces:/home/ihitexe/mrm_ros_union_dir/ros_ws3/install/sub_pkg:/home/ihitexe/mrm_ros_union_dir/ros_ws3/install/pub_pkg:/home/ihitexe/mrm_ros_union_dir/ros_ws3/install/disp_pkg:/opt/ros/humble /usr/bin/cmake --build /home/ihitexe/mrm_ros_union_dir/ros_ws3/build/pub_pkg -- -j12 -l12
[0.070s] [35m[1mConsolidate compiler generated dependencies of target pub_node[0m
[0.092s] [ 50%] [32mBuilding CXX object CMakeFiles/pub_node.dir/src/pub_node.cpp.o[0m
[3.161s] [100%] [32m[1mLinking CXX executable pub_node[0m
[3.320s] [100%] Built target pub_node
[3.331s] Invoked command in '/home/ihitexe/mrm_ros_union_dir/ros_ws3/build/pub_pkg' returned '0': CMAKE_PREFIX_PATH=/home/ihitexe/mrm_ros_union_dir/ros_ws3/install/tutorial_interfaces:/home/ihitexe/mrm_ros_union_dir/ros_ws3/install/sub_pkg:/home/ihitexe/mrm_ros_union_dir/ros_ws3/install/pub_pkg:/home/ihitexe/mrm_ros_union_dir/ros_ws3/install/disp_pkg:/opt/ros/humble /usr/bin/cmake --build /home/ihitexe/mrm_ros_union_dir/ros_ws3/build/pub_pkg -- -j12 -l12
[3.333s] Invoking command in '/home/ihitexe/mrm_ros_union_dir/ros_ws3/build/pub_pkg': CMAKE_PREFIX_PATH=/home/ihitexe/mrm_ros_union_dir/ros_ws3/install/tutorial_interfaces:/home/ihitexe/mrm_ros_union_dir/ros_ws3/install/sub_pkg:/home/ihitexe/mrm_ros_union_dir/ros_ws3/install/pub_pkg:/home/ihitexe/mrm_ros_union_dir/ros_ws3/install/disp_pkg:/opt/ros/humble /usr/bin/cmake --install /home/ihitexe/mrm_ros_union_dir/ros_ws3/build/pub_pkg
[3.340s] -- Install configuration: ""
[3.340s] -- Installing: /home/ihitexe/mrm_ros_union_dir/ros_ws3/install/pub_pkg/lib/pub_pkg/pub_node
[3.341s] -- Set runtime path of "/home/ihitexe/mrm_ros_union_dir/ros_ws3/install/pub_pkg/lib/pub_pkg/pub_node" to ""
[3.341s] -- Up-to-date: /home/ihitexe/mrm_ros_union_dir/ros_ws3/install/pub_pkg/share/ament_index/resource_index/package_run_dependencies/pub_pkg
[3.341s] -- Up-to-date: /home/ihitexe/mrm_ros_union_dir/ros_ws3/install/pub_pkg/share/ament_index/resource_index/parent_prefix_path/pub_pkg
[3.341s] -- Up-to-date: /home/ihitexe/mrm_ros_union_dir/ros_ws3/install/pub_pkg/share/pub_pkg/environment/ament_prefix_path.sh
[3.341s] -- Up-to-date: /home/ihitexe/mrm_ros_union_dir/ros_ws3/install/pub_pkg/share/pub_pkg/environment/ament_prefix_path.dsv
[3.342s] -- Up-to-date: /home/ihitexe/mrm_ros_union_dir/ros_ws3/install/pub_pkg/share/pub_pkg/environment/path.sh
[3.342s] -- Up-to-date: /home/ihitexe/mrm_ros_union_dir/ros_ws3/install/pub_pkg/share/pub_pkg/environment/path.dsv
[3.342s] -- Up-to-date: /home/ihitexe/mrm_ros_union_dir/ros_ws3/install/pub_pkg/share/pub_pkg/local_setup.bash
[3.342s] -- Up-to-date: /home/ihitexe/mrm_ros_union_dir/ros_ws3/install/pub_pkg/share/pub_pkg/local_setup.sh
[3.342s] -- Up-to-date: /home/ihitexe/mrm_ros_union_dir/ros_ws3/install/pub_pkg/share/pub_pkg/local_setup.zsh
[3.342s] -- Up-to-date: /home/ihitexe/mrm_ros_union_dir/ros_ws3/install/pub_pkg/share/pub_pkg/local_setup.dsv
[3.342s] -- Installing: /home/ihitexe/mrm_ros_union_dir/ros_ws3/install/pub_pkg/share/pub_pkg/package.dsv
[3.342s] -- Up-to-date: /home/ihitexe/mrm_ros_union_dir/ros_ws3/install/pub_pkg/share/ament_index/resource_index/packages/pub_pkg
[3.342s] -- Up-to-date: /home/ihitexe/mrm_ros_union_dir/ros_ws3/install/pub_pkg/share/pub_pkg/cmake/pub_pkgConfig.cmake
[3.343s] -- Up-to-date: /home/ihitexe/mrm_ros_union_dir/ros_ws3/install/pub_pkg/share/pub_pkg/cmake/pub_pkgConfig-version.cmake
[3.343s] -- Up-to-date: /home/ihitexe/mrm_ros_union_dir/ros_ws3/install/pub_pkg/share/pub_pkg/package.xml
[3.344s] Invoked command in '/home/ihitexe/mrm_ros_union_dir/ros_ws3/build/pub_pkg' returned '0': CMAKE_PREFIX_PATH=/home/ihitexe/mrm_ros_union_dir/ros_ws3/install/tutorial_interfaces:/home/ihitexe/mrm_ros_union_dir/ros_ws3/install/sub_pkg:/home/ihitexe/mrm_ros_union_dir/ros_ws3/install/pub_pkg:/home/ihitexe/mrm_ros_union_dir/ros_ws3/install/disp_pkg:/opt/ros/humble /usr/bin/cmake --install /home/ihitexe/mrm_ros_union_dir/ros_ws3/build/pub_pkg
