[0.008s] Invoking command in '/home/ihitexe/mrm_ros_union_dir/ros_ws3/build/interface': CMAKE_PREFIX_PATH=/opt/ros/humble /usr/bin/cmake /home/ihitexe/mrm_ros_union_dir/ros_ws3/src/interface -DCMAKE_INSTALL_PREFIX=/home/ihitexe/mrm_ros_union_dir/ros_ws3/install/interface
[0.125s] -- The C compiler identification is GNU 11.4.0
[0.211s] -- The CXX compiler identification is GNU 11.4.0
[0.219s] -- Detecting C compiler ABI info
[0.293s] -- Detecting C compiler ABI info - done
[0.298s] -- Check for working C compiler: /usr/bin/cc - skipped
[0.299s] -- Detecting C compile features
[0.300s] -- Detecting C compile features - done
[0.303s] -- Detecting CXX compiler ABI info
[0.395s] -- Detecting CXX compiler ABI info - done
[0.401s] -- Check for working CXX compiler: /usr/bin/c++ - skipped
[0.401s] -- Detecting CXX compile features
[0.402s] -- Detecting CXX compile features - done
[0.406s] -- Found ament_cmake: 1.3.10 (/opt/ros/humble/share/ament_cmake/cmake)
[0.547s] -- Found Python3: /usr/bin/python3 (found version "3.10.12") found components: Interpreter 
[0.631s] -- Found rosidl_default_generators: 1.2.0 (/opt/ros/humble/share/rosidl_default_generators/cmake)
[0.634s] -- Using all available rosidl_typesupport_c: rosidl_typesupport_fastrtps_c;rosidl_typesupport_introspection_c
[0.639s] -- Found rosidl_adapter: 3.1.5 (/opt/ros/humble/share/rosidl_adapter/cmake)
[0.669s] -- Using all available rosidl_typesupport_cpp: rosidl_typesupport_fastrtps_cpp;rosidl_typesupport_introspection_cpp
[0.848s] [31mCMake Error at /opt/ros/humble/share/rosidl_adapter/cmake/rosidl_adapt_interfaces.cmake:59 (message):
[0.848s]   execute_process(/usr/bin/python3 -m rosidl_adapter --package-name interface
[0.848s]   --arguments-file
[0.848s]   /home/ihitexe/mrm_ros_union_dir/ros_ws3/build/interface/rosidl_adapter__arguments__interface.json
[0.848s]   --output-dir
[0.848s]   /home/ihitexe/mrm_ros_union_dir/ros_ws3/build/interface/rosidl_adapter/interface
[0.848s]   --output-file
[0.848s]   /home/ihitexe/mrm_ros_union_dir/ros_ws3/build/interface/rosidl_adapter/interface.idls)
[0.848s]   returned error code 1:
[0.848s] 
[0.848s]   Traceback (most recent call last):
[0.848s] 
[0.848s]     File "/usr/lib/python3.10/runpy.py", line 196, in _run_module_as_main
[0.849s]       return _run_code(code, main_globals, None,
[0.849s]     File "/usr/lib/python3.10/runpy.py", line 86, in _run_code
[0.849s]       exec(code, run_globals)
[0.849s]     File "/opt/ros/humble/local/lib/python3.10/dist-packages/rosidl_adapter/__main__.py", line 19, in <module>
[0.849s]       sys.exit(main())
[0.849s]     File "/opt/ros/humble/local/lib/python3.10/dist-packages/rosidl_adapter/main.py", line 53, in main
[0.849s]       abs_idl_file = convert_to_idl(
[0.849s]     File "/opt/ros/humble/local/lib/python3.10/dist-packages/rosidl_adapter/__init__.py", line 19, in convert_to_idl
[0.849s]       return convert_msg_to_idl(
[0.849s]     File "/opt/ros/humble/local/lib/python3.10/dist-packages/rosidl_adapter/msg/__init__.py", line 28, in convert_msg_to_idl
[0.849s]       msg = parse_message_string(package_name, input_file.stem, content)
[0.849s]     File "/opt/ros/humble/local/lib/python3.10/dist-packages/rosidl_adapter/parser.py", line 544, in parse_message_string
[0.849s]       msg = MessageSpecification(pkg_name, msg_name, fields, constants)
[0.849s]     File "/opt/ros/humble/local/lib/python3.10/dist-packages/rosidl_adapter/parser.py", line 388, in __init__
[0.849s]       self.base_type = BaseType(
[0.849s]     File "/opt/ros/humble/local/lib/python3.10/dist-packages/rosidl_adapter/parser.py", line 205, in __init__
[0.849s]       raise InvalidResourceName(
[0.849s] 
[0.849s]   rosidl_adapter.parser.InvalidResourceName: 'bill' is an invalid message
[0.849s]   name.  It should have the pattern '^[A-Z][A-Za-z0-9]*$'
[0.849s] 
[0.849s] Call Stack (most recent call first):
[0.849s]   /opt/ros/humble/share/rosidl_cmake/cmake/rosidl_generate_interfaces.cmake:130 (rosidl_adapt_interfaces)
[0.849s]   CMakeLists.txt:17 (rosidl_generate_interfaces)
[0.849s] 
[0.849s] [0m
[0.850s] -- Configuring incomplete, errors occurred!
[0.850s] See also "/home/ihitexe/mrm_ros_union_dir/ros_ws3/build/interface/CMakeFiles/CMakeOutput.log".
[0.854s] Invoked command in '/home/ihitexe/mrm_ros_union_dir/ros_ws3/build/interface' returned '1': CMAKE_PREFIX_PATH=/opt/ros/humble /usr/bin/cmake /home/ihitexe/mrm_ros_union_dir/ros_ws3/src/interface -DCMAKE_INSTALL_PREFIX=/home/ihitexe/mrm_ros_union_dir/ros_ws3/install/interface
