[0.007s] Invoking command in '/home/ihitexe/mrm_ros_union_dir/ros_ws3/build/disp_pkg': CMAKE_PREFIX_PATH=/opt/ros/humble /usr/bin/cmake /home/ihitexe/mrm_ros_union_dir/ros_ws3/src/disp_pkg -DCMAKE_INSTALL_PREFIX=/home/ihitexe/mrm_ros_union_dir/ros_ws3/install/disp_pkg
[0.098s] -- The C compiler identification is GNU 11.4.0
[0.180s] -- The CXX compiler identification is GNU 11.4.0
[0.189s] -- Detecting C compiler ABI info
[0.256s] -- Detecting C compiler ABI info - done
[0.262s] -- Check for working C compiler: /usr/bin/cc - skipped
[0.262s] -- Detecting C compile features
[0.262s] -- Detecting C compile features - done
[0.265s] -- Detecting CXX compiler ABI info
[0.344s] -- Detecting CXX compiler ABI info - done
[0.349s] -- Check for working CXX compiler: /usr/bin/c++ - skipped
[0.349s] -- Detecting CXX compile features
[0.349s] -- Detecting CXX compile features - done
[0.353s] -- Found ament_cmake: 1.3.10 (/opt/ros/humble/share/ament_cmake/cmake)
[0.483s] -- Found Python3: /usr/bin/python3 (found version "3.10.12") found components: Interpreter 
[0.560s] -- Found rclcpp: 16.0.10 (/opt/ros/humble/share/rclcpp/cmake)
[0.593s] -- Found rosidl_generator_c: 3.1.5 (/opt/ros/humble/share/rosidl_generator_c/cmake)
[0.596s] -- Found rosidl_adapter: 3.1.5 (/opt/ros/humble/share/rosidl_adapter/cmake)
[0.603s] -- Found rosidl_generator_cpp: 3.1.5 (/opt/ros/humble/share/rosidl_generator_cpp/cmake)
[0.619s] -- Using all available rosidl_typesupport_c: rosidl_typesupport_fastrtps_c;rosidl_typesupport_introspection_c
[0.637s] -- Using all available rosidl_typesupport_cpp: rosidl_typesupport_fastrtps_cpp;rosidl_typesupport_introspection_cpp
[0.672s] -- Found rmw_implementation_cmake: 6.1.2 (/opt/ros/humble/share/rmw_implementation_cmake/cmake)
[0.674s] -- Found rmw_fastrtps_cpp: 6.2.7 (/opt/ros/humble/share/rmw_fastrtps_cpp/cmake)
[0.762s] -- Found OpenSSL: /usr/lib/x86_64-linux-gnu/libcrypto.so (found version "3.0.2")  
[0.793s] -- Found FastRTPS: /opt/ros/humble/include  
[0.827s] -- Using RMW implementation 'rmw_fastrtps_cpp' as default
[0.835s] -- Looking for pthread.h
[0.911s] -- Looking for pthread.h - found
[0.911s] -- Performing Test CMAKE_HAVE_LIBC_PTHREAD
[0.994s] -- Performing Test CMAKE_HAVE_LIBC_PTHREAD - Success
[0.994s] -- Found Threads: TRUE  
[1.043s] -- Found rosidl_default_generators: 1.2.0 (/opt/ros/humble/share/rosidl_default_generators/cmake)
[1.053s] [31mCMake Error at /opt/ros/humble/share/rosidl_cmake/cmake/rosidl_generate_interfaces.cmake:93 (message):
[1.053s]   rosidl_generate_interfaces() the passed file 'msg/Num.msg' doesn't exist
[1.053s]   relative to the CMAKE_CURRENT_SOURCE_DIR
[1.053s]   '/home/ihitexe/mrm_ros_union_dir/ros_ws3/src/disp_pkg'
[1.053s] Call Stack (most recent call first):
[1.053s]   CMakeLists.txt:28 (rosidl_generate_interfaces)
[1.053s] 
[1.053s] [0m
[1.053s] -- Configuring incomplete, errors occurred!
[1.054s] See also "/home/ihitexe/mrm_ros_union_dir/ros_ws3/build/disp_pkg/CMakeFiles/CMakeOutput.log".
[1.063s] Invoked command in '/home/ihitexe/mrm_ros_union_dir/ros_ws3/build/disp_pkg' returned '1': CMAKE_PREFIX_PATH=/opt/ros/humble /usr/bin/cmake /home/ihitexe/mrm_ros_union_dir/ros_ws3/src/disp_pkg -DCMAKE_INSTALL_PREFIX=/home/ihitexe/mrm_ros_union_dir/ros_ws3/install/disp_pkg
