[0.010s] Invoking command in '/home/ihitexe/mrm_ros_union_dir/ros_ws3/build/tutorial_interfaces': CMAKE_PREFIX_PATH=/opt/ros/humble /usr/bin/cmake /home/ihitexe/mrm_ros_union_dir/ros_ws3/src/tutorial_interfaces -DCMAKE_INSTALL_PREFIX=/home/ihitexe/mrm_ros_union_dir/ros_ws3/install/tutorial_interfaces
[0.063s] -- The C compiler identification is GNU 11.4.0
[0.114s] -- The CXX compiler identification is GNU 11.4.0
[0.120s] -- Detecting C compiler ABI info
[0.189s] -- Detecting C compiler ABI info - done
[0.194s] -- Check for working C compiler: /usr/bin/cc - skipped
[0.194s] -- Detecting C compile features
[0.194s] -- Detecting C compile features - done
[0.196s] -- Detecting CXX compiler ABI info
[0.294s] -- Detecting CXX compiler ABI info - done
[0.306s] -- Check for working CXX compiler: /usr/bin/c++ - skipped
[0.306s] -- Detecting CXX compile features
[0.307s] -- Detecting CXX compile features - done
[0.310s] -- Found ament_cmake: 1.3.10 (/opt/ros/humble/share/ament_cmake/cmake)
[0.478s] -- Found Python3: /usr/bin/python3 (found version "3.10.12") found components: Interpreter 
[0.545s] -- Found geometry_msgs: 4.2.4 (/opt/ros/humble/share/geometry_msgs/cmake)
[0.570s] -- Found rosidl_generator_c: 3.1.5 (/opt/ros/humble/share/rosidl_generator_c/cmake)
[0.572s] -- Found rosidl_adapter: 3.1.5 (/opt/ros/humble/share/rosidl_adapter/cmake)
[0.578s] -- Found rosidl_generator_cpp: 3.1.5 (/opt/ros/humble/share/rosidl_generator_cpp/cmake)
[0.585s] -- Using all available rosidl_typesupport_c: rosidl_typesupport_fastrtps_c;rosidl_typesupport_introspection_c
[0.596s] -- Using all available rosidl_typesupport_cpp: rosidl_typesupport_fastrtps_cpp;rosidl_typesupport_introspection_cpp
[0.625s] -- Found rosidl_default_generators: 1.2.0 (/opt/ros/humble/share/rosidl_default_generators/cmake)
[0.879s] -- Found ament_cmake_ros: 0.10.0 (/opt/ros/humble/share/ament_cmake_ros/cmake)
[1.243s] -- Using all available rosidl_typesupport_c: rosidl_typesupport_fastrtps_c;rosidl_typesupport_introspection_c
[1.385s] -- Using all available rosidl_typesupport_cpp: rosidl_typesupport_fastrtps_cpp;rosidl_typesupport_introspection_cpp
[1.405s] -- Found PythonInterp: /usr/bin/python3 (found suitable version "3.10.12", minimum required is "3.6") 
[1.407s] -- Found python_cmake_module: 0.10.0 (/opt/ros/humble/share/python_cmake_module/cmake)
[1.433s] -- Found PythonLibs: /usr/lib/x86_64-linux-gnu/libpython3.10.so (found suitable version "3.10.12", minimum required is "3.5") 
[1.433s] -- Using PYTHON_EXECUTABLE: /usr/bin/python3
[1.433s] -- Using PYTHON_INCLUDE_DIRS: /usr/include/python3.10
[1.433s] -- Using PYTHON_LIBRARIES: /usr/lib/x86_64-linux-gnu/libpython3.10.so
[1.462s] -- Found PythonExtra: .so  
[1.506s] -- Found ament_lint_auto: 0.12.11 (/opt/ros/humble/share/ament_lint_auto/cmake)
[1.520s] -- Added test 'lint_cmake' to check CMake code style
[1.521s] -- Added test 'xmllint' to check XML markup files
[1.523s] -- Configuring done
[1.545s] -- Generating done
[1.552s] -- Build files have been written to: /home/ihitexe/mrm_ros_union_dir/ros_ws3/build/tutorial_interfaces
[1.564s] Invoked command in '/home/ihitexe/mrm_ros_union_dir/ros_ws3/build/tutorial_interfaces' returned '0': CMAKE_PREFIX_PATH=/opt/ros/humble /usr/bin/cmake /home/ihitexe/mrm_ros_union_dir/ros_ws3/src/tutorial_interfaces -DCMAKE_INSTALL_PREFIX=/home/ihitexe/mrm_ros_union_dir/ros_ws3/install/tutorial_interfaces
[1.564s] Invoking command in '/home/ihitexe/mrm_ros_union_dir/ros_ws3/build/tutorial_interfaces': CMAKE_PREFIX_PATH=/opt/ros/humble /usr/bin/cmake --build /home/ihitexe/mrm_ros_union_dir/ros_ws3/build/tutorial_interfaces -- -j12 -l12
[1.607s] [  3%] [34m[1mGenerating C code for ROS interfaces[0m
[1.621s] [  6%] [34m[1mGenerating C++ code for ROS interfaces[0m
[1.634s] [  6%] Built target ament_cmake_python_copy_tutorial_interfaces
[1.818s] running egg_info
[1.818s] creating tutorial_interfaces.egg-info
[1.818s] writing tutorial_interfaces.egg-info/PKG-INFO
[1.819s] writing dependency_links to tutorial_interfaces.egg-info/dependency_links.txt
[1.819s] writing top-level names to tutorial_interfaces.egg-info/top_level.txt
[1.819s] writing manifest file 'tutorial_interfaces.egg-info/SOURCES.txt'
[1.821s] reading manifest file 'tutorial_interfaces.egg-info/SOURCES.txt'
[1.821s] writing manifest file 'tutorial_interfaces.egg-info/SOURCES.txt'
[1.845s] [  6%] Built target ament_cmake_python_build_tutorial_interfaces_egg
[1.880s] [  9%] [32mBuilding C object CMakeFiles/tutorial_interfaces__rosidl_generator_c.dir/rosidl_generator_c/tutorial_interfaces/msg/detail/num__functions.c.o[0m
[1.890s] [  9%] Built target tutorial_interfaces__cpp
[1.900s] [ 12%] [34m[1mGenerating C++ type support dispatch for ROS interfaces[0m
[1.902s] [ 16%] [34m[1mGenerating C++ type support for eProsima Fast-RTPS[0m
[1.902s] [ 19%] [34m[1mGenerating C++ introspection for ROS interfaces[0m
[1.958s] [ 22%] [32m[1mLinking C shared library libtutorial_interfaces__rosidl_generator_c.so[0m
[2.005s] [ 22%] Built target tutorial_interfaces__rosidl_generator_c
[2.017s] [ 32%] [34m[1mGenerating C type support dispatch for ROS interfaces[0m
[2.017s] [ 32%] [34m[1mGenerating C type support for eProsima Fast-RTPS[0m
[2.017s] [ 32%] [34m[1mGenerating C introspection for ROS interfaces[0m
[2.067s] [ 35%] [32mBuilding CXX object CMakeFiles/tutorial_interfaces__rosidl_typesupport_cpp.dir/rosidl_typesupport_cpp/tutorial_interfaces/msg/num__type_support.cpp.o[0m
[2.153s] [ 38%] [32mBuilding CXX object CMakeFiles/tutorial_interfaces__rosidl_typesupport_fastrtps_cpp.dir/rosidl_typesupport_fastrtps_cpp/tutorial_interfaces/msg/detail/dds_fastrtps/num__type_support.cpp.o[0m
[2.199s] [ 41%] [32mBuilding CXX object CMakeFiles/tutorial_interfaces__rosidl_typesupport_c.dir/rosidl_typesupport_c/tutorial_interfaces/msg/num__type_support.cpp.o[0m
[2.211s] [ 45%] [32mBuilding CXX object CMakeFiles/tutorial_interfaces__rosidl_typesupport_introspection_cpp.dir/rosidl_typesupport_introspection_cpp/tutorial_interfaces/msg/detail/num__type_support.cpp.o[0m
[2.223s] [ 48%] [32mBuilding C object CMakeFiles/tutorial_interfaces__rosidl_typesupport_introspection_c.dir/rosidl_typesupport_introspection_c/tutorial_interfaces/msg/detail/num__type_support.c.o[0m
[2.226s] [ 51%] [32m[1mLinking CXX shared library libtutorial_interfaces__rosidl_typesupport_c.so[0m
[2.266s] [ 54%] [32m[1mLinking C shared library libtutorial_interfaces__rosidl_typesupport_introspection_c.so[0m
[2.279s] [ 54%] Built target tutorial_interfaces__rosidl_typesupport_c
[2.303s] [ 54%] Built target tutorial_interfaces__rosidl_typesupport_introspection_c
[2.325s] [ 58%] [32m[1mLinking CXX shared library libtutorial_interfaces__rosidl_typesupport_cpp.so[0m
[2.335s] [ 61%] [32mBuilding CXX object CMakeFiles/tutorial_interfaces__rosidl_typesupport_fastrtps_c.dir/rosidl_typesupport_fastrtps_c/tutorial_interfaces/msg/detail/num__type_support_c.cpp.o[0m
[2.357s] [ 61%] Built target tutorial_interfaces__rosidl_typesupport_cpp
[2.536s] [ 64%] [32m[1mLinking CXX shared library libtutorial_interfaces__rosidl_typesupport_fastrtps_cpp.so[0m
[2.584s] [ 67%] [32m[1mLinking CXX shared library libtutorial_interfaces__rosidl_typesupport_fastrtps_c.so[0m
[2.610s] [ 67%] Built target tutorial_interfaces__rosidl_typesupport_fastrtps_cpp
[2.663s] [ 67%] Built target tutorial_interfaces__rosidl_typesupport_fastrtps_c
[2.680s] [ 70%] [32m[1mLinking CXX shared library libtutorial_interfaces__rosidl_typesupport_introspection_cpp.so[0m
[2.747s] [ 70%] Built target tutorial_interfaces__rosidl_typesupport_introspection_cpp
[2.777s] [ 70%] Built target tutorial_interfaces
[2.799s] [ 74%] [34m[1mGenerating Python code for ROS interfaces[0m
[3.004s] [ 74%] Built target tutorial_interfaces__py
[3.027s] [ 77%] [32mBuilding C object CMakeFiles/tutorial_interfaces__rosidl_generator_py.dir/rosidl_generator_py/tutorial_interfaces/msg/_num_s.c.o[0m
[3.125s] [ 80%] [32m[1mLinking C shared library rosidl_generator_py/tutorial_interfaces/libtutorial_interfaces__rosidl_generator_py.so[0m
[3.166s] [ 80%] Built target tutorial_interfaces__rosidl_generator_py
[3.190s] [ 83%] [32mBuilding C object CMakeFiles/tutorial_interfaces__rosidl_typesupport_c__pyext.dir/rosidl_generator_py/tutorial_interfaces/_tutorial_interfaces_s.ep.rosidl_typesupport_c.c.o[0m
[3.191s] [ 87%] [32mBuilding C object CMakeFiles/tutorial_interfaces__rosidl_typesupport_introspection_c__pyext.dir/rosidl_generator_py/tutorial_interfaces/_tutorial_interfaces_s.ep.rosidl_typesupport_introspection_c.c.o[0m
[3.192s] [ 90%] [32mBuilding C object CMakeFiles/tutorial_interfaces__rosidl_typesupport_fastrtps_c__pyext.dir/rosidl_generator_py/tutorial_interfaces/_tutorial_interfaces_s.ep.rosidl_typesupport_fastrtps_c.c.o[0m
[3.259s] [ 93%] [32m[1mLinking C shared library rosidl_generator_py/tutorial_interfaces/tutorial_interfaces_s__rosidl_typesupport_c.cpython-310-x86_64-linux-gnu.so[0m
[3.261s] [ 96%] [32m[1mLinking C shared library rosidl_generator_py/tutorial_interfaces/tutorial_interfaces_s__rosidl_typesupport_fastrtps_c.cpython-310-x86_64-linux-gnu.so[0m
[3.293s] [ 96%] Built target tutorial_interfaces__rosidl_typesupport_fastrtps_c__pyext
[3.297s] [ 96%] Built target tutorial_interfaces__rosidl_typesupport_c__pyext
[3.316s] [100%] [32m[1mLinking C shared library rosidl_generator_py/tutorial_interfaces/tutorial_interfaces_s__rosidl_typesupport_introspection_c.cpython-310-x86_64-linux-gnu.so[0m
[3.354s] [100%] Built target tutorial_interfaces__rosidl_typesupport_introspection_c__pyext
[3.364s] Invoked command in '/home/ihitexe/mrm_ros_union_dir/ros_ws3/build/tutorial_interfaces' returned '0': CMAKE_PREFIX_PATH=/opt/ros/humble /usr/bin/cmake --build /home/ihitexe/mrm_ros_union_dir/ros_ws3/build/tutorial_interfaces -- -j12 -l12
[3.374s] Invoking command in '/home/ihitexe/mrm_ros_union_dir/ros_ws3/build/tutorial_interfaces': CMAKE_PREFIX_PATH=/opt/ros/humble /usr/bin/cmake --install /home/ihitexe/mrm_ros_union_dir/ros_ws3/build/tutorial_interfaces
[3.381s] -- Install configuration: ""
[3.381s] -- Installing: /home/ihitexe/mrm_ros_union_dir/ros_ws3/install/tutorial_interfaces/share/ament_index/resource_index/rosidl_interfaces/tutorial_interfaces
[3.381s] -- Installing: /home/ihitexe/mrm_ros_union_dir/ros_ws3/install/tutorial_interfaces/include/tutorial_interfaces/tutorial_interfaces
[3.381s] -- Installing: /home/ihitexe/mrm_ros_union_dir/ros_ws3/install/tutorial_interfaces/include/tutorial_interfaces/tutorial_interfaces/msg
[3.381s] -- Installing: /home/ihitexe/mrm_ros_union_dir/ros_ws3/install/tutorial_interfaces/include/tutorial_interfaces/tutorial_interfaces/msg/num.h
[3.381s] -- Installing: /home/ihitexe/mrm_ros_union_dir/ros_ws3/install/tutorial_interfaces/include/tutorial_interfaces/tutorial_interfaces/msg/detail
[3.381s] -- Installing: /home/ihitexe/mrm_ros_union_dir/ros_ws3/install/tutorial_interfaces/include/tutorial_interfaces/tutorial_interfaces/msg/detail/num__functions.h
[3.381s] -- Installing: /home/ihitexe/mrm_ros_union_dir/ros_ws3/install/tutorial_interfaces/include/tutorial_interfaces/tutorial_interfaces/msg/detail/num__type_support.h
[3.381s] -- Installing: /home/ihitexe/mrm_ros_union_dir/ros_ws3/install/tutorial_interfaces/include/tutorial_interfaces/tutorial_interfaces/msg/detail/num__functions.c
[3.381s] -- Installing: /home/ihitexe/mrm_ros_union_dir/ros_ws3/install/tutorial_interfaces/include/tutorial_interfaces/tutorial_interfaces/msg/detail/num__struct.h
[3.381s] -- Installing: /home/ihitexe/mrm_ros_union_dir/ros_ws3/install/tutorial_interfaces/include/tutorial_interfaces/tutorial_interfaces/msg/rosidl_generator_c__visibility_control.h
[3.381s] -- Installing: /home/ihitexe/mrm_ros_union_dir/ros_ws3/install/tutorial_interfaces/share/tutorial_interfaces/environment/library_path.sh
[3.381s] -- Installing: /home/ihitexe/mrm_ros_union_dir/ros_ws3/install/tutorial_interfaces/share/tutorial_interfaces/environment/library_path.dsv
[3.381s] -- Installing: /home/ihitexe/mrm_ros_union_dir/ros_ws3/install/tutorial_interfaces/lib/libtutorial_interfaces__rosidl_generator_c.so
[3.381s] -- Set runtime path of "/home/ihitexe/mrm_ros_union_dir/ros_ws3/install/tutorial_interfaces/lib/libtutorial_interfaces__rosidl_generator_c.so" to ""
[3.382s] -- Up-to-date: /home/ihitexe/mrm_ros_union_dir/ros_ws3/install/tutorial_interfaces/include/tutorial_interfaces/tutorial_interfaces
[3.382s] -- Up-to-date: /home/ihitexe/mrm_ros_union_dir/ros_ws3/install/tutorial_interfaces/include/tutorial_interfaces/tutorial_interfaces/msg
[3.382s] -- Installing: /home/ihitexe/mrm_ros_union_dir/ros_ws3/install/tutorial_interfaces/include/tutorial_interfaces/tutorial_interfaces/msg/rosidl_typesupport_fastrtps_c__visibility_control.h
[3.382s] -- Up-to-date: /home/ihitexe/mrm_ros_union_dir/ros_ws3/install/tutorial_interfaces/include/tutorial_interfaces/tutorial_interfaces/msg/detail
[3.382s] -- Installing: /home/ihitexe/mrm_ros_union_dir/ros_ws3/install/tutorial_interfaces/include/tutorial_interfaces/tutorial_interfaces/msg/detail/num__rosidl_typesupport_fastrtps_c.h
[3.382s] -- Installing: /home/ihitexe/mrm_ros_union_dir/ros_ws3/install/tutorial_interfaces/lib/libtutorial_interfaces__rosidl_typesupport_fastrtps_c.so
[3.382s] -- Set runtime path of "/home/ihitexe/mrm_ros_union_dir/ros_ws3/install/tutorial_interfaces/lib/libtutorial_interfaces__rosidl_typesupport_fastrtps_c.so" to ""
[3.382s] -- Up-to-date: /home/ihitexe/mrm_ros_union_dir/ros_ws3/install/tutorial_interfaces/include/tutorial_interfaces/tutorial_interfaces
[3.382s] -- Up-to-date: /home/ihitexe/mrm_ros_union_dir/ros_ws3/install/tutorial_interfaces/include/tutorial_interfaces/tutorial_interfaces/msg
[3.382s] -- Installing: /home/ihitexe/mrm_ros_union_dir/ros_ws3/install/tutorial_interfaces/include/tutorial_interfaces/tutorial_interfaces/msg/num.hpp
[3.382s] -- Up-to-date: /home/ihitexe/mrm_ros_union_dir/ros_ws3/install/tutorial_interfaces/include/tutorial_interfaces/tutorial_interfaces/msg/detail
[3.382s] -- Installing: /home/ihitexe/mrm_ros_union_dir/ros_ws3/install/tutorial_interfaces/include/tutorial_interfaces/tutorial_interfaces/msg/detail/num__struct.hpp
[3.382s] -- Installing: /home/ihitexe/mrm_ros_union_dir/ros_ws3/install/tutorial_interfaces/include/tutorial_interfaces/tutorial_interfaces/msg/detail/num__traits.hpp
[3.382s] -- Installing: /home/ihitexe/mrm_ros_union_dir/ros_ws3/install/tutorial_interfaces/include/tutorial_interfaces/tutorial_interfaces/msg/detail/num__builder.hpp
[3.382s] -- Up-to-date: /home/ihitexe/mrm_ros_union_dir/ros_ws3/install/tutorial_interfaces/include/tutorial_interfaces/tutorial_interfaces
[3.382s] -- Up-to-date: /home/ihitexe/mrm_ros_union_dir/ros_ws3/install/tutorial_interfaces/include/tutorial_interfaces/tutorial_interfaces/msg
[3.382s] -- Up-to-date: /home/ihitexe/mrm_ros_union_dir/ros_ws3/install/tutorial_interfaces/include/tutorial_interfaces/tutorial_interfaces/msg/detail
[3.382s] -- Installing: /home/ihitexe/mrm_ros_union_dir/ros_ws3/install/tutorial_interfaces/include/tutorial_interfaces/tutorial_interfaces/msg/detail/num__rosidl_typesupport_fastrtps_cpp.hpp
[3.382s] -- Installing: /home/ihitexe/mrm_ros_union_dir/ros_ws3/install/tutorial_interfaces/include/tutorial_interfaces/tutorial_interfaces/msg/detail/dds_fastrtps
[3.382s] -- Installing: /home/ihitexe/mrm_ros_union_dir/ros_ws3/install/tutorial_interfaces/include/tutorial_interfaces/tutorial_interfaces/msg/rosidl_typesupport_fastrtps_cpp__visibility_control.h
[3.382s] -- Installing: /home/ihitexe/mrm_ros_union_dir/ros_ws3/install/tutorial_interfaces/lib/libtutorial_interfaces__rosidl_typesupport_fastrtps_cpp.so
[3.382s] -- Set runtime path of "/home/ihitexe/mrm_ros_union_dir/ros_ws3/install/tutorial_interfaces/lib/libtutorial_interfaces__rosidl_typesupport_fastrtps_cpp.so" to ""
[3.382s] -- Up-to-date: /home/ihitexe/mrm_ros_union_dir/ros_ws3/install/tutorial_interfaces/include/tutorial_interfaces/tutorial_interfaces
[3.382s] -- Up-to-date: /home/ihitexe/mrm_ros_union_dir/ros_ws3/install/tutorial_interfaces/include/tutorial_interfaces/tutorial_interfaces/msg
[3.382s] -- Up-to-date: /home/ihitexe/mrm_ros_union_dir/ros_ws3/install/tutorial_interfaces/include/tutorial_interfaces/tutorial_interfaces/msg/detail
[3.383s] -- Installing: /home/ihitexe/mrm_ros_union_dir/ros_ws3/install/tutorial_interfaces/include/tutorial_interfaces/tutorial_interfaces/msg/detail/num__rosidl_typesupport_introspection_c.h
[3.383s] -- Installing: /home/ihitexe/mrm_ros_union_dir/ros_ws3/install/tutorial_interfaces/include/tutorial_interfaces/tutorial_interfaces/msg/detail/num__type_support.c
[3.383s] -- Installing: /home/ihitexe/mrm_ros_union_dir/ros_ws3/install/tutorial_interfaces/include/tutorial_interfaces/tutorial_interfaces/msg/rosidl_typesupport_introspection_c__visibility_control.h
[3.383s] -- Installing: /home/ihitexe/mrm_ros_union_dir/ros_ws3/install/tutorial_interfaces/lib/libtutorial_interfaces__rosidl_typesupport_introspection_c.so
[3.383s] -- Set runtime path of "/home/ihitexe/mrm_ros_union_dir/ros_ws3/install/tutorial_interfaces/lib/libtutorial_interfaces__rosidl_typesupport_introspection_c.so" to ""
[3.383s] -- Installing: /home/ihitexe/mrm_ros_union_dir/ros_ws3/install/tutorial_interfaces/lib/libtutorial_interfaces__rosidl_typesupport_c.so
[3.383s] -- Set runtime path of "/home/ihitexe/mrm_ros_union_dir/ros_ws3/install/tutorial_interfaces/lib/libtutorial_interfaces__rosidl_typesupport_c.so" to ""
[3.383s] -- Up-to-date: /home/ihitexe/mrm_ros_union_dir/ros_ws3/install/tutorial_interfaces/include/tutorial_interfaces/tutorial_interfaces
[3.383s] -- Up-to-date: /home/ihitexe/mrm_ros_union_dir/ros_ws3/install/tutorial_interfaces/include/tutorial_interfaces/tutorial_interfaces/msg
[3.383s] -- Up-to-date: /home/ihitexe/mrm_ros_union_dir/ros_ws3/install/tutorial_interfaces/include/tutorial_interfaces/tutorial_interfaces/msg/detail
[3.383s] -- Installing: /home/ihitexe/mrm_ros_union_dir/ros_ws3/install/tutorial_interfaces/include/tutorial_interfaces/tutorial_interfaces/msg/detail/num__rosidl_typesupport_introspection_cpp.hpp
[3.383s] -- Installing: /home/ihitexe/mrm_ros_union_dir/ros_ws3/install/tutorial_interfaces/include/tutorial_interfaces/tutorial_interfaces/msg/detail/num__type_support.cpp
[3.383s] -- Installing: /home/ihitexe/mrm_ros_union_dir/ros_ws3/install/tutorial_interfaces/lib/libtutorial_interfaces__rosidl_typesupport_introspection_cpp.so
[3.383s] -- Set runtime path of "/home/ihitexe/mrm_ros_union_dir/ros_ws3/install/tutorial_interfaces/lib/libtutorial_interfaces__rosidl_typesupport_introspection_cpp.so" to ""
[3.383s] -- Installing: /home/ihitexe/mrm_ros_union_dir/ros_ws3/install/tutorial_interfaces/lib/libtutorial_interfaces__rosidl_typesupport_cpp.so
[3.383s] -- Set runtime path of "/home/ihitexe/mrm_ros_union_dir/ros_ws3/install/tutorial_interfaces/lib/libtutorial_interfaces__rosidl_typesupport_cpp.so" to ""
[3.383s] -- Installing: /home/ihitexe/mrm_ros_union_dir/ros_ws3/install/tutorial_interfaces/share/tutorial_interfaces/environment/pythonpath.sh
[3.383s] -- Installing: /home/ihitexe/mrm_ros_union_dir/ros_ws3/install/tutorial_interfaces/share/tutorial_interfaces/environment/pythonpath.dsv
[3.383s] -- Installing: /home/ihitexe/mrm_ros_union_dir/ros_ws3/install/tutorial_interfaces/local/lib/python3.10/dist-packages/tutorial_interfaces-0.0.0-py3.10.egg-info
[3.383s] -- Installing: /home/ihitexe/mrm_ros_union_dir/ros_ws3/install/tutorial_interfaces/local/lib/python3.10/dist-packages/tutorial_interfaces-0.0.0-py3.10.egg-info/SOURCES.txt
[3.383s] -- Installing: /home/ihitexe/mrm_ros_union_dir/ros_ws3/install/tutorial_interfaces/local/lib/python3.10/dist-packages/tutorial_interfaces-0.0.0-py3.10.egg-info/top_level.txt
[3.383s] -- Installing: /home/ihitexe/mrm_ros_union_dir/ros_ws3/install/tutorial_interfaces/local/lib/python3.10/dist-packages/tutorial_interfaces-0.0.0-py3.10.egg-info/PKG-INFO
[3.384s] -- Installing: /home/ihitexe/mrm_ros_union_dir/ros_ws3/install/tutorial_interfaces/local/lib/python3.10/dist-packages/tutorial_interfaces-0.0.0-py3.10.egg-info/dependency_links.txt
[3.384s] -- Installing: /home/ihitexe/mrm_ros_union_dir/ros_ws3/install/tutorial_interfaces/local/lib/python3.10/dist-packages/tutorial_interfaces
[3.384s] -- Installing: /home/ihitexe/mrm_ros_union_dir/ros_ws3/install/tutorial_interfaces/local/lib/python3.10/dist-packages/tutorial_interfaces/_tutorial_interfaces_s.ep.rosidl_typesupport_fastrtps_c.c
[3.384s] -- Installing: /home/ihitexe/mrm_ros_union_dir/ros_ws3/install/tutorial_interfaces/local/lib/python3.10/dist-packages/tutorial_interfaces/msg
[3.384s] -- Installing: /home/ihitexe/mrm_ros_union_dir/ros_ws3/install/tutorial_interfaces/local/lib/python3.10/dist-packages/tutorial_interfaces/msg/_num_s.c
[3.384s] -- Installing: /home/ihitexe/mrm_ros_union_dir/ros_ws3/install/tutorial_interfaces/local/lib/python3.10/dist-packages/tutorial_interfaces/msg/_num.py
[3.384s] -- Installing: /home/ihitexe/mrm_ros_union_dir/ros_ws3/install/tutorial_interfaces/local/lib/python3.10/dist-packages/tutorial_interfaces/msg/__init__.py
[3.384s] -- Installing: /home/ihitexe/mrm_ros_union_dir/ros_ws3/install/tutorial_interfaces/local/lib/python3.10/dist-packages/tutorial_interfaces/tutorial_interfaces_s__rosidl_typesupport_introspection_c.cpython-310-x86_64-linux-gnu.so
[3.384s] -- Installing: /home/ihitexe/mrm_ros_union_dir/ros_ws3/install/tutorial_interfaces/local/lib/python3.10/dist-packages/tutorial_interfaces/tutorial_interfaces_s__rosidl_typesupport_fastrtps_c.cpython-310-x86_64-linux-gnu.so
[3.384s] -- Installing: /home/ihitexe/mrm_ros_union_dir/ros_ws3/install/tutorial_interfaces/local/lib/python3.10/dist-packages/tutorial_interfaces/tutorial_interfaces_s__rosidl_typesupport_c.cpython-310-x86_64-linux-gnu.so
[3.384s] -- Installing: /home/ihitexe/mrm_ros_union_dir/ros_ws3/install/tutorial_interfaces/local/lib/python3.10/dist-packages/tutorial_interfaces/_tutorial_interfaces_s.ep.rosidl_typesupport_c.c
[3.384s] -- Installing: /home/ihitexe/mrm_ros_union_dir/ros_ws3/install/tutorial_interfaces/local/lib/python3.10/dist-packages/tutorial_interfaces/_tutorial_interfaces_s.ep.rosidl_typesupport_introspection_c.c
[3.384s] -- Installing: /home/ihitexe/mrm_ros_union_dir/ros_ws3/install/tutorial_interfaces/local/lib/python3.10/dist-packages/tutorial_interfaces/libtutorial_interfaces__rosidl_generator_py.so
[3.384s] -- Installing: /home/ihitexe/mrm_ros_union_dir/ros_ws3/install/tutorial_interfaces/local/lib/python3.10/dist-packages/tutorial_interfaces/__init__.py
[3.409s] Listing '/home/ihitexe/mrm_ros_union_dir/ros_ws3/install/tutorial_interfaces/local/lib/python3.10/dist-packages/tutorial_interfaces'...
[3.409s] Compiling '/home/ihitexe/mrm_ros_union_dir/ros_ws3/install/tutorial_interfaces/local/lib/python3.10/dist-packages/tutorial_interfaces/__init__.py'...
[3.409s] Listing '/home/ihitexe/mrm_ros_union_dir/ros_ws3/install/tutorial_interfaces/local/lib/python3.10/dist-packages/tutorial_interfaces/msg'...
[3.409s] Compiling '/home/ihitexe/mrm_ros_union_dir/ros_ws3/install/tutorial_interfaces/local/lib/python3.10/dist-packages/tutorial_interfaces/msg/__init__.py'...
[3.409s] Compiling '/home/ihitexe/mrm_ros_union_dir/ros_ws3/install/tutorial_interfaces/local/lib/python3.10/dist-packages/tutorial_interfaces/msg/_num.py'...
[3.413s] -- Installing: /home/ihitexe/mrm_ros_union_dir/ros_ws3/install/tutorial_interfaces/local/lib/python3.10/dist-packages/tutorial_interfaces/tutorial_interfaces_s__rosidl_typesupport_fastrtps_c.cpython-310-x86_64-linux-gnu.so
[3.413s] -- Set runtime path of "/home/ihitexe/mrm_ros_union_dir/ros_ws3/install/tutorial_interfaces/local/lib/python3.10/dist-packages/tutorial_interfaces/tutorial_interfaces_s__rosidl_typesupport_fastrtps_c.cpython-310-x86_64-linux-gnu.so" to ""
[3.413s] -- Installing: /home/ihitexe/mrm_ros_union_dir/ros_ws3/install/tutorial_interfaces/local/lib/python3.10/dist-packages/tutorial_interfaces/tutorial_interfaces_s__rosidl_typesupport_introspection_c.cpython-310-x86_64-linux-gnu.so
[3.413s] -- Set runtime path of "/home/ihitexe/mrm_ros_union_dir/ros_ws3/install/tutorial_interfaces/local/lib/python3.10/dist-packages/tutorial_interfaces/tutorial_interfaces_s__rosidl_typesupport_introspection_c.cpython-310-x86_64-linux-gnu.so" to ""
[3.414s] -- Installing: /home/ihitexe/mrm_ros_union_dir/ros_ws3/install/tutorial_interfaces/local/lib/python3.10/dist-packages/tutorial_interfaces/tutorial_interfaces_s__rosidl_typesupport_c.cpython-310-x86_64-linux-gnu.so
[3.414s] -- Set runtime path of "/home/ihitexe/mrm_ros_union_dir/ros_ws3/install/tutorial_interfaces/local/lib/python3.10/dist-packages/tutorial_interfaces/tutorial_interfaces_s__rosidl_typesupport_c.cpython-310-x86_64-linux-gnu.so" to ""
[3.414s] -- Installing: /home/ihitexe/mrm_ros_union_dir/ros_ws3/install/tutorial_interfaces/lib/libtutorial_interfaces__rosidl_generator_py.so
[3.415s] -- Set runtime path of "/home/ihitexe/mrm_ros_union_dir/ros_ws3/install/tutorial_interfaces/lib/libtutorial_interfaces__rosidl_generator_py.so" to ""
[3.415s] -- Installing: /home/ihitexe/mrm_ros_union_dir/ros_ws3/install/tutorial_interfaces/share/tutorial_interfaces/msg/Num.idl
[3.415s] -- Installing: /home/ihitexe/mrm_ros_union_dir/ros_ws3/install/tutorial_interfaces/share/tutorial_interfaces/msg/Num.msg
[3.415s] -- Installing: /home/ihitexe/mrm_ros_union_dir/ros_ws3/install/tutorial_interfaces/share/ament_index/resource_index/package_run_dependencies/tutorial_interfaces
[3.415s] -- Installing: /home/ihitexe/mrm_ros_union_dir/ros_ws3/install/tutorial_interfaces/share/ament_index/resource_index/parent_prefix_path/tutorial_interfaces
[3.415s] -- Installing: /home/ihitexe/mrm_ros_union_dir/ros_ws3/install/tutorial_interfaces/share/tutorial_interfaces/environment/ament_prefix_path.sh
[3.415s] -- Installing: /home/ihitexe/mrm_ros_union_dir/ros_ws3/install/tutorial_interfaces/share/tutorial_interfaces/environment/ament_prefix_path.dsv
[3.416s] -- Installing: /home/ihitexe/mrm_ros_union_dir/ros_ws3/install/tutorial_interfaces/share/tutorial_interfaces/environment/path.sh
[3.416s] -- Installing: /home/ihitexe/mrm_ros_union_dir/ros_ws3/install/tutorial_interfaces/share/tutorial_interfaces/environment/path.dsv
[3.416s] -- Installing: /home/ihitexe/mrm_ros_union_dir/ros_ws3/install/tutorial_interfaces/share/tutorial_interfaces/local_setup.bash
[3.416s] -- Installing: /home/ihitexe/mrm_ros_union_dir/ros_ws3/install/tutorial_interfaces/share/tutorial_interfaces/local_setup.sh
[3.416s] -- Installing: /home/ihitexe/mrm_ros_union_dir/ros_ws3/install/tutorial_interfaces/share/tutorial_interfaces/local_setup.zsh
[3.416s] -- Installing: /home/ihitexe/mrm_ros_union_dir/ros_ws3/install/tutorial_interfaces/share/tutorial_interfaces/local_setup.dsv
[3.416s] -- Installing: /home/ihitexe/mrm_ros_union_dir/ros_ws3/install/tutorial_interfaces/share/tutorial_interfaces/package.dsv
[3.417s] -- Installing: /home/ihitexe/mrm_ros_union_dir/ros_ws3/install/tutorial_interfaces/share/ament_index/resource_index/packages/tutorial_interfaces
[3.417s] -- Installing: /home/ihitexe/mrm_ros_union_dir/ros_ws3/install/tutorial_interfaces/share/tutorial_interfaces/cmake/export_tutorial_interfaces__rosidl_generator_cExport.cmake
[3.417s] -- Installing: /home/ihitexe/mrm_ros_union_dir/ros_ws3/install/tutorial_interfaces/share/tutorial_interfaces/cmake/export_tutorial_interfaces__rosidl_generator_cExport-noconfig.cmake
[3.417s] -- Installing: /home/ihitexe/mrm_ros_union_dir/ros_ws3/install/tutorial_interfaces/share/tutorial_interfaces/cmake/export_tutorial_interfaces__rosidl_typesupport_fastrtps_cExport.cmake
[3.417s] -- Installing: /home/ihitexe/mrm_ros_union_dir/ros_ws3/install/tutorial_interfaces/share/tutorial_interfaces/cmake/export_tutorial_interfaces__rosidl_typesupport_fastrtps_cExport-noconfig.cmake
[3.418s] -- Installing: /home/ihitexe/mrm_ros_union_dir/ros_ws3/install/tutorial_interfaces/share/tutorial_interfaces/cmake/export_tutorial_interfaces__rosidl_generator_cppExport.cmake
[3.418s] -- Installing: /home/ihitexe/mrm_ros_union_dir/ros_ws3/install/tutorial_interfaces/share/tutorial_interfaces/cmake/export_tutorial_interfaces__rosidl_typesupport_fastrtps_cppExport.cmake
[3.418s] -- Installing: /home/ihitexe/mrm_ros_union_dir/ros_ws3/install/tutorial_interfaces/share/tutorial_interfaces/cmake/export_tutorial_interfaces__rosidl_typesupport_fastrtps_cppExport-noconfig.cmake
[3.418s] -- Installing: /home/ihitexe/mrm_ros_union_dir/ros_ws3/install/tutorial_interfaces/share/tutorial_interfaces/cmake/tutorial_interfaces__rosidl_typesupport_introspection_cExport.cmake
[3.418s] -- Installing: /home/ihitexe/mrm_ros_union_dir/ros_ws3/install/tutorial_interfaces/share/tutorial_interfaces/cmake/tutorial_interfaces__rosidl_typesupport_introspection_cExport-noconfig.cmake
[3.418s] -- Installing: /home/ihitexe/mrm_ros_union_dir/ros_ws3/install/tutorial_interfaces/share/tutorial_interfaces/cmake/tutorial_interfaces__rosidl_typesupport_cExport.cmake
[3.419s] -- Installing: /home/ihitexe/mrm_ros_union_dir/ros_ws3/install/tutorial_interfaces/share/tutorial_interfaces/cmake/tutorial_interfaces__rosidl_typesupport_cExport-noconfig.cmake
[3.419s] -- Installing: /home/ihitexe/mrm_ros_union_dir/ros_ws3/install/tutorial_interfaces/share/tutorial_interfaces/cmake/tutorial_interfaces__rosidl_typesupport_introspection_cppExport.cmake
[3.419s] -- Installing: /home/ihitexe/mrm_ros_union_dir/ros_ws3/install/tutorial_interfaces/share/tutorial_interfaces/cmake/tutorial_interfaces__rosidl_typesupport_introspection_cppExport-noconfig.cmake
[3.419s] -- Installing: /home/ihitexe/mrm_ros_union_dir/ros_ws3/install/tutorial_interfaces/share/tutorial_interfaces/cmake/tutorial_interfaces__rosidl_typesupport_cppExport.cmake
[3.419s] -- Installing: /home/ihitexe/mrm_ros_union_dir/ros_ws3/install/tutorial_interfaces/share/tutorial_interfaces/cmake/tutorial_interfaces__rosidl_typesupport_cppExport-noconfig.cmake
[3.419s] -- Installing: /home/ihitexe/mrm_ros_union_dir/ros_ws3/install/tutorial_interfaces/share/tutorial_interfaces/cmake/export_tutorial_interfaces__rosidl_generator_pyExport.cmake
[3.420s] -- Installing: /home/ihitexe/mrm_ros_union_dir/ros_ws3/install/tutorial_interfaces/share/tutorial_interfaces/cmake/export_tutorial_interfaces__rosidl_generator_pyExport-noconfig.cmake
[3.420s] -- Installing: /home/ihitexe/mrm_ros_union_dir/ros_ws3/install/tutorial_interfaces/share/tutorial_interfaces/cmake/rosidl_cmake-extras.cmake
[3.420s] -- Installing: /home/ihitexe/mrm_ros_union_dir/ros_ws3/install/tutorial_interfaces/share/tutorial_interfaces/cmake/ament_cmake_export_dependencies-extras.cmake
[3.420s] -- Installing: /home/ihitexe/mrm_ros_union_dir/ros_ws3/install/tutorial_interfaces/share/tutorial_interfaces/cmake/ament_cmake_export_include_directories-extras.cmake
[3.420s] -- Installing: /home/ihitexe/mrm_ros_union_dir/ros_ws3/install/tutorial_interfaces/share/tutorial_interfaces/cmake/ament_cmake_export_libraries-extras.cmake
[3.421s] -- Installing: /home/ihitexe/mrm_ros_union_dir/ros_ws3/install/tutorial_interfaces/share/tutorial_interfaces/cmake/ament_cmake_export_targets-extras.cmake
[3.421s] -- Installing: /home/ihitexe/mrm_ros_union_dir/ros_ws3/install/tutorial_interfaces/share/tutorial_interfaces/cmake/rosidl_cmake_export_typesupport_targets-extras.cmake
[3.421s] -- Installing: /home/ihitexe/mrm_ros_union_dir/ros_ws3/install/tutorial_interfaces/share/tutorial_interfaces/cmake/rosidl_cmake_export_typesupport_libraries-extras.cmake
[3.421s] -- Installing: /home/ihitexe/mrm_ros_union_dir/ros_ws3/install/tutorial_interfaces/share/tutorial_interfaces/cmake/tutorial_interfacesConfig.cmake
[3.421s] -- Installing: /home/ihitexe/mrm_ros_union_dir/ros_ws3/install/tutorial_interfaces/share/tutorial_interfaces/cmake/tutorial_interfacesConfig-version.cmake
[3.421s] -- Installing: /home/ihitexe/mrm_ros_union_dir/ros_ws3/install/tutorial_interfaces/share/tutorial_interfaces/package.xml
[3.423s] Invoked command in '/home/ihitexe/mrm_ros_union_dir/ros_ws3/build/tutorial_interfaces' returned '0': CMAKE_PREFIX_PATH=/opt/ros/humble /usr/bin/cmake --install /home/ihitexe/mrm_ros_union_dir/ros_ws3/build/tutorial_interfaces
