[0.010s] Invoking command in '/home/ihitexe/mrm_ros_union_dir/ros_ws3/build/tutorial_interfaces': CMAKE_PREFIX_PATH=${CMAKE_PREFIX_PATH}:/opt/ros/humble /usr/bin/cmake --build /home/ihitexe/mrm_ros_union_dir/ros_ws3/build/tutorial_interfaces -- -j12 -l12
[0.069s] [35m[1mConsolidate compiler generated dependencies of target tutorial_interfaces__rosidl_generator_c[0m
[0.077s] [  2%] Built target tutorial_interfaces__cpp
[0.095s] [ 12%] Built target tutorial_interfaces__rosidl_generator_c
[0.097s] [ 12%] Built target ament_cmake_python_copy_tutorial_interfaces
[0.100s] [35m[1mConsolidate compiler generated dependencies of target tutorial_interfaces__rosidl_typesupport_fastrtps_cpp[0m
[0.104s] [35m[1mConsolidate compiler generated dependencies of target tutorial_interfaces__rosidl_typesupport_introspection_cpp[0m
[0.105s] [35m[1mConsolidate compiler generated dependencies of target tutorial_interfaces__rosidl_typesupport_cpp[0m
[0.112s] [35m[1mConsolidate compiler generated dependencies of target tutorial_interfaces__rosidl_typesupport_c[0m
[0.114s] [35m[1mConsolidate compiler generated dependencies of target tutorial_interfaces__rosidl_typesupport_introspection_c[0m
[0.123s] [35m[1mConsolidate compiler generated dependencies of target tutorial_interfaces__rosidl_typesupport_fastrtps_c[0m
[0.124s] [ 23%] Built target tutorial_interfaces__rosidl_typesupport_fastrtps_cpp
[0.126s] [ 33%] Built target tutorial_interfaces__rosidl_typesupport_c
[0.128s] [ 53%] Built target tutorial_interfaces__rosidl_typesupport_introspection_cpp
[0.128s] [ 53%] Built target tutorial_interfaces__rosidl_typesupport_cpp
[0.133s] [ 64%] Built target tutorial_interfaces__rosidl_typesupport_introspection_c
[0.137s] [ 74%] Built target tutorial_interfaces__rosidl_typesupport_fastrtps_c
[0.164s] [ 74%] Built target tutorial_interfaces
[0.191s] [ 76%] Built target tutorial_interfaces__py
[0.204s] [35m[1mConsolidate compiler generated dependencies of target tutorial_interfaces__rosidl_generator_py[0m
[0.221s] [ 84%] Built target tutorial_interfaces__rosidl_generator_py
[0.237s] [35m[1mConsolidate compiler generated dependencies of target tutorial_interfaces__rosidl_typesupport_fastrtps_c__pyext[0m
[0.237s] [35m[1mConsolidate compiler generated dependencies of target tutorial_interfaces__rosidl_typesupport_c__pyext[0m
[0.237s] [35m[1mConsolidate compiler generated dependencies of target tutorial_interfaces__rosidl_typesupport_introspection_c__pyext[0m
[0.251s] [ 89%] Built target tutorial_interfaces__rosidl_typesupport_fastrtps_c__pyext
[0.252s] [100%] Built target tutorial_interfaces__rosidl_typesupport_c__pyext
[0.252s] [100%] Built target tutorial_interfaces__rosidl_typesupport_introspection_c__pyext
[0.278s] running egg_info
[0.279s] writing tutorial_interfaces.egg-info/PKG-INFO
[0.280s] writing dependency_links to tutorial_interfaces.egg-info/dependency_links.txt
[0.280s] writing top-level names to tutorial_interfaces.egg-info/top_level.txt
[0.282s] reading manifest file 'tutorial_interfaces.egg-info/SOURCES.txt'
[0.282s] writing manifest file 'tutorial_interfaces.egg-info/SOURCES.txt'
[0.307s] [100%] Built target ament_cmake_python_build_tutorial_interfaces_egg
[0.318s] Invoked command in '/home/ihitexe/mrm_ros_union_dir/ros_ws3/build/tutorial_interfaces' returned '0': CMAKE_PREFIX_PATH=${CMAKE_PREFIX_PATH}:/opt/ros/humble /usr/bin/cmake --build /home/ihitexe/mrm_ros_union_dir/ros_ws3/build/tutorial_interfaces -- -j12 -l12
[0.328s] Invoking command in '/home/ihitexe/mrm_ros_union_dir/ros_ws3/build/tutorial_interfaces': CMAKE_PREFIX_PATH=${CMAKE_PREFIX_PATH}:/opt/ros/humble /usr/bin/cmake --install /home/ihitexe/mrm_ros_union_dir/ros_ws3/build/tutorial_interfaces
[0.335s] -- Install configuration: ""
[0.336s] -- Up-to-date: /home/ihitexe/mrm_ros_union_dir/ros_ws3/install/tutorial_interfaces/share/ament_index/resource_index/rosidl_interfaces/tutorial_interfaces
[0.336s] -- Up-to-date: /home/ihitexe/mrm_ros_union_dir/ros_ws3/install/tutorial_interfaces/include/tutorial_interfaces/tutorial_interfaces
[0.336s] -- Up-to-date: /home/ihitexe/mrm_ros_union_dir/ros_ws3/install/tutorial_interfaces/include/tutorial_interfaces/tutorial_interfaces/srv
[0.336s] -- Up-to-date: /home/ihitexe/mrm_ros_union_dir/ros_ws3/install/tutorial_interfaces/include/tutorial_interfaces/tutorial_interfaces/srv/detail
[0.336s] -- Up-to-date: /home/ihitexe/mrm_ros_union_dir/ros_ws3/install/tutorial_interfaces/include/tutorial_interfaces/tutorial_interfaces/srv/detail/display__type_support.h
[0.336s] -- Up-to-date: /home/ihitexe/mrm_ros_union_dir/ros_ws3/install/tutorial_interfaces/include/tutorial_interfaces/tutorial_interfaces/srv/detail/display__functions.h
[0.337s] -- Up-to-date: /home/ihitexe/mrm_ros_union_dir/ros_ws3/install/tutorial_interfaces/include/tutorial_interfaces/tutorial_interfaces/srv/detail/display__functions.c
[0.337s] -- Up-to-date: /home/ihitexe/mrm_ros_union_dir/ros_ws3/install/tutorial_interfaces/include/tutorial_interfaces/tutorial_interfaces/srv/detail/display__struct.h
[0.337s] -- Up-to-date: /home/ihitexe/mrm_ros_union_dir/ros_ws3/install/tutorial_interfaces/include/tutorial_interfaces/tutorial_interfaces/srv/display.h
[0.337s] -- Up-to-date: /home/ihitexe/mrm_ros_union_dir/ros_ws3/install/tutorial_interfaces/include/tutorial_interfaces/tutorial_interfaces/msg
[0.337s] -- Up-to-date: /home/ihitexe/mrm_ros_union_dir/ros_ws3/install/tutorial_interfaces/include/tutorial_interfaces/tutorial_interfaces/msg/num.h
[0.337s] -- Up-to-date: /home/ihitexe/mrm_ros_union_dir/ros_ws3/install/tutorial_interfaces/include/tutorial_interfaces/tutorial_interfaces/msg/detail
[0.337s] -- Up-to-date: /home/ihitexe/mrm_ros_union_dir/ros_ws3/install/tutorial_interfaces/include/tutorial_interfaces/tutorial_interfaces/msg/detail/num__functions.h
[0.337s] -- Up-to-date: /home/ihitexe/mrm_ros_union_dir/ros_ws3/install/tutorial_interfaces/include/tutorial_interfaces/tutorial_interfaces/msg/detail/num__type_support.h
[0.337s] -- Up-to-date: /home/ihitexe/mrm_ros_union_dir/ros_ws3/install/tutorial_interfaces/include/tutorial_interfaces/tutorial_interfaces/msg/detail/num__functions.c
[0.337s] -- Up-to-date: /home/ihitexe/mrm_ros_union_dir/ros_ws3/install/tutorial_interfaces/include/tutorial_interfaces/tutorial_interfaces/msg/detail/num__struct.h
[0.338s] -- Up-to-date: /home/ihitexe/mrm_ros_union_dir/ros_ws3/install/tutorial_interfaces/include/tutorial_interfaces/tutorial_interfaces/msg/rosidl_generator_c__visibility_control.h
[0.338s] -- Up-to-date: /home/ihitexe/mrm_ros_union_dir/ros_ws3/install/tutorial_interfaces/share/tutorial_interfaces/environment/library_path.sh
[0.338s] -- Up-to-date: /home/ihitexe/mrm_ros_union_dir/ros_ws3/install/tutorial_interfaces/share/tutorial_interfaces/environment/library_path.dsv
[0.338s] -- Up-to-date: /home/ihitexe/mrm_ros_union_dir/ros_ws3/install/tutorial_interfaces/lib/libtutorial_interfaces__rosidl_generator_c.so
[0.338s] -- Up-to-date: /home/ihitexe/mrm_ros_union_dir/ros_ws3/install/tutorial_interfaces/include/tutorial_interfaces/tutorial_interfaces
[0.338s] -- Up-to-date: /home/ihitexe/mrm_ros_union_dir/ros_ws3/install/tutorial_interfaces/include/tutorial_interfaces/tutorial_interfaces/srv
[0.338s] -- Up-to-date: /home/ihitexe/mrm_ros_union_dir/ros_ws3/install/tutorial_interfaces/include/tutorial_interfaces/tutorial_interfaces/srv/detail
[0.338s] -- Up-to-date: /home/ihitexe/mrm_ros_union_dir/ros_ws3/install/tutorial_interfaces/include/tutorial_interfaces/tutorial_interfaces/srv/detail/display__rosidl_typesupport_fastrtps_c.h
[0.338s] -- Up-to-date: /home/ihitexe/mrm_ros_union_dir/ros_ws3/install/tutorial_interfaces/include/tutorial_interfaces/tutorial_interfaces/msg
[0.338s] -- Up-to-date: /home/ihitexe/mrm_ros_union_dir/ros_ws3/install/tutorial_interfaces/include/tutorial_interfaces/tutorial_interfaces/msg/rosidl_typesupport_fastrtps_c__visibility_control.h
[0.338s] -- Up-to-date: /home/ihitexe/mrm_ros_union_dir/ros_ws3/install/tutorial_interfaces/include/tutorial_interfaces/tutorial_interfaces/msg/detail
[0.339s] -- Up-to-date: /home/ihitexe/mrm_ros_union_dir/ros_ws3/install/tutorial_interfaces/include/tutorial_interfaces/tutorial_interfaces/msg/detail/num__rosidl_typesupport_fastrtps_c.h
[0.339s] -- Up-to-date: /home/ihitexe/mrm_ros_union_dir/ros_ws3/install/tutorial_interfaces/lib/libtutorial_interfaces__rosidl_typesupport_fastrtps_c.so
[0.339s] -- Up-to-date: /home/ihitexe/mrm_ros_union_dir/ros_ws3/install/tutorial_interfaces/include/tutorial_interfaces/tutorial_interfaces
[0.339s] -- Up-to-date: /home/ihitexe/mrm_ros_union_dir/ros_ws3/install/tutorial_interfaces/include/tutorial_interfaces/tutorial_interfaces/srv
[0.339s] -- Up-to-date: /home/ihitexe/mrm_ros_union_dir/ros_ws3/install/tutorial_interfaces/include/tutorial_interfaces/tutorial_interfaces/srv/detail
[0.339s] -- Up-to-date: /home/ihitexe/mrm_ros_union_dir/ros_ws3/install/tutorial_interfaces/include/tutorial_interfaces/tutorial_interfaces/srv/detail/display__builder.hpp
[0.339s] -- Up-to-date: /home/ihitexe/mrm_ros_union_dir/ros_ws3/install/tutorial_interfaces/include/tutorial_interfaces/tutorial_interfaces/srv/detail/display__traits.hpp
[0.339s] -- Up-to-date: /home/ihitexe/mrm_ros_union_dir/ros_ws3/install/tutorial_interfaces/include/tutorial_interfaces/tutorial_interfaces/srv/detail/display__struct.hpp
[0.339s] -- Up-to-date: /home/ihitexe/mrm_ros_union_dir/ros_ws3/install/tutorial_interfaces/include/tutorial_interfaces/tutorial_interfaces/srv/display.hpp
[0.339s] -- Up-to-date: /home/ihitexe/mrm_ros_union_dir/ros_ws3/install/tutorial_interfaces/include/tutorial_interfaces/tutorial_interfaces/msg
[0.339s] -- Up-to-date: /home/ihitexe/mrm_ros_union_dir/ros_ws3/install/tutorial_interfaces/include/tutorial_interfaces/tutorial_interfaces/msg/num.hpp
[0.339s] -- Up-to-date: /home/ihitexe/mrm_ros_union_dir/ros_ws3/install/tutorial_interfaces/include/tutorial_interfaces/tutorial_interfaces/msg/detail
[0.340s] -- Up-to-date: /home/ihitexe/mrm_ros_union_dir/ros_ws3/install/tutorial_interfaces/include/tutorial_interfaces/tutorial_interfaces/msg/detail/num__struct.hpp
[0.340s] -- Up-to-date: /home/ihitexe/mrm_ros_union_dir/ros_ws3/install/tutorial_interfaces/include/tutorial_interfaces/tutorial_interfaces/msg/detail/num__traits.hpp
[0.340s] -- Up-to-date: /home/ihitexe/mrm_ros_union_dir/ros_ws3/install/tutorial_interfaces/include/tutorial_interfaces/tutorial_interfaces/msg/detail/num__builder.hpp
[0.340s] -- Up-to-date: /home/ihitexe/mrm_ros_union_dir/ros_ws3/install/tutorial_interfaces/include/tutorial_interfaces/tutorial_interfaces
[0.340s] -- Up-to-date: /home/ihitexe/mrm_ros_union_dir/ros_ws3/install/tutorial_interfaces/include/tutorial_interfaces/tutorial_interfaces/srv
[0.340s] -- Up-to-date: /home/ihitexe/mrm_ros_union_dir/ros_ws3/install/tutorial_interfaces/include/tutorial_interfaces/tutorial_interfaces/srv/detail
[0.340s] -- Up-to-date: /home/ihitexe/mrm_ros_union_dir/ros_ws3/install/tutorial_interfaces/include/tutorial_interfaces/tutorial_interfaces/srv/detail/display__rosidl_typesupport_fastrtps_cpp.hpp
[0.340s] -- Up-to-date: /home/ihitexe/mrm_ros_union_dir/ros_ws3/install/tutorial_interfaces/include/tutorial_interfaces/tutorial_interfaces/srv/detail/dds_fastrtps
[0.340s] -- Up-to-date: /home/ihitexe/mrm_ros_union_dir/ros_ws3/install/tutorial_interfaces/include/tutorial_interfaces/tutorial_interfaces/msg
[0.340s] -- Up-to-date: /home/ihitexe/mrm_ros_union_dir/ros_ws3/install/tutorial_interfaces/include/tutorial_interfaces/tutorial_interfaces/msg/detail
[0.340s] -- Up-to-date: /home/ihitexe/mrm_ros_union_dir/ros_ws3/install/tutorial_interfaces/include/tutorial_interfaces/tutorial_interfaces/msg/detail/num__rosidl_typesupport_fastrtps_cpp.hpp
[0.340s] -- Up-to-date: /home/ihitexe/mrm_ros_union_dir/ros_ws3/install/tutorial_interfaces/include/tutorial_interfaces/tutorial_interfaces/msg/detail/dds_fastrtps
[0.340s] -- Up-to-date: /home/ihitexe/mrm_ros_union_dir/ros_ws3/install/tutorial_interfaces/include/tutorial_interfaces/tutorial_interfaces/msg/rosidl_typesupport_fastrtps_cpp__visibility_control.h
[0.341s] -- Up-to-date: /home/ihitexe/mrm_ros_union_dir/ros_ws3/install/tutorial_interfaces/lib/libtutorial_interfaces__rosidl_typesupport_fastrtps_cpp.so
[0.341s] -- Up-to-date: /home/ihitexe/mrm_ros_union_dir/ros_ws3/install/tutorial_interfaces/include/tutorial_interfaces/tutorial_interfaces
[0.341s] -- Up-to-date: /home/ihitexe/mrm_ros_union_dir/ros_ws3/install/tutorial_interfaces/include/tutorial_interfaces/tutorial_interfaces/srv
[0.341s] -- Up-to-date: /home/ihitexe/mrm_ros_union_dir/ros_ws3/install/tutorial_interfaces/include/tutorial_interfaces/tutorial_interfaces/srv/detail
[0.341s] -- Up-to-date: /home/ihitexe/mrm_ros_union_dir/ros_ws3/install/tutorial_interfaces/include/tutorial_interfaces/tutorial_interfaces/srv/detail/display__rosidl_typesupport_introspection_c.h
[0.341s] -- Up-to-date: /home/ihitexe/mrm_ros_union_dir/ros_ws3/install/tutorial_interfaces/include/tutorial_interfaces/tutorial_interfaces/srv/detail/display__type_support.c
[0.341s] -- Up-to-date: /home/ihitexe/mrm_ros_union_dir/ros_ws3/install/tutorial_interfaces/include/tutorial_interfaces/tutorial_interfaces/msg
[0.341s] -- Up-to-date: /home/ihitexe/mrm_ros_union_dir/ros_ws3/install/tutorial_interfaces/include/tutorial_interfaces/tutorial_interfaces/msg/detail
[0.341s] -- Up-to-date: /home/ihitexe/mrm_ros_union_dir/ros_ws3/install/tutorial_interfaces/include/tutorial_interfaces/tutorial_interfaces/msg/detail/num__rosidl_typesupport_introspection_c.h
[0.341s] -- Up-to-date: /home/ihitexe/mrm_ros_union_dir/ros_ws3/install/tutorial_interfaces/include/tutorial_interfaces/tutorial_interfaces/msg/detail/num__type_support.c
[0.341s] -- Up-to-date: /home/ihitexe/mrm_ros_union_dir/ros_ws3/install/tutorial_interfaces/include/tutorial_interfaces/tutorial_interfaces/msg/rosidl_typesupport_introspection_c__visibility_control.h
[0.341s] -- Up-to-date: /home/ihitexe/mrm_ros_union_dir/ros_ws3/install/tutorial_interfaces/lib/libtutorial_interfaces__rosidl_typesupport_introspection_c.so
[0.341s] -- Up-to-date: /home/ihitexe/mrm_ros_union_dir/ros_ws3/install/tutorial_interfaces/lib/libtutorial_interfaces__rosidl_typesupport_c.so
[0.342s] -- Up-to-date: /home/ihitexe/mrm_ros_union_dir/ros_ws3/install/tutorial_interfaces/include/tutorial_interfaces/tutorial_interfaces
[0.342s] -- Up-to-date: /home/ihitexe/mrm_ros_union_dir/ros_ws3/install/tutorial_interfaces/include/tutorial_interfaces/tutorial_interfaces/srv
[0.342s] -- Up-to-date: /home/ihitexe/mrm_ros_union_dir/ros_ws3/install/tutorial_interfaces/include/tutorial_interfaces/tutorial_interfaces/srv/detail
[0.342s] -- Up-to-date: /home/ihitexe/mrm_ros_union_dir/ros_ws3/install/tutorial_interfaces/include/tutorial_interfaces/tutorial_interfaces/srv/detail/display__rosidl_typesupport_introspection_cpp.hpp
[0.342s] -- Up-to-date: /home/ihitexe/mrm_ros_union_dir/ros_ws3/install/tutorial_interfaces/include/tutorial_interfaces/tutorial_interfaces/srv/detail/display__type_support.cpp
[0.342s] -- Up-to-date: /home/ihitexe/mrm_ros_union_dir/ros_ws3/install/tutorial_interfaces/include/tutorial_interfaces/tutorial_interfaces/msg
[0.342s] -- Up-to-date: /home/ihitexe/mrm_ros_union_dir/ros_ws3/install/tutorial_interfaces/include/tutorial_interfaces/tutorial_interfaces/msg/detail
[0.342s] -- Up-to-date: /home/ihitexe/mrm_ros_union_dir/ros_ws3/install/tutorial_interfaces/include/tutorial_interfaces/tutorial_interfaces/msg/detail/num__rosidl_typesupport_introspection_cpp.hpp
[0.342s] -- Up-to-date: /home/ihitexe/mrm_ros_union_dir/ros_ws3/install/tutorial_interfaces/include/tutorial_interfaces/tutorial_interfaces/msg/detail/num__type_support.cpp
[0.342s] -- Up-to-date: /home/ihitexe/mrm_ros_union_dir/ros_ws3/install/tutorial_interfaces/lib/libtutorial_interfaces__rosidl_typesupport_introspection_cpp.so
[0.342s] -- Up-to-date: /home/ihitexe/mrm_ros_union_dir/ros_ws3/install/tutorial_interfaces/lib/libtutorial_interfaces__rosidl_typesupport_cpp.so
[0.342s] -- Up-to-date: /home/ihitexe/mrm_ros_union_dir/ros_ws3/install/tutorial_interfaces/share/tutorial_interfaces/environment/pythonpath.sh
[0.343s] -- Up-to-date: /home/ihitexe/mrm_ros_union_dir/ros_ws3/install/tutorial_interfaces/share/tutorial_interfaces/environment/pythonpath.dsv
[0.343s] -- Up-to-date: /home/ihitexe/mrm_ros_union_dir/ros_ws3/install/tutorial_interfaces/local/lib/python3.10/dist-packages/tutorial_interfaces-0.0.0-py3.10.egg-info
[0.343s] -- Installing: /home/ihitexe/mrm_ros_union_dir/ros_ws3/install/tutorial_interfaces/local/lib/python3.10/dist-packages/tutorial_interfaces-0.0.0-py3.10.egg-info/SOURCES.txt
[0.343s] -- Installing: /home/ihitexe/mrm_ros_union_dir/ros_ws3/install/tutorial_interfaces/local/lib/python3.10/dist-packages/tutorial_interfaces-0.0.0-py3.10.egg-info/top_level.txt
[0.343s] -- Installing: /home/ihitexe/mrm_ros_union_dir/ros_ws3/install/tutorial_interfaces/local/lib/python3.10/dist-packages/tutorial_interfaces-0.0.0-py3.10.egg-info/PKG-INFO
[0.343s] -- Installing: /home/ihitexe/mrm_ros_union_dir/ros_ws3/install/tutorial_interfaces/local/lib/python3.10/dist-packages/tutorial_interfaces-0.0.0-py3.10.egg-info/dependency_links.txt
[0.343s] -- Up-to-date: /home/ihitexe/mrm_ros_union_dir/ros_ws3/install/tutorial_interfaces/local/lib/python3.10/dist-packages/tutorial_interfaces
[0.343s] -- Up-to-date: /home/ihitexe/mrm_ros_union_dir/ros_ws3/install/tutorial_interfaces/local/lib/python3.10/dist-packages/tutorial_interfaces/srv
[0.343s] -- Up-to-date: /home/ihitexe/mrm_ros_union_dir/ros_ws3/install/tutorial_interfaces/local/lib/python3.10/dist-packages/tutorial_interfaces/srv/_display.py
[0.343s] -- Up-to-date: /home/ihitexe/mrm_ros_union_dir/ros_ws3/install/tutorial_interfaces/local/lib/python3.10/dist-packages/tutorial_interfaces/srv/_display_s.c
[0.343s] -- Up-to-date: /home/ihitexe/mrm_ros_union_dir/ros_ws3/install/tutorial_interfaces/local/lib/python3.10/dist-packages/tutorial_interfaces/srv/__init__.py
[0.343s] -- Up-to-date: /home/ihitexe/mrm_ros_union_dir/ros_ws3/install/tutorial_interfaces/local/lib/python3.10/dist-packages/tutorial_interfaces/_tutorial_interfaces_s.ep.rosidl_typesupport_fastrtps_c.c
[0.343s] -- Up-to-date: /home/ihitexe/mrm_ros_union_dir/ros_ws3/install/tutorial_interfaces/local/lib/python3.10/dist-packages/tutorial_interfaces/msg
[0.344s] -- Up-to-date: /home/ihitexe/mrm_ros_union_dir/ros_ws3/install/tutorial_interfaces/local/lib/python3.10/dist-packages/tutorial_interfaces/msg/_num_s.c
[0.344s] -- Up-to-date: /home/ihitexe/mrm_ros_union_dir/ros_ws3/install/tutorial_interfaces/local/lib/python3.10/dist-packages/tutorial_interfaces/msg/_num.py
[0.344s] -- Up-to-date: /home/ihitexe/mrm_ros_union_dir/ros_ws3/install/tutorial_interfaces/local/lib/python3.10/dist-packages/tutorial_interfaces/msg/__init__.py
[0.344s] -- Up-to-date: /home/ihitexe/mrm_ros_union_dir/ros_ws3/install/tutorial_interfaces/local/lib/python3.10/dist-packages/tutorial_interfaces/tutorial_interfaces_s__rosidl_typesupport_introspection_c.cpython-310-x86_64-linux-gnu.so
[0.344s] -- Up-to-date: /home/ihitexe/mrm_ros_union_dir/ros_ws3/install/tutorial_interfaces/local/lib/python3.10/dist-packages/tutorial_interfaces/tutorial_interfaces_s__rosidl_typesupport_fastrtps_c.cpython-310-x86_64-linux-gnu.so
[0.344s] -- Up-to-date: /home/ihitexe/mrm_ros_union_dir/ros_ws3/install/tutorial_interfaces/local/lib/python3.10/dist-packages/tutorial_interfaces/tutorial_interfaces_s__rosidl_typesupport_c.cpython-310-x86_64-linux-gnu.so
[0.344s] -- Up-to-date: /home/ihitexe/mrm_ros_union_dir/ros_ws3/install/tutorial_interfaces/local/lib/python3.10/dist-packages/tutorial_interfaces/_tutorial_interfaces_s.ep.rosidl_typesupport_c.c
[0.344s] -- Up-to-date: /home/ihitexe/mrm_ros_union_dir/ros_ws3/install/tutorial_interfaces/local/lib/python3.10/dist-packages/tutorial_interfaces/_tutorial_interfaces_s.ep.rosidl_typesupport_introspection_c.c
[0.344s] -- Up-to-date: /home/ihitexe/mrm_ros_union_dir/ros_ws3/install/tutorial_interfaces/local/lib/python3.10/dist-packages/tutorial_interfaces/libtutorial_interfaces__rosidl_generator_py.so
[0.344s] -- Up-to-date: /home/ihitexe/mrm_ros_union_dir/ros_ws3/install/tutorial_interfaces/local/lib/python3.10/dist-packages/tutorial_interfaces/__init__.py
[0.363s] Listing '/home/ihitexe/mrm_ros_union_dir/ros_ws3/install/tutorial_interfaces/local/lib/python3.10/dist-packages/tutorial_interfaces'...
[0.363s] Listing '/home/ihitexe/mrm_ros_union_dir/ros_ws3/install/tutorial_interfaces/local/lib/python3.10/dist-packages/tutorial_interfaces/msg'...
[0.364s] Listing '/home/ihitexe/mrm_ros_union_dir/ros_ws3/install/tutorial_interfaces/local/lib/python3.10/dist-packages/tutorial_interfaces/srv'...
[0.371s] -- Up-to-date: /home/ihitexe/mrm_ros_union_dir/ros_ws3/install/tutorial_interfaces/local/lib/python3.10/dist-packages/tutorial_interfaces/tutorial_interfaces_s__rosidl_typesupport_fastrtps_c.cpython-310-x86_64-linux-gnu.so
[0.371s] -- Up-to-date: /home/ihitexe/mrm_ros_union_dir/ros_ws3/install/tutorial_interfaces/local/lib/python3.10/dist-packages/tutorial_interfaces/tutorial_interfaces_s__rosidl_typesupport_introspection_c.cpython-310-x86_64-linux-gnu.so
[0.371s] -- Up-to-date: /home/ihitexe/mrm_ros_union_dir/ros_ws3/install/tutorial_interfaces/local/lib/python3.10/dist-packages/tutorial_interfaces/tutorial_interfaces_s__rosidl_typesupport_c.cpython-310-x86_64-linux-gnu.so
[0.372s] -- Up-to-date: /home/ihitexe/mrm_ros_union_dir/ros_ws3/install/tutorial_interfaces/lib/libtutorial_interfaces__rosidl_generator_py.so
[0.372s] -- Up-to-date: /home/ihitexe/mrm_ros_union_dir/ros_ws3/install/tutorial_interfaces/share/tutorial_interfaces/msg/Num.idl
[0.372s] -- Up-to-date: /home/ihitexe/mrm_ros_union_dir/ros_ws3/install/tutorial_interfaces/share/tutorial_interfaces/srv/Display.idl
[0.372s] -- Up-to-date: /home/ihitexe/mrm_ros_union_dir/ros_ws3/install/tutorial_interfaces/share/tutorial_interfaces/msg/Num.msg
[0.372s] -- Up-to-date: /home/ihitexe/mrm_ros_union_dir/ros_ws3/install/tutorial_interfaces/share/tutorial_interfaces/srv/Display.srv
[0.372s] -- Up-to-date: /home/ihitexe/mrm_ros_union_dir/ros_ws3/install/tutorial_interfaces/share/tutorial_interfaces/srv/Display_Request.msg
[0.372s] -- Up-to-date: /home/ihitexe/mrm_ros_union_dir/ros_ws3/install/tutorial_interfaces/share/tutorial_interfaces/srv/Display_Response.msg
[0.372s] -- Up-to-date: /home/ihitexe/mrm_ros_union_dir/ros_ws3/install/tutorial_interfaces/share/ament_index/resource_index/package_run_dependencies/tutorial_interfaces
[0.372s] -- Up-to-date: /home/ihitexe/mrm_ros_union_dir/ros_ws3/install/tutorial_interfaces/share/ament_index/resource_index/parent_prefix_path/tutorial_interfaces
[0.373s] -- Up-to-date: /home/ihitexe/mrm_ros_union_dir/ros_ws3/install/tutorial_interfaces/share/tutorial_interfaces/environment/ament_prefix_path.sh
[0.373s] -- Up-to-date: /home/ihitexe/mrm_ros_union_dir/ros_ws3/install/tutorial_interfaces/share/tutorial_interfaces/environment/ament_prefix_path.dsv
[0.373s] -- Up-to-date: /home/ihitexe/mrm_ros_union_dir/ros_ws3/install/tutorial_interfaces/share/tutorial_interfaces/environment/path.sh
[0.373s] -- Up-to-date: /home/ihitexe/mrm_ros_union_dir/ros_ws3/install/tutorial_interfaces/share/tutorial_interfaces/environment/path.dsv
[0.373s] -- Up-to-date: /home/ihitexe/mrm_ros_union_dir/ros_ws3/install/tutorial_interfaces/share/tutorial_interfaces/local_setup.bash
[0.373s] -- Up-to-date: /home/ihitexe/mrm_ros_union_dir/ros_ws3/install/tutorial_interfaces/share/tutorial_interfaces/local_setup.sh
[0.373s] -- Up-to-date: /home/ihitexe/mrm_ros_union_dir/ros_ws3/install/tutorial_interfaces/share/tutorial_interfaces/local_setup.zsh
[0.373s] -- Up-to-date: /home/ihitexe/mrm_ros_union_dir/ros_ws3/install/tutorial_interfaces/share/tutorial_interfaces/local_setup.dsv
[0.373s] -- Installing: /home/ihitexe/mrm_ros_union_dir/ros_ws3/install/tutorial_interfaces/share/tutorial_interfaces/package.dsv
[0.373s] -- Up-to-date: /home/ihitexe/mrm_ros_union_dir/ros_ws3/install/tutorial_interfaces/share/ament_index/resource_index/packages/tutorial_interfaces
[0.374s] -- Up-to-date: /home/ihitexe/mrm_ros_union_dir/ros_ws3/install/tutorial_interfaces/share/tutorial_interfaces/cmake/export_tutorial_interfaces__rosidl_generator_cExport.cmake
[0.374s] -- Up-to-date: /home/ihitexe/mrm_ros_union_dir/ros_ws3/install/tutorial_interfaces/share/tutorial_interfaces/cmake/export_tutorial_interfaces__rosidl_generator_cExport-noconfig.cmake
[0.374s] -- Up-to-date: /home/ihitexe/mrm_ros_union_dir/ros_ws3/install/tutorial_interfaces/share/tutorial_interfaces/cmake/export_tutorial_interfaces__rosidl_typesupport_fastrtps_cExport.cmake
[0.374s] -- Up-to-date: /home/ihitexe/mrm_ros_union_dir/ros_ws3/install/tutorial_interfaces/share/tutorial_interfaces/cmake/export_tutorial_interfaces__rosidl_typesupport_fastrtps_cExport-noconfig.cmake
[0.374s] -- Up-to-date: /home/ihitexe/mrm_ros_union_dir/ros_ws3/install/tutorial_interfaces/share/tutorial_interfaces/cmake/export_tutorial_interfaces__rosidl_generator_cppExport.cmake
[0.374s] -- Up-to-date: /home/ihitexe/mrm_ros_union_dir/ros_ws3/install/tutorial_interfaces/share/tutorial_interfaces/cmake/export_tutorial_interfaces__rosidl_typesupport_fastrtps_cppExport.cmake
[0.375s] -- Up-to-date: /home/ihitexe/mrm_ros_union_dir/ros_ws3/install/tutorial_interfaces/share/tutorial_interfaces/cmake/export_tutorial_interfaces__rosidl_typesupport_fastrtps_cppExport-noconfig.cmake
[0.375s] -- Up-to-date: /home/ihitexe/mrm_ros_union_dir/ros_ws3/install/tutorial_interfaces/share/tutorial_interfaces/cmake/tutorial_interfaces__rosidl_typesupport_introspection_cExport.cmake
[0.375s] -- Up-to-date: /home/ihitexe/mrm_ros_union_dir/ros_ws3/install/tutorial_interfaces/share/tutorial_interfaces/cmake/tutorial_interfaces__rosidl_typesupport_introspection_cExport-noconfig.cmake
[0.375s] -- Up-to-date: /home/ihitexe/mrm_ros_union_dir/ros_ws3/install/tutorial_interfaces/share/tutorial_interfaces/cmake/tutorial_interfaces__rosidl_typesupport_cExport.cmake
[0.375s] -- Up-to-date: /home/ihitexe/mrm_ros_union_dir/ros_ws3/install/tutorial_interfaces/share/tutorial_interfaces/cmake/tutorial_interfaces__rosidl_typesupport_cExport-noconfig.cmake
[0.375s] -- Up-to-date: /home/ihitexe/mrm_ros_union_dir/ros_ws3/install/tutorial_interfaces/share/tutorial_interfaces/cmake/tutorial_interfaces__rosidl_typesupport_introspection_cppExport.cmake
[0.375s] -- Up-to-date: /home/ihitexe/mrm_ros_union_dir/ros_ws3/install/tutorial_interfaces/share/tutorial_interfaces/cmake/tutorial_interfaces__rosidl_typesupport_introspection_cppExport-noconfig.cmake
[0.376s] -- Up-to-date: /home/ihitexe/mrm_ros_union_dir/ros_ws3/install/tutorial_interfaces/share/tutorial_interfaces/cmake/tutorial_interfaces__rosidl_typesupport_cppExport.cmake
[0.376s] -- Up-to-date: /home/ihitexe/mrm_ros_union_dir/ros_ws3/install/tutorial_interfaces/share/tutorial_interfaces/cmake/tutorial_interfaces__rosidl_typesupport_cppExport-noconfig.cmake
[0.376s] -- Up-to-date: /home/ihitexe/mrm_ros_union_dir/ros_ws3/install/tutorial_interfaces/share/tutorial_interfaces/cmake/export_tutorial_interfaces__rosidl_generator_pyExport.cmake
[0.376s] -- Up-to-date: /home/ihitexe/mrm_ros_union_dir/ros_ws3/install/tutorial_interfaces/share/tutorial_interfaces/cmake/export_tutorial_interfaces__rosidl_generator_pyExport-noconfig.cmake
[0.376s] -- Up-to-date: /home/ihitexe/mrm_ros_union_dir/ros_ws3/install/tutorial_interfaces/share/tutorial_interfaces/cmake/rosidl_cmake-extras.cmake
[0.376s] -- Up-to-date: /home/ihitexe/mrm_ros_union_dir/ros_ws3/install/tutorial_interfaces/share/tutorial_interfaces/cmake/ament_cmake_export_dependencies-extras.cmake
[0.376s] -- Up-to-date: /home/ihitexe/mrm_ros_union_dir/ros_ws3/install/tutorial_interfaces/share/tutorial_interfaces/cmake/ament_cmake_export_include_directories-extras.cmake
[0.376s] -- Up-to-date: /home/ihitexe/mrm_ros_union_dir/ros_ws3/install/tutorial_interfaces/share/tutorial_interfaces/cmake/ament_cmake_export_libraries-extras.cmake
[0.376s] -- Up-to-date: /home/ihitexe/mrm_ros_union_dir/ros_ws3/install/tutorial_interfaces/share/tutorial_interfaces/cmake/ament_cmake_export_targets-extras.cmake
[0.377s] -- Up-to-date: /home/ihitexe/mrm_ros_union_dir/ros_ws3/install/tutorial_interfaces/share/tutorial_interfaces/cmake/rosidl_cmake_export_typesupport_targets-extras.cmake
[0.377s] -- Up-to-date: /home/ihitexe/mrm_ros_union_dir/ros_ws3/install/tutorial_interfaces/share/tutorial_interfaces/cmake/rosidl_cmake_export_typesupport_libraries-extras.cmake
[0.377s] -- Up-to-date: /home/ihitexe/mrm_ros_union_dir/ros_ws3/install/tutorial_interfaces/share/tutorial_interfaces/cmake/tutorial_interfacesConfig.cmake
[0.377s] -- Up-to-date: /home/ihitexe/mrm_ros_union_dir/ros_ws3/install/tutorial_interfaces/share/tutorial_interfaces/cmake/tutorial_interfacesConfig-version.cmake
[0.377s] -- Up-to-date: /home/ihitexe/mrm_ros_union_dir/ros_ws3/install/tutorial_interfaces/share/tutorial_interfaces/package.xml
[0.379s] Invoked command in '/home/ihitexe/mrm_ros_union_dir/ros_ws3/build/tutorial_interfaces' returned '0': CMAKE_PREFIX_PATH=${CMAKE_PREFIX_PATH}:/opt/ros/humble /usr/bin/cmake --install /home/ihitexe/mrm_ros_union_dir/ros_ws3/build/tutorial_interfaces
