[0.071s] DEBUG:colcon:Command line arguments: ['/usr/bin/colcon', 'build', '--packages-select', 'disp_pkg']
[0.071s] DEBUG:colcon:Parsed command line arguments: Namespace(log_base=None, log_level=None, verb_name='build', build_base='build', install_base='install', merge_install=False, symlink_install=False, test_result_base=None, continue_on_error=False, executor='parallel', parallel_workers=12, event_handlers=None, ignore_user_meta=False, metas=['./colcon.meta'], base_paths=['.'], packages_ignore=None, packages_ignore_regex=None, paths=None, packages_up_to=None, packages_up_to_regex=None, packages_above=None, packages_above_and_dependencies=None, packages_above_depth=None, packages_select_by_dep=None, packages_skip_by_dep=None, packages_skip_up_to=None, packages_select_build_failed=False, packages_skip_build_finished=False, packages_select_test_failures=False, packages_skip_test_passed=False, packages_select=['disp_pkg'], packages_skip=None, packages_select_regex=None, packages_skip_regex=None, packages_start=None, packages_end=None, allow_overriding=[], cmake_args=None, cmake_target=None, cmake_target_skip_unavailable=False, cmake_clean_cache=False, cmake_clean_first=False, cmake_force_configure=False, ament_cmake_args=None, catkin_cmake_args=None, catkin_skip_building_tests=False, verb_parser=<colcon_defaults.argument_parser.defaults.DefaultArgumentsDecorator object at 0x70c16554c520>, verb_extension=<colcon_core.verb.build.BuildVerb object at 0x70c16550ff70>, main=<bound method BuildVerb.main of <colcon_core.verb.build.BuildVerb object at 0x70c16550ff70>>)
[0.178s] Level 1:colcon.colcon_core.package_discovery:discover_packages(colcon_meta) check parameters
[0.178s] Level 1:colcon.colcon_core.package_discovery:discover_packages(recursive) check parameters
[0.179s] Level 1:colcon.colcon_core.package_discovery:discover_packages(ignore) check parameters
[0.179s] Level 1:colcon.colcon_core.package_discovery:discover_packages(path) check parameters
[0.179s] Level 1:colcon.colcon_core.package_discovery:discover_packages(colcon_meta) discover
[0.179s] Level 1:colcon.colcon_core.package_discovery:discover_packages(recursive) discover
[0.179s] INFO:colcon.colcon_core.package_discovery:Crawling recursively for packages in '/home/ihitexe/mrm_ros_union_dir/ros_ws3'
[0.179s] Level 1:colcon.colcon_core.package_identification:_identify(.) by extensions ['ignore', 'ignore_ament_install']
[0.179s] Level 1:colcon.colcon_core.package_identification:_identify(.) by extension 'ignore'
[0.179s] Level 1:colcon.colcon_core.package_identification:_identify(.) by extension 'ignore_ament_install'
[0.179s] Level 1:colcon.colcon_core.package_identification:_identify(.) by extensions ['colcon_pkg']
[0.179s] Level 1:colcon.colcon_core.package_identification:_identify(.) by extension 'colcon_pkg'
[0.179s] Level 1:colcon.colcon_core.package_identification:_identify(.) by extensions ['colcon_meta']
[0.179s] Level 1:colcon.colcon_core.package_identification:_identify(.) by extension 'colcon_meta'
[0.179s] Level 1:colcon.colcon_core.package_identification:_identify(.) by extensions ['ros']
[0.179s] Level 1:colcon.colcon_core.package_identification:_identify(.) by extension 'ros'
[0.187s] Level 1:colcon.colcon_core.package_identification:_identify(.) by extensions ['cmake', 'python']
[0.187s] Level 1:colcon.colcon_core.package_identification:_identify(.) by extension 'cmake'
[0.187s] Level 1:colcon.colcon_core.package_identification:_identify(.) by extension 'python'
[0.188s] Level 1:colcon.colcon_core.package_identification:_identify(.) by extensions ['python_setup_py']
[0.188s] Level 1:colcon.colcon_core.package_identification:_identify(.) by extension 'python_setup_py'
[0.188s] Level 1:colcon.colcon_core.package_identification:_identify(build) by extensions ['ignore', 'ignore_ament_install']
[0.188s] Level 1:colcon.colcon_core.package_identification:_identify(build) by extension 'ignore'
[0.188s] Level 1:colcon.colcon_core.package_identification:_identify(build) ignored
[0.188s] Level 1:colcon.colcon_core.package_identification:_identify(install) by extensions ['ignore', 'ignore_ament_install']
[0.188s] Level 1:colcon.colcon_core.package_identification:_identify(install) by extension 'ignore'
[0.188s] Level 1:colcon.colcon_core.package_identification:_identify(install) ignored
[0.188s] Level 1:colcon.colcon_core.package_identification:_identify(log) by extensions ['ignore', 'ignore_ament_install']
[0.188s] Level 1:colcon.colcon_core.package_identification:_identify(log) by extension 'ignore'
[0.188s] Level 1:colcon.colcon_core.package_identification:_identify(log) ignored
[0.188s] Level 1:colcon.colcon_core.package_identification:_identify(src) by extensions ['ignore', 'ignore_ament_install']
[0.188s] Level 1:colcon.colcon_core.package_identification:_identify(src) by extension 'ignore'
[0.188s] Level 1:colcon.colcon_core.package_identification:_identify(src) by extension 'ignore_ament_install'
[0.188s] Level 1:colcon.colcon_core.package_identification:_identify(src) by extensions ['colcon_pkg']
[0.188s] Level 1:colcon.colcon_core.package_identification:_identify(src) by extension 'colcon_pkg'
[0.188s] Level 1:colcon.colcon_core.package_identification:_identify(src) by extensions ['colcon_meta']
[0.188s] Level 1:colcon.colcon_core.package_identification:_identify(src) by extension 'colcon_meta'
[0.188s] Level 1:colcon.colcon_core.package_identification:_identify(src) by extensions ['ros']
[0.188s] Level 1:colcon.colcon_core.package_identification:_identify(src) by extension 'ros'
[0.188s] Level 1:colcon.colcon_core.package_identification:_identify(src) by extensions ['cmake', 'python']
[0.188s] Level 1:colcon.colcon_core.package_identification:_identify(src) by extension 'cmake'
[0.188s] Level 1:colcon.colcon_core.package_identification:_identify(src) by extension 'python'
[0.188s] Level 1:colcon.colcon_core.package_identification:_identify(src) by extensions ['python_setup_py']
[0.188s] Level 1:colcon.colcon_core.package_identification:_identify(src) by extension 'python_setup_py'
[0.188s] Level 1:colcon.colcon_core.package_identification:_identify(src/disp_pkg) by extensions ['ignore', 'ignore_ament_install']
[0.189s] Level 1:colcon.colcon_core.package_identification:_identify(src/disp_pkg) by extension 'ignore'
[0.189s] Level 1:colcon.colcon_core.package_identification:_identify(src/disp_pkg) by extension 'ignore_ament_install'
[0.189s] Level 1:colcon.colcon_core.package_identification:_identify(src/disp_pkg) by extensions ['colcon_pkg']
[0.189s] Level 1:colcon.colcon_core.package_identification:_identify(src/disp_pkg) by extension 'colcon_pkg'
[0.189s] Level 1:colcon.colcon_core.package_identification:_identify(src/disp_pkg) by extensions ['colcon_meta']
[0.189s] Level 1:colcon.colcon_core.package_identification:_identify(src/disp_pkg) by extension 'colcon_meta'
[0.189s] Level 1:colcon.colcon_core.package_identification:_identify(src/disp_pkg) by extensions ['ros']
[0.189s] Level 1:colcon.colcon_core.package_identification:_identify(src/disp_pkg) by extension 'ros'
[0.191s] DEBUG:colcon.colcon_core.package_identification:Package 'src/disp_pkg' with type 'ros.ament_cmake' and name 'disp_pkg'
[0.191s] Level 1:colcon.colcon_core.package_identification:_identify(src/pub_pkg) by extensions ['ignore', 'ignore_ament_install']
[0.191s] Level 1:colcon.colcon_core.package_identification:_identify(src/pub_pkg) by extension 'ignore'
[0.191s] Level 1:colcon.colcon_core.package_identification:_identify(src/pub_pkg) by extension 'ignore_ament_install'
[0.191s] Level 1:colcon.colcon_core.package_identification:_identify(src/pub_pkg) by extensions ['colcon_pkg']
[0.191s] Level 1:colcon.colcon_core.package_identification:_identify(src/pub_pkg) by extension 'colcon_pkg'
[0.191s] Level 1:colcon.colcon_core.package_identification:_identify(src/pub_pkg) by extensions ['colcon_meta']
[0.191s] Level 1:colcon.colcon_core.package_identification:_identify(src/pub_pkg) by extension 'colcon_meta'
[0.191s] Level 1:colcon.colcon_core.package_identification:_identify(src/pub_pkg) by extensions ['ros']
[0.191s] Level 1:colcon.colcon_core.package_identification:_identify(src/pub_pkg) by extension 'ros'
[0.191s] DEBUG:colcon.colcon_core.package_identification:Package 'src/pub_pkg' with type 'ros.ament_cmake' and name 'pub_pkg'
[0.191s] Level 1:colcon.colcon_core.package_identification:_identify(src/sub_pkg) by extensions ['ignore', 'ignore_ament_install']
[0.192s] Level 1:colcon.colcon_core.package_identification:_identify(src/sub_pkg) by extension 'ignore'
[0.192s] Level 1:colcon.colcon_core.package_identification:_identify(src/sub_pkg) by extension 'ignore_ament_install'
[0.192s] Level 1:colcon.colcon_core.package_identification:_identify(src/sub_pkg) by extensions ['colcon_pkg']
[0.192s] Level 1:colcon.colcon_core.package_identification:_identify(src/sub_pkg) by extension 'colcon_pkg'
[0.192s] Level 1:colcon.colcon_core.package_identification:_identify(src/sub_pkg) by extensions ['colcon_meta']
[0.192s] Level 1:colcon.colcon_core.package_identification:_identify(src/sub_pkg) by extension 'colcon_meta'
[0.192s] Level 1:colcon.colcon_core.package_identification:_identify(src/sub_pkg) by extensions ['ros']
[0.192s] Level 1:colcon.colcon_core.package_identification:_identify(src/sub_pkg) by extension 'ros'
[0.192s] DEBUG:colcon.colcon_core.package_identification:Package 'src/sub_pkg' with type 'ros.ament_cmake' and name 'sub_pkg'
[0.192s] Level 1:colcon.colcon_core.package_identification:_identify(src/tutorial_interfaces) by extensions ['ignore', 'ignore_ament_install']
[0.192s] Level 1:colcon.colcon_core.package_identification:_identify(src/tutorial_interfaces) by extension 'ignore'
[0.192s] Level 1:colcon.colcon_core.package_identification:_identify(src/tutorial_interfaces) by extension 'ignore_ament_install'
[0.192s] Level 1:colcon.colcon_core.package_identification:_identify(src/tutorial_interfaces) by extensions ['colcon_pkg']
[0.192s] Level 1:colcon.colcon_core.package_identification:_identify(src/tutorial_interfaces) by extension 'colcon_pkg'
[0.192s] Level 1:colcon.colcon_core.package_identification:_identify(src/tutorial_interfaces) by extensions ['colcon_meta']
[0.192s] Level 1:colcon.colcon_core.package_identification:_identify(src/tutorial_interfaces) by extension 'colcon_meta'
[0.192s] Level 1:colcon.colcon_core.package_identification:_identify(src/tutorial_interfaces) by extensions ['ros']
[0.192s] Level 1:colcon.colcon_core.package_identification:_identify(src/tutorial_interfaces) by extension 'ros'
[0.193s] DEBUG:colcon.colcon_core.package_identification:Package 'src/tutorial_interfaces' with type 'ros.ament_cmake' and name 'tutorial_interfaces'
[0.193s] Level 1:colcon.colcon_core.package_discovery:discover_packages(recursive) using defaults
[0.193s] Level 1:colcon.colcon_core.package_discovery:discover_packages(ignore) discover
[0.193s] Level 1:colcon.colcon_core.package_discovery:discover_packages(ignore) using defaults
[0.193s] Level 1:colcon.colcon_core.package_discovery:discover_packages(path) discover
[0.193s] Level 1:colcon.colcon_core.package_discovery:discover_packages(path) using defaults
[0.208s] INFO:colcon.colcon_core.package_selection:Skipping not selected package 'tutorial_interfaces' in 'src/tutorial_interfaces'
[0.208s] INFO:colcon.colcon_core.package_selection:Skipping not selected package 'pub_pkg' in 'src/pub_pkg'
[0.208s] INFO:colcon.colcon_core.package_selection:Skipping not selected package 'sub_pkg' in 'src/sub_pkg'
[0.208s] Level 1:colcon.colcon_core.package_discovery:discover_packages(prefix_path) check parameters
[0.208s] Level 1:colcon.colcon_core.package_discovery:discover_packages(prefix_path) discover
[0.209s] DEBUG:colcon.colcon_installed_package_information.package_discovery:Found 5 installed packages in /home/ihitexe/mrm_ros_union_dir/ros_ws3/install
[0.210s] DEBUG:colcon.colcon_installed_package_information.package_discovery:Found 294 installed packages in /opt/ros/humble
[0.220s] Level 1:colcon.colcon_core.package_discovery:discover_packages(prefix_path) using defaults
[0.245s] Level 5:colcon.colcon_core.verb:set package 'disp_pkg' build argument 'cmake_args' from command line to 'None'
[0.245s] Level 5:colcon.colcon_core.verb:set package 'disp_pkg' build argument 'cmake_target' from command line to 'None'
[0.245s] Level 5:colcon.colcon_core.verb:set package 'disp_pkg' build argument 'cmake_target_skip_unavailable' from command line to 'False'
[0.245s] Level 5:colcon.colcon_core.verb:set package 'disp_pkg' build argument 'cmake_clean_cache' from command line to 'False'
[0.245s] Level 5:colcon.colcon_core.verb:set package 'disp_pkg' build argument 'cmake_clean_first' from command line to 'False'
[0.245s] Level 5:colcon.colcon_core.verb:set package 'disp_pkg' build argument 'cmake_force_configure' from command line to 'False'
[0.245s] Level 5:colcon.colcon_core.verb:set package 'disp_pkg' build argument 'ament_cmake_args' from command line to 'None'
[0.245s] Level 5:colcon.colcon_core.verb:set package 'disp_pkg' build argument 'catkin_cmake_args' from command line to 'None'
[0.245s] Level 5:colcon.colcon_core.verb:set package 'disp_pkg' build argument 'catkin_skip_building_tests' from command line to 'False'
[0.245s] DEBUG:colcon.colcon_core.verb:Building package 'disp_pkg' with the following arguments: {'ament_cmake_args': None, 'build_base': '/home/ihitexe/mrm_ros_union_dir/ros_ws3/build/disp_pkg', 'catkin_cmake_args': None, 'catkin_skip_building_tests': False, 'cmake_args': None, 'cmake_clean_cache': False, 'cmake_clean_first': False, 'cmake_force_configure': False, 'cmake_target': None, 'cmake_target_skip_unavailable': False, 'install_base': '/home/ihitexe/mrm_ros_union_dir/ros_ws3/install/disp_pkg', 'merge_install': False, 'path': '/home/ihitexe/mrm_ros_union_dir/ros_ws3/src/disp_pkg', 'symlink_install': False, 'test_result_base': None}
[0.245s] INFO:colcon.colcon_core.executor:Executing jobs using 'parallel' executor
[0.247s] DEBUG:colcon.colcon_parallel_executor.executor.parallel:run_until_complete
[0.247s] INFO:colcon.colcon_ros.task.ament_cmake.build:Building ROS package in '/home/ihitexe/mrm_ros_union_dir/ros_ws3/src/disp_pkg' with build type 'ament_cmake'
[0.247s] INFO:colcon.colcon_cmake.task.cmake.build:Building CMake package in '/home/ihitexe/mrm_ros_union_dir/ros_ws3/src/disp_pkg'
[0.248s] INFO:colcon.colcon_core.plugin_system:Skipping extension 'colcon_core.shell.bat': Not used on non-Windows systems
[0.249s] INFO:colcon.colcon_core.shell:Skip shell extension 'powershell' for command environment: Not usable outside of PowerShell
[0.249s] DEBUG:colcon.colcon_core.shell:Skip shell extension 'dsv' for command environment
[0.260s] DEBUG:colcon.colcon_core.event_handler.log_command:Invoking command in '/home/ihitexe/mrm_ros_union_dir/ros_ws3/build/disp_pkg': CMAKE_PREFIX_PATH=/home/ihitexe/mrm_ros_union_dir/ros_ws3/install/tutorial_interfaces:/home/ihitexe/mrm_ros_union_dir/ros_ws3/install/sub_pkg:/home/ihitexe/mrm_ros_union_dir/ros_ws3/install/pub_pkg:/home/ihitexe/mrm_ros_union_dir/ros_ws3/install/disp_pkg:/opt/ros/humble /usr/bin/cmake --build /home/ihitexe/mrm_ros_union_dir/ros_ws3/build/disp_pkg -- -j12 -l12
[2.932s] DEBUG:colcon.colcon_core.event_handler.log_command:Invoked command in '/home/ihitexe/mrm_ros_union_dir/ros_ws3/build/disp_pkg' returned '0': CMAKE_PREFIX_PATH=/home/ihitexe/mrm_ros_union_dir/ros_ws3/install/tutorial_interfaces:/home/ihitexe/mrm_ros_union_dir/ros_ws3/install/sub_pkg:/home/ihitexe/mrm_ros_union_dir/ros_ws3/install/pub_pkg:/home/ihitexe/mrm_ros_union_dir/ros_ws3/install/disp_pkg:/opt/ros/humble /usr/bin/cmake --build /home/ihitexe/mrm_ros_union_dir/ros_ws3/build/disp_pkg -- -j12 -l12
[2.944s] DEBUG:colcon.colcon_core.event_handler.log_command:Invoking command in '/home/ihitexe/mrm_ros_union_dir/ros_ws3/build/disp_pkg': CMAKE_PREFIX_PATH=/home/ihitexe/mrm_ros_union_dir/ros_ws3/install/tutorial_interfaces:/home/ihitexe/mrm_ros_union_dir/ros_ws3/install/sub_pkg:/home/ihitexe/mrm_ros_union_dir/ros_ws3/install/pub_pkg:/home/ihitexe/mrm_ros_union_dir/ros_ws3/install/disp_pkg:/opt/ros/humble /usr/bin/cmake --install /home/ihitexe/mrm_ros_union_dir/ros_ws3/build/disp_pkg
[2.954s] Level 1:colcon.colcon_core.environment:create_environment_scripts_only(disp_pkg)
[2.954s] DEBUG:colcon.colcon_core.event_handler.log_command:Invoked command in '/home/ihitexe/mrm_ros_union_dir/ros_ws3/build/disp_pkg' returned '0': CMAKE_PREFIX_PATH=/home/ihitexe/mrm_ros_union_dir/ros_ws3/install/tutorial_interfaces:/home/ihitexe/mrm_ros_union_dir/ros_ws3/install/sub_pkg:/home/ihitexe/mrm_ros_union_dir/ros_ws3/install/pub_pkg:/home/ihitexe/mrm_ros_union_dir/ros_ws3/install/disp_pkg:/opt/ros/humble /usr/bin/cmake --install /home/ihitexe/mrm_ros_union_dir/ros_ws3/build/disp_pkg
[2.958s] Level 1:colcon.colcon_core.environment:checking '/home/ihitexe/mrm_ros_union_dir/ros_ws3/install/disp_pkg' for CMake module files
[2.959s] Level 1:colcon.colcon_core.environment:checking '/home/ihitexe/mrm_ros_union_dir/ros_ws3/install/disp_pkg' for CMake config files
[2.960s] Level 1:colcon.colcon_core.shell:create_environment_hook('disp_pkg', 'cmake_prefix_path')
[2.960s] INFO:colcon.colcon_core.shell:Creating environment hook '/home/ihitexe/mrm_ros_union_dir/ros_ws3/install/disp_pkg/share/disp_pkg/hook/cmake_prefix_path.ps1'
[2.961s] INFO:colcon.colcon_core.shell:Creating environment descriptor '/home/ihitexe/mrm_ros_union_dir/ros_ws3/install/disp_pkg/share/disp_pkg/hook/cmake_prefix_path.dsv'
[2.962s] INFO:colcon.colcon_core.shell:Creating environment hook '/home/ihitexe/mrm_ros_union_dir/ros_ws3/install/disp_pkg/share/disp_pkg/hook/cmake_prefix_path.sh'
[2.963s] Level 1:colcon.colcon_core.environment:checking '/home/ihitexe/mrm_ros_union_dir/ros_ws3/install/disp_pkg/lib'
[2.963s] Level 1:colcon.colcon_core.environment:checking '/home/ihitexe/mrm_ros_union_dir/ros_ws3/install/disp_pkg/bin'
[2.963s] Level 1:colcon.colcon_core.environment:checking '/home/ihitexe/mrm_ros_union_dir/ros_ws3/install/disp_pkg/lib/pkgconfig/disp_pkg.pc'
[2.964s] Level 1:colcon.colcon_core.environment:checking '/home/ihitexe/mrm_ros_union_dir/ros_ws3/install/disp_pkg/lib/python3.10/site-packages'
[2.964s] Level 1:colcon.colcon_core.environment:checking '/home/ihitexe/mrm_ros_union_dir/ros_ws3/install/disp_pkg/bin'
[2.964s] INFO:colcon.colcon_core.shell:Creating package script '/home/ihitexe/mrm_ros_union_dir/ros_ws3/install/disp_pkg/share/disp_pkg/package.ps1'
[2.965s] INFO:colcon.colcon_core.shell:Creating package descriptor '/home/ihitexe/mrm_ros_union_dir/ros_ws3/install/disp_pkg/share/disp_pkg/package.dsv'
[2.966s] INFO:colcon.colcon_core.shell:Creating package script '/home/ihitexe/mrm_ros_union_dir/ros_ws3/install/disp_pkg/share/disp_pkg/package.sh'
[2.967s] INFO:colcon.colcon_core.shell:Creating package script '/home/ihitexe/mrm_ros_union_dir/ros_ws3/install/disp_pkg/share/disp_pkg/package.bash'
[2.967s] INFO:colcon.colcon_core.shell:Creating package script '/home/ihitexe/mrm_ros_union_dir/ros_ws3/install/disp_pkg/share/disp_pkg/package.zsh'
[2.968s] Level 1:colcon.colcon_core.environment:create_file_with_runtime_dependencies(/home/ihitexe/mrm_ros_union_dir/ros_ws3/install/disp_pkg/share/colcon-core/packages/disp_pkg)
[2.968s] Level 1:colcon.colcon_core.environment:create_environment_scripts_only(disp_pkg)
[2.968s] Level 1:colcon.colcon_core.environment:checking '/home/ihitexe/mrm_ros_union_dir/ros_ws3/install/disp_pkg' for CMake module files
[2.968s] Level 1:colcon.colcon_core.environment:checking '/home/ihitexe/mrm_ros_union_dir/ros_ws3/install/disp_pkg' for CMake config files
[2.969s] Level 1:colcon.colcon_core.shell:create_environment_hook('disp_pkg', 'cmake_prefix_path')
[2.969s] INFO:colcon.colcon_core.shell:Creating environment hook '/home/ihitexe/mrm_ros_union_dir/ros_ws3/install/disp_pkg/share/disp_pkg/hook/cmake_prefix_path.ps1'
[2.969s] INFO:colcon.colcon_core.shell:Creating environment descriptor '/home/ihitexe/mrm_ros_union_dir/ros_ws3/install/disp_pkg/share/disp_pkg/hook/cmake_prefix_path.dsv'
[2.969s] INFO:colcon.colcon_core.shell:Creating environment hook '/home/ihitexe/mrm_ros_union_dir/ros_ws3/install/disp_pkg/share/disp_pkg/hook/cmake_prefix_path.sh'
[2.970s] Level 1:colcon.colcon_core.environment:checking '/home/ihitexe/mrm_ros_union_dir/ros_ws3/install/disp_pkg/lib'
[2.970s] Level 1:colcon.colcon_core.environment:checking '/home/ihitexe/mrm_ros_union_dir/ros_ws3/install/disp_pkg/bin'
[2.970s] Level 1:colcon.colcon_core.environment:checking '/home/ihitexe/mrm_ros_union_dir/ros_ws3/install/disp_pkg/lib/pkgconfig/disp_pkg.pc'
[2.970s] Level 1:colcon.colcon_core.environment:checking '/home/ihitexe/mrm_ros_union_dir/ros_ws3/install/disp_pkg/lib/python3.10/site-packages'
[2.970s] Level 1:colcon.colcon_core.environment:checking '/home/ihitexe/mrm_ros_union_dir/ros_ws3/install/disp_pkg/bin'
[2.970s] INFO:colcon.colcon_core.shell:Creating package script '/home/ihitexe/mrm_ros_union_dir/ros_ws3/install/disp_pkg/share/disp_pkg/package.ps1'
[2.971s] INFO:colcon.colcon_core.shell:Creating package descriptor '/home/ihitexe/mrm_ros_union_dir/ros_ws3/install/disp_pkg/share/disp_pkg/package.dsv'
[2.971s] INFO:colcon.colcon_core.shell:Creating package script '/home/ihitexe/mrm_ros_union_dir/ros_ws3/install/disp_pkg/share/disp_pkg/package.sh'
[2.971s] INFO:colcon.colcon_core.shell:Creating package script '/home/ihitexe/mrm_ros_union_dir/ros_ws3/install/disp_pkg/share/disp_pkg/package.bash'
[2.971s] INFO:colcon.colcon_core.shell:Creating package script '/home/ihitexe/mrm_ros_union_dir/ros_ws3/install/disp_pkg/share/disp_pkg/package.zsh'
[2.972s] Level 1:colcon.colcon_core.environment:create_file_with_runtime_dependencies(/home/ihitexe/mrm_ros_union_dir/ros_ws3/install/disp_pkg/share/colcon-core/packages/disp_pkg)
[2.972s] DEBUG:colcon.colcon_parallel_executor.executor.parallel:closing loop
[2.972s] DEBUG:colcon.colcon_parallel_executor.executor.parallel:loop closed
[2.972s] DEBUG:colcon.colcon_parallel_executor.executor.parallel:run_until_complete finished with '0'
[2.972s] DEBUG:colcon.colcon_core.event_reactor:joining thread
[2.977s] INFO:colcon.colcon_core.plugin_system:Skipping extension 'colcon_notification.desktop_notification.terminal_notifier': Not used on non-Darwin systems
[2.977s] INFO:colcon.colcon_core.plugin_system:Skipping extension 'colcon_notification.desktop_notification.win32': Not used on non-Windows systems
[2.977s] INFO:colcon.colcon_notification.desktop_notification:Sending desktop notification using 'notify2'
[2.995s] DEBUG:colcon.colcon_core.event_reactor:joined thread
[2.996s] INFO:colcon.colcon_core.shell:Creating prefix script '/home/ihitexe/mrm_ros_union_dir/ros_ws3/install/local_setup.ps1'
[2.996s] INFO:colcon.colcon_core.shell:Creating prefix util module '/home/ihitexe/mrm_ros_union_dir/ros_ws3/install/_local_setup_util_ps1.py'
[2.997s] INFO:colcon.colcon_core.shell:Creating prefix chain script '/home/ihitexe/mrm_ros_union_dir/ros_ws3/install/setup.ps1'
[2.998s] INFO:colcon.colcon_core.shell:Creating prefix script '/home/ihitexe/mrm_ros_union_dir/ros_ws3/install/local_setup.sh'
[2.999s] INFO:colcon.colcon_core.shell:Creating prefix util module '/home/ihitexe/mrm_ros_union_dir/ros_ws3/install/_local_setup_util_sh.py'
[2.999s] INFO:colcon.colcon_core.shell:Creating prefix chain script '/home/ihitexe/mrm_ros_union_dir/ros_ws3/install/setup.sh'
[3.000s] INFO:colcon.colcon_core.shell:Creating prefix script '/home/ihitexe/mrm_ros_union_dir/ros_ws3/install/local_setup.bash'
[3.000s] INFO:colcon.colcon_core.shell:Creating prefix chain script '/home/ihitexe/mrm_ros_union_dir/ros_ws3/install/setup.bash'
[3.001s] INFO:colcon.colcon_core.shell:Creating prefix script '/home/ihitexe/mrm_ros_union_dir/ros_ws3/install/local_setup.zsh'
[3.001s] INFO:colcon.colcon_core.shell:Creating prefix chain script '/home/ihitexe/mrm_ros_union_dir/ros_ws3/install/setup.zsh'
